[0.155s] DEBUG:colcon:Command line arguments: ['/usr/bin/colcon', 'build', '--merge-install']
[0.155s] DEBUG:colcon:Parsed command line arguments: Namespace(log_base=None, log_level=None, verb_name='build', build_base='build', install_base='install', merge_install=True, symlink_install=False, test_result_base=None, continue_on_error=False, executor='parallel', parallel_workers=16, event_handlers=None, ignore_user_meta=False, metas=['./colcon.meta'], base_paths=['.'], packages_ignore=None, packages_ignore_regex=None, paths=None, packages_up_to=None, packages_up_to_regex=None, packages_above=None, packages_above_and_dependencies=None, packages_above_depth=None, packages_select_by_dep=None, packages_skip_by_dep=None, packages_skip_up_to=None, packages_select_build_failed=False, packages_skip_build_finished=False, packages_select_test_failures=False, packages_skip_test_passed=False, packages_select=None, packages_skip=None, packages_select_regex=None, packages_skip_regex=None, packages_start=None, packages_end=None, allow_overriding=[], cmake_args=None, cmake_target=None, cmake_target_skip_unavailable=False, cmake_clean_cache=False, cmake_clean_first=False, cmake_force_configure=False, ament_cmake_args=None, catkin_cmake_args=None, catkin_skip_building_tests=False, mixin_files=None, mixin=None, verb_parser=<colcon_mixin.mixin.mixin_argument.MixinArgumentDecorator object at 0x7399d515ab00>, verb_extension=<colcon_core.verb.build.BuildVerb object at 0x7399d515a470>, main=<bound method BuildVerb.main of <colcon_core.verb.build.BuildVerb object at 0x7399d515a470>>, mixin_verb=('build',))
[0.316s] Level 1:colcon.colcon_core.package_discovery:discover_packages(colcon_meta) check parameters
[0.316s] Level 1:colcon.colcon_core.package_discovery:discover_packages(recursive) check parameters
[0.316s] Level 1:colcon.colcon_core.package_discovery:discover_packages(ignore) check parameters
[0.316s] Level 1:colcon.colcon_core.package_discovery:discover_packages(path) check parameters
[0.316s] Level 1:colcon.colcon_core.package_discovery:discover_packages(colcon_meta) discover
[0.316s] Level 1:colcon.colcon_core.package_discovery:discover_packages(recursive) discover
[0.316s] INFO:colcon.colcon_core.package_discovery:Crawling recursively for packages in '/home/kjoon/vrx_ws'
[0.317s] Level 1:colcon.colcon_core.package_identification:_identify(.) by extensions ['ignore', 'ignore_ament_install']
[0.317s] Level 1:colcon.colcon_core.package_identification:_identify(.) by extension 'ignore'
[0.317s] Level 1:colcon.colcon_core.package_identification:_identify(.) by extension 'ignore_ament_install'
[0.317s] Level 1:colcon.colcon_core.package_identification:_identify(.) by extensions ['colcon_pkg']
[0.317s] Level 1:colcon.colcon_core.package_identification:_identify(.) by extension 'colcon_pkg'
[0.317s] Level 1:colcon.colcon_core.package_identification:_identify(.) by extensions ['colcon_meta']
[0.317s] Level 1:colcon.colcon_core.package_identification:_identify(.) by extension 'colcon_meta'
[0.317s] Level 1:colcon.colcon_core.package_identification:_identify(.) by extensions ['ros']
[0.317s] Level 1:colcon.colcon_core.package_identification:_identify(.) by extension 'ros'
[0.325s] Level 1:colcon.colcon_core.package_identification:_identify(.) by extensions ['cmake', 'python']
[0.325s] Level 1:colcon.colcon_core.package_identification:_identify(.) by extension 'cmake'
[0.325s] Level 1:colcon.colcon_core.package_identification:_identify(.) by extension 'python'
[0.325s] Level 1:colcon.colcon_core.package_identification:_identify(.) by extensions ['python_setup_py']
[0.325s] Level 1:colcon.colcon_core.package_identification:_identify(.) by extension 'python_setup_py'
[0.325s] Level 1:colcon.colcon_core.package_identification:_identify(build) by extensions ['ignore', 'ignore_ament_install']
[0.325s] Level 1:colcon.colcon_core.package_identification:_identify(build) by extension 'ignore'
[0.325s] Level 1:colcon.colcon_core.package_identification:_identify(build) ignored
[0.325s] Level 1:colcon.colcon_core.package_identification:_identify(install) by extensions ['ignore', 'ignore_ament_install']
[0.325s] Level 1:colcon.colcon_core.package_identification:_identify(install) by extension 'ignore'
[0.325s] Level 1:colcon.colcon_core.package_identification:_identify(install) ignored
[0.325s] Level 1:colcon.colcon_core.package_identification:_identify(log) by extensions ['ignore', 'ignore_ament_install']
[0.325s] Level 1:colcon.colcon_core.package_identification:_identify(log) by extension 'ignore'
[0.325s] Level 1:colcon.colcon_core.package_identification:_identify(log) ignored
[0.326s] Level 1:colcon.colcon_core.package_identification:_identify(src) by extensions ['ignore', 'ignore_ament_install']
[0.326s] Level 1:colcon.colcon_core.package_identification:_identify(src) by extension 'ignore'
[0.326s] Level 1:colcon.colcon_core.package_identification:_identify(src) by extension 'ignore_ament_install'
[0.326s] Level 1:colcon.colcon_core.package_identification:_identify(src) by extensions ['colcon_pkg']
[0.326s] Level 1:colcon.colcon_core.package_identification:_identify(src) by extension 'colcon_pkg'
[0.326s] Level 1:colcon.colcon_core.package_identification:_identify(src) by extensions ['colcon_meta']
[0.326s] Level 1:colcon.colcon_core.package_identification:_identify(src) by extension 'colcon_meta'
[0.326s] Level 1:colcon.colcon_core.package_identification:_identify(src) by extensions ['ros']
[0.326s] Level 1:colcon.colcon_core.package_identification:_identify(src) by extension 'ros'
[0.326s] Level 1:colcon.colcon_core.package_identification:_identify(src) by extensions ['cmake', 'python']
[0.326s] Level 1:colcon.colcon_core.package_identification:_identify(src) by extension 'cmake'
[0.326s] Level 1:colcon.colcon_core.package_identification:_identify(src) by extension 'python'
[0.326s] Level 1:colcon.colcon_core.package_identification:_identify(src) by extensions ['python_setup_py']
[0.326s] Level 1:colcon.colcon_core.package_identification:_identify(src) by extension 'python_setup_py'
[0.327s] Level 1:colcon.colcon_core.package_identification:_identify(src/px4_uv) by extensions ['ignore', 'ignore_ament_install']
[0.327s] Level 1:colcon.colcon_core.package_identification:_identify(src/px4_uv) by extension 'ignore'
[0.327s] Level 1:colcon.colcon_core.package_identification:_identify(src/px4_uv) by extension 'ignore_ament_install'
[0.327s] Level 1:colcon.colcon_core.package_identification:_identify(src/px4_uv) by extensions ['colcon_pkg']
[0.327s] Level 1:colcon.colcon_core.package_identification:_identify(src/px4_uv) by extension 'colcon_pkg'
[0.327s] Level 1:colcon.colcon_core.package_identification:_identify(src/px4_uv) by extensions ['colcon_meta']
[0.327s] Level 1:colcon.colcon_core.package_identification:_identify(src/px4_uv) by extension 'colcon_meta'
[0.327s] Level 1:colcon.colcon_core.package_identification:_identify(src/px4_uv) by extensions ['ros']
[0.327s] Level 1:colcon.colcon_core.package_identification:_identify(src/px4_uv) by extension 'ros'
[0.329s] DEBUG:colcon.colcon_core.package_identification:Package 'src/px4_uv' with type 'ros.ament_cmake' and name 'px4_uv'
[0.330s] Level 1:colcon.colcon_core.package_identification:_identify(src/vrx) by extensions ['ignore', 'ignore_ament_install']
[0.330s] Level 1:colcon.colcon_core.package_identification:_identify(src/vrx) by extension 'ignore'
[0.330s] Level 1:colcon.colcon_core.package_identification:_identify(src/vrx) by extension 'ignore_ament_install'
[0.330s] Level 1:colcon.colcon_core.package_identification:_identify(src/vrx) by extensions ['colcon_pkg']
[0.330s] Level 1:colcon.colcon_core.package_identification:_identify(src/vrx) by extension 'colcon_pkg'
[0.330s] Level 1:colcon.colcon_core.package_identification:_identify(src/vrx) by extensions ['colcon_meta']
[0.330s] Level 1:colcon.colcon_core.package_identification:_identify(src/vrx) by extension 'colcon_meta'
[0.330s] Level 1:colcon.colcon_core.package_identification:_identify(src/vrx) by extensions ['ros']
[0.330s] Level 1:colcon.colcon_core.package_identification:_identify(src/vrx) by extension 'ros'
[0.330s] Level 1:colcon.colcon_core.package_identification:_identify(src/vrx) by extensions ['cmake', 'python']
[0.330s] Level 1:colcon.colcon_core.package_identification:_identify(src/vrx) by extension 'cmake'
[0.330s] Level 1:colcon.colcon_core.package_identification:_identify(src/vrx) by extension 'python'
[0.330s] Level 1:colcon.colcon_core.package_identification:_identify(src/vrx) by extensions ['python_setup_py']
[0.330s] Level 1:colcon.colcon_core.package_identification:_identify(src/vrx) by extension 'python_setup_py'
[0.330s] Level 1:colcon.colcon_core.package_identification:_identify(src/vrx/images) by extensions ['ignore', 'ignore_ament_install']
[0.330s] Level 1:colcon.colcon_core.package_identification:_identify(src/vrx/images) by extension 'ignore'
[0.330s] Level 1:colcon.colcon_core.package_identification:_identify(src/vrx/images) by extension 'ignore_ament_install'
[0.330s] Level 1:colcon.colcon_core.package_identification:_identify(src/vrx/images) by extensions ['colcon_pkg']
[0.330s] Level 1:colcon.colcon_core.package_identification:_identify(src/vrx/images) by extension 'colcon_pkg'
[0.330s] Level 1:colcon.colcon_core.package_identification:_identify(src/vrx/images) by extensions ['colcon_meta']
[0.330s] Level 1:colcon.colcon_core.package_identification:_identify(src/vrx/images) by extension 'colcon_meta'
[0.330s] Level 1:colcon.colcon_core.package_identification:_identify(src/vrx/images) by extensions ['ros']
[0.331s] Level 1:colcon.colcon_core.package_identification:_identify(src/vrx/images) by extension 'ros'
[0.331s] Level 1:colcon.colcon_core.package_identification:_identify(src/vrx/images) by extensions ['cmake', 'python']
[0.331s] Level 1:colcon.colcon_core.package_identification:_identify(src/vrx/images) by extension 'cmake'
[0.331s] Level 1:colcon.colcon_core.package_identification:_identify(src/vrx/images) by extension 'python'
[0.331s] Level 1:colcon.colcon_core.package_identification:_identify(src/vrx/images) by extensions ['python_setup_py']
[0.331s] Level 1:colcon.colcon_core.package_identification:_identify(src/vrx/images) by extension 'python_setup_py'
[0.331s] Level 1:colcon.colcon_core.package_identification:_identify(src/vrx/vrx_gz) by extensions ['ignore', 'ignore_ament_install']
[0.331s] Level 1:colcon.colcon_core.package_identification:_identify(src/vrx/vrx_gz) by extension 'ignore'
[0.331s] Level 1:colcon.colcon_core.package_identification:_identify(src/vrx/vrx_gz) by extension 'ignore_ament_install'
[0.331s] Level 1:colcon.colcon_core.package_identification:_identify(src/vrx/vrx_gz) by extensions ['colcon_pkg']
[0.331s] Level 1:colcon.colcon_core.package_identification:_identify(src/vrx/vrx_gz) by extension 'colcon_pkg'
[0.331s] Level 1:colcon.colcon_core.package_identification:_identify(src/vrx/vrx_gz) by extensions ['colcon_meta']
[0.331s] Level 1:colcon.colcon_core.package_identification:_identify(src/vrx/vrx_gz) by extension 'colcon_meta'
[0.331s] Level 1:colcon.colcon_core.package_identification:_identify(src/vrx/vrx_gz) by extensions ['ros']
[0.331s] Level 1:colcon.colcon_core.package_identification:_identify(src/vrx/vrx_gz) by extension 'ros'
[0.332s] DEBUG:colcon.colcon_core.package_identification:Package 'src/vrx/vrx_gz' with type 'ros.ament_cmake' and name 'vrx_gz'
[0.332s] Level 1:colcon.colcon_core.package_identification:_identify(src/vrx/vrx_ros) by extensions ['ignore', 'ignore_ament_install']
[0.332s] Level 1:colcon.colcon_core.package_identification:_identify(src/vrx/vrx_ros) by extension 'ignore'
[0.332s] Level 1:colcon.colcon_core.package_identification:_identify(src/vrx/vrx_ros) by extension 'ignore_ament_install'
[0.332s] Level 1:colcon.colcon_core.package_identification:_identify(src/vrx/vrx_ros) by extensions ['colcon_pkg']
[0.332s] Level 1:colcon.colcon_core.package_identification:_identify(src/vrx/vrx_ros) by extension 'colcon_pkg'
[0.332s] Level 1:colcon.colcon_core.package_identification:_identify(src/vrx/vrx_ros) by extensions ['colcon_meta']
[0.332s] Level 1:colcon.colcon_core.package_identification:_identify(src/vrx/vrx_ros) by extension 'colcon_meta'
[0.332s] Level 1:colcon.colcon_core.package_identification:_identify(src/vrx/vrx_ros) by extensions ['ros']
[0.332s] Level 1:colcon.colcon_core.package_identification:_identify(src/vrx/vrx_ros) by extension 'ros'
[0.333s] DEBUG:colcon.colcon_core.package_identification:Package 'src/vrx/vrx_ros' with type 'ros.ament_cmake' and name 'vrx_ros'
[0.333s] Level 1:colcon.colcon_core.package_identification:_identify(src/vrx/vrx_urdf) by extensions ['ignore', 'ignore_ament_install']
[0.333s] Level 1:colcon.colcon_core.package_identification:_identify(src/vrx/vrx_urdf) by extension 'ignore'
[0.333s] Level 1:colcon.colcon_core.package_identification:_identify(src/vrx/vrx_urdf) by extension 'ignore_ament_install'
[0.333s] Level 1:colcon.colcon_core.package_identification:_identify(src/vrx/vrx_urdf) by extensions ['colcon_pkg']
[0.333s] Level 1:colcon.colcon_core.package_identification:_identify(src/vrx/vrx_urdf) by extension 'colcon_pkg'
[0.333s] Level 1:colcon.colcon_core.package_identification:_identify(src/vrx/vrx_urdf) by extensions ['colcon_meta']
[0.333s] Level 1:colcon.colcon_core.package_identification:_identify(src/vrx/vrx_urdf) by extension 'colcon_meta'
[0.333s] Level 1:colcon.colcon_core.package_identification:_identify(src/vrx/vrx_urdf) by extensions ['ros']
[0.333s] Level 1:colcon.colcon_core.package_identification:_identify(src/vrx/vrx_urdf) by extension 'ros'
[0.333s] Level 1:colcon.colcon_core.package_identification:_identify(src/vrx/vrx_urdf) by extensions ['cmake', 'python']
[0.333s] Level 1:colcon.colcon_core.package_identification:_identify(src/vrx/vrx_urdf) by extension 'cmake'
[0.334s] Level 1:colcon.colcon_core.package_identification:_identify(src/vrx/vrx_urdf) by extension 'python'
[0.334s] Level 1:colcon.colcon_core.package_identification:_identify(src/vrx/vrx_urdf) by extensions ['python_setup_py']
[0.334s] Level 1:colcon.colcon_core.package_identification:_identify(src/vrx/vrx_urdf) by extension 'python_setup_py'
[0.334s] Level 1:colcon.colcon_core.package_identification:_identify(src/vrx/vrx_urdf/vrx_gazebo) by extensions ['ignore', 'ignore_ament_install']
[0.334s] Level 1:colcon.colcon_core.package_identification:_identify(src/vrx/vrx_urdf/vrx_gazebo) by extension 'ignore'
[0.334s] Level 1:colcon.colcon_core.package_identification:_identify(src/vrx/vrx_urdf/vrx_gazebo) by extension 'ignore_ament_install'
[0.334s] Level 1:colcon.colcon_core.package_identification:_identify(src/vrx/vrx_urdf/vrx_gazebo) by extensions ['colcon_pkg']
[0.334s] Level 1:colcon.colcon_core.package_identification:_identify(src/vrx/vrx_urdf/vrx_gazebo) by extension 'colcon_pkg'
[0.334s] Level 1:colcon.colcon_core.package_identification:_identify(src/vrx/vrx_urdf/vrx_gazebo) by extensions ['colcon_meta']
[0.334s] Level 1:colcon.colcon_core.package_identification:_identify(src/vrx/vrx_urdf/vrx_gazebo) by extension 'colcon_meta'
[0.334s] Level 1:colcon.colcon_core.package_identification:_identify(src/vrx/vrx_urdf/vrx_gazebo) by extensions ['ros']
[0.334s] Level 1:colcon.colcon_core.package_identification:_identify(src/vrx/vrx_urdf/vrx_gazebo) by extension 'ros'
[0.335s] DEBUG:colcon.colcon_core.package_identification:Package 'src/vrx/vrx_urdf/vrx_gazebo' with type 'ros.ament_cmake' and name 'vrx_gazebo'
[0.335s] Level 1:colcon.colcon_core.package_identification:_identify(src/vrx/vrx_urdf/wamv_description) by extensions ['ignore', 'ignore_ament_install']
[0.335s] Level 1:colcon.colcon_core.package_identification:_identify(src/vrx/vrx_urdf/wamv_description) by extension 'ignore'
[0.335s] Level 1:colcon.colcon_core.package_identification:_identify(src/vrx/vrx_urdf/wamv_description) by extension 'ignore_ament_install'
[0.335s] Level 1:colcon.colcon_core.package_identification:_identify(src/vrx/vrx_urdf/wamv_description) by extensions ['colcon_pkg']
[0.335s] Level 1:colcon.colcon_core.package_identification:_identify(src/vrx/vrx_urdf/wamv_description) by extension 'colcon_pkg'
[0.335s] Level 1:colcon.colcon_core.package_identification:_identify(src/vrx/vrx_urdf/wamv_description) by extensions ['colcon_meta']
[0.335s] Level 1:colcon.colcon_core.package_identification:_identify(src/vrx/vrx_urdf/wamv_description) by extension 'colcon_meta'
[0.335s] Level 1:colcon.colcon_core.package_identification:_identify(src/vrx/vrx_urdf/wamv_description) by extensions ['ros']
[0.335s] Level 1:colcon.colcon_core.package_identification:_identify(src/vrx/vrx_urdf/wamv_description) by extension 'ros'
[0.336s] DEBUG:colcon.colcon_core.package_identification:Package 'src/vrx/vrx_urdf/wamv_description' with type 'ros.ament_cmake' and name 'wamv_description'
[0.336s] Level 1:colcon.colcon_core.package_identification:_identify(src/vrx/vrx_urdf/wamv_gazebo) by extensions ['ignore', 'ignore_ament_install']
[0.336s] Level 1:colcon.colcon_core.package_identification:_identify(src/vrx/vrx_urdf/wamv_gazebo) by extension 'ignore'
[0.336s] Level 1:colcon.colcon_core.package_identification:_identify(src/vrx/vrx_urdf/wamv_gazebo) by extension 'ignore_ament_install'
[0.336s] Level 1:colcon.colcon_core.package_identification:_identify(src/vrx/vrx_urdf/wamv_gazebo) by extensions ['colcon_pkg']
[0.336s] Level 1:colcon.colcon_core.package_identification:_identify(src/vrx/vrx_urdf/wamv_gazebo) by extension 'colcon_pkg'
[0.336s] Level 1:colcon.colcon_core.package_identification:_identify(src/vrx/vrx_urdf/wamv_gazebo) by extensions ['colcon_meta']
[0.336s] Level 1:colcon.colcon_core.package_identification:_identify(src/vrx/vrx_urdf/wamv_gazebo) by extension 'colcon_meta'
[0.336s] Level 1:colcon.colcon_core.package_identification:_identify(src/vrx/vrx_urdf/wamv_gazebo) by extensions ['ros']
[0.336s] Level 1:colcon.colcon_core.package_identification:_identify(src/vrx/vrx_urdf/wamv_gazebo) by extension 'ros'
[0.337s] DEBUG:colcon.colcon_core.package_identification:Package 'src/vrx/vrx_urdf/wamv_gazebo' with type 'ros.ament_cmake' and name 'wamv_gazebo'
[0.337s] Level 1:colcon.colcon_core.package_identification:_identify(src/wamv_nav) by extensions ['ignore', 'ignore_ament_install']
[0.337s] Level 1:colcon.colcon_core.package_identification:_identify(src/wamv_nav) by extension 'ignore'
[0.337s] Level 1:colcon.colcon_core.package_identification:_identify(src/wamv_nav) by extension 'ignore_ament_install'
[0.337s] Level 1:colcon.colcon_core.package_identification:_identify(src/wamv_nav) by extensions ['colcon_pkg']
[0.337s] Level 1:colcon.colcon_core.package_identification:_identify(src/wamv_nav) by extension 'colcon_pkg'
[0.337s] Level 1:colcon.colcon_core.package_identification:_identify(src/wamv_nav) by extensions ['colcon_meta']
[0.337s] Level 1:colcon.colcon_core.package_identification:_identify(src/wamv_nav) by extension 'colcon_meta'
[0.337s] Level 1:colcon.colcon_core.package_identification:_identify(src/wamv_nav) by extensions ['ros']
[0.337s] Level 1:colcon.colcon_core.package_identification:_identify(src/wamv_nav) by extension 'ros'
[0.338s] DEBUG:colcon.colcon_core.package_identification:Failed to parse potential ROS package manifest in'src/wamv_nav': Error(s) in package 'src/wamv_nav/package.xml':
Error(s):
- The manifest of package "wamv_nav" (with format version 3) must not contain the following tags: build_type
[0.338s] Level 1:colcon.colcon_core.package_identification:_identify(src/wamv_nav) by extensions ['cmake', 'python']
[0.338s] Level 1:colcon.colcon_core.package_identification:_identify(src/wamv_nav) by extension 'cmake'
[0.338s] Level 1:colcon.colcon_core.package_identification:_identify(src/wamv_nav) by extension 'python'
[0.338s] DEBUG:colcon.colcon_core.package_identification:Python package in 'src/wamv_nav' passes arguments to the setup() function which requires a different identification extension than 'python'
[0.338s] Level 1:colcon.colcon_core.package_identification:_identify(src/wamv_nav) by extensions ['python_setup_py']
[0.338s] Level 1:colcon.colcon_core.package_identification:_identify(src/wamv_nav) by extension 'python_setup_py'
[0.510s] DEBUG:colcon.colcon_core.package_identification:Package 'src/wamv_nav' with type 'python' and name 'wamv_nav'
[0.510s] Level 1:colcon.colcon_core.package_discovery:discover_packages(recursive) using defaults
[0.510s] Level 1:colcon.colcon_core.package_discovery:discover_packages(ignore) discover
[0.510s] Level 1:colcon.colcon_core.package_discovery:discover_packages(ignore) using defaults
[0.510s] Level 1:colcon.colcon_core.package_discovery:discover_packages(path) discover
[0.510s] Level 1:colcon.colcon_core.package_discovery:discover_packages(path) using defaults
[0.527s] Level 1:colcon.colcon_core.package_discovery:discover_packages(prefix_path) check parameters
[0.527s] Level 1:colcon.colcon_core.package_discovery:discover_packages(prefix_path) discover
[0.530s] DEBUG:colcon.colcon_installed_package_information.package_discovery:Found 287 installed packages in /opt/ros/humble
[0.531s] Level 1:colcon.colcon_core.package_discovery:discover_packages(prefix_path) using defaults
[0.555s] Level 5:colcon.colcon_core.verb:set package 'px4_uv' build argument 'cmake_args' from command line to 'None'
[0.556s] Level 5:colcon.colcon_core.verb:set package 'px4_uv' build argument 'cmake_target' from command line to 'None'
[0.556s] Level 5:colcon.colcon_core.verb:set package 'px4_uv' build argument 'cmake_target_skip_unavailable' from command line to 'False'
[0.556s] Level 5:colcon.colcon_core.verb:set package 'px4_uv' build argument 'cmake_clean_cache' from command line to 'False'
[0.556s] Level 5:colcon.colcon_core.verb:set package 'px4_uv' build argument 'cmake_clean_first' from command line to 'False'
[0.556s] Level 5:colcon.colcon_core.verb:set package 'px4_uv' build argument 'cmake_force_configure' from command line to 'False'
[0.556s] Level 5:colcon.colcon_core.verb:set package 'px4_uv' build argument 'ament_cmake_args' from command line to 'None'
[0.556s] Level 5:colcon.colcon_core.verb:set package 'px4_uv' build argument 'catkin_cmake_args' from command line to 'None'
[0.556s] Level 5:colcon.colcon_core.verb:set package 'px4_uv' build argument 'catkin_skip_building_tests' from command line to 'False'
[0.556s] DEBUG:colcon.colcon_core.verb:Building package 'px4_uv' with the following arguments: {'ament_cmake_args': None, 'build_base': '/home/kjoon/vrx_ws/build/px4_uv', 'catkin_cmake_args': None, 'catkin_skip_building_tests': False, 'cmake_args': None, 'cmake_clean_cache': False, 'cmake_clean_first': False, 'cmake_force_configure': False, 'cmake_target': None, 'cmake_target_skip_unavailable': False, 'install_base': '/home/kjoon/vrx_ws/install', 'merge_install': True, 'path': '/home/kjoon/vrx_ws/src/px4_uv', 'symlink_install': False, 'test_result_base': None}
[0.556s] Level 5:colcon.colcon_core.verb:set package 'vrx_gazebo' build argument 'cmake_args' from command line to 'None'
[0.556s] Level 5:colcon.colcon_core.verb:set package 'vrx_gazebo' build argument 'cmake_target' from command line to 'None'
[0.556s] Level 5:colcon.colcon_core.verb:set package 'vrx_gazebo' build argument 'cmake_target_skip_unavailable' from command line to 'False'
[0.556s] Level 5:colcon.colcon_core.verb:set package 'vrx_gazebo' build argument 'cmake_clean_cache' from command line to 'False'
[0.556s] Level 5:colcon.colcon_core.verb:set package 'vrx_gazebo' build argument 'cmake_clean_first' from command line to 'False'
[0.556s] Level 5:colcon.colcon_core.verb:set package 'vrx_gazebo' build argument 'cmake_force_configure' from command line to 'False'
[0.556s] Level 5:colcon.colcon_core.verb:set package 'vrx_gazebo' build argument 'ament_cmake_args' from command line to 'None'
[0.556s] Level 5:colcon.colcon_core.verb:set package 'vrx_gazebo' build argument 'catkin_cmake_args' from command line to 'None'
[0.556s] Level 5:colcon.colcon_core.verb:set package 'vrx_gazebo' build argument 'catkin_skip_building_tests' from command line to 'False'
[0.556s] DEBUG:colcon.colcon_core.verb:Building package 'vrx_gazebo' with the following arguments: {'ament_cmake_args': None, 'build_base': '/home/kjoon/vrx_ws/build/vrx_gazebo', 'catkin_cmake_args': None, 'catkin_skip_building_tests': False, 'cmake_args': None, 'cmake_clean_cache': False, 'cmake_clean_first': False, 'cmake_force_configure': False, 'cmake_target': None, 'cmake_target_skip_unavailable': False, 'install_base': '/home/kjoon/vrx_ws/install', 'merge_install': True, 'path': '/home/kjoon/vrx_ws/src/vrx/vrx_urdf/vrx_gazebo', 'symlink_install': False, 'test_result_base': None}
[0.556s] Level 5:colcon.colcon_core.verb:set package 'vrx_ros' build argument 'cmake_args' from command line to 'None'
[0.556s] Level 5:colcon.colcon_core.verb:set package 'vrx_ros' build argument 'cmake_target' from command line to 'None'
[0.556s] Level 5:colcon.colcon_core.verb:set package 'vrx_ros' build argument 'cmake_target_skip_unavailable' from command line to 'False'
[0.556s] Level 5:colcon.colcon_core.verb:set package 'vrx_ros' build argument 'cmake_clean_cache' from command line to 'False'
[0.556s] Level 5:colcon.colcon_core.verb:set package 'vrx_ros' build argument 'cmake_clean_first' from command line to 'False'
[0.556s] Level 5:colcon.colcon_core.verb:set package 'vrx_ros' build argument 'cmake_force_configure' from command line to 'False'
[0.556s] Level 5:colcon.colcon_core.verb:set package 'vrx_ros' build argument 'ament_cmake_args' from command line to 'None'
[0.556s] Level 5:colcon.colcon_core.verb:set package 'vrx_ros' build argument 'catkin_cmake_args' from command line to 'None'
[0.556s] Level 5:colcon.colcon_core.verb:set package 'vrx_ros' build argument 'catkin_skip_building_tests' from command line to 'False'
[0.556s] DEBUG:colcon.colcon_core.verb:Building package 'vrx_ros' with the following arguments: {'ament_cmake_args': None, 'build_base': '/home/kjoon/vrx_ws/build/vrx_ros', 'catkin_cmake_args': None, 'catkin_skip_building_tests': False, 'cmake_args': None, 'cmake_clean_cache': False, 'cmake_clean_first': False, 'cmake_force_configure': False, 'cmake_target': None, 'cmake_target_skip_unavailable': False, 'install_base': '/home/kjoon/vrx_ws/install', 'merge_install': True, 'path': '/home/kjoon/vrx_ws/src/vrx/vrx_ros', 'symlink_install': False, 'test_result_base': None}
[0.557s] Level 5:colcon.colcon_core.verb:set package 'vrx_gz' build argument 'cmake_args' from command line to 'None'
[0.557s] Level 5:colcon.colcon_core.verb:set package 'vrx_gz' build argument 'cmake_target' from command line to 'None'
[0.557s] Level 5:colcon.colcon_core.verb:set package 'vrx_gz' build argument 'cmake_target_skip_unavailable' from command line to 'False'
[0.557s] Level 5:colcon.colcon_core.verb:set package 'vrx_gz' build argument 'cmake_clean_cache' from command line to 'False'
[0.557s] Level 5:colcon.colcon_core.verb:set package 'vrx_gz' build argument 'cmake_clean_first' from command line to 'False'
[0.557s] Level 5:colcon.colcon_core.verb:set package 'vrx_gz' build argument 'cmake_force_configure' from command line to 'False'
[0.557s] Level 5:colcon.colcon_core.verb:set package 'vrx_gz' build argument 'ament_cmake_args' from command line to 'None'
[0.557s] Level 5:colcon.colcon_core.verb:set package 'vrx_gz' build argument 'catkin_cmake_args' from command line to 'None'
[0.557s] Level 5:colcon.colcon_core.verb:set package 'vrx_gz' build argument 'catkin_skip_building_tests' from command line to 'False'
[0.557s] DEBUG:colcon.colcon_core.verb:Building package 'vrx_gz' with the following arguments: {'ament_cmake_args': None, 'build_base': '/home/kjoon/vrx_ws/build/vrx_gz', 'catkin_cmake_args': None, 'catkin_skip_building_tests': False, 'cmake_args': None, 'cmake_clean_cache': False, 'cmake_clean_first': False, 'cmake_force_configure': False, 'cmake_target': None, 'cmake_target_skip_unavailable': False, 'install_base': '/home/kjoon/vrx_ws/install', 'merge_install': True, 'path': '/home/kjoon/vrx_ws/src/vrx/vrx_gz', 'symlink_install': False, 'test_result_base': None}
[0.557s] Level 5:colcon.colcon_core.verb:set package 'wamv_description' build argument 'cmake_args' from command line to 'None'
[0.557s] Level 5:colcon.colcon_core.verb:set package 'wamv_description' build argument 'cmake_target' from command line to 'None'
[0.557s] Level 5:colcon.colcon_core.verb:set package 'wamv_description' build argument 'cmake_target_skip_unavailable' from command line to 'False'
[0.557s] Level 5:colcon.colcon_core.verb:set package 'wamv_description' build argument 'cmake_clean_cache' from command line to 'False'
[0.557s] Level 5:colcon.colcon_core.verb:set package 'wamv_description' build argument 'cmake_clean_first' from command line to 'False'
[0.557s] Level 5:colcon.colcon_core.verb:set package 'wamv_description' build argument 'cmake_force_configure' from command line to 'False'
[0.557s] Level 5:colcon.colcon_core.verb:set package 'wamv_description' build argument 'ament_cmake_args' from command line to 'None'
[0.557s] Level 5:colcon.colcon_core.verb:set package 'wamv_description' build argument 'catkin_cmake_args' from command line to 'None'
[0.557s] Level 5:colcon.colcon_core.verb:set package 'wamv_description' build argument 'catkin_skip_building_tests' from command line to 'False'
[0.557s] DEBUG:colcon.colcon_core.verb:Building package 'wamv_description' with the following arguments: {'ament_cmake_args': None, 'build_base': '/home/kjoon/vrx_ws/build/wamv_description', 'catkin_cmake_args': None, 'catkin_skip_building_tests': False, 'cmake_args': None, 'cmake_clean_cache': False, 'cmake_clean_first': False, 'cmake_force_configure': False, 'cmake_target': None, 'cmake_target_skip_unavailable': False, 'install_base': '/home/kjoon/vrx_ws/install', 'merge_install': True, 'path': '/home/kjoon/vrx_ws/src/vrx/vrx_urdf/wamv_description', 'symlink_install': False, 'test_result_base': None}
[0.557s] Level 5:colcon.colcon_core.verb:set package 'wamv_nav' build argument 'cmake_args' from command line to 'None'
[0.557s] Level 5:colcon.colcon_core.verb:set package 'wamv_nav' build argument 'cmake_target' from command line to 'None'
[0.557s] Level 5:colcon.colcon_core.verb:set package 'wamv_nav' build argument 'cmake_target_skip_unavailable' from command line to 'False'
[0.557s] Level 5:colcon.colcon_core.verb:set package 'wamv_nav' build argument 'cmake_clean_cache' from command line to 'False'
[0.557s] Level 5:colcon.colcon_core.verb:set package 'wamv_nav' build argument 'cmake_clean_first' from command line to 'False'
[0.557s] Level 5:colcon.colcon_core.verb:set package 'wamv_nav' build argument 'cmake_force_configure' from command line to 'False'
[0.557s] Level 5:colcon.colcon_core.verb:set package 'wamv_nav' build argument 'ament_cmake_args' from command line to 'None'
[0.557s] Level 5:colcon.colcon_core.verb:set package 'wamv_nav' build argument 'catkin_cmake_args' from command line to 'None'
[0.557s] Level 5:colcon.colcon_core.verb:set package 'wamv_nav' build argument 'catkin_skip_building_tests' from command line to 'False'
[0.557s] DEBUG:colcon.colcon_core.verb:Building package 'wamv_nav' with the following arguments: {'ament_cmake_args': None, 'build_base': '/home/kjoon/vrx_ws/build/wamv_nav', 'catkin_cmake_args': None, 'catkin_skip_building_tests': False, 'cmake_args': None, 'cmake_clean_cache': False, 'cmake_clean_first': False, 'cmake_force_configure': False, 'cmake_target': None, 'cmake_target_skip_unavailable': False, 'install_base': '/home/kjoon/vrx_ws/install', 'merge_install': True, 'path': '/home/kjoon/vrx_ws/src/wamv_nav', 'symlink_install': False, 'test_result_base': None}
[0.558s] Level 5:colcon.colcon_core.verb:set package 'wamv_gazebo' build argument 'cmake_args' from command line to 'None'
[0.558s] Level 5:colcon.colcon_core.verb:set package 'wamv_gazebo' build argument 'cmake_target' from command line to 'None'
[0.558s] Level 5:colcon.colcon_core.verb:set package 'wamv_gazebo' build argument 'cmake_target_skip_unavailable' from command line to 'False'
[0.558s] Level 5:colcon.colcon_core.verb:set package 'wamv_gazebo' build argument 'cmake_clean_cache' from command line to 'False'
[0.558s] Level 5:colcon.colcon_core.verb:set package 'wamv_gazebo' build argument 'cmake_clean_first' from command line to 'False'
[0.558s] Level 5:colcon.colcon_core.verb:set package 'wamv_gazebo' build argument 'cmake_force_configure' from command line to 'False'
[0.558s] Level 5:colcon.colcon_core.verb:set package 'wamv_gazebo' build argument 'ament_cmake_args' from command line to 'None'
[0.558s] Level 5:colcon.colcon_core.verb:set package 'wamv_gazebo' build argument 'catkin_cmake_args' from command line to 'None'
[0.558s] Level 5:colcon.colcon_core.verb:set package 'wamv_gazebo' build argument 'catkin_skip_building_tests' from command line to 'False'
[0.558s] DEBUG:colcon.colcon_core.verb:Building package 'wamv_gazebo' with the following arguments: {'ament_cmake_args': None, 'build_base': '/home/kjoon/vrx_ws/build/wamv_gazebo', 'catkin_cmake_args': None, 'catkin_skip_building_tests': False, 'cmake_args': None, 'cmake_clean_cache': False, 'cmake_clean_first': False, 'cmake_force_configure': False, 'cmake_target': None, 'cmake_target_skip_unavailable': False, 'install_base': '/home/kjoon/vrx_ws/install', 'merge_install': True, 'path': '/home/kjoon/vrx_ws/src/vrx/vrx_urdf/wamv_gazebo', 'symlink_install': False, 'test_result_base': None}
[0.558s] INFO:colcon.colcon_core.executor:Executing jobs using 'parallel' executor
[0.558s] DEBUG:colcon.colcon_parallel_executor.executor.parallel:run_until_complete
[0.558s] INFO:colcon.colcon_ros.task.ament_cmake.build:Building ROS package in '/home/kjoon/vrx_ws/src/vrx/vrx_urdf/vrx_gazebo' with build type 'ament_cmake'
[0.559s] INFO:colcon.colcon_cmake.task.cmake.build:Building CMake package in '/home/kjoon/vrx_ws/src/vrx/vrx_urdf/vrx_gazebo'
[0.561s] INFO:colcon.colcon_core.plugin_system:Skipping extension 'colcon_core.shell.bat': Not used on non-Windows systems
[0.561s] INFO:colcon.colcon_core.shell:Skip shell extension 'powershell' for command environment: Not usable outside of PowerShell
[0.561s] DEBUG:colcon.colcon_core.shell:Skip shell extension 'dsv' for command environment
[0.564s] INFO:colcon.colcon_ros.task.ament_cmake.build:Building ROS package in '/home/kjoon/vrx_ws/src/px4_uv' with build type 'ament_cmake'
[0.564s] INFO:colcon.colcon_cmake.task.cmake.build:Building CMake package in '/home/kjoon/vrx_ws/src/px4_uv'
[0.564s] INFO:colcon.colcon_core.shell:Skip shell extension 'powershell' for command environment: Not usable outside of PowerShell
[0.564s] DEBUG:colcon.colcon_core.shell:Skip shell extension 'dsv' for command environment
[0.565s] INFO:colcon.colcon_ros.task.ament_cmake.build:Building ROS package in '/home/kjoon/vrx_ws/src/vrx/vrx_ros' with build type 'ament_cmake'
[0.566s] INFO:colcon.colcon_cmake.task.cmake.build:Building CMake package in '/home/kjoon/vrx_ws/src/vrx/vrx_ros'
[0.566s] INFO:colcon.colcon_core.shell:Skip shell extension 'powershell' for command environment: Not usable outside of PowerShell
[0.566s] DEBUG:colcon.colcon_core.shell:Skip shell extension 'dsv' for command environment
[0.570s] DEBUG:colcon.colcon_core.event_handler.log_command:Invoking command in '/home/kjoon/vrx_ws/build/vrx_gazebo': CMAKE_PREFIX_PATH=/opt/ros/humble /usr/bin/cmake --build /home/kjoon/vrx_ws/build/vrx_gazebo -- -j16 -l16
[0.573s] DEBUG:colcon.colcon_core.event_handler.log_command:Invoking command in '/home/kjoon/vrx_ws/build/px4_uv': CMAKE_PREFIX_PATH=/opt/ros/humble /usr/bin/cmake --build /home/kjoon/vrx_ws/build/px4_uv -- -j16 -l16
[0.575s] DEBUG:colcon.colcon_core.event_handler.log_command:Invoking command in '/home/kjoon/vrx_ws/build/vrx_ros': CMAKE_PREFIX_PATH=/opt/ros/humble /usr/bin/cmake --build /home/kjoon/vrx_ws/build/vrx_ros -- -j16 -l16
[0.656s] DEBUG:colcon.colcon_core.event_handler.log_command:Invoked command in '/home/kjoon/vrx_ws/build/vrx_ros' returned '0': CMAKE_PREFIX_PATH=/opt/ros/humble /usr/bin/cmake --build /home/kjoon/vrx_ws/build/vrx_ros -- -j16 -l16
[0.664s] DEBUG:colcon.colcon_core.event_handler.log_command:Invoking command in '/home/kjoon/vrx_ws/build/vrx_ros': CMAKE_PREFIX_PATH=/opt/ros/humble /usr/bin/cmake --install /home/kjoon/vrx_ws/build/vrx_ros
[0.673s] Level 1:colcon.colcon_core.environment:create_environment_scripts_only(vrx_ros)
[0.673s] DEBUG:colcon.colcon_core.event_handler.log_command:Invoked command in '/home/kjoon/vrx_ws/build/vrx_ros' returned '0': CMAKE_PREFIX_PATH=/opt/ros/humble /usr/bin/cmake --install /home/kjoon/vrx_ws/build/vrx_ros
[0.677s] Level 1:colcon.colcon_core.environment:checking '/home/kjoon/vrx_ws/install' for CMake module files
[0.678s] Level 1:colcon.colcon_core.environment:checking '/home/kjoon/vrx_ws/install' for CMake config files
[0.680s] Level 1:colcon.colcon_core.shell:create_environment_hook('vrx_ros', 'cmake_prefix_path')
[0.680s] INFO:colcon.colcon_core.shell:Creating environment hook '/home/kjoon/vrx_ws/install/share/vrx_ros/hook/cmake_prefix_path.ps1'
[0.681s] INFO:colcon.colcon_core.shell:Creating environment descriptor '/home/kjoon/vrx_ws/install/share/vrx_ros/hook/cmake_prefix_path.dsv'
[0.681s] INFO:colcon.colcon_core.shell:Creating environment hook '/home/kjoon/vrx_ws/install/share/vrx_ros/hook/cmake_prefix_path.sh'
[0.682s] Level 1:colcon.colcon_core.environment:checking '/home/kjoon/vrx_ws/install/lib'
[0.682s] Level 1:colcon.colcon_core.shell:create_environment_hook('vrx_ros', 'ld_library_path_lib')
[0.682s] INFO:colcon.colcon_core.shell:Creating environment hook '/home/kjoon/vrx_ws/install/share/vrx_ros/hook/ld_library_path_lib.ps1'
[0.683s] INFO:colcon.colcon_core.shell:Creating environment descriptor '/home/kjoon/vrx_ws/install/share/vrx_ros/hook/ld_library_path_lib.dsv'
[0.683s] INFO:colcon.colcon_core.shell:Creating environment hook '/home/kjoon/vrx_ws/install/share/vrx_ros/hook/ld_library_path_lib.sh'
[0.683s] Level 1:colcon.colcon_core.environment:checking '/home/kjoon/vrx_ws/install/bin'
[0.683s] Level 1:colcon.colcon_core.environment:checking '/home/kjoon/vrx_ws/install/lib/pkgconfig/vrx_ros.pc'
[0.683s] Level 1:colcon.colcon_core.environment:checking '/home/kjoon/vrx_ws/install/lib/python3.10/site-packages'
[0.683s] Level 1:colcon.colcon_core.shell:create_environment_hook('vrx_ros', 'pythonpath')
[0.683s] INFO:colcon.colcon_core.shell:Creating environment hook '/home/kjoon/vrx_ws/install/share/vrx_ros/hook/pythonpath.ps1'
[0.684s] INFO:colcon.colcon_core.shell:Creating environment descriptor '/home/kjoon/vrx_ws/install/share/vrx_ros/hook/pythonpath.dsv'
[0.684s] INFO:colcon.colcon_core.shell:Creating environment hook '/home/kjoon/vrx_ws/install/share/vrx_ros/hook/pythonpath.sh'
[0.684s] Level 1:colcon.colcon_core.environment:checking '/home/kjoon/vrx_ws/install/bin'
[0.684s] INFO:colcon.colcon_core.shell:Creating package script '/home/kjoon/vrx_ws/install/share/vrx_ros/package.ps1'
[0.685s] INFO:colcon.colcon_core.shell:Creating package descriptor '/home/kjoon/vrx_ws/install/share/vrx_ros/package.dsv'
[0.685s] INFO:colcon.colcon_core.shell:Creating package script '/home/kjoon/vrx_ws/install/share/vrx_ros/package.sh'
[0.686s] INFO:colcon.colcon_core.shell:Creating package script '/home/kjoon/vrx_ws/install/share/vrx_ros/package.bash'
[0.687s] INFO:colcon.colcon_core.shell:Creating package script '/home/kjoon/vrx_ws/install/share/vrx_ros/package.zsh'
[0.687s] Level 1:colcon.colcon_core.environment:create_file_with_runtime_dependencies(/home/kjoon/vrx_ws/install/share/colcon-core/packages/vrx_ros)
[0.688s] Level 1:colcon.colcon_core.environment:create_environment_scripts_only(vrx_ros)
[0.688s] Level 1:colcon.colcon_core.environment:checking '/home/kjoon/vrx_ws/install' for CMake module files
[0.688s] Level 1:colcon.colcon_core.environment:checking '/home/kjoon/vrx_ws/install' for CMake config files
[0.689s] Level 1:colcon.colcon_core.shell:create_environment_hook('vrx_ros', 'cmake_prefix_path')
[0.689s] INFO:colcon.colcon_core.shell:Creating environment hook '/home/kjoon/vrx_ws/install/share/vrx_ros/hook/cmake_prefix_path.ps1'
[0.689s] INFO:colcon.colcon_core.shell:Creating environment descriptor '/home/kjoon/vrx_ws/install/share/vrx_ros/hook/cmake_prefix_path.dsv'
[0.689s] INFO:colcon.colcon_core.shell:Creating environment hook '/home/kjoon/vrx_ws/install/share/vrx_ros/hook/cmake_prefix_path.sh'
[0.690s] Level 1:colcon.colcon_core.environment:checking '/home/kjoon/vrx_ws/install/lib'
[0.690s] Level 1:colcon.colcon_core.shell:create_environment_hook('vrx_ros', 'ld_library_path_lib')
[0.690s] INFO:colcon.colcon_core.shell:Creating environment hook '/home/kjoon/vrx_ws/install/share/vrx_ros/hook/ld_library_path_lib.ps1'
[0.690s] INFO:colcon.colcon_core.shell:Creating environment descriptor '/home/kjoon/vrx_ws/install/share/vrx_ros/hook/ld_library_path_lib.dsv'
[0.690s] INFO:colcon.colcon_core.shell:Creating environment hook '/home/kjoon/vrx_ws/install/share/vrx_ros/hook/ld_library_path_lib.sh'
[0.690s] Level 1:colcon.colcon_core.environment:checking '/home/kjoon/vrx_ws/install/bin'
[0.690s] Level 1:colcon.colcon_core.environment:checking '/home/kjoon/vrx_ws/install/lib/pkgconfig/vrx_ros.pc'
[0.691s] Level 1:colcon.colcon_core.environment:checking '/home/kjoon/vrx_ws/install/lib/python3.10/site-packages'
[0.691s] Level 1:colcon.colcon_core.shell:create_environment_hook('vrx_ros', 'pythonpath')
[0.691s] INFO:colcon.colcon_core.shell:Creating environment hook '/home/kjoon/vrx_ws/install/share/vrx_ros/hook/pythonpath.ps1'
[0.691s] INFO:colcon.colcon_core.shell:Creating environment descriptor '/home/kjoon/vrx_ws/install/share/vrx_ros/hook/pythonpath.dsv'
[0.691s] INFO:colcon.colcon_core.shell:Creating environment hook '/home/kjoon/vrx_ws/install/share/vrx_ros/hook/pythonpath.sh'
[0.692s] Level 1:colcon.colcon_core.environment:checking '/home/kjoon/vrx_ws/install/bin'
[0.692s] INFO:colcon.colcon_core.shell:Creating package script '/home/kjoon/vrx_ws/install/share/vrx_ros/package.ps1'
[0.692s] INFO:colcon.colcon_core.shell:Creating package descriptor '/home/kjoon/vrx_ws/install/share/vrx_ros/package.dsv'
[0.692s] INFO:colcon.colcon_core.shell:Creating package script '/home/kjoon/vrx_ws/install/share/vrx_ros/package.sh'
[0.693s] INFO:colcon.colcon_core.shell:Creating package script '/home/kjoon/vrx_ws/install/share/vrx_ros/package.bash'
[0.693s] INFO:colcon.colcon_core.shell:Creating package script '/home/kjoon/vrx_ws/install/share/vrx_ros/package.zsh'
[0.693s] Level 1:colcon.colcon_core.environment:create_file_with_runtime_dependencies(/home/kjoon/vrx_ws/install/share/colcon-core/packages/vrx_ros)
[0.693s] INFO:colcon.colcon_ros.task.ament_cmake.build:Building ROS package in '/home/kjoon/vrx_ws/src/vrx/vrx_gz' with build type 'ament_cmake'
[0.693s] INFO:colcon.colcon_cmake.task.cmake.build:Building CMake package in '/home/kjoon/vrx_ws/src/vrx/vrx_gz'
[0.694s] INFO:colcon.colcon_core.shell:Skip shell extension 'powershell' for command environment: Not usable outside of PowerShell
[0.694s] DEBUG:colcon.colcon_core.shell:Skip shell extension 'dsv' for command environment
[0.701s] DEBUG:colcon.colcon_core.event_handler.log_command:Invoking command in '/home/kjoon/vrx_ws/build/vrx_gz': AMENT_PREFIX_PATH=/home/kjoon/vrx_ws/install:${AMENT_PREFIX_PATH} CMAKE_PREFIX_PATH=/home/kjoon/vrx_ws/install:/opt/ros/humble LD_LIBRARY_PATH=/home/kjoon/vrx_ws/install/lib:${LD_LIBRARY_PATH} PYTHONPATH=/home/kjoon/vrx_ws/install/lib/python3.10/site-packages:${PYTHONPATH} /usr/bin/cmake --build /home/kjoon/vrx_ws/build/vrx_gz -- -j16 -l16
[0.843s] DEBUG:colcon.colcon_core.event_handler.log_command:Invoked command in '/home/kjoon/vrx_ws/build/vrx_gazebo' returned '0': CMAKE_PREFIX_PATH=/opt/ros/humble /usr/bin/cmake --build /home/kjoon/vrx_ws/build/vrx_gazebo -- -j16 -l16
[0.844s] DEBUG:colcon.colcon_core.event_handler.log_command:Invoking command in '/home/kjoon/vrx_ws/build/vrx_gazebo': CMAKE_PREFIX_PATH=/opt/ros/humble /usr/bin/cmake --install /home/kjoon/vrx_ws/build/vrx_gazebo
[0.845s] DEBUG:colcon.colcon_core.event_handler.log_command:Invoked command in '/home/kjoon/vrx_ws/build/px4_uv' returned '0': CMAKE_PREFIX_PATH=/opt/ros/humble /usr/bin/cmake --build /home/kjoon/vrx_ws/build/px4_uv -- -j16 -l16
[0.846s] DEBUG:colcon.colcon_core.event_handler.log_command:Invoking command in '/home/kjoon/vrx_ws/build/px4_uv': CMAKE_PREFIX_PATH=/opt/ros/humble /usr/bin/cmake --install /home/kjoon/vrx_ws/build/px4_uv
[0.882s] Level 1:colcon.colcon_core.environment:create_environment_scripts_only(vrx_gazebo)
[0.882s] Level 1:colcon.colcon_core.environment:checking '/home/kjoon/vrx_ws/install' for CMake module files
[0.883s] DEBUG:colcon.colcon_core.event_handler.log_command:Invoked command in '/home/kjoon/vrx_ws/build/vrx_gazebo' returned '0': CMAKE_PREFIX_PATH=/opt/ros/humble /usr/bin/cmake --install /home/kjoon/vrx_ws/build/vrx_gazebo
[0.884s] Level 1:colcon.colcon_core.environment:checking '/home/kjoon/vrx_ws/install' for CMake config files
[0.885s] Level 1:colcon.colcon_core.shell:create_environment_hook('vrx_gazebo', 'cmake_prefix_path')
[0.885s] INFO:colcon.colcon_core.shell:Creating environment hook '/home/kjoon/vrx_ws/install/share/vrx_gazebo/hook/cmake_prefix_path.ps1'
[0.886s] INFO:colcon.colcon_core.shell:Creating environment descriptor '/home/kjoon/vrx_ws/install/share/vrx_gazebo/hook/cmake_prefix_path.dsv'
[0.887s] INFO:colcon.colcon_core.shell:Creating environment hook '/home/kjoon/vrx_ws/install/share/vrx_gazebo/hook/cmake_prefix_path.sh'
[0.887s] Level 1:colcon.colcon_core.environment:checking '/home/kjoon/vrx_ws/install/lib'
[0.888s] Level 1:colcon.colcon_core.shell:create_environment_hook('vrx_gazebo', 'ld_library_path_lib')
[0.888s] INFO:colcon.colcon_core.shell:Creating environment hook '/home/kjoon/vrx_ws/install/share/vrx_gazebo/hook/ld_library_path_lib.ps1'
[0.888s] INFO:colcon.colcon_core.shell:Creating environment descriptor '/home/kjoon/vrx_ws/install/share/vrx_gazebo/hook/ld_library_path_lib.dsv'
[0.888s] INFO:colcon.colcon_core.shell:Creating environment hook '/home/kjoon/vrx_ws/install/share/vrx_gazebo/hook/ld_library_path_lib.sh'
[0.888s] Level 1:colcon.colcon_core.environment:checking '/home/kjoon/vrx_ws/install/bin'
[0.888s] Level 1:colcon.colcon_core.environment:checking '/home/kjoon/vrx_ws/install/lib/pkgconfig/vrx_gazebo.pc'
[0.889s] Level 1:colcon.colcon_core.environment:checking '/home/kjoon/vrx_ws/install/lib/python3.10/site-packages'
[0.889s] Level 1:colcon.colcon_core.shell:create_environment_hook('vrx_gazebo', 'pythonpath')
[0.889s] INFO:colcon.colcon_core.shell:Creating environment hook '/home/kjoon/vrx_ws/install/share/vrx_gazebo/hook/pythonpath.ps1'
[0.889s] INFO:colcon.colcon_core.shell:Creating environment descriptor '/home/kjoon/vrx_ws/install/share/vrx_gazebo/hook/pythonpath.dsv'
[0.889s] INFO:colcon.colcon_core.shell:Creating environment hook '/home/kjoon/vrx_ws/install/share/vrx_gazebo/hook/pythonpath.sh'
[0.890s] Level 1:colcon.colcon_core.environment:checking '/home/kjoon/vrx_ws/install/bin'
[0.890s] INFO:colcon.colcon_core.shell:Creating package script '/home/kjoon/vrx_ws/install/share/vrx_gazebo/package.ps1'
[0.890s] INFO:colcon.colcon_core.shell:Creating package descriptor '/home/kjoon/vrx_ws/install/share/vrx_gazebo/package.dsv'
[0.890s] INFO:colcon.colcon_core.shell:Creating package script '/home/kjoon/vrx_ws/install/share/vrx_gazebo/package.sh'
[0.891s] INFO:colcon.colcon_core.shell:Creating package script '/home/kjoon/vrx_ws/install/share/vrx_gazebo/package.bash'
[0.891s] INFO:colcon.colcon_core.shell:Creating package script '/home/kjoon/vrx_ws/install/share/vrx_gazebo/package.zsh'
[0.891s] Level 1:colcon.colcon_core.environment:create_file_with_runtime_dependencies(/home/kjoon/vrx_ws/install/share/colcon-core/packages/vrx_gazebo)
[0.891s] Level 1:colcon.colcon_core.environment:create_environment_scripts_only(vrx_gazebo)
[0.891s] Level 1:colcon.colcon_core.environment:checking '/home/kjoon/vrx_ws/install' for CMake module files
[0.892s] Level 1:colcon.colcon_core.environment:checking '/home/kjoon/vrx_ws/install' for CMake config files
[0.892s] Level 1:colcon.colcon_core.shell:create_environment_hook('vrx_gazebo', 'cmake_prefix_path')
[0.892s] INFO:colcon.colcon_core.shell:Creating environment hook '/home/kjoon/vrx_ws/install/share/vrx_gazebo/hook/cmake_prefix_path.ps1'
[0.892s] INFO:colcon.colcon_core.shell:Creating environment descriptor '/home/kjoon/vrx_ws/install/share/vrx_gazebo/hook/cmake_prefix_path.dsv'
[0.893s] INFO:colcon.colcon_core.shell:Creating environment hook '/home/kjoon/vrx_ws/install/share/vrx_gazebo/hook/cmake_prefix_path.sh'
[0.893s] Level 1:colcon.colcon_core.environment:checking '/home/kjoon/vrx_ws/install/lib'
[0.893s] Level 1:colcon.colcon_core.shell:create_environment_hook('vrx_gazebo', 'ld_library_path_lib')
[0.893s] INFO:colcon.colcon_core.shell:Creating environment hook '/home/kjoon/vrx_ws/install/share/vrx_gazebo/hook/ld_library_path_lib.ps1'
[0.893s] INFO:colcon.colcon_core.shell:Creating environment descriptor '/home/kjoon/vrx_ws/install/share/vrx_gazebo/hook/ld_library_path_lib.dsv'
[0.894s] INFO:colcon.colcon_core.shell:Creating environment hook '/home/kjoon/vrx_ws/install/share/vrx_gazebo/hook/ld_library_path_lib.sh'
[0.894s] Level 1:colcon.colcon_core.environment:checking '/home/kjoon/vrx_ws/install/bin'
[0.894s] Level 1:colcon.colcon_core.environment:checking '/home/kjoon/vrx_ws/install/lib/pkgconfig/vrx_gazebo.pc'
[0.894s] Level 1:colcon.colcon_core.environment:checking '/home/kjoon/vrx_ws/install/lib/python3.10/site-packages'
[0.894s] Level 1:colcon.colcon_core.shell:create_environment_hook('vrx_gazebo', 'pythonpath')
[0.894s] INFO:colcon.colcon_core.shell:Creating environment hook '/home/kjoon/vrx_ws/install/share/vrx_gazebo/hook/pythonpath.ps1'
[0.894s] INFO:colcon.colcon_core.shell:Creating environment descriptor '/home/kjoon/vrx_ws/install/share/vrx_gazebo/hook/pythonpath.dsv'
[0.895s] INFO:colcon.colcon_core.shell:Creating environment hook '/home/kjoon/vrx_ws/install/share/vrx_gazebo/hook/pythonpath.sh'
[0.895s] Level 1:colcon.colcon_core.environment:checking '/home/kjoon/vrx_ws/install/bin'
[0.895s] INFO:colcon.colcon_core.shell:Creating package script '/home/kjoon/vrx_ws/install/share/vrx_gazebo/package.ps1'
[0.896s] INFO:colcon.colcon_core.shell:Creating package descriptor '/home/kjoon/vrx_ws/install/share/vrx_gazebo/package.dsv'
[0.896s] INFO:colcon.colcon_core.shell:Creating package script '/home/kjoon/vrx_ws/install/share/vrx_gazebo/package.sh'
[0.896s] INFO:colcon.colcon_core.shell:Creating package script '/home/kjoon/vrx_ws/install/share/vrx_gazebo/package.bash'
[0.896s] INFO:colcon.colcon_core.shell:Creating package script '/home/kjoon/vrx_ws/install/share/vrx_gazebo/package.zsh'
[0.897s] Level 1:colcon.colcon_core.environment:create_file_with_runtime_dependencies(/home/kjoon/vrx_ws/install/share/colcon-core/packages/vrx_gazebo)
[0.897s] INFO:colcon.colcon_ros.task.ament_cmake.build:Building ROS package in '/home/kjoon/vrx_ws/src/vrx/vrx_urdf/wamv_description' with build type 'ament_cmake'
[0.897s] INFO:colcon.colcon_cmake.task.cmake.build:Building CMake package in '/home/kjoon/vrx_ws/src/vrx/vrx_urdf/wamv_description'
[0.897s] INFO:colcon.colcon_core.shell:Skip shell extension 'powershell' for command environment: Not usable outside of PowerShell
[0.897s] DEBUG:colcon.colcon_core.shell:Skip shell extension 'dsv' for command environment
[0.899s] Level 1:colcon.colcon_core.environment:create_environment_scripts_only(px4_uv)
[0.900s] Level 1:colcon.colcon_core.environment:checking '/home/kjoon/vrx_ws/install' for CMake module files
[0.900s] DEBUG:colcon.colcon_core.event_handler.log_command:Invoked command in '/home/kjoon/vrx_ws/build/px4_uv' returned '0': CMAKE_PREFIX_PATH=/opt/ros/humble /usr/bin/cmake --install /home/kjoon/vrx_ws/build/px4_uv
[0.900s] Level 1:colcon.colcon_core.environment:checking '/home/kjoon/vrx_ws/install' for CMake config files
[0.901s] Level 1:colcon.colcon_core.shell:create_environment_hook('px4_uv', 'cmake_prefix_path')
[0.901s] INFO:colcon.colcon_core.shell:Creating environment hook '/home/kjoon/vrx_ws/install/share/px4_uv/hook/cmake_prefix_path.ps1'
[0.901s] INFO:colcon.colcon_core.shell:Creating environment descriptor '/home/kjoon/vrx_ws/install/share/px4_uv/hook/cmake_prefix_path.dsv'
[0.901s] INFO:colcon.colcon_core.shell:Creating environment hook '/home/kjoon/vrx_ws/install/share/px4_uv/hook/cmake_prefix_path.sh'
[0.902s] Level 1:colcon.colcon_core.environment:checking '/home/kjoon/vrx_ws/install/lib'
[0.902s] Level 1:colcon.colcon_core.shell:create_environment_hook('px4_uv', 'ld_library_path_lib')
[0.902s] INFO:colcon.colcon_core.shell:Creating environment hook '/home/kjoon/vrx_ws/install/share/px4_uv/hook/ld_library_path_lib.ps1'
[0.902s] INFO:colcon.colcon_core.shell:Creating environment descriptor '/home/kjoon/vrx_ws/install/share/px4_uv/hook/ld_library_path_lib.dsv'
[0.902s] INFO:colcon.colcon_core.shell:Creating environment hook '/home/kjoon/vrx_ws/install/share/px4_uv/hook/ld_library_path_lib.sh'
[0.902s] Level 1:colcon.colcon_core.environment:checking '/home/kjoon/vrx_ws/install/bin'
[0.902s] Level 1:colcon.colcon_core.environment:checking '/home/kjoon/vrx_ws/install/lib/pkgconfig/px4_uv.pc'
[0.903s] Level 1:colcon.colcon_core.environment:checking '/home/kjoon/vrx_ws/install/lib/python3.10/site-packages'
[0.903s] Level 1:colcon.colcon_core.shell:create_environment_hook('px4_uv', 'pythonpath')
[0.903s] INFO:colcon.colcon_core.shell:Creating environment hook '/home/kjoon/vrx_ws/install/share/px4_uv/hook/pythonpath.ps1'
[0.903s] INFO:colcon.colcon_core.shell:Creating environment descriptor '/home/kjoon/vrx_ws/install/share/px4_uv/hook/pythonpath.dsv'
[0.903s] INFO:colcon.colcon_core.shell:Creating environment hook '/home/kjoon/vrx_ws/install/share/px4_uv/hook/pythonpath.sh'
[0.904s] Level 1:colcon.colcon_core.environment:checking '/home/kjoon/vrx_ws/install/bin'
[0.904s] INFO:colcon.colcon_core.shell:Creating package script '/home/kjoon/vrx_ws/install/share/px4_uv/package.ps1'
[0.904s] INFO:colcon.colcon_core.shell:Creating package descriptor '/home/kjoon/vrx_ws/install/share/px4_uv/package.dsv'
[0.904s] INFO:colcon.colcon_core.shell:Creating package script '/home/kjoon/vrx_ws/install/share/px4_uv/package.sh'
[0.905s] INFO:colcon.colcon_core.shell:Creating package script '/home/kjoon/vrx_ws/install/share/px4_uv/package.bash'
[0.905s] INFO:colcon.colcon_core.shell:Creating package script '/home/kjoon/vrx_ws/install/share/px4_uv/package.zsh'
[0.905s] Level 1:colcon.colcon_core.environment:create_file_with_runtime_dependencies(/home/kjoon/vrx_ws/install/share/colcon-core/packages/px4_uv)
[0.905s] Level 1:colcon.colcon_core.environment:create_environment_scripts_only(px4_uv)
[0.905s] Level 1:colcon.colcon_core.environment:checking '/home/kjoon/vrx_ws/install' for CMake module files
[0.906s] Level 1:colcon.colcon_core.environment:checking '/home/kjoon/vrx_ws/install' for CMake config files
[0.906s] Level 1:colcon.colcon_core.shell:create_environment_hook('px4_uv', 'cmake_prefix_path')
[0.906s] INFO:colcon.colcon_core.shell:Creating environment hook '/home/kjoon/vrx_ws/install/share/px4_uv/hook/cmake_prefix_path.ps1'
[0.907s] INFO:colcon.colcon_core.shell:Creating environment descriptor '/home/kjoon/vrx_ws/install/share/px4_uv/hook/cmake_prefix_path.dsv'
[0.907s] INFO:colcon.colcon_core.shell:Creating environment hook '/home/kjoon/vrx_ws/install/share/px4_uv/hook/cmake_prefix_path.sh'
[0.907s] Level 1:colcon.colcon_core.environment:checking '/home/kjoon/vrx_ws/install/lib'
[0.907s] Level 1:colcon.colcon_core.shell:create_environment_hook('px4_uv', 'ld_library_path_lib')
[0.907s] INFO:colcon.colcon_core.shell:Creating environment hook '/home/kjoon/vrx_ws/install/share/px4_uv/hook/ld_library_path_lib.ps1'
[0.907s] INFO:colcon.colcon_core.shell:Creating environment descriptor '/home/kjoon/vrx_ws/install/share/px4_uv/hook/ld_library_path_lib.dsv'
[0.908s] INFO:colcon.colcon_core.shell:Creating environment hook '/home/kjoon/vrx_ws/install/share/px4_uv/hook/ld_library_path_lib.sh'
[0.908s] Level 1:colcon.colcon_core.environment:checking '/home/kjoon/vrx_ws/install/bin'
[0.908s] Level 1:colcon.colcon_core.environment:checking '/home/kjoon/vrx_ws/install/lib/pkgconfig/px4_uv.pc'
[0.908s] Level 1:colcon.colcon_core.environment:checking '/home/kjoon/vrx_ws/install/lib/python3.10/site-packages'
[0.908s] Level 1:colcon.colcon_core.shell:create_environment_hook('px4_uv', 'pythonpath')
[0.908s] INFO:colcon.colcon_core.shell:Creating environment hook '/home/kjoon/vrx_ws/install/share/px4_uv/hook/pythonpath.ps1'
[0.908s] INFO:colcon.colcon_core.shell:Creating environment descriptor '/home/kjoon/vrx_ws/install/share/px4_uv/hook/pythonpath.dsv'
[0.909s] INFO:colcon.colcon_core.shell:Creating environment hook '/home/kjoon/vrx_ws/install/share/px4_uv/hook/pythonpath.sh'
[0.909s] Level 1:colcon.colcon_core.environment:checking '/home/kjoon/vrx_ws/install/bin'
[0.909s] INFO:colcon.colcon_core.shell:Creating package script '/home/kjoon/vrx_ws/install/share/px4_uv/package.ps1'
[0.909s] INFO:colcon.colcon_core.shell:Creating package descriptor '/home/kjoon/vrx_ws/install/share/px4_uv/package.dsv'
[0.910s] INFO:colcon.colcon_core.shell:Creating package script '/home/kjoon/vrx_ws/install/share/px4_uv/package.sh'
[0.910s] INFO:colcon.colcon_core.shell:Creating package script '/home/kjoon/vrx_ws/install/share/px4_uv/package.bash'
[0.910s] INFO:colcon.colcon_core.shell:Creating package script '/home/kjoon/vrx_ws/install/share/px4_uv/package.zsh'
[0.911s] Level 1:colcon.colcon_core.environment:create_file_with_runtime_dependencies(/home/kjoon/vrx_ws/install/share/colcon-core/packages/px4_uv)
[0.911s] INFO:colcon.colcon_core.task.python.build:Building Python package in '/home/kjoon/vrx_ws/src/wamv_nav'
[0.911s] INFO:colcon.colcon_core.shell:Skip shell extension 'powershell' for command environment: Not usable outside of PowerShell
[0.911s] DEBUG:colcon.colcon_core.shell:Skip shell extension 'dsv' for command environment
[0.915s] DEBUG:colcon.colcon_core.event_handler.log_command:Invoking command in '/home/kjoon/vrx_ws/build/wamv_description': AMENT_PREFIX_PATH=/home/kjoon/vrx_ws/install:${AMENT_PREFIX_PATH} CMAKE_PREFIX_PATH=/home/kjoon/vrx_ws/install:/opt/ros/humble GZ_SIM_RESOURCE_PATH=/home/kjoon/vrx_ws/install/share/vrx_gazebo/models:/home/kjoon/vrx_ws/install/share LD_LIBRARY_PATH=/home/kjoon/vrx_ws/install/lib:${LD_LIBRARY_PATH} PYTHONPATH=/home/kjoon/vrx_ws/install/local/lib/python3.10/dist-packages:/home/kjoon/vrx_ws/install/lib/python3.10/site-packages:${PYTHONPATH} /usr/bin/cmake --build /home/kjoon/vrx_ws/build/wamv_description -- -j16 -l16
[1.087s] DEBUG:colcon.colcon_core.event_handler.log_command:Invoked command in '/home/kjoon/vrx_ws/build/vrx_gz' returned '0': AMENT_PREFIX_PATH=/home/kjoon/vrx_ws/install:${AMENT_PREFIX_PATH} CMAKE_PREFIX_PATH=/home/kjoon/vrx_ws/install:/opt/ros/humble LD_LIBRARY_PATH=/home/kjoon/vrx_ws/install/lib:${LD_LIBRARY_PATH} PYTHONPATH=/home/kjoon/vrx_ws/install/lib/python3.10/site-packages:${PYTHONPATH} /usr/bin/cmake --build /home/kjoon/vrx_ws/build/vrx_gz -- -j16 -l16
[1.088s] DEBUG:colcon.colcon_core.event_handler.log_command:Invoking command in '/home/kjoon/vrx_ws/build/vrx_gz': AMENT_PREFIX_PATH=/home/kjoon/vrx_ws/install:${AMENT_PREFIX_PATH} CMAKE_PREFIX_PATH=/home/kjoon/vrx_ws/install:/opt/ros/humble LD_LIBRARY_PATH=/home/kjoon/vrx_ws/install/lib:${LD_LIBRARY_PATH} PYTHONPATH=/home/kjoon/vrx_ws/install/lib/python3.10/site-packages:${PYTHONPATH} /usr/bin/cmake --install /home/kjoon/vrx_ws/build/vrx_gz
[1.088s] DEBUG:colcon.colcon_core.event_handler.log_command:Invoked command in '/home/kjoon/vrx_ws/build/wamv_description' returned '0': AMENT_PREFIX_PATH=/home/kjoon/vrx_ws/install:${AMENT_PREFIX_PATH} CMAKE_PREFIX_PATH=/home/kjoon/vrx_ws/install:/opt/ros/humble GZ_SIM_RESOURCE_PATH=/home/kjoon/vrx_ws/install/share/vrx_gazebo/models:/home/kjoon/vrx_ws/install/share LD_LIBRARY_PATH=/home/kjoon/vrx_ws/install/lib:${LD_LIBRARY_PATH} PYTHONPATH=/home/kjoon/vrx_ws/install/local/lib/python3.10/dist-packages:/home/kjoon/vrx_ws/install/lib/python3.10/site-packages:${PYTHONPATH} /usr/bin/cmake --build /home/kjoon/vrx_ws/build/wamv_description -- -j16 -l16
[1.089s] DEBUG:colcon.colcon_core.event_handler.log_command:Invoking command in '/home/kjoon/vrx_ws/build/wamv_description': AMENT_PREFIX_PATH=/home/kjoon/vrx_ws/install:${AMENT_PREFIX_PATH} CMAKE_PREFIX_PATH=/home/kjoon/vrx_ws/install:/opt/ros/humble GZ_SIM_RESOURCE_PATH=/home/kjoon/vrx_ws/install/share/vrx_gazebo/models:/home/kjoon/vrx_ws/install/share LD_LIBRARY_PATH=/home/kjoon/vrx_ws/install/lib:${LD_LIBRARY_PATH} PYTHONPATH=/home/kjoon/vrx_ws/install/local/lib/python3.10/dist-packages:/home/kjoon/vrx_ws/install/lib/python3.10/site-packages:${PYTHONPATH} /usr/bin/cmake --install /home/kjoon/vrx_ws/build/wamv_description
[1.098s] Level 1:colcon.colcon_core.environment:create_environment_scripts_only(wamv_description)
[1.099s] DEBUG:colcon.colcon_core.event_handler.log_command:Invoked command in '/home/kjoon/vrx_ws/build/wamv_description' returned '0': AMENT_PREFIX_PATH=/home/kjoon/vrx_ws/install:${AMENT_PREFIX_PATH} CMAKE_PREFIX_PATH=/home/kjoon/vrx_ws/install:/opt/ros/humble GZ_SIM_RESOURCE_PATH=/home/kjoon/vrx_ws/install/share/vrx_gazebo/models:/home/kjoon/vrx_ws/install/share LD_LIBRARY_PATH=/home/kjoon/vrx_ws/install/lib:${LD_LIBRARY_PATH} PYTHONPATH=/home/kjoon/vrx_ws/install/local/lib/python3.10/dist-packages:/home/kjoon/vrx_ws/install/lib/python3.10/site-packages:${PYTHONPATH} /usr/bin/cmake --install /home/kjoon/vrx_ws/build/wamv_description
[1.099s] Level 1:colcon.colcon_core.environment:checking '/home/kjoon/vrx_ws/install' for CMake module files
[1.099s] Level 1:colcon.colcon_core.environment:checking '/home/kjoon/vrx_ws/install' for CMake config files
[1.100s] Level 1:colcon.colcon_core.shell:create_environment_hook('wamv_description', 'cmake_prefix_path')
[1.100s] INFO:colcon.colcon_core.shell:Creating environment hook '/home/kjoon/vrx_ws/install/share/wamv_description/hook/cmake_prefix_path.ps1'
[1.100s] INFO:colcon.colcon_core.shell:Creating environment descriptor '/home/kjoon/vrx_ws/install/share/wamv_description/hook/cmake_prefix_path.dsv'
[1.101s] INFO:colcon.colcon_core.shell:Creating environment hook '/home/kjoon/vrx_ws/install/share/wamv_description/hook/cmake_prefix_path.sh'
[1.101s] Level 1:colcon.colcon_core.environment:checking '/home/kjoon/vrx_ws/install/lib'
[1.101s] Level 1:colcon.colcon_core.shell:create_environment_hook('wamv_description', 'ld_library_path_lib')
[1.101s] INFO:colcon.colcon_core.shell:Creating environment hook '/home/kjoon/vrx_ws/install/share/wamv_description/hook/ld_library_path_lib.ps1'
[1.101s] INFO:colcon.colcon_core.shell:Creating environment descriptor '/home/kjoon/vrx_ws/install/share/wamv_description/hook/ld_library_path_lib.dsv'
[1.102s] INFO:colcon.colcon_core.shell:Creating environment hook '/home/kjoon/vrx_ws/install/share/wamv_description/hook/ld_library_path_lib.sh'
[1.102s] Level 1:colcon.colcon_core.environment:checking '/home/kjoon/vrx_ws/install/bin'
[1.102s] Level 1:colcon.colcon_core.environment:checking '/home/kjoon/vrx_ws/install/lib/pkgconfig/wamv_description.pc'
[1.102s] Level 1:colcon.colcon_core.environment:checking '/home/kjoon/vrx_ws/install/lib/python3.10/site-packages'
[1.102s] Level 1:colcon.colcon_core.shell:create_environment_hook('wamv_description', 'pythonpath')
[1.102s] INFO:colcon.colcon_core.shell:Creating environment hook '/home/kjoon/vrx_ws/install/share/wamv_description/hook/pythonpath.ps1'
[1.103s] INFO:colcon.colcon_core.shell:Creating environment descriptor '/home/kjoon/vrx_ws/install/share/wamv_description/hook/pythonpath.dsv'
[1.103s] INFO:colcon.colcon_core.shell:Creating environment hook '/home/kjoon/vrx_ws/install/share/wamv_description/hook/pythonpath.sh'
[1.103s] Level 1:colcon.colcon_core.environment:checking '/home/kjoon/vrx_ws/install/bin'
[1.103s] INFO:colcon.colcon_core.shell:Creating package script '/home/kjoon/vrx_ws/install/share/wamv_description/package.ps1'
[1.104s] INFO:colcon.colcon_core.shell:Creating package descriptor '/home/kjoon/vrx_ws/install/share/wamv_description/package.dsv'
[1.105s] INFO:colcon.colcon_core.shell:Creating package script '/home/kjoon/vrx_ws/install/share/wamv_description/package.sh'
[1.105s] INFO:colcon.colcon_core.shell:Creating package script '/home/kjoon/vrx_ws/install/share/wamv_description/package.bash'
[1.105s] INFO:colcon.colcon_core.shell:Creating package script '/home/kjoon/vrx_ws/install/share/wamv_description/package.zsh'
[1.106s] Level 1:colcon.colcon_core.environment:create_file_with_runtime_dependencies(/home/kjoon/vrx_ws/install/share/colcon-core/packages/wamv_description)
[1.106s] Level 1:colcon.colcon_core.environment:create_environment_scripts_only(wamv_description)
[1.106s] Level 1:colcon.colcon_core.environment:checking '/home/kjoon/vrx_ws/install' for CMake module files
[1.106s] Level 1:colcon.colcon_core.environment:checking '/home/kjoon/vrx_ws/install' for CMake config files
[1.107s] Level 1:colcon.colcon_core.shell:create_environment_hook('wamv_description', 'cmake_prefix_path')
[1.107s] INFO:colcon.colcon_core.shell:Creating environment hook '/home/kjoon/vrx_ws/install/share/wamv_description/hook/cmake_prefix_path.ps1'
[1.107s] INFO:colcon.colcon_core.shell:Creating environment descriptor '/home/kjoon/vrx_ws/install/share/wamv_description/hook/cmake_prefix_path.dsv'
[1.107s] INFO:colcon.colcon_core.shell:Creating environment hook '/home/kjoon/vrx_ws/install/share/wamv_description/hook/cmake_prefix_path.sh'
[1.108s] Level 1:colcon.colcon_core.environment:checking '/home/kjoon/vrx_ws/install/lib'
[1.108s] Level 1:colcon.colcon_core.shell:create_environment_hook('wamv_description', 'ld_library_path_lib')
[1.108s] INFO:colcon.colcon_core.shell:Creating environment hook '/home/kjoon/vrx_ws/install/share/wamv_description/hook/ld_library_path_lib.ps1'
[1.108s] INFO:colcon.colcon_core.shell:Creating environment descriptor '/home/kjoon/vrx_ws/install/share/wamv_description/hook/ld_library_path_lib.dsv'
[1.108s] INFO:colcon.colcon_core.shell:Creating environment hook '/home/kjoon/vrx_ws/install/share/wamv_description/hook/ld_library_path_lib.sh'
[1.109s] Level 1:colcon.colcon_core.environment:checking '/home/kjoon/vrx_ws/install/bin'
[1.109s] Level 1:colcon.colcon_core.environment:checking '/home/kjoon/vrx_ws/install/lib/pkgconfig/wamv_description.pc'
[1.109s] Level 1:colcon.colcon_core.environment:checking '/home/kjoon/vrx_ws/install/lib/python3.10/site-packages'
[1.109s] Level 1:colcon.colcon_core.shell:create_environment_hook('wamv_description', 'pythonpath')
[1.109s] INFO:colcon.colcon_core.shell:Creating environment hook '/home/kjoon/vrx_ws/install/share/wamv_description/hook/pythonpath.ps1'
[1.109s] INFO:colcon.colcon_core.shell:Creating environment descriptor '/home/kjoon/vrx_ws/install/share/wamv_description/hook/pythonpath.dsv'
[1.109s] INFO:colcon.colcon_core.shell:Creating environment hook '/home/kjoon/vrx_ws/install/share/wamv_description/hook/pythonpath.sh'
[1.110s] Level 1:colcon.colcon_core.environment:checking '/home/kjoon/vrx_ws/install/bin'
[1.110s] INFO:colcon.colcon_core.shell:Creating package script '/home/kjoon/vrx_ws/install/share/wamv_description/package.ps1'
[1.110s] INFO:colcon.colcon_core.shell:Creating package descriptor '/home/kjoon/vrx_ws/install/share/wamv_description/package.dsv'
[1.110s] INFO:colcon.colcon_core.shell:Creating package script '/home/kjoon/vrx_ws/install/share/wamv_description/package.sh'
[1.111s] INFO:colcon.colcon_core.shell:Creating package script '/home/kjoon/vrx_ws/install/share/wamv_description/package.bash'
[1.111s] INFO:colcon.colcon_core.shell:Creating package script '/home/kjoon/vrx_ws/install/share/wamv_description/package.zsh'
[1.111s] Level 1:colcon.colcon_core.environment:create_file_with_runtime_dependencies(/home/kjoon/vrx_ws/install/share/colcon-core/packages/wamv_description)
[1.111s] INFO:colcon.colcon_ros.task.ament_cmake.build:Building ROS package in '/home/kjoon/vrx_ws/src/vrx/vrx_urdf/wamv_gazebo' with build type 'ament_cmake'
[1.111s] INFO:colcon.colcon_cmake.task.cmake.build:Building CMake package in '/home/kjoon/vrx_ws/src/vrx/vrx_urdf/wamv_gazebo'
[1.111s] INFO:colcon.colcon_core.shell:Skip shell extension 'powershell' for command environment: Not usable outside of PowerShell
[1.112s] DEBUG:colcon.colcon_core.shell:Skip shell extension 'dsv' for command environment
[1.119s] DEBUG:colcon.colcon_core.event_handler.log_command:Invoking command in '/home/kjoon/vrx_ws/build/wamv_gazebo': AMENT_PREFIX_PATH=/home/kjoon/vrx_ws/install:${AMENT_PREFIX_PATH} CMAKE_PREFIX_PATH=/home/kjoon/vrx_ws/install:/opt/ros/humble GZ_SIM_RESOURCE_PATH=/home/kjoon/vrx_ws/install/share/wamv_description/models:/home/kjoon/vrx_ws/install/share/vrx_gazebo/models:/home/kjoon/vrx_ws/install/share LD_LIBRARY_PATH=/home/kjoon/vrx_ws/install/lib:${LD_LIBRARY_PATH} PYTHONPATH=/home/kjoon/vrx_ws/install/lib/python3.10/site-packages:/home/kjoon/vrx_ws/install/local/lib/python3.10/dist-packages:${PYTHONPATH} /usr/bin/cmake --build /home/kjoon/vrx_ws/build/wamv_gazebo -- -j16 -l16
[1.144s] Level 1:colcon.colcon_core.environment:create_environment_scripts_only(vrx_gz)
[1.144s] DEBUG:colcon.colcon_core.event_handler.log_command:Invoked command in '/home/kjoon/vrx_ws/build/vrx_gz' returned '0': AMENT_PREFIX_PATH=/home/kjoon/vrx_ws/install:${AMENT_PREFIX_PATH} CMAKE_PREFIX_PATH=/home/kjoon/vrx_ws/install:/opt/ros/humble LD_LIBRARY_PATH=/home/kjoon/vrx_ws/install/lib:${LD_LIBRARY_PATH} PYTHONPATH=/home/kjoon/vrx_ws/install/lib/python3.10/site-packages:${PYTHONPATH} /usr/bin/cmake --install /home/kjoon/vrx_ws/build/vrx_gz
[1.144s] Level 1:colcon.colcon_core.environment:checking '/home/kjoon/vrx_ws/install' for CMake module files
[1.145s] Level 1:colcon.colcon_core.environment:checking '/home/kjoon/vrx_ws/install' for CMake config files
[1.145s] Level 1:colcon.colcon_core.shell:create_environment_hook('vrx_gz', 'cmake_prefix_path')
[1.145s] INFO:colcon.colcon_core.shell:Creating environment hook '/home/kjoon/vrx_ws/install/share/vrx_gz/hook/cmake_prefix_path.ps1'
[1.146s] INFO:colcon.colcon_core.shell:Creating environment descriptor '/home/kjoon/vrx_ws/install/share/vrx_gz/hook/cmake_prefix_path.dsv'
[1.146s] INFO:colcon.colcon_core.shell:Creating environment hook '/home/kjoon/vrx_ws/install/share/vrx_gz/hook/cmake_prefix_path.sh'
[1.146s] Level 1:colcon.colcon_core.environment:checking '/home/kjoon/vrx_ws/install/lib'
[1.146s] Level 1:colcon.colcon_core.shell:create_environment_hook('vrx_gz', 'ld_library_path_lib')
[1.146s] INFO:colcon.colcon_core.shell:Creating environment hook '/home/kjoon/vrx_ws/install/share/vrx_gz/hook/ld_library_path_lib.ps1'
[1.147s] INFO:colcon.colcon_core.shell:Creating environment descriptor '/home/kjoon/vrx_ws/install/share/vrx_gz/hook/ld_library_path_lib.dsv'
[1.147s] INFO:colcon.colcon_core.shell:Creating environment hook '/home/kjoon/vrx_ws/install/share/vrx_gz/hook/ld_library_path_lib.sh'
[1.147s] Level 1:colcon.colcon_core.environment:checking '/home/kjoon/vrx_ws/install/bin'
[1.147s] Level 1:colcon.colcon_core.environment:checking '/home/kjoon/vrx_ws/install/lib/pkgconfig/vrx_gz.pc'
[1.147s] Level 1:colcon.colcon_core.environment:checking '/home/kjoon/vrx_ws/install/lib/python3.10/site-packages'
[1.147s] Level 1:colcon.colcon_core.shell:create_environment_hook('vrx_gz', 'pythonpath')
[1.147s] INFO:colcon.colcon_core.shell:Creating environment hook '/home/kjoon/vrx_ws/install/share/vrx_gz/hook/pythonpath.ps1'
[1.148s] INFO:colcon.colcon_core.shell:Creating environment descriptor '/home/kjoon/vrx_ws/install/share/vrx_gz/hook/pythonpath.dsv'
[1.148s] INFO:colcon.colcon_core.shell:Creating environment hook '/home/kjoon/vrx_ws/install/share/vrx_gz/hook/pythonpath.sh'
[1.148s] Level 1:colcon.colcon_core.environment:checking '/home/kjoon/vrx_ws/install/bin'
[1.148s] INFO:colcon.colcon_core.shell:Creating package script '/home/kjoon/vrx_ws/install/share/vrx_gz/package.ps1'
[1.149s] INFO:colcon.colcon_core.shell:Creating package descriptor '/home/kjoon/vrx_ws/install/share/vrx_gz/package.dsv'
[1.149s] INFO:colcon.colcon_core.shell:Creating package script '/home/kjoon/vrx_ws/install/share/vrx_gz/package.sh'
[1.149s] INFO:colcon.colcon_core.shell:Creating package script '/home/kjoon/vrx_ws/install/share/vrx_gz/package.bash'
[1.150s] INFO:colcon.colcon_core.shell:Creating package script '/home/kjoon/vrx_ws/install/share/vrx_gz/package.zsh'
[1.150s] Level 1:colcon.colcon_core.environment:create_file_with_runtime_dependencies(/home/kjoon/vrx_ws/install/share/colcon-core/packages/vrx_gz)
[1.150s] Level 1:colcon.colcon_core.environment:create_environment_scripts_only(vrx_gz)
[1.150s] Level 1:colcon.colcon_core.environment:checking '/home/kjoon/vrx_ws/install' for CMake module files
[1.151s] Level 1:colcon.colcon_core.environment:checking '/home/kjoon/vrx_ws/install' for CMake config files
[1.151s] Level 1:colcon.colcon_core.shell:create_environment_hook('vrx_gz', 'cmake_prefix_path')
[1.151s] INFO:colcon.colcon_core.shell:Creating environment hook '/home/kjoon/vrx_ws/install/share/vrx_gz/hook/cmake_prefix_path.ps1'
[1.151s] INFO:colcon.colcon_core.shell:Creating environment descriptor '/home/kjoon/vrx_ws/install/share/vrx_gz/hook/cmake_prefix_path.dsv'
[1.151s] INFO:colcon.colcon_core.shell:Creating environment hook '/home/kjoon/vrx_ws/install/share/vrx_gz/hook/cmake_prefix_path.sh'
[1.152s] Level 1:colcon.colcon_core.environment:checking '/home/kjoon/vrx_ws/install/lib'
[1.152s] Level 1:colcon.colcon_core.shell:create_environment_hook('vrx_gz', 'ld_library_path_lib')
[1.152s] INFO:colcon.colcon_core.shell:Creating environment hook '/home/kjoon/vrx_ws/install/share/vrx_gz/hook/ld_library_path_lib.ps1'
[1.152s] INFO:colcon.colcon_core.shell:Creating environment descriptor '/home/kjoon/vrx_ws/install/share/vrx_gz/hook/ld_library_path_lib.dsv'
[1.152s] INFO:colcon.colcon_core.shell:Creating environment hook '/home/kjoon/vrx_ws/install/share/vrx_gz/hook/ld_library_path_lib.sh'
[1.153s] Level 1:colcon.colcon_core.environment:checking '/home/kjoon/vrx_ws/install/bin'
[1.153s] Level 1:colcon.colcon_core.environment:checking '/home/kjoon/vrx_ws/install/lib/pkgconfig/vrx_gz.pc'
[1.153s] Level 1:colcon.colcon_core.environment:checking '/home/kjoon/vrx_ws/install/lib/python3.10/site-packages'
[1.153s] Level 1:colcon.colcon_core.shell:create_environment_hook('vrx_gz', 'pythonpath')
[1.153s] INFO:colcon.colcon_core.shell:Creating environment hook '/home/kjoon/vrx_ws/install/share/vrx_gz/hook/pythonpath.ps1'
[1.153s] INFO:colcon.colcon_core.shell:Creating environment descriptor '/home/kjoon/vrx_ws/install/share/vrx_gz/hook/pythonpath.dsv'
[1.153s] INFO:colcon.colcon_core.shell:Creating environment hook '/home/kjoon/vrx_ws/install/share/vrx_gz/hook/pythonpath.sh'
[1.154s] Level 1:colcon.colcon_core.environment:checking '/home/kjoon/vrx_ws/install/bin'
[1.154s] INFO:colcon.colcon_core.shell:Creating package script '/home/kjoon/vrx_ws/install/share/vrx_gz/package.ps1'
[1.154s] INFO:colcon.colcon_core.shell:Creating package descriptor '/home/kjoon/vrx_ws/install/share/vrx_gz/package.dsv'
[1.155s] INFO:colcon.colcon_core.shell:Creating package script '/home/kjoon/vrx_ws/install/share/vrx_gz/package.sh'
[1.155s] INFO:colcon.colcon_core.shell:Creating package script '/home/kjoon/vrx_ws/install/share/vrx_gz/package.bash'
[1.155s] INFO:colcon.colcon_core.shell:Creating package script '/home/kjoon/vrx_ws/install/share/vrx_gz/package.zsh'
[1.155s] Level 1:colcon.colcon_core.environment:create_file_with_runtime_dependencies(/home/kjoon/vrx_ws/install/share/colcon-core/packages/vrx_gz)
[1.156s] DEBUG:colcon.colcon_core.event_handler.log_command:Invoked command in '/home/kjoon/vrx_ws/build/wamv_gazebo' returned '0': AMENT_PREFIX_PATH=/home/kjoon/vrx_ws/install:${AMENT_PREFIX_PATH} CMAKE_PREFIX_PATH=/home/kjoon/vrx_ws/install:/opt/ros/humble GZ_SIM_RESOURCE_PATH=/home/kjoon/vrx_ws/install/share/wamv_description/models:/home/kjoon/vrx_ws/install/share/vrx_gazebo/models:/home/kjoon/vrx_ws/install/share LD_LIBRARY_PATH=/home/kjoon/vrx_ws/install/lib:${LD_LIBRARY_PATH} PYTHONPATH=/home/kjoon/vrx_ws/install/lib/python3.10/site-packages:/home/kjoon/vrx_ws/install/local/lib/python3.10/dist-packages:${PYTHONPATH} /usr/bin/cmake --build /home/kjoon/vrx_ws/build/wamv_gazebo -- -j16 -l16
[1.157s] DEBUG:colcon.colcon_core.event_handler.log_command:Invoking command in '/home/kjoon/vrx_ws/build/wamv_gazebo': AMENT_PREFIX_PATH=/home/kjoon/vrx_ws/install:${AMENT_PREFIX_PATH} CMAKE_PREFIX_PATH=/home/kjoon/vrx_ws/install:/opt/ros/humble GZ_SIM_RESOURCE_PATH=/home/kjoon/vrx_ws/install/share/wamv_description/models:/home/kjoon/vrx_ws/install/share/vrx_gazebo/models:/home/kjoon/vrx_ws/install/share LD_LIBRARY_PATH=/home/kjoon/vrx_ws/install/lib:${LD_LIBRARY_PATH} PYTHONPATH=/home/kjoon/vrx_ws/install/lib/python3.10/site-packages:/home/kjoon/vrx_ws/install/local/lib/python3.10/dist-packages:${PYTHONPATH} /usr/bin/cmake --install /home/kjoon/vrx_ws/build/wamv_gazebo
[1.166s] Level 1:colcon.colcon_core.environment:create_environment_scripts_only(wamv_gazebo)
[1.167s] DEBUG:colcon.colcon_core.event_handler.log_command:Invoked command in '/home/kjoon/vrx_ws/build/wamv_gazebo' returned '0': AMENT_PREFIX_PATH=/home/kjoon/vrx_ws/install:${AMENT_PREFIX_PATH} CMAKE_PREFIX_PATH=/home/kjoon/vrx_ws/install:/opt/ros/humble GZ_SIM_RESOURCE_PATH=/home/kjoon/vrx_ws/install/share/wamv_description/models:/home/kjoon/vrx_ws/install/share/vrx_gazebo/models:/home/kjoon/vrx_ws/install/share LD_LIBRARY_PATH=/home/kjoon/vrx_ws/install/lib:${LD_LIBRARY_PATH} PYTHONPATH=/home/kjoon/vrx_ws/install/lib/python3.10/site-packages:/home/kjoon/vrx_ws/install/local/lib/python3.10/dist-packages:${PYTHONPATH} /usr/bin/cmake --install /home/kjoon/vrx_ws/build/wamv_gazebo
[1.167s] Level 1:colcon.colcon_core.environment:checking '/home/kjoon/vrx_ws/install' for CMake module files
[1.167s] Level 1:colcon.colcon_core.environment:checking '/home/kjoon/vrx_ws/install' for CMake config files
[1.168s] Level 1:colcon.colcon_core.shell:create_environment_hook('wamv_gazebo', 'cmake_prefix_path')
[1.168s] INFO:colcon.colcon_core.shell:Creating environment hook '/home/kjoon/vrx_ws/install/share/wamv_gazebo/hook/cmake_prefix_path.ps1'
[1.168s] INFO:colcon.colcon_core.shell:Creating environment descriptor '/home/kjoon/vrx_ws/install/share/wamv_gazebo/hook/cmake_prefix_path.dsv'
[1.168s] INFO:colcon.colcon_core.shell:Creating environment hook '/home/kjoon/vrx_ws/install/share/wamv_gazebo/hook/cmake_prefix_path.sh'
[1.169s] Level 1:colcon.colcon_core.environment:checking '/home/kjoon/vrx_ws/install/lib'
[1.169s] Level 1:colcon.colcon_core.shell:create_environment_hook('wamv_gazebo', 'ld_library_path_lib')
[1.169s] INFO:colcon.colcon_core.shell:Creating environment hook '/home/kjoon/vrx_ws/install/share/wamv_gazebo/hook/ld_library_path_lib.ps1'
[1.169s] INFO:colcon.colcon_core.shell:Creating environment descriptor '/home/kjoon/vrx_ws/install/share/wamv_gazebo/hook/ld_library_path_lib.dsv'
[1.169s] INFO:colcon.colcon_core.shell:Creating environment hook '/home/kjoon/vrx_ws/install/share/wamv_gazebo/hook/ld_library_path_lib.sh'
[1.169s] Level 1:colcon.colcon_core.environment:checking '/home/kjoon/vrx_ws/install/bin'
[1.169s] Level 1:colcon.colcon_core.environment:checking '/home/kjoon/vrx_ws/install/lib/pkgconfig/wamv_gazebo.pc'
[1.170s] Level 1:colcon.colcon_core.environment:checking '/home/kjoon/vrx_ws/install/lib/python3.10/site-packages'
[1.170s] Level 1:colcon.colcon_core.shell:create_environment_hook('wamv_gazebo', 'pythonpath')
[1.170s] INFO:colcon.colcon_core.shell:Creating environment hook '/home/kjoon/vrx_ws/install/share/wamv_gazebo/hook/pythonpath.ps1'
[1.170s] INFO:colcon.colcon_core.shell:Creating environment descriptor '/home/kjoon/vrx_ws/install/share/wamv_gazebo/hook/pythonpath.dsv'
[1.170s] INFO:colcon.colcon_core.shell:Creating environment hook '/home/kjoon/vrx_ws/install/share/wamv_gazebo/hook/pythonpath.sh'
[1.170s] Level 1:colcon.colcon_core.environment:checking '/home/kjoon/vrx_ws/install/bin'
[1.171s] INFO:colcon.colcon_core.shell:Creating package script '/home/kjoon/vrx_ws/install/share/wamv_gazebo/package.ps1'
[1.171s] INFO:colcon.colcon_core.shell:Creating package descriptor '/home/kjoon/vrx_ws/install/share/wamv_gazebo/package.dsv'
[1.171s] INFO:colcon.colcon_core.shell:Creating package script '/home/kjoon/vrx_ws/install/share/wamv_gazebo/package.sh'
[1.172s] INFO:colcon.colcon_core.shell:Creating package script '/home/kjoon/vrx_ws/install/share/wamv_gazebo/package.bash'
[1.172s] INFO:colcon.colcon_core.shell:Creating package script '/home/kjoon/vrx_ws/install/share/wamv_gazebo/package.zsh'
[1.172s] Level 1:colcon.colcon_core.environment:create_file_with_runtime_dependencies(/home/kjoon/vrx_ws/install/share/colcon-core/packages/wamv_gazebo)
[1.172s] Level 1:colcon.colcon_core.environment:create_environment_scripts_only(wamv_gazebo)
[1.172s] Level 1:colcon.colcon_core.environment:checking '/home/kjoon/vrx_ws/install' for CMake module files
[1.173s] Level 1:colcon.colcon_core.environment:checking '/home/kjoon/vrx_ws/install' for CMake config files
[1.173s] Level 1:colcon.colcon_core.shell:create_environment_hook('wamv_gazebo', 'cmake_prefix_path')
[1.173s] INFO:colcon.colcon_core.shell:Creating environment hook '/home/kjoon/vrx_ws/install/share/wamv_gazebo/hook/cmake_prefix_path.ps1'
[1.173s] INFO:colcon.colcon_core.shell:Creating environment descriptor '/home/kjoon/vrx_ws/install/share/wamv_gazebo/hook/cmake_prefix_path.dsv'
[1.174s] INFO:colcon.colcon_core.shell:Creating environment hook '/home/kjoon/vrx_ws/install/share/wamv_gazebo/hook/cmake_prefix_path.sh'
[1.174s] Level 1:colcon.colcon_core.environment:checking '/home/kjoon/vrx_ws/install/lib'
[1.174s] Level 1:colcon.colcon_core.shell:create_environment_hook('wamv_gazebo', 'ld_library_path_lib')
[1.174s] INFO:colcon.colcon_core.shell:Creating environment hook '/home/kjoon/vrx_ws/install/share/wamv_gazebo/hook/ld_library_path_lib.ps1'
[1.174s] INFO:colcon.colcon_core.shell:Creating environment descriptor '/home/kjoon/vrx_ws/install/share/wamv_gazebo/hook/ld_library_path_lib.dsv'
[1.175s] INFO:colcon.colcon_core.shell:Creating environment hook '/home/kjoon/vrx_ws/install/share/wamv_gazebo/hook/ld_library_path_lib.sh'
[1.175s] Level 1:colcon.colcon_core.environment:checking '/home/kjoon/vrx_ws/install/bin'
[1.175s] Level 1:colcon.colcon_core.environment:checking '/home/kjoon/vrx_ws/install/lib/pkgconfig/wamv_gazebo.pc'
[1.175s] Level 1:colcon.colcon_core.environment:checking '/home/kjoon/vrx_ws/install/lib/python3.10/site-packages'
[1.175s] Level 1:colcon.colcon_core.shell:create_environment_hook('wamv_gazebo', 'pythonpath')
[1.175s] INFO:colcon.colcon_core.shell:Creating environment hook '/home/kjoon/vrx_ws/install/share/wamv_gazebo/hook/pythonpath.ps1'
[1.175s] INFO:colcon.colcon_core.shell:Creating environment descriptor '/home/kjoon/vrx_ws/install/share/wamv_gazebo/hook/pythonpath.dsv'
[1.176s] INFO:colcon.colcon_core.shell:Creating environment hook '/home/kjoon/vrx_ws/install/share/wamv_gazebo/hook/pythonpath.sh'
[1.176s] Level 1:colcon.colcon_core.environment:checking '/home/kjoon/vrx_ws/install/bin'
[1.176s] INFO:colcon.colcon_core.shell:Creating package script '/home/kjoon/vrx_ws/install/share/wamv_gazebo/package.ps1'
[1.177s] INFO:colcon.colcon_core.shell:Creating package descriptor '/home/kjoon/vrx_ws/install/share/wamv_gazebo/package.dsv'
[1.177s] INFO:colcon.colcon_core.shell:Creating package script '/home/kjoon/vrx_ws/install/share/wamv_gazebo/package.sh'
[1.178s] INFO:colcon.colcon_core.shell:Creating package script '/home/kjoon/vrx_ws/install/share/wamv_gazebo/package.bash'
[1.178s] INFO:colcon.colcon_core.shell:Creating package script '/home/kjoon/vrx_ws/install/share/wamv_gazebo/package.zsh'
[1.178s] Level 1:colcon.colcon_core.environment:create_file_with_runtime_dependencies(/home/kjoon/vrx_ws/install/share/colcon-core/packages/wamv_gazebo)
[1.312s] DEBUG:colcon.colcon_core.event_handler.log_command:Invoking command in '/home/kjoon/vrx_ws/src/wamv_nav': AMENT_PREFIX_PATH=/home/kjoon/vrx_ws/install:${AMENT_PREFIX_PATH} CMAKE_PREFIX_PATH=/home/kjoon/vrx_ws/install LD_LIBRARY_PATH=/home/kjoon/vrx_ws/install/lib:${LD_LIBRARY_PATH} PYTHONPATH=/home/kjoon/vrx_ws/build/wamv_nav/prefix_override:/usr/lib/python3/dist-packages/colcon_core/task/python/colcon_distutils_commands:/home/kjoon/vrx_ws/install/lib/python3.10/site-packages:/home/kjoon/vrx_ws/install/local/lib/python3.10/dist-packages:/home/kjoon/vrx_ws/install/lib/python3.10/site-packages:${PYTHONPATH} /usr/bin/python3 -W ignore:setup.py install is deprecated -W ignore:easy_install command is deprecated setup.py egg_info --egg-base ../../build/wamv_nav build --build-base /home/kjoon/vrx_ws/build/wamv_nav/build install --record /home/kjoon/vrx_ws/build/wamv_nav/install.log --single-version-externally-managed install_data
[1.499s] Level 1:colcon.colcon_core.environment:checking '/home/kjoon/vrx_ws/install' for CMake module files
[1.499s] DEBUG:colcon.colcon_core.event_handler.log_command:Invoked command in '/home/kjoon/vrx_ws/src/wamv_nav' returned '0': AMENT_PREFIX_PATH=/home/kjoon/vrx_ws/install:${AMENT_PREFIX_PATH} CMAKE_PREFIX_PATH=/home/kjoon/vrx_ws/install LD_LIBRARY_PATH=/home/kjoon/vrx_ws/install/lib:${LD_LIBRARY_PATH} PYTHONPATH=/home/kjoon/vrx_ws/build/wamv_nav/prefix_override:/usr/lib/python3/dist-packages/colcon_core/task/python/colcon_distutils_commands:/home/kjoon/vrx_ws/install/lib/python3.10/site-packages:/home/kjoon/vrx_ws/install/local/lib/python3.10/dist-packages:/home/kjoon/vrx_ws/install/lib/python3.10/site-packages:${PYTHONPATH} /usr/bin/python3 -W ignore:setup.py install is deprecated -W ignore:easy_install command is deprecated setup.py egg_info --egg-base ../../build/wamv_nav build --build-base /home/kjoon/vrx_ws/build/wamv_nav/build install --record /home/kjoon/vrx_ws/build/wamv_nav/install.log --single-version-externally-managed install_data
[1.499s] Level 1:colcon.colcon_core.environment:checking '/home/kjoon/vrx_ws/install' for CMake config files
[1.500s] Level 1:colcon.colcon_core.shell:create_environment_hook('wamv_nav', 'cmake_prefix_path')
[1.500s] INFO:colcon.colcon_core.shell:Creating environment hook '/home/kjoon/vrx_ws/install/share/wamv_nav/hook/cmake_prefix_path.ps1'
[1.501s] INFO:colcon.colcon_core.shell:Creating environment descriptor '/home/kjoon/vrx_ws/install/share/wamv_nav/hook/cmake_prefix_path.dsv'
[1.501s] INFO:colcon.colcon_core.shell:Creating environment hook '/home/kjoon/vrx_ws/install/share/wamv_nav/hook/cmake_prefix_path.sh'
[1.501s] Level 1:colcon.colcon_core.environment:checking '/home/kjoon/vrx_ws/install/lib'
[1.501s] Level 1:colcon.colcon_core.shell:create_environment_hook('wamv_nav', 'ld_library_path_lib')
[1.502s] INFO:colcon.colcon_core.shell:Creating environment hook '/home/kjoon/vrx_ws/install/share/wamv_nav/hook/ld_library_path_lib.ps1'
[1.502s] INFO:colcon.colcon_core.shell:Creating environment descriptor '/home/kjoon/vrx_ws/install/share/wamv_nav/hook/ld_library_path_lib.dsv'
[1.502s] INFO:colcon.colcon_core.shell:Creating environment hook '/home/kjoon/vrx_ws/install/share/wamv_nav/hook/ld_library_path_lib.sh'
[1.502s] Level 1:colcon.colcon_core.environment:checking '/home/kjoon/vrx_ws/install/bin'
[1.503s] Level 1:colcon.colcon_core.environment:checking '/home/kjoon/vrx_ws/install/lib/pkgconfig/wamv_nav.pc'
[1.503s] Level 1:colcon.colcon_core.environment:checking '/home/kjoon/vrx_ws/install/lib/python3.10/site-packages'
[1.503s] Level 1:colcon.colcon_core.shell:create_environment_hook('wamv_nav', 'pythonpath')
[1.503s] INFO:colcon.colcon_core.shell:Creating environment hook '/home/kjoon/vrx_ws/install/share/wamv_nav/hook/pythonpath.ps1'
[1.503s] INFO:colcon.colcon_core.shell:Creating environment descriptor '/home/kjoon/vrx_ws/install/share/wamv_nav/hook/pythonpath.dsv'
[1.504s] INFO:colcon.colcon_core.shell:Creating environment hook '/home/kjoon/vrx_ws/install/share/wamv_nav/hook/pythonpath.sh'
[1.504s] Level 1:colcon.colcon_core.environment:checking '/home/kjoon/vrx_ws/install/bin'
[1.504s] Level 1:colcon.colcon_core.environment:create_environment_scripts_only(wamv_nav)
[1.505s] INFO:colcon.colcon_core.shell:Creating package script '/home/kjoon/vrx_ws/install/share/wamv_nav/package.ps1'
[1.505s] INFO:colcon.colcon_core.shell:Creating package descriptor '/home/kjoon/vrx_ws/install/share/wamv_nav/package.dsv'
[1.505s] INFO:colcon.colcon_core.shell:Creating package script '/home/kjoon/vrx_ws/install/share/wamv_nav/package.sh'
[1.506s] INFO:colcon.colcon_core.shell:Creating package script '/home/kjoon/vrx_ws/install/share/wamv_nav/package.bash'
[1.506s] INFO:colcon.colcon_core.shell:Creating package script '/home/kjoon/vrx_ws/install/share/wamv_nav/package.zsh'
[1.507s] Level 1:colcon.colcon_core.environment:create_file_with_runtime_dependencies(/home/kjoon/vrx_ws/install/share/colcon-core/packages/wamv_nav)
[1.507s] DEBUG:colcon.colcon_parallel_executor.executor.parallel:closing loop
[1.507s] DEBUG:colcon.colcon_parallel_executor.executor.parallel:loop closed
[1.507s] DEBUG:colcon.colcon_parallel_executor.executor.parallel:run_until_complete finished with '0'
[1.507s] DEBUG:colcon.colcon_core.event_reactor:joining thread
[1.512s] INFO:colcon.colcon_core.plugin_system:Skipping extension 'colcon_notification.desktop_notification.terminal_notifier': Not used on non-Darwin systems
[1.512s] INFO:colcon.colcon_core.plugin_system:Skipping extension 'colcon_notification.desktop_notification.win32': Not used on non-Windows systems
[1.512s] INFO:colcon.colcon_notification.desktop_notification:Sending desktop notification using 'notify2'
[1.526s] DEBUG:colcon.colcon_core.event_reactor:joined thread
[1.527s] INFO:colcon.colcon_core.shell:Creating prefix script '/home/kjoon/vrx_ws/install/local_setup.ps1'
[1.527s] INFO:colcon.colcon_core.shell:Creating prefix util module '/home/kjoon/vrx_ws/install/_local_setup_util_ps1.py'
[1.529s] INFO:colcon.colcon_core.shell:Creating prefix chain script '/home/kjoon/vrx_ws/install/setup.ps1'
[1.530s] INFO:colcon.colcon_core.shell:Creating prefix script '/home/kjoon/vrx_ws/install/local_setup.sh'
[1.531s] INFO:colcon.colcon_core.shell:Creating prefix util module '/home/kjoon/vrx_ws/install/_local_setup_util_sh.py'
[1.531s] INFO:colcon.colcon_core.shell:Creating prefix chain script '/home/kjoon/vrx_ws/install/setup.sh'
[1.532s] INFO:colcon.colcon_core.shell:Creating prefix script '/home/kjoon/vrx_ws/install/local_setup.bash'
[1.533s] INFO:colcon.colcon_core.shell:Creating prefix chain script '/home/kjoon/vrx_ws/install/setup.bash'
[1.534s] INFO:colcon.colcon_core.shell:Creating prefix script '/home/kjoon/vrx_ws/install/local_setup.zsh'
[1.535s] INFO:colcon.colcon_core.shell:Creating prefix chain script '/home/kjoon/vrx_ws/install/setup.zsh'
