[35m[1mConsolidate compiler generated dependencies of target px4_uv__rosidl_generator_c[0m
[  2%] Built target px4_uv__cpp
[ 12%] Built target px4_uv__rosidl_generator_c
[ 12%] Built target ament_cmake_python_copy_px4_uv
[35m[1mConsolidate compiler generated dependencies of target px4_uv__rosidl_typesupport_cpp[0m
[35m[1mConsolidate compiler generated dependencies of target px4_uv__rosidl_typesupport_introspection_cpp[0m
[35m[1mConsolidate compiler generated dependencies of target px4_uv__rosidl_typesupport_fastrtps_cpp[0m
[35m[1mConsolidate compiler generated dependencies of target px4_uv__rosidl_typesupport_introspection_c[0m
[35m[1mConsolidate compiler generated dependencies of target px4_uv__rosidl_typesupport_c[0m
[35m[1mConsolidate compiler generated dependencies of target px4_uv__rosidl_typesupport_fastrtps_c[0m
[ 25%] Built target px4_uv__rosidl_typesupport_introspection_c
[ 33%] Built target px4_uv__rosidl_typesupport_c
[ 43%] Built target px4_uv__rosidl_typesupport_cpp
[ 53%] Built target px4_uv__rosidl_typesupport_fastrtps_cpp
[ 64%] Built target px4_uv__rosidl_typesupport_introspection_cpp
[ 74%] Built target px4_uv__rosidl_typesupport_fastrtps_c
[ 74%] Built target px4_uv
[ 76%] Built target px4_uv__py
[35m[1mConsolidate compiler generated dependencies of target px4_uv__rosidl_generator_py[0m
[ 84%] Built target px4_uv__rosidl_generator_py
[35m[1mConsolidate compiler generated dependencies of target px4_uv__rosidl_typesupport_introspection_c__pyext[0m
[35m[1mConsolidate compiler generated dependencies of target px4_uv__rosidl_typesupport_c__pyext[0m
[35m[1mConsolidate compiler generated dependencies of target px4_uv__rosidl_typesupport_fastrtps_c__pyext[0m
[100%] Built target px4_uv__rosidl_typesupport_c__pyext
[100%] Built target px4_uv__rosidl_typesupport_introspection_c__pyext
[100%] Built target px4_uv__rosidl_typesupport_fastrtps_c__pyext
running egg_info
writing px4_uv.egg-info/PKG-INFO
writing dependency_links to px4_uv.egg-info/dependency_links.txt
writing top-level names to px4_uv.egg-info/top_level.txt
reading manifest file 'px4_uv.egg-info/SOURCES.txt'
writing manifest file 'px4_uv.egg-info/SOURCES.txt'
[100%] Built target ament_cmake_python_build_px4_uv_egg
-- Install configuration: ""
-- Up-to-date: /home/kjoon/vrx_ws/install/share/ament_index/resource_index/rosidl_interfaces/px4_uv
-- Up-to-date: /home/kjoon/vrx_ws/install/include/px4_uv/px4_uv
-- Up-to-date: /home/kjoon/vrx_ws/install/include/px4_uv/px4_uv/msg
-- Up-to-date: /home/kjoon/vrx_ws/install/include/px4_uv/px4_uv/msg/action.h
-- Up-to-date: /home/kjoon/vrx_ws/install/include/px4_uv/px4_uv/msg/detail
-- Up-to-date: /home/kjoon/vrx_ws/install/include/px4_uv/px4_uv/msg/detail/uv_state__type_support.h
-- Up-to-date: /home/kjoon/vrx_ws/install/include/px4_uv/px4_uv/msg/detail/action__struct.h
-- Up-to-date: /home/kjoon/vrx_ws/install/include/px4_uv/px4_uv/msg/detail/uv_state__functions.c
-- Up-to-date: /home/kjoon/vrx_ws/install/include/px4_uv/px4_uv/msg/detail/action__type_support.h
-- Up-to-date: /home/kjoon/vrx_ws/install/include/px4_uv/px4_uv/msg/detail/uv_state__functions.h
-- Up-to-date: /home/kjoon/vrx_ws/install/include/px4_uv/px4_uv/msg/detail/action__functions.c
-- Up-to-date: /home/kjoon/vrx_ws/install/include/px4_uv/px4_uv/msg/detail/uv_state__struct.h
-- Up-to-date: /home/kjoon/vrx_ws/install/include/px4_uv/px4_uv/msg/detail/action__functions.h
-- Up-to-date: /home/kjoon/vrx_ws/install/include/px4_uv/px4_uv/msg/rosidl_generator_c__visibility_control.h
-- Up-to-date: /home/kjoon/vrx_ws/install/include/px4_uv/px4_uv/msg/uv_state.h
-- Up-to-date: /home/kjoon/vrx_ws/install/share/px4_uv/environment/library_path.sh
-- Up-to-date: /home/kjoon/vrx_ws/install/share/px4_uv/environment/library_path.dsv
-- Up-to-date: /home/kjoon/vrx_ws/install/lib/libpx4_uv__rosidl_generator_c.so
-- Up-to-date: /home/kjoon/vrx_ws/install/include/px4_uv/px4_uv
-- Up-to-date: /home/kjoon/vrx_ws/install/include/px4_uv/px4_uv/msg
-- Up-to-date: /home/kjoon/vrx_ws/install/include/px4_uv/px4_uv/msg/detail
-- Up-to-date: /home/kjoon/vrx_ws/install/include/px4_uv/px4_uv/msg/detail/uv_state__rosidl_typesupport_fastrtps_c.h
-- Up-to-date: /home/kjoon/vrx_ws/install/include/px4_uv/px4_uv/msg/detail/action__rosidl_typesupport_fastrtps_c.h
-- Up-to-date: /home/kjoon/vrx_ws/install/include/px4_uv/px4_uv/msg/rosidl_typesupport_fastrtps_c__visibility_control.h
-- Up-to-date: /home/kjoon/vrx_ws/install/lib/libpx4_uv__rosidl_typesupport_fastrtps_c.so
-- Up-to-date: /home/kjoon/vrx_ws/install/include/px4_uv/px4_uv
-- Up-to-date: /home/kjoon/vrx_ws/install/include/px4_uv/px4_uv/msg
-- Up-to-date: /home/kjoon/vrx_ws/install/include/px4_uv/px4_uv/msg/rosidl_typesupport_introspection_c__visibility_control.h
-- Up-to-date: /home/kjoon/vrx_ws/install/include/px4_uv/px4_uv/msg/detail
-- Up-to-date: /home/kjoon/vrx_ws/install/include/px4_uv/px4_uv/msg/detail/action__rosidl_typesupport_introspection_c.h
-- Up-to-date: /home/kjoon/vrx_ws/install/include/px4_uv/px4_uv/msg/detail/uv_state__type_support.c
-- Up-to-date: /home/kjoon/vrx_ws/install/include/px4_uv/px4_uv/msg/detail/uv_state__rosidl_typesupport_introspection_c.h
-- Up-to-date: /home/kjoon/vrx_ws/install/include/px4_uv/px4_uv/msg/detail/action__type_support.c
-- Up-to-date: /home/kjoon/vrx_ws/install/lib/libpx4_uv__rosidl_typesupport_introspection_c.so
-- Up-to-date: /home/kjoon/vrx_ws/install/lib/libpx4_uv__rosidl_typesupport_c.so
-- Up-to-date: /home/kjoon/vrx_ws/install/include/px4_uv/px4_uv
-- Up-to-date: /home/kjoon/vrx_ws/install/include/px4_uv/px4_uv/msg
-- Up-to-date: /home/kjoon/vrx_ws/install/include/px4_uv/px4_uv/msg/rosidl_generator_cpp__visibility_control.hpp
-- Up-to-date: /home/kjoon/vrx_ws/install/include/px4_uv/px4_uv/msg/uv_state.hpp
-- Up-to-date: /home/kjoon/vrx_ws/install/include/px4_uv/px4_uv/msg/detail
-- Up-to-date: /home/kjoon/vrx_ws/install/include/px4_uv/px4_uv/msg/detail/action__builder.hpp
-- Up-to-date: /home/kjoon/vrx_ws/install/include/px4_uv/px4_uv/msg/detail/uv_state__traits.hpp
-- Up-to-date: /home/kjoon/vrx_ws/install/include/px4_uv/px4_uv/msg/detail/action__traits.hpp
-- Up-to-date: /home/kjoon/vrx_ws/install/include/px4_uv/px4_uv/msg/detail/action__type_support.hpp
-- Up-to-date: /home/kjoon/vrx_ws/install/include/px4_uv/px4_uv/msg/detail/uv_state__type_support.hpp
-- Up-to-date: /home/kjoon/vrx_ws/install/include/px4_uv/px4_uv/msg/detail/action__struct.hpp
-- Up-to-date: /home/kjoon/vrx_ws/install/include/px4_uv/px4_uv/msg/detail/uv_state__struct.hpp
-- Up-to-date: /home/kjoon/vrx_ws/install/include/px4_uv/px4_uv/msg/detail/uv_state__builder.hpp
-- Up-to-date: /home/kjoon/vrx_ws/install/include/px4_uv/px4_uv/msg/action.hpp
-- Up-to-date: /home/kjoon/vrx_ws/install/include/px4_uv/px4_uv
-- Up-to-date: /home/kjoon/vrx_ws/install/include/px4_uv/px4_uv/msg
-- Up-to-date: /home/kjoon/vrx_ws/install/include/px4_uv/px4_uv/msg/rosidl_typesupport_fastrtps_cpp__visibility_control.h
-- Up-to-date: /home/kjoon/vrx_ws/install/include/px4_uv/px4_uv/msg/detail
-- Up-to-date: /home/kjoon/vrx_ws/install/include/px4_uv/px4_uv/msg/detail/uv_state__rosidl_typesupport_fastrtps_cpp.hpp
-- Up-to-date: /home/kjoon/vrx_ws/install/include/px4_uv/px4_uv/msg/detail/dds_fastrtps
-- Up-to-date: /home/kjoon/vrx_ws/install/include/px4_uv/px4_uv/msg/detail/action__rosidl_typesupport_fastrtps_cpp.hpp
-- Up-to-date: /home/kjoon/vrx_ws/install/lib/libpx4_uv__rosidl_typesupport_fastrtps_cpp.so
-- Up-to-date: /home/kjoon/vrx_ws/install/include/px4_uv/px4_uv
-- Up-to-date: /home/kjoon/vrx_ws/install/include/px4_uv/px4_uv/msg
-- Up-to-date: /home/kjoon/vrx_ws/install/include/px4_uv/px4_uv/msg/detail
-- Up-to-date: /home/kjoon/vrx_ws/install/include/px4_uv/px4_uv/msg/detail/uv_state__type_support.cpp
-- Up-to-date: /home/kjoon/vrx_ws/install/include/px4_uv/px4_uv/msg/detail/uv_state__rosidl_typesupport_introspection_cpp.hpp
-- Up-to-date: /home/kjoon/vrx_ws/install/include/px4_uv/px4_uv/msg/detail/action__type_support.cpp
-- Up-to-date: /home/kjoon/vrx_ws/install/include/px4_uv/px4_uv/msg/detail/action__rosidl_typesupport_introspection_cpp.hpp
-- Up-to-date: /home/kjoon/vrx_ws/install/lib/libpx4_uv__rosidl_typesupport_introspection_cpp.so
-- Up-to-date: /home/kjoon/vrx_ws/install/lib/libpx4_uv__rosidl_typesupport_cpp.so
-- Up-to-date: /home/kjoon/vrx_ws/install/share/px4_uv/environment/pythonpath.sh
-- Up-to-date: /home/kjoon/vrx_ws/install/share/px4_uv/environment/pythonpath.dsv
-- Up-to-date: /home/kjoon/vrx_ws/install/local/lib/python3.10/dist-packages/px4_uv-0.0.1-py3.10.egg-info
-- Installing: /home/kjoon/vrx_ws/install/local/lib/python3.10/dist-packages/px4_uv-0.0.1-py3.10.egg-info/top_level.txt
-- Installing: /home/kjoon/vrx_ws/install/local/lib/python3.10/dist-packages/px4_uv-0.0.1-py3.10.egg-info/PKG-INFO
-- Installing: /home/kjoon/vrx_ws/install/local/lib/python3.10/dist-packages/px4_uv-0.0.1-py3.10.egg-info/dependency_links.txt
-- Installing: /home/kjoon/vrx_ws/install/local/lib/python3.10/dist-packages/px4_uv-0.0.1-py3.10.egg-info/SOURCES.txt
-- Up-to-date: /home/kjoon/vrx_ws/install/local/lib/python3.10/dist-packages/px4_uv
-- Up-to-date: /home/kjoon/vrx_ws/install/local/lib/python3.10/dist-packages/px4_uv/_px4_uv_s.ep.rosidl_typesupport_c.c
-- Up-to-date: /home/kjoon/vrx_ws/install/local/lib/python3.10/dist-packages/px4_uv/msg
-- Up-to-date: /home/kjoon/vrx_ws/install/local/lib/python3.10/dist-packages/px4_uv/msg/_action_s.c
-- Up-to-date: /home/kjoon/vrx_ws/install/local/lib/python3.10/dist-packages/px4_uv/msg/_uv_state.py
-- Up-to-date: /home/kjoon/vrx_ws/install/local/lib/python3.10/dist-packages/px4_uv/msg/__init__.py
-- Up-to-date: /home/kjoon/vrx_ws/install/local/lib/python3.10/dist-packages/px4_uv/msg/_uv_state_s.c
-- Up-to-date: /home/kjoon/vrx_ws/install/local/lib/python3.10/dist-packages/px4_uv/msg/_action.py
-- Up-to-date: /home/kjoon/vrx_ws/install/local/lib/python3.10/dist-packages/px4_uv/__init__.py
-- Up-to-date: /home/kjoon/vrx_ws/install/local/lib/python3.10/dist-packages/px4_uv/_px4_uv_s.ep.rosidl_typesupport_fastrtps_c.c
-- Up-to-date: /home/kjoon/vrx_ws/install/local/lib/python3.10/dist-packages/px4_uv/libpx4_uv__rosidl_generator_py.so
-- Up-to-date: /home/kjoon/vrx_ws/install/local/lib/python3.10/dist-packages/px4_uv/px4_uv_s__rosidl_typesupport_introspection_c.cpython-310-x86_64-linux-gnu.so
-- Up-to-date: /home/kjoon/vrx_ws/install/local/lib/python3.10/dist-packages/px4_uv/px4_uv_s__rosidl_typesupport_c.cpython-310-x86_64-linux-gnu.so
-- Up-to-date: /home/kjoon/vrx_ws/install/local/lib/python3.10/dist-packages/px4_uv/_px4_uv_s.ep.rosidl_typesupport_introspection_c.c
-- Up-to-date: /home/kjoon/vrx_ws/install/local/lib/python3.10/dist-packages/px4_uv/px4_uv_s__rosidl_typesupport_fastrtps_c.cpython-310-x86_64-linux-gnu.so
Listing '/home/kjoon/vrx_ws/install/local/lib/python3.10/dist-packages/px4_uv'...
Listing '/home/kjoon/vrx_ws/install/local/lib/python3.10/dist-packages/px4_uv/msg'...
-- Up-to-date: /home/kjoon/vrx_ws/install/local/lib/python3.10/dist-packages/px4_uv/px4_uv_s__rosidl_typesupport_fastrtps_c.cpython-310-x86_64-linux-gnu.so
-- Up-to-date: /home/kjoon/vrx_ws/install/local/lib/python3.10/dist-packages/px4_uv/px4_uv_s__rosidl_typesupport_introspection_c.cpython-310-x86_64-linux-gnu.so
-- Up-to-date: /home/kjoon/vrx_ws/install/local/lib/python3.10/dist-packages/px4_uv/px4_uv_s__rosidl_typesupport_c.cpython-310-x86_64-linux-gnu.so
-- Up-to-date: /home/kjoon/vrx_ws/install/lib/libpx4_uv__rosidl_generator_py.so
-- Up-to-date: /home/kjoon/vrx_ws/install/share/px4_uv/msg/Action.idl
-- Up-to-date: /home/kjoon/vrx_ws/install/share/px4_uv/msg/UvState.idl
-- Up-to-date: /home/kjoon/vrx_ws/install/share/px4_uv/msg/Action.msg
-- Up-to-date: /home/kjoon/vrx_ws/install/share/px4_uv/msg/UvState.msg
-- Up-to-date: /home/kjoon/vrx_ws/install/share/ament_index/resource_index/package_run_dependencies/px4_uv
-- Up-to-date: /home/kjoon/vrx_ws/install/share/ament_index/resource_index/parent_prefix_path/px4_uv
-- Up-to-date: /home/kjoon/vrx_ws/install/share/px4_uv/environment/ament_prefix_path.sh
-- Up-to-date: /home/kjoon/vrx_ws/install/share/px4_uv/environment/ament_prefix_path.dsv
-- Up-to-date: /home/kjoon/vrx_ws/install/share/px4_uv/environment/path.sh
-- Up-to-date: /home/kjoon/vrx_ws/install/share/px4_uv/environment/path.dsv
-- Up-to-date: /home/kjoon/vrx_ws/install/share/px4_uv/local_setup.bash
-- Up-to-date: /home/kjoon/vrx_ws/install/share/px4_uv/local_setup.sh
-- Up-to-date: /home/kjoon/vrx_ws/install/share/px4_uv/local_setup.zsh
-- Up-to-date: /home/kjoon/vrx_ws/install/share/px4_uv/local_setup.dsv
-- Installing: /home/kjoon/vrx_ws/install/share/px4_uv/package.dsv
-- Up-to-date: /home/kjoon/vrx_ws/install/share/ament_index/resource_index/packages/px4_uv
-- Up-to-date: /home/kjoon/vrx_ws/install/share/px4_uv/cmake/export_px4_uv__rosidl_generator_cExport.cmake
-- Up-to-date: /home/kjoon/vrx_ws/install/share/px4_uv/cmake/export_px4_uv__rosidl_generator_cExport-noconfig.cmake
-- Up-to-date: /home/kjoon/vrx_ws/install/share/px4_uv/cmake/export_px4_uv__rosidl_typesupport_fastrtps_cExport.cmake
-- Up-to-date: /home/kjoon/vrx_ws/install/share/px4_uv/cmake/export_px4_uv__rosidl_typesupport_fastrtps_cExport-noconfig.cmake
-- Up-to-date: /home/kjoon/vrx_ws/install/share/px4_uv/cmake/px4_uv__rosidl_typesupport_introspection_cExport.cmake
-- Up-to-date: /home/kjoon/vrx_ws/install/share/px4_uv/cmake/px4_uv__rosidl_typesupport_introspection_cExport-noconfig.cmake
-- Up-to-date: /home/kjoon/vrx_ws/install/share/px4_uv/cmake/px4_uv__rosidl_typesupport_cExport.cmake
-- Up-to-date: /home/kjoon/vrx_ws/install/share/px4_uv/cmake/px4_uv__rosidl_typesupport_cExport-noconfig.cmake
-- Up-to-date: /home/kjoon/vrx_ws/install/share/px4_uv/cmake/export_px4_uv__rosidl_generator_cppExport.cmake
-- Up-to-date: /home/kjoon/vrx_ws/install/share/px4_uv/cmake/export_px4_uv__rosidl_typesupport_fastrtps_cppExport.cmake
-- Up-to-date: /home/kjoon/vrx_ws/install/share/px4_uv/cmake/export_px4_uv__rosidl_typesupport_fastrtps_cppExport-noconfig.cmake
-- Up-to-date: /home/kjoon/vrx_ws/install/share/px4_uv/cmake/px4_uv__rosidl_typesupport_introspection_cppExport.cmake
-- Up-to-date: /home/kjoon/vrx_ws/install/share/px4_uv/cmake/px4_uv__rosidl_typesupport_introspection_cppExport-noconfig.cmake
-- Up-to-date: /home/kjoon/vrx_ws/install/share/px4_uv/cmake/px4_uv__rosidl_typesupport_cppExport.cmake
-- Up-to-date: /home/kjoon/vrx_ws/install/share/px4_uv/cmake/px4_uv__rosidl_typesupport_cppExport-noconfig.cmake
-- Up-to-date: /home/kjoon/vrx_ws/install/share/px4_uv/cmake/export_px4_uv__rosidl_generator_pyExport.cmake
-- Up-to-date: /home/kjoon/vrx_ws/install/share/px4_uv/cmake/export_px4_uv__rosidl_generator_pyExport-noconfig.cmake
-- Up-to-date: /home/kjoon/vrx_ws/install/share/px4_uv/cmake/rosidl_cmake-extras.cmake
-- Up-to-date: /home/kjoon/vrx_ws/install/share/px4_uv/cmake/ament_cmake_export_dependencies-extras.cmake
-- Up-to-date: /home/kjoon/vrx_ws/install/share/px4_uv/cmake/ament_cmake_export_include_directories-extras.cmake
-- Up-to-date: /home/kjoon/vrx_ws/install/share/px4_uv/cmake/ament_cmake_export_libraries-extras.cmake
-- Up-to-date: /home/kjoon/vrx_ws/install/share/px4_uv/cmake/ament_cmake_export_targets-extras.cmake
-- Up-to-date: /home/kjoon/vrx_ws/install/share/px4_uv/cmake/rosidl_cmake_export_typesupport_targets-extras.cmake
-- Up-to-date: /home/kjoon/vrx_ws/install/share/px4_uv/cmake/rosidl_cmake_export_typesupport_libraries-extras.cmake
-- Up-to-date: /home/kjoon/vrx_ws/install/share/px4_uv/cmake/px4_uvConfig.cmake
-- Up-to-date: /home/kjoon/vrx_ws/install/share/px4_uv/cmake/px4_uvConfig-version.cmake
-- Up-to-date: /home/kjoon/vrx_ws/install/share/px4_uv/package.xml
