[0.005s] Invoking command in '/home/kjoon/vrx_ws/build/vrx_gz': CMAKE_PREFIX_PATH=${CMAKE_PREFIX_PATH}:/opt/ros/humble PYTHONPATH=/home/kjoon/vrx_ws/install/lib/python3.10/site-packages:/home/kjoon/vrx_ws/install/local/lib/python3.10/dist-packages:/opt/ros/humble/lib/python3.10/site-packages:/opt/ros/humble/local/lib/python3.10/dist-packages /usr/bin/cmake /home/kjoon/vrx_ws/src/vrx/vrx_gz -DCMAKE_INSTALL_PREFIX=/home/kjoon/vrx_ws/install
[0.041s] -- The C compiler identification is GNU 11.4.0
[0.077s] -- The CXX compiler identification is GNU 11.4.0
[0.082s] -- Detecting C compiler ABI info
[0.128s] -- Detecting C compiler ABI info - done
[0.134s] -- Check for working C compiler: /usr/bin/cc - skipped
[0.135s] -- Detecting C compile features
[0.135s] -- Detecting C compile features - done
[0.137s] -- Detecting CXX compiler ABI info
[0.192s] -- Detecting CXX compiler ABI info - done
[0.199s] -- Check for working CXX compiler: /usr/bin/c++ - skipped
[0.199s] -- Detecting CXX compile features
[0.200s] -- Detecting CXX compile features - done
[0.202s] -- Found ament_cmake: 1.3.11 (/opt/ros/humble/share/ament_cmake/cmake)
[0.300s] -- Found Python3: /usr/bin/python3 (found version "3.10.12") found components: Interpreter 
[0.366s] -- Looking for gz-sim7 -- found version 7.9.0
[0.374s] -- Searching for dependencies of gz-sim7
[0.376s] -- Looking for sdformat13 -- found version 13.9.0
[0.376s] -- Searching for dependencies of sdformat13
[0.381s] -- Checking for module 'tinyxml2'
[0.390s] --   Found tinyxml2, version 9.0.0
[0.420s] -- Looking for gz-math7 -- found version 7.5.1
[0.420s] -- Searching for dependencies of gz-math7
[0.422s] -- Looking for gz-utils2 -- found version 2.2.1
[0.423s] -- Searching for dependencies of gz-utils2
[0.424s] -- Looking for gz-utils2 -- found version 2.2.1
[0.425s] -- Searching for dependencies of gz-utils2
[0.425s] -- Searching for <gz-utils2> component [cli]
[0.427s] -- Looking for gz-utils2-cli -- found version 2.2.1
[0.427s] -- Searching for dependencies of gz-utils2-cli
[0.429s] -- Looking for gz-plugin2 -- found version 2.0.4
[0.429s] -- Searching for dependencies of gz-plugin2
[0.429s] -- Looking for gz-utils2 -- found version 2.2.1
[0.430s] -- Searching for <gz-plugin2> component [loader]
[0.431s] -- Looking for gz-plugin2-loader -- found version 2.0.4
[0.431s] -- Searching for dependencies of gz-plugin2-loader
[0.432s] -- Searching for <gz-plugin2> component [register]
[0.433s] -- Looking for gz-plugin2-register -- found version 2.0.4
[0.433s] -- Searching for dependencies of gz-plugin2-register
[0.435s] -- Looking for gz-transport12 -- found version 12.2.2
[0.435s] -- Searching for dependencies of gz-transport12
[0.561s] -- Found Protobuf: /usr/lib/x86_64-linux-gnu/libprotobuf.so (found version "3.12.4") 
[0.576s] -- Config-file not installed for ZeroMQ -- checking for pkg-config
[0.580s] -- Checking for module 'libzmq >= 4'
[0.591s] --   Found libzmq , version 4.3.4
[0.618s] -- Found ZeroMQ: TRUE (Required is at least version "4") 
[0.623s] -- Checking for module 'uuid'
[0.633s] --   Found uuid, version 2.37.2
[0.658s] -- Found UUID: TRUE  
[0.658s] -- Looking for gz-utils2 -- found version 2.2.1
[0.660s] -- Looking for gz-msgs9 -- found version 9.5.1
[0.661s] -- Searching for dependencies of gz-msgs9
[0.679s] -- Looking for gz-math7 -- found version 7.5.1
[0.683s] -- Searching for <gz-transport12> component [log]
[0.685s] -- Looking for gz-transport12-log -- found version 12.2.2
[0.685s] -- Searching for dependencies of gz-transport12-log
[0.685s] -- Searching for <gz-transport12> component [parameters]
[0.687s] -- Looking for gz-transport12-parameters -- found version 12.2.2
[0.687s] -- Searching for dependencies of gz-transport12-parameters
[0.688s] -- Looking for gz-msgs9 -- found version 9.5.1
[0.689s] -- Looking for gz-common5 -- found version 5.7.1
[0.689s] -- Searching for dependencies of gz-common5
[0.690s] -- Looking for gz-utils2 -- found version 2.2.1
[0.690s] -- Looking for dlfcn.h - found
[0.690s] -- Looking for libdl - found
[0.691s] -- Found DL: TRUE  
[0.696s] -- Searching for <gz-common5> component [profiler]
[0.697s] -- Looking for gz-common5-profiler -- found version 5.7.1
[0.697s] -- Searching for dependencies of gz-common5-profiler
[0.698s] -- Searching for <gz-common5> component [events]
[0.699s] -- Looking for gz-common5-events -- found version 5.7.1
[0.699s] -- Searching for dependencies of gz-common5-events
[0.700s] -- Looking for gz-math7 -- found version 7.5.1
[0.700s] -- Searching for <gz-common5> component [av]
[0.701s] -- Looking for gz-common5-av -- found version 5.7.1
[0.702s] -- Searching for dependencies of gz-common5-av
[0.705s] -- Checking for module 'libswscale'
[0.714s] --   Found libswscale, version 5.9.100
[0.739s] -- Found SWSCALE: TRUE  
[0.742s] -- Checking for module 'libavdevice >= 56.4.100'
[0.752s] --   Found libavdevice , version 58.13.100
[0.779s] -- Found AVDEVICE: TRUE (Required is at least version "56.4.100") 
[0.783s] -- Checking for module 'libavformat'
[0.792s] --   Found libavformat, version 58.76.100
[0.817s] -- Found AVFORMAT: TRUE  
[0.821s] -- Checking for module 'libavcodec'
[0.830s] --   Found libavcodec, version 58.134.100
[0.856s] -- Found AVCODEC: TRUE  
[0.859s] -- Checking for module 'libavutil'
[0.868s] --   Found libavutil, version 56.70.100
[0.892s] -- Found AVUTIL: TRUE  
[0.892s] -- Searching for <gz-common5> component [io]
[0.894s] -- Looking for gz-common5-io -- found version 5.7.1
[0.894s] -- Searching for dependencies of gz-common5-io
[0.896s] -- Looking for gz-fuel_tools8 -- found version 8.2.0
[0.896s] -- Searching for dependencies of gz-fuel_tools8
[0.954s] -- Found CURL: /usr/lib/x86_64-linux-gnu/libcurl.so (found version "7.81.0")  
[0.960s] -- Checking for module 'jsoncpp'
[0.969s] --   Found jsoncpp, version 1.9.5
[0.994s] -- Found JSONCPP: TRUE  
[0.998s] -- Checking for module 'libzip'
[1.007s] --   Found libzip, version 1.7.3
[1.031s] -- Found ZIP: TRUE  
[1.031s] -- Looking for gz-utils2 -- found version 2.2.1
[1.032s] -- Looking for gz-common5 -- found version 5.7.1
[1.032s] -- Searching for dependencies of gz-common5
[1.032s] -- Looking for gz-utils2 -- found version 2.2.1
[1.032s] -- Looking for dlfcn.h - found
[1.032s] -- Looking for libdl - found
[1.037s] -- Searching for <gz-common5> component [testing]
[1.039s] -- Looking for gz-common5-testing -- found version 5.7.1
[1.039s] -- Searching for dependencies of gz-common5-testing
[1.039s] -- Looking for gz-math7 -- found version 7.5.1
[1.040s] -- Looking for gz-msgs9 -- found version 9.5.1
[1.041s] -- Looking for gz-gui7 -- found version 7.2.2
[1.042s] -- Searching for dependencies of gz-gui7
[1.061s] -- Looking for gz-utils2 -- found version 2.2.1
[1.061s] -- Looking for gz-math7 -- found version 7.5.1
[1.061s] -- Looking for gz-common5 -- found version 5.7.1
[1.061s] -- Looking for gz-plugin2 -- found version 2.0.4
[1.062s] -- Looking for gz-transport12 -- found version 12.2.2
[1.063s] -- Looking for gz-rendering7 -- found version 7.5.0
[1.063s] -- Searching for dependencies of gz-rendering7
[1.064s] -- Looking for gz-math7 -- found version 7.5.1
[1.064s] -- Searching for dependencies of gz-math7
[1.064s] -- Looking for gz-utils2 -- found version 2.2.1
[1.064s] -- Searching for <gz-math7> component [eigen3]
[1.066s] -- Looking for gz-math7-eigen3 -- found version 7.5.1
[1.066s] -- Searching for dependencies of gz-math7-eigen3
[1.072s] -- Looking for gz-common5 -- found version 5.7.1
[1.072s] -- Searching for dependencies of gz-common5
[1.072s] -- Looking for gz-utils2 -- found version 2.2.1
[1.073s] -- Looking for dlfcn.h - found
[1.073s] -- Looking for libdl - found
[1.077s] -- Searching for <gz-common5> component [graphics]
[1.079s] -- Looking for gz-common5-graphics -- found version 5.7.1
[1.079s] -- Searching for dependencies of gz-common5-graphics
[1.079s] -- Looking for gz-math7 -- found version 7.5.1
[1.083s] -- Found GzAssimp: TRUE (found version "5.2.0") 
[1.083s] -- Searching for <gz-common5> component [events]
[1.084s] -- Searching for <gz-common5> component [geospatial]
[1.085s] -- Looking for gz-common5-geospatial -- found version 5.7.1
[1.086s] -- Searching for dependencies of gz-common5-geospatial
[1.086s] -- Looking for gz-math7 -- found version 7.5.1
[1.086s] -- Looking for gz-common5 -- found version 5.7.1
[1.087s] -- Looking for gz-plugin2 -- found version 2.0.4
[1.087s] -- Searching for dependencies of gz-plugin2
[1.087s] -- Looking for gz-utils2 -- found version 2.2.1
[1.087s] -- Searching for <gz-plugin2> component [all]
[1.089s] -- Looking for all libraries of gz-plugin2 -- found version 2.0.4
[1.089s] -- Looking for gz-plugin2 -- found version 2.0.4
[1.090s] -- Looking for gz-utils2 -- found version 2.2.1
[1.093s] -- Found OpenGL: /usr/lib/x86_64-linux-gnu/libOpenGL.so  found components: OpenGL 
[1.094s] -- Looking for gz-msgs9 -- found version 9.5.1
[1.107s] -- Looking for gz-physics6 -- found version 6.7.0
[1.107s] -- Searching for dependencies of gz-physics6
[1.107s] -- Looking for gz-common5 -- found version 5.7.1
[1.108s] -- Looking for gz-math7 -- found version 7.5.1
[1.108s] -- Looking for gz-plugin2 -- found version 2.0.4
[1.108s] -- Looking for gz-utils2 -- found version 2.2.1
[1.109s] -- Searching for <gz-physics6> component [heightmap]
[1.110s] -- Looking for gz-physics6-heightmap -- found version 6.7.0
[1.111s] -- Searching for dependencies of gz-physics6-heightmap
[1.111s] -- Looking for gz-common5 -- found version 5.7.1
[1.111s] -- Searching for <gz-physics6> component [mesh]
[1.113s] -- Looking for gz-physics6-mesh -- found version 6.7.0
[1.113s] -- Searching for dependencies of gz-physics6-mesh
[1.113s] -- Looking for gz-common5 -- found version 5.7.1
[1.113s] -- Searching for <gz-physics6> component [sdf]
[1.115s] -- Looking for gz-physics6-sdf -- found version 6.7.0
[1.115s] -- Searching for dependencies of gz-physics6-sdf
[1.115s] -- Looking for sdformat13 -- found version 13.9.0
[1.117s] -- Looking for gz-sensors7 -- found version 7.3.1
[1.117s] -- Searching for dependencies of gz-sensors7
[1.132s] -- Looking for gz-math7 -- found version 7.5.1
[1.132s] -- Looking for gz-common5 -- found version 5.7.1
[1.133s] -- Looking for gz-transport12 -- found version 12.2.2
[1.133s] -- Looking for gz-rendering7 -- found version 7.5.0
[1.133s] -- Looking for gz-msgs9 -- found version 9.5.1
[1.133s] -- Looking for sdformat13 -- found version 13.9.0
[1.134s] -- Searching for <gz-sensors7> component [air_pressure]
[1.135s] -- Looking for gz-sensors7-air_pressure -- found version 7.3.1
[1.136s] -- Searching for dependencies of gz-sensors7-air_pressure
[1.136s] -- Searching for <gz-sensors7> component [air_speed]
[1.137s] -- Looking for gz-sensors7-air_speed -- found version 7.3.1
[1.138s] -- Searching for dependencies of gz-sensors7-air_speed
[1.138s] -- Searching for <gz-sensors7> component [altimeter]
[1.139s] -- Looking for gz-sensors7-altimeter -- found version 7.3.1
[1.140s] -- Searching for dependencies of gz-sensors7-altimeter
[1.140s] -- Searching for <gz-sensors7> component [imu]
[1.141s] -- Looking for gz-sensors7-imu -- found version 7.3.1
[1.142s] -- Searching for dependencies of gz-sensors7-imu
[1.142s] -- Searching for <gz-sensors7> component [force_torque]
[1.143s] -- Looking for gz-sensors7-force_torque -- found version 7.3.1
[1.144s] -- Searching for dependencies of gz-sensors7-force_torque
[1.144s] -- Searching for <gz-sensors7> component [logical_camera]
[1.145s] -- Looking for gz-sensors7-logical_camera -- found version 7.3.1
[1.146s] -- Searching for dependencies of gz-sensors7-logical_camera
[1.146s] -- Searching for <gz-sensors7> component [magnetometer]
[1.147s] -- Looking for gz-sensors7-magnetometer -- found version 7.3.1
[1.148s] -- Searching for dependencies of gz-sensors7-magnetometer
[1.148s] -- Searching for <gz-sensors7> component [navsat]
[1.149s] -- Looking for gz-sensors7-navsat -- found version 7.3.1
[1.150s] -- Searching for dependencies of gz-sensors7-navsat
[1.150s] -- Searching for <gz-sensors7> component [rendering]
[1.151s] -- Looking for gz-sensors7-rendering -- found version 7.3.1
[1.152s] -- Searching for dependencies of gz-sensors7-rendering
[1.152s] -- Searching for <gz-sensors7> component [lidar]
[1.153s] -- Looking for gz-sensors7-lidar -- found version 7.3.1
[1.154s] -- Searching for dependencies of gz-sensors7-lidar
[1.154s] -- Looking for gz-sensors7 -- found version 7.3.1
[1.154s] -- Searching for <gz-sensors7> component [gpu_lidar]
[1.156s] -- Looking for gz-sensors7-gpu_lidar -- found version 7.3.1
[1.156s] -- Searching for dependencies of gz-sensors7-gpu_lidar
[1.156s] -- Looking for gz-sensors7 -- found version 7.3.1
[1.157s] -- Searching for <gz-sensors7> component [camera]
[1.158s] -- Looking for gz-sensors7-camera -- found version 7.3.1
[1.158s] -- Searching for dependencies of gz-sensors7-camera
[1.159s] -- Looking for gz-sensors7 -- found version 7.3.1
[1.159s] -- Searching for <gz-sensors7> component [boundingbox_camera]
[1.160s] -- Looking for gz-sensors7-boundingbox_camera -- found version 7.3.1
[1.161s] -- Searching for dependencies of gz-sensors7-boundingbox_camera
[1.161s] -- Searching for <gz-sensors7> component [segmentation_camera]
[1.162s] -- Looking for gz-sensors7-segmentation_camera -- found version 7.3.1
[1.163s] -- Searching for dependencies of gz-sensors7-segmentation_camera
[1.163s] -- Searching for <gz-sensors7> component [depth_camera]
[1.164s] -- Looking for gz-sensors7-depth_camera -- found version 7.3.1
[1.165s] -- Searching for dependencies of gz-sensors7-depth_camera
[1.165s] -- Looking for gz-sensors7 -- found version 7.3.1
[1.165s] -- Searching for <gz-sensors7> component [rgbd_camera]
[1.167s] -- Looking for gz-sensors7-rgbd_camera -- found version 7.3.1
[1.167s] -- Searching for dependencies of gz-sensors7-rgbd_camera
[1.167s] -- Looking for gz-sensors7 -- found version 7.3.1
[1.168s] -- Searching for <gz-sensors7> component [thermal_camera]
[1.169s] -- Looking for gz-sensors7-thermal_camera -- found version 7.3.1
[1.169s] -- Searching for dependencies of gz-sensors7-thermal_camera
[1.170s] -- Looking for gz-sensors7 -- found version 7.3.1
[1.170s] -- Searching for <gz-sensors7> component [wide_angle_camera]
[1.171s] -- Looking for gz-sensors7-wide_angle_camera -- found version 7.3.1
[1.172s] -- Searching for dependencies of gz-sensors7-wide_angle_camera
[1.172s] -- Looking for gz-rendering7 -- found version 7.5.0
[1.172s] -- Looking for gz-math7 -- found version 7.5.1
[1.173s] -- Looking for gz-utils2 -- found version 2.2.1
[1.188s] -- Looking for gz-common5 -- found version 5.7.1
[1.189s] -- Looking for gz-fuel_tools8 -- found version 8.2.0
[1.189s] -- Looking for gz-math7 -- found version 7.5.1
[1.189s] -- Looking for gz-msgs9 -- found version 9.5.1
[1.189s] -- Looking for gz-transport12 -- found version 12.2.2
[1.190s] -- Looking for gz-plugin2 -- found version 2.0.4
[1.190s] -- Looking for gz-rendering7 -- found version 7.5.0
[1.190s] -- Looking for gz-sensors7 -- found version 7.3.1
[1.190s] -- Looking for gz-utils2 -- found version 2.2.1
[1.191s] -- Looking for sdformat13 -- found version 13.9.0
[1.192s] -- Found std_msgs: 4.8.0 (/opt/ros/humble/share/std_msgs/cmake)
[1.210s] -- Found rosidl_generator_c: 3.1.6 (/opt/ros/humble/share/rosidl_generator_c/cmake)
[1.213s] -- Found rosidl_adapter: 3.1.6 (/opt/ros/humble/share/rosidl_adapter/cmake)
[1.218s] -- Found rosidl_generator_cpp: 3.1.6 (/opt/ros/humble/share/rosidl_generator_cpp/cmake)
[1.226s] -- Using all available rosidl_typesupport_c: rosidl_typesupport_fastrtps_c;rosidl_typesupport_introspection_c
[1.236s] -- Using all available rosidl_typesupport_cpp: rosidl_typesupport_fastrtps_cpp;rosidl_typesupport_introspection_cpp
[1.343s] -- Configuring done
[1.414s] -- Generating done
[1.427s] -- Build files have been written to: /home/kjoon/vrx_ws/build/vrx_gz
[1.438s] Invoked command in '/home/kjoon/vrx_ws/build/vrx_gz' returned '0': CMAKE_PREFIX_PATH=${CMAKE_PREFIX_PATH}:/opt/ros/humble PYTHONPATH=/home/kjoon/vrx_ws/install/lib/python3.10/site-packages:/home/kjoon/vrx_ws/install/local/lib/python3.10/dist-packages:/opt/ros/humble/lib/python3.10/site-packages:/opt/ros/humble/local/lib/python3.10/dist-packages /usr/bin/cmake /home/kjoon/vrx_ws/src/vrx/vrx_gz -DCMAKE_INSTALL_PREFIX=/home/kjoon/vrx_ws/install
[1.439s] Invoking command in '/home/kjoon/vrx_ws/build/vrx_gz': CMAKE_PREFIX_PATH=${CMAKE_PREFIX_PATH}:/opt/ros/humble PYTHONPATH=/home/kjoon/vrx_ws/install/lib/python3.10/site-packages:/home/kjoon/vrx_ws/install/local/lib/python3.10/dist-packages:/opt/ros/humble/lib/python3.10/site-packages:/opt/ros/humble/local/lib/python3.10/dist-packages /usr/bin/cmake --build /home/kjoon/vrx_ws/build/vrx_gz -- -j16 -l16
[1.474s] [  2%] [32mBuilding CXX object CMakeFiles/Waves.dir/src/Wavefield.cc.o[0m
[1.474s] [  4%] [32mBuilding CXX object CMakeFiles/ScoringPlugin.dir/src/ScoringPlugin.cc.o[0m
[1.479s] [  4%] Built target ament_cmake_python_copy_vrx_gz
[1.640s] running egg_info
[1.641s] creating vrx_gz.egg-info
[1.641s] writing vrx_gz.egg-info/PKG-INFO
[1.641s] writing dependency_links to vrx_gz.egg-info/dependency_links.txt
[1.641s] writing top-level names to vrx_gz.egg-info/top_level.txt
[1.641s] writing manifest file 'vrx_gz.egg-info/SOURCES.txt'
[1.642s] reading manifest file 'vrx_gz.egg-info/SOURCES.txt'
[1.643s] writing manifest file 'vrx_gz.egg-info/SOURCES.txt'
[1.662s] [  4%] Built target ament_cmake_python_build_vrx_gz_egg
[3.657s] [  6%] [32m[1mLinking CXX shared library libWaves.so[0m
[3.797s] [  6%] Built target Waves
[3.811s] [ 10%] [32mBuilding CXX object CMakeFiles/PolyhedraBuoyancyDrag.dir/src/PolyhedraBuoyancyDrag.cc.o[0m
[3.811s] [ 10%] [32mBuilding CXX object CMakeFiles/PolyhedraBuoyancyDrag.dir/src/PolyhedronVolume.cc.o[0m
[3.811s] [ 12%] [32mBuilding CXX object CMakeFiles/PolyhedraBuoyancyDrag.dir/src/ShapeVolume.cc.o[0m
[4.522s] [ 14%] [32m[1mLinking CXX shared library libScoringPlugin.so[0m
[4.688s] [ 14%] Built target ScoringPlugin
[4.708s] [ 16%] [32mBuilding CXX object CMakeFiles/WayfindingScoringPlugin.dir/src/WayfindingScoringPlugin.cc.o[0m
[4.708s] [ 25%] [32mBuilding CXX object CMakeFiles/AcousticPerceptionScoringPlugin.dir/src/AcousticPerceptionScoringPlugin.cc.o[0m
[4.708s] [ 25%] [32mBuilding CXX object CMakeFiles/AcousticPingerPlugin.dir/src/AcousticPingerPlugin.cc.o[0m
[4.708s] [ 25%] [32mBuilding CXX object CMakeFiles/StationkeepingScoringPlugin.dir/src/StationkeepingScoringPlugin.cc.o[0m
[4.708s] [ 25%] [32mBuilding CXX object CMakeFiles/AcousticTrackingScoringPlugin.dir/src/AcousticTrackingScoringPlugin.cc.o[0m
[4.708s] [ 27%] [32mBuilding CXX object CMakeFiles/LightBuoyPlugin.dir/src/LightBuoyPlugin.cc.o[0m
[4.708s] [ 29%] [32mBuilding CXX object CMakeFiles/BallShooterPlugin.dir/src/BallShooterPlugin.cc.o[0m
[4.708s] [ 31%] [32mBuilding CXX object CMakeFiles/PerceptionScoringPlugin.dir/src/PerceptionScoringPlugin.cc.o[0m
[4.708s] [ 33%] [32mBuilding CXX object CMakeFiles/ScanDockScoringPlugin.dir/src/ScanDockScoringPlugin.cc.o[0m
[4.708s] [ 35%] [32mBuilding CXX object CMakeFiles/SimpleHydrodynamics.dir/src/SimpleHydrodynamics.cc.o[0m
[4.709s] [ 37%] [32mBuilding CXX object CMakeFiles/GymkhanaScoringPlugin.dir/src/GymkhanaScoringPlugin.cc.o[0m
[4.709s] [ 39%] [32mBuilding CXX object CMakeFiles/PlacardPlugin.dir/src/PlacardPlugin.cc.o[0m
[4.715s] [ 41%] [32mBuilding CXX object CMakeFiles/PublisherPlugin.dir/src/PublisherPlugin.cc.o[0m
[4.715s] [ 43%] [32mBuilding CXX object CMakeFiles/NavigationScoringPlugin.dir/src/NavigationScoringPlugin.cc.o[0m
[4.976s] [ 45%] [32mBuilding CXX object CMakeFiles/WayfindingScoringPlugin.dir/src/WaypointMarkers.cc.o[0m
[8.674s] [ 47%] [32m[1mLinking CXX shared library libPublisherPlugin.so[0m
[8.996s] [ 47%] Built target PublisherPlugin
[9.010s] [ 50%] [32mBuilding CXX object CMakeFiles/AcousticPerceptionScoringPlugin.dir/src/WaypointMarkers.cc.o[0m
[9.032s] [ 52%] [32m[1mLinking CXX shared library libLightBuoyPlugin.so[0m
[9.348s] [ 52%] Built target LightBuoyPlugin
[9.356s] [ 54%] [32mBuilding CXX object CMakeFiles/AcousticTrackingScoringPlugin.dir/src/WaypointMarkers.cc.o[0m
[9.988s] [ 56%] [32m[1mLinking CXX shared library libGymkhanaScoringPlugin.so[0m
[10.129s] [ 58%] [32m[1mLinking CXX shared library libSimpleHydrodynamics.so[0m
[10.291s] [ 60%] [32m[1mLinking CXX shared library libPolyhedraBuoyancyDrag.so[0m
[10.322s] [ 62%] [32m[1mLinking CXX shared library libPlacardPlugin.so[0m
[10.370s] [ 62%] Built target GymkhanaScoringPlugin
[10.382s] [ 64%] [32mBuilding CXX object CMakeFiles/StationkeepingScoringPlugin.dir/src/WaypointMarkers.cc.o[0m
[10.451s] [ 64%] Built target SimpleHydrodynamics
[10.480s] [ 66%] [32mBuilding CXX object CMakeFiles/Surface.dir/src/Surface.cc.o[0m
[10.611s] [ 68%] [32mBuilding CXX object CMakeFiles/USVWind.dir/src/USVWind.cc.o[0m
[10.715s] [ 68%] Built target PlacardPlugin
[10.718s] [ 68%] Built target PolyhedraBuoyancyDrag
[10.734s] [ 70%] [32mBuilding CXX object CMakeFiles/WaveVisual.dir/src/WaveVisual.cc.o[0m
[10.741s] [ 72%] [32mBuilding CXX object CMakeFiles/WildlifeScoringPlugin.dir/src/WildlifeScoringPlugin.cc.o[0m
[11.013s] [ 75%] [32m[1mLinking CXX shared library libAcousticPingerPlugin.so[0m
[11.130s] [ 77%] [32m[1mLinking CXX shared library libPerceptionScoringPlugin.so[0m
[11.459s] [ 77%] Built target AcousticPingerPlugin
[11.582s] [ 77%] Built target PerceptionScoringPlugin
[11.892s] [ 79%] [32m[1mLinking CXX shared library libWayfindingScoringPlugin.so[0m
[12.220s] [ 81%] [32m[1mLinking CXX shared library libNavigationScoringPlugin.so[0m
[12.267s] [ 81%] Built target WayfindingScoringPlugin
[12.423s] [ 81%] Built target NavigationScoringPlugin
[12.565s] [ 83%] [32m[1mLinking CXX shared library libBallShooterPlugin.so[0m
[12.811s] [ 83%] Built target BallShooterPlugin
[13.006s] [ 85%] [32m[1mLinking CXX shared library libScanDockScoringPlugin.so[0m
[13.243s] [ 85%] Built target ScanDockScoringPlugin
[13.667s] [ 87%] [32m[1mLinking CXX shared library libAcousticPerceptionScoringPlugin.so[0m
[13.894s] [ 87%] Built target AcousticPerceptionScoringPlugin
[14.009s] [ 89%] [32m[1mLinking CXX shared library libAcousticTrackingScoringPlugin.so[0m
[14.224s] [ 89%] Built target AcousticTrackingScoringPlugin
[14.414s] [ 91%] [32m[1mLinking CXX shared library libStationkeepingScoringPlugin.so[0m
[14.629s] [ 91%] Built target StationkeepingScoringPlugin
[14.675s] [ 93%] [32m[1mLinking CXX shared library libSurface.so[0m
[14.860s] [ 93%] Built target Surface
[15.410s] [ 95%] [32m[1mLinking CXX shared library libWildlifeScoringPlugin.so[0m
[15.600s] [ 95%] Built target WildlifeScoringPlugin
[15.905s] [ 97%] [32m[1mLinking CXX shared library libWaveVisual.so[0m
[16.063s] [100%] [32m[1mLinking CXX shared library libUSVWind.so[0m
[16.086s] [100%] Built target WaveVisual
[16.228s] [100%] Built target USVWind
[16.237s] Invoked command in '/home/kjoon/vrx_ws/build/vrx_gz' returned '0': CMAKE_PREFIX_PATH=${CMAKE_PREFIX_PATH}:/opt/ros/humble PYTHONPATH=/home/kjoon/vrx_ws/install/lib/python3.10/site-packages:/home/kjoon/vrx_ws/install/local/lib/python3.10/dist-packages:/opt/ros/humble/lib/python3.10/site-packages:/opt/ros/humble/local/lib/python3.10/dist-packages /usr/bin/cmake --build /home/kjoon/vrx_ws/build/vrx_gz -- -j16 -l16
[16.238s] Invoking command in '/home/kjoon/vrx_ws/build/vrx_gz': CMAKE_PREFIX_PATH=${CMAKE_PREFIX_PATH}:/opt/ros/humble PYTHONPATH=/home/kjoon/vrx_ws/install/lib/python3.10/site-packages:/home/kjoon/vrx_ws/install/local/lib/python3.10/dist-packages:/opt/ros/humble/lib/python3.10/site-packages:/opt/ros/humble/local/lib/python3.10/dist-packages /usr/bin/cmake --install /home/kjoon/vrx_ws/build/vrx_gz
[16.243s] -- Install configuration: ""
[16.243s] -- Installing: /home/kjoon/vrx_ws/install/share/vrx_gz/environment/resource_paths.dsv
[16.243s] -- Installing: /home/kjoon/vrx_ws/install/share/vrx_gz/environment/resource_paths.sh
[16.243s] -- Installing: /home/kjoon/vrx_ws/install/lib/libWaves.so
[16.244s] -- Installing: /home/kjoon/vrx_ws/install/lib/libPolyhedraBuoyancyDrag.so
[16.245s] -- Set runtime path of "/home/kjoon/vrx_ws/install/lib/libPolyhedraBuoyancyDrag.so" to ""
[16.245s] -- Installing: /home/kjoon/vrx_ws/install/lib/libScoringPlugin.so
[16.247s] -- Installing: /home/kjoon/vrx_ws/install/lib/libStationkeepingScoringPlugin.so
[16.249s] -- Set runtime path of "/home/kjoon/vrx_ws/install/lib/libStationkeepingScoringPlugin.so" to ""
[16.249s] -- Installing: /home/kjoon/vrx_ws/install/lib/libWayfindingScoringPlugin.so
[16.251s] -- Set runtime path of "/home/kjoon/vrx_ws/install/lib/libWayfindingScoringPlugin.so" to ""
[16.251s] -- Installing: /home/kjoon/vrx_ws/install/lib/libAcousticPerceptionScoringPlugin.so
[16.253s] -- Set runtime path of "/home/kjoon/vrx_ws/install/lib/libAcousticPerceptionScoringPlugin.so" to ""
[16.253s] -- Installing: /home/kjoon/vrx_ws/install/lib/libAcousticTrackingScoringPlugin.so
[16.255s] -- Set runtime path of "/home/kjoon/vrx_ws/install/lib/libAcousticTrackingScoringPlugin.so" to ""
[16.255s] -- Installing: /home/kjoon/vrx_ws/install/lib/libAcousticPingerPlugin.so
[16.256s] -- Set runtime path of "/home/kjoon/vrx_ws/install/lib/libAcousticPingerPlugin.so" to ""
[16.256s] -- Installing: /home/kjoon/vrx_ws/install/lib/libBallShooterPlugin.so
[16.258s] -- Set runtime path of "/home/kjoon/vrx_ws/install/lib/libBallShooterPlugin.so" to ""
[16.258s] -- Installing: /home/kjoon/vrx_ws/install/lib/libLightBuoyPlugin.so
[16.259s] -- Set runtime path of "/home/kjoon/vrx_ws/install/lib/libLightBuoyPlugin.so" to ""
[16.260s] -- Installing: /home/kjoon/vrx_ws/install/lib/libNavigationScoringPlugin.so
[16.261s] -- Set runtime path of "/home/kjoon/vrx_ws/install/lib/libNavigationScoringPlugin.so" to ""
[16.261s] -- Installing: /home/kjoon/vrx_ws/install/lib/libGymkhanaScoringPlugin.so
[16.263s] -- Set runtime path of "/home/kjoon/vrx_ws/install/lib/libGymkhanaScoringPlugin.so" to ""
[16.263s] -- Installing: /home/kjoon/vrx_ws/install/lib/libPerceptionScoringPlugin.so
[16.265s] -- Set runtime path of "/home/kjoon/vrx_ws/install/lib/libPerceptionScoringPlugin.so" to ""
[16.265s] -- Installing: /home/kjoon/vrx_ws/install/lib/libPlacardPlugin.so
[16.266s] -- Set runtime path of "/home/kjoon/vrx_ws/install/lib/libPlacardPlugin.so" to ""
[16.266s] -- Installing: /home/kjoon/vrx_ws/install/lib/libPublisherPlugin.so
[16.267s] -- Set runtime path of "/home/kjoon/vrx_ws/install/lib/libPublisherPlugin.so" to ""
[16.267s] -- Installing: /home/kjoon/vrx_ws/install/lib/libScanDockScoringPlugin.so
[16.269s] -- Set runtime path of "/home/kjoon/vrx_ws/install/lib/libScanDockScoringPlugin.so" to ""
[16.269s] -- Installing: /home/kjoon/vrx_ws/install/lib/libSimpleHydrodynamics.so
[16.270s] -- Set runtime path of "/home/kjoon/vrx_ws/install/lib/libSimpleHydrodynamics.so" to ""
[16.271s] -- Installing: /home/kjoon/vrx_ws/install/lib/libSurface.so
[16.272s] -- Set runtime path of "/home/kjoon/vrx_ws/install/lib/libSurface.so" to ""
[16.272s] -- Installing: /home/kjoon/vrx_ws/install/lib/libUSVWind.so
[16.273s] -- Set runtime path of "/home/kjoon/vrx_ws/install/lib/libUSVWind.so" to ""
[16.273s] -- Installing: /home/kjoon/vrx_ws/install/lib/libWaveVisual.so
[16.275s] -- Set runtime path of "/home/kjoon/vrx_ws/install/lib/libWaveVisual.so" to ""
[16.275s] -- Installing: /home/kjoon/vrx_ws/install/lib/libWildlifeScoringPlugin.so
[16.277s] -- Set runtime path of "/home/kjoon/vrx_ws/install/lib/libWildlifeScoringPlugin.so" to ""
[16.277s] -- Installing: /home/kjoon/vrx_ws/install/share/vrx_gz/environment/pythonpath.sh
[16.277s] -- Installing: /home/kjoon/vrx_ws/install/share/vrx_gz/environment/pythonpath.dsv
[16.277s] -- Installing: /home/kjoon/vrx_ws/install/local/lib/python3.10/dist-packages/vrx_gz-0.0.0-py3.10.egg-info
[16.277s] -- Installing: /home/kjoon/vrx_ws/install/local/lib/python3.10/dist-packages/vrx_gz-0.0.0-py3.10.egg-info/top_level.txt
[16.277s] -- Installing: /home/kjoon/vrx_ws/install/local/lib/python3.10/dist-packages/vrx_gz-0.0.0-py3.10.egg-info/PKG-INFO
[16.277s] -- Installing: /home/kjoon/vrx_ws/install/local/lib/python3.10/dist-packages/vrx_gz-0.0.0-py3.10.egg-info/dependency_links.txt
[16.277s] -- Installing: /home/kjoon/vrx_ws/install/local/lib/python3.10/dist-packages/vrx_gz-0.0.0-py3.10.egg-info/SOURCES.txt
[16.278s] -- Installing: /home/kjoon/vrx_ws/install/local/lib/python3.10/dist-packages/vrx_gz
[16.278s] -- Installing: /home/kjoon/vrx_ws/install/local/lib/python3.10/dist-packages/vrx_gz/bridge.py
[16.278s] -- Installing: /home/kjoon/vrx_ws/install/local/lib/python3.10/dist-packages/vrx_gz/payload_bridges.py
[16.278s] -- Installing: /home/kjoon/vrx_ws/install/local/lib/python3.10/dist-packages/vrx_gz/__init__.py
[16.278s] -- Installing: /home/kjoon/vrx_ws/install/local/lib/python3.10/dist-packages/vrx_gz/model.py
[16.278s] -- Installing: /home/kjoon/vrx_ws/install/local/lib/python3.10/dist-packages/vrx_gz/bridges.py
[16.278s] -- Installing: /home/kjoon/vrx_ws/install/local/lib/python3.10/dist-packages/vrx_gz/launch.py
[16.302s] Listing '/home/kjoon/vrx_ws/install/local/lib/python3.10/dist-packages/vrx_gz'...
[16.303s] Compiling '/home/kjoon/vrx_ws/install/local/lib/python3.10/dist-packages/vrx_gz/__init__.py'...
[16.303s] Compiling '/home/kjoon/vrx_ws/install/local/lib/python3.10/dist-packages/vrx_gz/bridge.py'...
[16.303s] Compiling '/home/kjoon/vrx_ws/install/local/lib/python3.10/dist-packages/vrx_gz/bridges.py'...
[16.303s] Compiling '/home/kjoon/vrx_ws/install/local/lib/python3.10/dist-packages/vrx_gz/launch.py'...
[16.303s] Compiling '/home/kjoon/vrx_ws/install/local/lib/python3.10/dist-packages/vrx_gz/model.py'...
[16.303s] Compiling '/home/kjoon/vrx_ws/install/local/lib/python3.10/dist-packages/vrx_gz/payload_bridges.py'...
[16.305s] -- Installing: /home/kjoon/vrx_ws/install/lib/vrx_gz/my_controller.py
[16.305s] -- Installing: /home/kjoon/vrx_ws/install/share/vrx_gz/config
[16.305s] -- Installing: /home/kjoon/vrx_ws/install/share/vrx_gz/config/roboboat.yaml
[16.305s] -- Installing: /home/kjoon/vrx_ws/install/share/vrx_gz/config/wamv.yaml
[16.305s] -- Installing: /home/kjoon/vrx_ws/install/share/vrx_gz/launch
[16.306s] -- Installing: /home/kjoon/vrx_ws/install/share/vrx_gz/launch/competition.launch.py
[16.306s] -- Installing: /home/kjoon/vrx_ws/install/share/vrx_gz/launch/vrx_environment.launch.py
[16.306s] -- Installing: /home/kjoon/vrx_ws/install/share/vrx_gz/launch/spawn_config.launch.py
[16.306s] -- Installing: /home/kjoon/vrx_ws/install/share/vrx_gz/launch/usv_joy_teleop.py
[16.306s] -- Installing: /home/kjoon/vrx_ws/install/share/vrx_gz/launch/spawn.launch.py
[16.306s] -- Installing: /home/kjoon/vrx_ws/install/share/vrx_gz/models
[16.306s] -- Installing: /home/kjoon/vrx_ws/install/share/vrx_gz/models/dock_2022
[16.306s] -- Installing: /home/kjoon/vrx_ws/install/share/vrx_gz/models/dock_2022/model.sdf
[16.306s] -- Installing: /home/kjoon/vrx_ws/install/share/vrx_gz/models/dock_2022/model.config
[16.306s] -- Installing: /home/kjoon/vrx_ws/install/share/vrx_gz/models/robotx_light_buoy_yrg
[16.306s] -- Installing: /home/kjoon/vrx_ws/install/share/vrx_gz/models/robotx_light_buoy_yrg/model.sdf
[16.306s] -- Installing: /home/kjoon/vrx_ws/install/share/vrx_gz/models/robotx_light_buoy_yrg/model.config
[16.307s] -- Installing: /home/kjoon/vrx_ws/install/share/vrx_gz/models/roboboat01
[16.307s] -- Installing: /home/kjoon/vrx_ws/install/share/vrx_gz/models/roboboat01/meshes
[16.307s] -- Installing: /home/kjoon/vrx_ws/install/share/vrx_gz/models/roboboat01/meshes/mount.dae
[16.307s] -- Installing: /home/kjoon/vrx_ws/install/share/vrx_gz/models/roboboat01/meshes/housing.dae
[16.307s] -- Installing: /home/kjoon/vrx_ws/install/share/vrx_gz/models/roboboat01/meshes/roboboat01.dae
[16.308s] -- Installing: /home/kjoon/vrx_ws/install/share/vrx_gz/models/roboboat01/meshes/prop.dae
[16.308s] -- Installing: /home/kjoon/vrx_ws/install/share/vrx_gz/models/roboboat01/model.sdf
[16.308s] -- Installing: /home/kjoon/vrx_ws/install/share/vrx_gz/models/roboboat01/model.config
[16.308s] -- Installing: /home/kjoon/vrx_ws/install/share/vrx_gz/models/roboboat01/materials
[16.308s] -- Installing: /home/kjoon/vrx_ws/install/share/vrx_gz/models/roboboat01/materials/scripts
[16.308s] -- Installing: /home/kjoon/vrx_ws/install/share/vrx_gz/models/roboboat01/materials/scripts/model.material
[16.309s] -- Installing: /home/kjoon/vrx_ws/install/share/vrx_gz/models/roboboat01/materials/textures
[16.309s] -- Installing: /home/kjoon/vrx_ws/install/share/vrx_gz/models/roboboat01/materials/textures/Thruster_Roughness.png
[16.310s] -- Installing: /home/kjoon/vrx_ws/install/share/vrx_gz/models/roboboat01/materials/textures/Boat01_Metallic.png
[16.310s] -- Installing: /home/kjoon/vrx_ws/install/share/vrx_gz/models/roboboat01/materials/textures/Thruster_Albedo.png
[16.311s] -- Installing: /home/kjoon/vrx_ws/install/share/vrx_gz/models/roboboat01/materials/textures/Boat01_Normal.png
[16.312s] -- Installing: /home/kjoon/vrx_ws/install/share/vrx_gz/models/roboboat01/materials/textures/Boat01_Albedo.png
[16.316s] -- Installing: /home/kjoon/vrx_ws/install/share/vrx_gz/models/roboboat01/materials/textures/Boat01_Roughness.png
[16.320s] -- Installing: /home/kjoon/vrx_ws/install/share/vrx_gz/models/robotx_light_buoy_bgy
[16.320s] -- Installing: /home/kjoon/vrx_ws/install/share/vrx_gz/models/robotx_light_buoy_bgy/model.sdf
[16.320s] -- Installing: /home/kjoon/vrx_ws/install/share/vrx_gz/models/robotx_light_buoy_bgy/model.config
[16.320s] -- Installing: /home/kjoon/vrx_ws/install/share/vrx_gz/models/obstacle_course
[16.320s] -- Installing: /home/kjoon/vrx_ws/install/share/vrx_gz/models/obstacle_course/model.sdf
[16.320s] -- Installing: /home/kjoon/vrx_ws/install/share/vrx_gz/models/obstacle_course/model.config
[16.320s] -- Installing: /home/kjoon/vrx_ws/install/share/vrx_gz/models/robotx_light_buoy_rgy
[16.320s] -- Installing: /home/kjoon/vrx_ws/install/share/vrx_gz/models/robotx_light_buoy_rgy/model.sdf
[16.320s] -- Installing: /home/kjoon/vrx_ws/install/share/vrx_gz/models/robotx_light_buoy_rgy/model.config
[16.320s] -- Installing: /home/kjoon/vrx_ws/install/share/vrx_gz/models/short_navigation_course_4
[16.320s] -- Installing: /home/kjoon/vrx_ws/install/share/vrx_gz/models/short_navigation_course_4/model.sdf
[16.320s] -- Installing: /home/kjoon/vrx_ws/install/share/vrx_gz/models/short_navigation_course_4/model.config
[16.320s] -- Installing: /home/kjoon/vrx_ws/install/share/vrx_gz/models/robotx_light_buoy_gbr
[16.320s] -- Installing: /home/kjoon/vrx_ws/install/share/vrx_gz/models/robotx_light_buoy_gbr/model.sdf
[16.321s] -- Installing: /home/kjoon/vrx_ws/install/share/vrx_gz/models/robotx_light_buoy_gbr/model.config
[16.321s] -- Installing: /home/kjoon/vrx_ws/install/share/vrx_gz/models/coast_waves
[16.321s] -- Installing: /home/kjoon/vrx_ws/install/share/vrx_gz/models/coast_waves/meshes
[16.321s] -- Installing: /home/kjoon/vrx_ws/install/share/vrx_gz/models/coast_waves/meshes/waterlow.dae
[16.331s] -- Installing: /home/kjoon/vrx_ws/install/share/vrx_gz/models/coast_waves/model.sdf
[16.331s] -- Installing: /home/kjoon/vrx_ws/install/share/vrx_gz/models/coast_waves/model.config
[16.331s] -- Installing: /home/kjoon/vrx_ws/install/share/vrx_gz/models/coast_waves/materials
[16.331s] -- Installing: /home/kjoon/vrx_ws/install/share/vrx_gz/models/coast_waves/materials/textures
[16.332s] -- Installing: /home/kjoon/vrx_ws/install/share/vrx_gz/models/coast_waves/materials/textures/skybox_lowres.dds
[16.332s] -- Installing: /home/kjoon/vrx_ws/install/share/vrx_gz/models/coast_waves/materials/textures/wave_normals.dds
[16.332s] -- Installing: /home/kjoon/vrx_ws/install/share/vrx_gz/models/coast_waves/materials/programs
[16.333s] -- Installing: /home/kjoon/vrx_ws/install/share/vrx_gz/models/coast_waves/materials/programs/GerstnerWaves_vs_330.glsl
[16.333s] -- Installing: /home/kjoon/vrx_ws/install/share/vrx_gz/models/coast_waves/materials/programs/GerstnerWaves_fs_330.glsl
[16.333s] -- Installing: /home/kjoon/vrx_ws/install/share/vrx_gz/models/dock_2022_base
[16.333s] -- Installing: /home/kjoon/vrx_ws/install/share/vrx_gz/models/dock_2022_base/model.sdf
[16.333s] -- Installing: /home/kjoon/vrx_ws/install/share/vrx_gz/models/dock_2022_base/model.config
[16.333s] -- Installing: /home/kjoon/vrx_ws/install/share/vrx_gz/models/platform
[16.333s] -- Installing: /home/kjoon/vrx_ws/install/share/vrx_gz/models/platform/model.sdf
[16.333s] -- Installing: /home/kjoon/vrx_ws/install/share/vrx_gz/models/platform/model.config
[16.333s] -- Installing: /home/kjoon/vrx_ws/install/share/vrx_gz/models/robotx_light_buoy_ybr
[16.333s] -- Installing: /home/kjoon/vrx_ws/install/share/vrx_gz/models/robotx_light_buoy_ybr/model.sdf
[16.333s] -- Installing: /home/kjoon/vrx_ws/install/share/vrx_gz/models/robotx_light_buoy_ybr/model.config
[16.333s] -- Installing: /home/kjoon/vrx_ws/install/share/vrx_gz/models/short_navigation_course_0
[16.333s] -- Installing: /home/kjoon/vrx_ws/install/share/vrx_gz/models/short_navigation_course_0/model.sdf
[16.333s] -- Installing: /home/kjoon/vrx_ws/install/share/vrx_gz/models/short_navigation_course_0/model.config
[16.334s] -- Installing: /home/kjoon/vrx_ws/install/share/vrx_gz/models/symbol_triangle
[16.334s] -- Installing: /home/kjoon/vrx_ws/install/share/vrx_gz/models/symbol_triangle/model.sdf
[16.334s] -- Installing: /home/kjoon/vrx_ws/install/share/vrx_gz/models/symbol_triangle/model.config
[16.334s] -- Installing: /home/kjoon/vrx_ws/install/share/vrx_gz/models/symbol_triangle/mesh
[16.334s] -- Installing: /home/kjoon/vrx_ws/install/share/vrx_gz/models/symbol_triangle/mesh/triangle.dae
[16.334s] -- Installing: /home/kjoon/vrx_ws/install/share/vrx_gz/models/short_course_2023_phase3_1
[16.334s] -- Installing: /home/kjoon/vrx_ws/install/share/vrx_gz/models/short_course_2023_phase3_1/model.sdf
[16.334s] -- Installing: /home/kjoon/vrx_ws/install/share/vrx_gz/models/short_course_2023_phase3_1/model.config
[16.334s] -- Installing: /home/kjoon/vrx_ws/install/share/vrx_gz/models/entrance_exit
[16.334s] -- Installing: /home/kjoon/vrx_ws/install/share/vrx_gz/models/entrance_exit/model.sdf
[16.334s] -- Installing: /home/kjoon/vrx_ws/install/share/vrx_gz/models/entrance_exit/model.config
[16.334s] -- Installing: /home/kjoon/vrx_ws/install/share/vrx_gz/models/robotx_light_buoy_rgb
[16.334s] -- Installing: /home/kjoon/vrx_ws/install/share/vrx_gz/models/robotx_light_buoy_rgb/model.sdf
[16.335s] -- Installing: /home/kjoon/vrx_ws/install/share/vrx_gz/models/robotx_light_buoy_rgb/model.config
[16.335s] -- Installing: /home/kjoon/vrx_ws/install/share/vrx_gz/models/robotx_light_buoy_rgb/mesh
[16.335s] -- Installing: /home/kjoon/vrx_ws/install/share/vrx_gz/models/robotx_light_buoy_rgb/mesh/LightTower_Roughness.png
[16.335s] -- Installing: /home/kjoon/vrx_ws/install/share/vrx_gz/models/robotx_light_buoy_rgb/mesh/LightTower_Opacity.png
[16.336s] -- Installing: /home/kjoon/vrx_ws/install/share/vrx_gz/models/robotx_light_buoy_rgb/mesh/LightTower_Normal.png
[16.338s] -- Installing: /home/kjoon/vrx_ws/install/share/vrx_gz/models/robotx_light_buoy_rgb/mesh/LightTower_Albedo.png
[16.340s] -- Installing: /home/kjoon/vrx_ws/install/share/vrx_gz/models/robotx_light_buoy_rgb/mesh/LightTower_Metalness.png
[16.340s] -- Installing: /home/kjoon/vrx_ws/install/share/vrx_gz/models/robotx_light_buoy_rgb/mesh/robotx_light_buoy.dae
[16.341s] -- Installing: /home/kjoon/vrx_ws/install/share/vrx_gz/models/articulated_platform
[16.342s] -- Installing: /home/kjoon/vrx_ws/install/share/vrx_gz/models/articulated_platform/model.sdf
[16.342s] -- Installing: /home/kjoon/vrx_ws/install/share/vrx_gz/models/articulated_platform/model.config
[16.342s] -- Installing: /home/kjoon/vrx_ws/install/share/vrx_gz/models/short_navigation_course_2
[16.342s] -- Installing: /home/kjoon/vrx_ws/install/share/vrx_gz/models/short_navigation_course_2/model.sdf
[16.342s] -- Installing: /home/kjoon/vrx_ws/install/share/vrx_gz/models/short_navigation_course_2/model.config
[16.342s] -- Installing: /home/kjoon/vrx_ws/install/share/vrx_gz/models/short_navigation_course_3
[16.342s] -- Installing: /home/kjoon/vrx_ws/install/share/vrx_gz/models/short_navigation_course_3/model.sdf
[16.342s] -- Installing: /home/kjoon/vrx_ws/install/share/vrx_gz/models/short_navigation_course_3/model.config
[16.342s] -- Installing: /home/kjoon/vrx_ws/install/share/vrx_gz/models/roboboat02
[16.342s] -- Installing: /home/kjoon/vrx_ws/install/share/vrx_gz/models/roboboat02/meshes
[16.342s] -- Installing: /home/kjoon/vrx_ws/install/share/vrx_gz/models/roboboat02/meshes/roboboat02.dae
[16.343s] -- Installing: /home/kjoon/vrx_ws/install/share/vrx_gz/models/roboboat02/model.sdf
[16.343s] -- Installing: /home/kjoon/vrx_ws/install/share/vrx_gz/models/roboboat02/model.config
[16.343s] -- Installing: /home/kjoon/vrx_ws/install/share/vrx_gz/models/roboboat02/materials
[16.343s] -- Installing: /home/kjoon/vrx_ws/install/share/vrx_gz/models/roboboat02/materials/scripts
[16.344s] -- Installing: /home/kjoon/vrx_ws/install/share/vrx_gz/models/roboboat02/materials/scripts/model.material
[16.344s] -- Installing: /home/kjoon/vrx_ws/install/share/vrx_gz/models/roboboat02/materials/textures
[16.344s] -- Installing: /home/kjoon/vrx_ws/install/share/vrx_gz/models/roboboat02/materials/textures/Boat02_Albedo.png
[16.348s] -- Installing: /home/kjoon/vrx_ws/install/share/vrx_gz/models/roboboat02/materials/textures/Boat02_Roughness.png
[16.351s] -- Installing: /home/kjoon/vrx_ws/install/share/vrx_gz/models/roboboat02/materials/textures/Boat02_Normal.png
[16.352s] -- Installing: /home/kjoon/vrx_ws/install/share/vrx_gz/models/roboboat02/materials/textures/Boat02_Metallic.png
[16.352s] -- Installing: /home/kjoon/vrx_ws/install/share/vrx_gz/models/robotx_light_buoy_rbg
[16.353s] -- Installing: /home/kjoon/vrx_ws/install/share/vrx_gz/models/robotx_light_buoy_rbg/model.sdf
[16.353s] -- Installing: /home/kjoon/vrx_ws/install/share/vrx_gz/models/robotx_light_buoy_rbg/model.config
[16.353s] -- Installing: /home/kjoon/vrx_ws/install/share/vrx_gz/models/short_navigation_course_5
[16.353s] -- Installing: /home/kjoon/vrx_ws/install/share/vrx_gz/models/short_navigation_course_5/model.sdf
[16.353s] -- Installing: /home/kjoon/vrx_ws/install/share/vrx_gz/models/short_navigation_course_5/model.config
[16.353s] -- Installing: /home/kjoon/vrx_ws/install/share/vrx_gz/models/short_course_2023_phase3_2
[16.353s] -- Installing: /home/kjoon/vrx_ws/install/share/vrx_gz/models/short_course_2023_phase3_2/model.sdf
[16.353s] -- Installing: /home/kjoon/vrx_ws/install/share/vrx_gz/models/short_course_2023_phase3_2/model.config
[16.353s] -- Installing: /home/kjoon/vrx_ws/install/share/vrx_gz/models/robotx_light_buoy_bgr
[16.353s] -- Installing: /home/kjoon/vrx_ws/install/share/vrx_gz/models/robotx_light_buoy_bgr/model.sdf
[16.353s] -- Installing: /home/kjoon/vrx_ws/install/share/vrx_gz/models/robotx_light_buoy_bgr/model.config
[16.353s] -- Installing: /home/kjoon/vrx_ws/install/share/vrx_gz/models/placard_2022
[16.353s] -- Installing: /home/kjoon/vrx_ws/install/share/vrx_gz/models/placard_2022/meshes
[16.354s] -- Installing: /home/kjoon/vrx_ws/install/share/vrx_gz/models/placard_2022/meshes/placard_2022.dae
[16.354s] -- Installing: /home/kjoon/vrx_ws/install/share/vrx_gz/models/placard_2022/model.sdf
[16.354s] -- Installing: /home/kjoon/vrx_ws/install/share/vrx_gz/models/placard_2022/model.config
[16.354s] -- Installing: /home/kjoon/vrx_ws/install/share/vrx_gz/models/placard_2022/materials
[16.354s] -- Installing: /home/kjoon/vrx_ws/install/share/vrx_gz/models/placard_2022/materials/textures
[16.354s] -- Installing: /home/kjoon/vrx_ws/install/share/vrx_gz/models/placard_2022/materials/textures/Placard.png
[16.354s] -- Installing: /home/kjoon/vrx_ws/install/share/vrx_gz/models/robotx_light_buoy_ygb
[16.354s] -- Installing: /home/kjoon/vrx_ws/install/share/vrx_gz/models/robotx_light_buoy_ygb/model.sdf
[16.354s] -- Installing: /home/kjoon/vrx_ws/install/share/vrx_gz/models/robotx_light_buoy_ygb/model.config
[16.354s] -- Installing: /home/kjoon/vrx_ws/install/share/vrx_gz/models/short_navigation_course_1
[16.354s] -- Installing: /home/kjoon/vrx_ws/install/share/vrx_gz/models/short_navigation_course_1/model.sdf
[16.354s] -- Installing: /home/kjoon/vrx_ws/install/share/vrx_gz/models/short_navigation_course_1/model.config
[16.354s] -- Installing: /home/kjoon/vrx_ws/install/share/vrx_gz/models/roboboat_cpubox
[16.354s] -- Installing: /home/kjoon/vrx_ws/install/share/vrx_gz/models/roboboat_cpubox/meshes
[16.355s] -- Installing: /home/kjoon/vrx_ws/install/share/vrx_gz/models/roboboat_cpubox/meshes/drybox.dae
[16.355s] -- Installing: /home/kjoon/vrx_ws/install/share/vrx_gz/models/roboboat_cpubox/model.sdf
[16.355s] -- Installing: /home/kjoon/vrx_ws/install/share/vrx_gz/models/roboboat_cpubox/model.config
[16.355s] -- Installing: /home/kjoon/vrx_ws/install/share/vrx_gz/models/roboboat_cpubox/materials
[16.355s] -- Installing: /home/kjoon/vrx_ws/install/share/vrx_gz/models/roboboat_cpubox/materials/textures
[16.355s] -- Installing: /home/kjoon/vrx_ws/install/share/vrx_gz/models/roboboat_cpubox/materials/textures/DryBox_Roughness.png
[16.363s] -- Installing: /home/kjoon/vrx_ws/install/share/vrx_gz/models/roboboat_cpubox/materials/textures/DryBox_Albedo.png
[16.368s] -- Installing: /home/kjoon/vrx_ws/install/share/vrx_gz/models/dock_block_4x4
[16.368s] -- Installing: /home/kjoon/vrx_ws/install/share/vrx_gz/models/dock_block_4x4/model.sdf
[16.368s] -- Installing: /home/kjoon/vrx_ws/install/share/vrx_gz/models/dock_block_4x4/model.config
[16.368s] -- Installing: /home/kjoon/vrx_ws/install/share/vrx_gz/models/dock_block_4x4/mesh
[16.369s] -- Installing: /home/kjoon/vrx_ws/install/share/vrx_gz/models/dock_block_4x4/mesh/DockCubes_Roughness.png
[16.369s] -- Installing: /home/kjoon/vrx_ws/install/share/vrx_gz/models/dock_block_4x4/mesh/dock_block_4x4.dae
[16.371s] -- Installing: /home/kjoon/vrx_ws/install/share/vrx_gz/models/dock_block_4x4/mesh/DockCubes_Albedo.png
[16.371s] -- Installing: /home/kjoon/vrx_ws/install/share/vrx_gz/models/dock_block_4x4/mesh/DockCubes_Normal.png
[16.394s] -- Installing: /home/kjoon/vrx_ws/install/share/vrx_gz/models/dock_block_4x4/mesh/DockCubes_Metalness.png
[16.394s] -- Installing: /home/kjoon/vrx_ws/install/share/vrx_gz/worlds
[16.394s] -- Installing: /home/kjoon/vrx_ws/install/share/vrx_gz/worlds/perception_task.sdf
[16.394s] -- Installing: /home/kjoon/vrx_ws/install/share/vrx_gz/worlds/sydney_regatta.sdf
[16.394s] -- Installing: /home/kjoon/vrx_ws/install/share/vrx_gz/worlds/nbpark.sdf
[16.394s] -- Installing: /home/kjoon/vrx_ws/install/share/vrx_gz/worlds/stationkeeping_task.sdf
[16.394s] -- Installing: /home/kjoon/vrx_ws/install/share/vrx_gz/worlds/wildlife_task.sdf
[16.394s] -- Installing: /home/kjoon/vrx_ws/install/share/vrx_gz/worlds/follow_path_task.sdf
[16.394s] -- Installing: /home/kjoon/vrx_ws/install/share/vrx_gz/worlds/scan_dock_deliver_task.sdf
[16.395s] -- Installing: /home/kjoon/vrx_ws/install/share/vrx_gz/worlds/wayfinding_task.sdf
[16.395s] -- Installing: /home/kjoon/vrx_ws/install/share/vrx_gz/worlds/2023_practice
[16.395s] -- Installing: /home/kjoon/vrx_ws/install/share/vrx_gz/worlds/2023_practice/practice_2023_follow_path1_task.sdf
[16.395s] -- Installing: /home/kjoon/vrx_ws/install/share/vrx_gz/worlds/2023_practice/practice_2023_acoustic_perception2_task.sdf
[16.395s] -- Installing: /home/kjoon/vrx_ws/install/share/vrx_gz/worlds/2023_practice/practice_2023_stationkeeping1_task.sdf
[16.395s] -- Installing: /home/kjoon/vrx_ws/install/share/vrx_gz/worlds/2023_practice/practice_2023_wayfinding0_task.sdf
[16.395s] -- Installing: /home/kjoon/vrx_ws/install/share/vrx_gz/worlds/2023_practice/practice_2023_follow_path2_task.sdf
[16.395s] -- Installing: /home/kjoon/vrx_ws/install/share/vrx_gz/worlds/2023_practice/practice_2023_perception2_task.sdf
[16.395s] -- Installing: /home/kjoon/vrx_ws/install/share/vrx_gz/worlds/2023_practice/practice_2023_acoustic_tracking1_task.sdf
[16.395s] -- Installing: /home/kjoon/vrx_ws/install/share/vrx_gz/worlds/2023_practice/practice_2023_wildlife2_task.sdf
[16.396s] -- Installing: /home/kjoon/vrx_ws/install/share/vrx_gz/worlds/2023_practice/practice_2023_stationkeeping0_task.sdf
[16.396s] -- Installing: /home/kjoon/vrx_ws/install/share/vrx_gz/worlds/2023_practice/practice_2023_scan_dock_deliver0_task.sdf
[16.396s] -- Installing: /home/kjoon/vrx_ws/install/share/vrx_gz/worlds/2023_practice/practice_2023_acoustic_tracking2_task.sdf
[16.396s] -- Installing: /home/kjoon/vrx_ws/install/share/vrx_gz/worlds/2023_practice/practice_2023_follow_path0_task.sdf
[16.396s] -- Installing: /home/kjoon/vrx_ws/install/share/vrx_gz/worlds/2023_practice/practice_2023_acoustic_perception1_task.sdf
[16.396s] -- Installing: /home/kjoon/vrx_ws/install/share/vrx_gz/worlds/2023_practice/practice_2023_acoustic_perception0_task.sdf
[16.396s] -- Installing: /home/kjoon/vrx_ws/install/share/vrx_gz/worlds/2023_practice/practice_2023_wayfinding1_task.sdf
[16.396s] -- Installing: /home/kjoon/vrx_ws/install/share/vrx_gz/worlds/2023_practice/practice_2023_wildlife1_task.sdf
[16.396s] -- Installing: /home/kjoon/vrx_ws/install/share/vrx_gz/worlds/2023_practice/practice_2023_perception0_task.sdf
[16.396s] -- Installing: /home/kjoon/vrx_ws/install/share/vrx_gz/worlds/2023_practice/practice_2023_acoustic_tracking0_task.sdf
[16.397s] -- Installing: /home/kjoon/vrx_ws/install/share/vrx_gz/worlds/2023_practice/practice_2023_wayfinding2_task.sdf
[16.397s] -- Installing: /home/kjoon/vrx_ws/install/share/vrx_gz/worlds/2023_practice/practice_2023_stationkeeping2_task.sdf
[16.397s] -- Installing: /home/kjoon/vrx_ws/install/share/vrx_gz/worlds/2023_practice/practice_2023_wildlife0_task.sdf
[16.397s] -- Installing: /home/kjoon/vrx_ws/install/share/vrx_gz/worlds/2023_practice/practice_2023_scan_dock_deliver2_task.sdf
[16.397s] -- Installing: /home/kjoon/vrx_ws/install/share/vrx_gz/worlds/2023_practice/practice_2023_scan_dock_deliver1_task.sdf
[16.397s] -- Installing: /home/kjoon/vrx_ws/install/share/vrx_gz/worlds/2023_practice/practice_2023_perception1_task.sdf
[16.397s] -- Installing: /home/kjoon/vrx_ws/install/share/vrx_gz/worlds/navigation_task.sdf
[16.397s] -- Installing: /home/kjoon/vrx_ws/install/share/vrx_gz/worlds/test.sdf
[16.397s] -- Installing: /home/kjoon/vrx_ws/install/share/vrx_gz/worlds/gymkhana_task.sdf
[16.397s] -- Installing: /home/kjoon/vrx_ws/install/share/vrx_gz/worlds/acoustic_tracking_task.sdf
[16.398s] -- Installing: /home/kjoon/vrx_ws/install/share/vrx_gz/worlds/acoustic_perception_task.sdf
[16.398s] -- Installing: /home/kjoon/vrx_ws/install/share/ament_index/resource_index/package_run_dependencies/vrx_gz
[16.398s] -- Installing: /home/kjoon/vrx_ws/install/share/ament_index/resource_index/parent_prefix_path/vrx_gz
[16.398s] -- Installing: /home/kjoon/vrx_ws/install/share/vrx_gz/environment/ament_prefix_path.sh
[16.398s] -- Installing: /home/kjoon/vrx_ws/install/share/vrx_gz/environment/ament_prefix_path.dsv
[16.398s] -- Installing: /home/kjoon/vrx_ws/install/share/vrx_gz/environment/path.sh
[16.398s] -- Installing: /home/kjoon/vrx_ws/install/share/vrx_gz/environment/path.dsv
[16.398s] -- Installing: /home/kjoon/vrx_ws/install/share/vrx_gz/local_setup.bash
[16.398s] -- Installing: /home/kjoon/vrx_ws/install/share/vrx_gz/local_setup.sh
[16.399s] -- Installing: /home/kjoon/vrx_ws/install/share/vrx_gz/local_setup.zsh
[16.399s] -- Installing: /home/kjoon/vrx_ws/install/share/vrx_gz/local_setup.dsv
[16.399s] -- Installing: /home/kjoon/vrx_ws/install/share/vrx_gz/package.dsv
[16.399s] -- Installing: /home/kjoon/vrx_ws/install/share/ament_index/resource_index/packages/vrx_gz
[16.399s] -- Installing: /home/kjoon/vrx_ws/install/share/vrx_gz/cmake/vrx_gzConfig.cmake
[16.399s] -- Installing: /home/kjoon/vrx_ws/install/share/vrx_gz/cmake/vrx_gzConfig-version.cmake
[16.399s] -- Installing: /home/kjoon/vrx_ws/install/share/vrx_gz/package.xml
[16.401s] Invoked command in '/home/kjoon/vrx_ws/build/vrx_gz' returned '0': CMAKE_PREFIX_PATH=${CMAKE_PREFIX_PATH}:/opt/ros/humble PYTHONPATH=/home/kjoon/vrx_ws/install/lib/python3.10/site-packages:/home/kjoon/vrx_ws/install/local/lib/python3.10/dist-packages:/opt/ros/humble/lib/python3.10/site-packages:/opt/ros/humble/local/lib/python3.10/dist-packages /usr/bin/cmake --install /home/kjoon/vrx_ws/build/vrx_gz
