running egg_info
creating ../../build/wamv_nav/wamv_nav.egg-info
writing ../../build/wamv_nav/wamv_nav.egg-info/PKG-INFO
writing dependency_links to ../../build/wamv_nav/wamv_nav.egg-info/dependency_links.txt
writing entry points to ../../build/wamv_nav/wamv_nav.egg-info/entry_points.txt
writing requirements to ../../build/wamv_nav/wamv_nav.egg-info/requires.txt
writing top-level names to ../../build/wamv_nav/wamv_nav.egg-info/top_level.txt
writing manifest file '../../build/wamv_nav/wamv_nav.egg-info/SOURCES.txt'
reading manifest file '../../build/wamv_nav/wamv_nav.egg-info/SOURCES.txt'
writing manifest file '../../build/wamv_nav/wamv_nav.egg-info/SOURCES.txt'
running build
running build_py
creating /home/kjoon/vrx_ws/build/wamv_nav/build
creating /home/kjoon/vrx_ws/build/wamv_nav/build/lib
creating /home/kjoon/vrx_ws/build/wamv_nav/build/lib/wamv_nav
copying wamv_nav/usv_controller.py -> /home/kjoon/vrx_ws/build/wamv_nav/build/lib/wamv_nav
copying wamv_nav/__init__.py -> /home/kjoon/vrx_ws/build/wamv_nav/build/lib/wamv_nav
copying wamv_nav/mission_manager.py -> /home/kjoon/vrx_ws/build/wamv_nav/build/lib/wamv_nav
running install
running install_lib
creating /home/kjoon/vrx_ws/install/lib/python3.10/site-packages/wamv_nav
copying /home/kjoon/vrx_ws/build/wamv_nav/build/lib/wamv_nav/usv_controller.py -> /home/kjoon/vrx_ws/install/lib/python3.10/site-packages/wamv_nav
copying /home/kjoon/vrx_ws/build/wamv_nav/build/lib/wamv_nav/__init__.py -> /home/kjoon/vrx_ws/install/lib/python3.10/site-packages/wamv_nav
copying /home/kjoon/vrx_ws/build/wamv_nav/build/lib/wamv_nav/mission_manager.py -> /home/kjoon/vrx_ws/install/lib/python3.10/site-packages/wamv_nav
byte-compiling /home/kjoon/vrx_ws/install/lib/python3.10/site-packages/wamv_nav/usv_controller.py to usv_controller.cpython-310.pyc
byte-compiling /home/kjoon/vrx_ws/install/lib/python3.10/site-packages/wamv_nav/__init__.py to __init__.cpython-310.pyc
byte-compiling /home/kjoon/vrx_ws/install/lib/python3.10/site-packages/wamv_nav/mission_manager.py to mission_manager.cpython-310.pyc
running install_data
copying resource/wamv_nav -> /home/kjoon/vrx_ws/install/share/ament_index/resource_index/packages
creating /home/kjoon/vrx_ws/install/share/wamv_nav
copying package.xml -> /home/kjoon/vrx_ws/install/share/wamv_nav
running install_egg_info
Copying ../../build/wamv_nav/wamv_nav.egg-info to /home/kjoon/vrx_ws/install/lib/python3.10/site-packages/wamv_nav-0.1.0-py3.10.egg-info
running install_scripts
Installing mission_manager script to /home/kjoon/vrx_ws/install/lib/wamv_nav
Installing usv_controller script to /home/kjoon/vrx_ws/install/lib/wamv_nav
writing list of installed files to '/home/kjoon/vrx_ws/build/wamv_nav/install.log'
