[0.391s] Invoking command in '/home/kjoon/vrx_ws/src/wamv_nav': PYTHONPATH=/home/kjoon/vrx_ws/build/wamv_nav/prefix_override:/usr/lib/python3/dist-packages/colcon_core/task/python/colcon_distutils_commands:/home/kjoon/vrx_ws/install/lib/python3.10/site-packages:${PYTHONPATH} /usr/bin/python3 -W ignore:setup.py install is deprecated -W ignore:easy_install command is deprecated setup.py egg_info --egg-base ../../build/wamv_nav build --build-base /home/kjoon/vrx_ws/build/wamv_nav/build install --record /home/kjoon/vrx_ws/build/wamv_nav/install.log --single-version-externally-managed install_data
[0.551s] running egg_info
[0.551s] creating ../../build/wamv_nav/wamv_nav.egg-info
[0.551s] writing ../../build/wamv_nav/wamv_nav.egg-info/PKG-INFO
[0.552s] writing dependency_links to ../../build/wamv_nav/wamv_nav.egg-info/dependency_links.txt
[0.552s] writing entry points to ../../build/wamv_nav/wamv_nav.egg-info/entry_points.txt
[0.552s] writing requirements to ../../build/wamv_nav/wamv_nav.egg-info/requires.txt
[0.552s] writing top-level names to ../../build/wamv_nav/wamv_nav.egg-info/top_level.txt
[0.552s] writing manifest file '../../build/wamv_nav/wamv_nav.egg-info/SOURCES.txt'
[0.553s] reading manifest file '../../build/wamv_nav/wamv_nav.egg-info/SOURCES.txt'
[0.553s] writing manifest file '../../build/wamv_nav/wamv_nav.egg-info/SOURCES.txt'
[0.553s] running build
[0.553s] running build_py
[0.553s] creating /home/kjoon/vrx_ws/build/wamv_nav/build
[0.554s] creating /home/kjoon/vrx_ws/build/wamv_nav/build/lib
[0.554s] creating /home/kjoon/vrx_ws/build/wamv_nav/build/lib/wamv_nav
[0.554s] copying wamv_nav/usv_controller.py -> /home/kjoon/vrx_ws/build/wamv_nav/build/lib/wamv_nav
[0.554s] copying wamv_nav/__init__.py -> /home/kjoon/vrx_ws/build/wamv_nav/build/lib/wamv_nav
[0.554s] copying wamv_nav/mission_manager.py -> /home/kjoon/vrx_ws/build/wamv_nav/build/lib/wamv_nav
[0.554s] running install
[0.554s] running install_lib
[0.554s] creating /home/kjoon/vrx_ws/install/lib/python3.10/site-packages/wamv_nav
[0.554s] copying /home/kjoon/vrx_ws/build/wamv_nav/build/lib/wamv_nav/usv_controller.py -> /home/kjoon/vrx_ws/install/lib/python3.10/site-packages/wamv_nav
[0.554s] copying /home/kjoon/vrx_ws/build/wamv_nav/build/lib/wamv_nav/__init__.py -> /home/kjoon/vrx_ws/install/lib/python3.10/site-packages/wamv_nav
[0.555s] copying /home/kjoon/vrx_ws/build/wamv_nav/build/lib/wamv_nav/mission_manager.py -> /home/kjoon/vrx_ws/install/lib/python3.10/site-packages/wamv_nav
[0.555s] byte-compiling /home/kjoon/vrx_ws/install/lib/python3.10/site-packages/wamv_nav/usv_controller.py to usv_controller.cpython-310.pyc
[0.555s] byte-compiling /home/kjoon/vrx_ws/install/lib/python3.10/site-packages/wamv_nav/__init__.py to __init__.cpython-310.pyc
[0.556s] byte-compiling /home/kjoon/vrx_ws/install/lib/python3.10/site-packages/wamv_nav/mission_manager.py to mission_manager.cpython-310.pyc
[0.556s] running install_data
[0.556s] copying resource/wamv_nav -> /home/kjoon/vrx_ws/install/share/ament_index/resource_index/packages
[0.557s] creating /home/kjoon/vrx_ws/install/share/wamv_nav
[0.557s] copying package.xml -> /home/kjoon/vrx_ws/install/share/wamv_nav
[0.557s] running install_egg_info
[0.558s] Copying ../../build/wamv_nav/wamv_nav.egg-info to /home/kjoon/vrx_ws/install/lib/python3.10/site-packages/wamv_nav-0.1.0-py3.10.egg-info
[0.558s] running install_scripts
[0.571s] Installing mission_manager script to /home/kjoon/vrx_ws/install/lib/wamv_nav
[0.571s] Installing usv_controller script to /home/kjoon/vrx_ws/install/lib/wamv_nav
[0.571s] writing list of installed files to '/home/kjoon/vrx_ws/build/wamv_nav/install.log'
[0.587s] Invoked command in '/home/kjoon/vrx_ws/src/wamv_nav' returned '0': PYTHONPATH=/home/kjoon/vrx_ws/build/wamv_nav/prefix_override:/usr/lib/python3/dist-packages/colcon_core/task/python/colcon_distutils_commands:/home/kjoon/vrx_ws/install/lib/python3.10/site-packages:${PYTHONPATH} /usr/bin/python3 -W ignore:setup.py install is deprecated -W ignore:easy_install command is deprecated setup.py egg_info --egg-base ../../build/wamv_nav build --build-base /home/kjoon/vrx_ws/build/wamv_nav/build install --record /home/kjoon/vrx_ws/build/wamv_nav/install.log --single-version-externally-managed install_data
