[0.008s] Invoking command in '/home/kjoon/vrx_ws/build/px4_uv': CMAKE_PREFIX_PATH=${CMAKE_PREFIX_PATH}:/opt/ros/humble /usr/bin/cmake --build /home/kjoon/vrx_ws/build/px4_uv -- -j16 -l16
[0.039s] [  2%] Built target px4_uv__cpp
[0.039s] [ 12%] Built target px4_uv__rosidl_generator_c
[0.046s] [ 12%] Built target ament_cmake_python_copy_px4_uv
[0.054s] [ 30%] Built target px4_uv__rosidl_typesupport_cpp
[0.054s] [ 33%] Built target px4_uv__rosidl_typesupport_introspection_cpp
[0.054s] [ 43%] Built target px4_uv__rosidl_typesupport_fastrtps_cpp
[0.055s] [ 53%] Built target px4_uv__rosidl_typesupport_introspection_c
[0.055s] [ 64%] Built target px4_uv__rosidl_typesupport_fastrtps_c
[0.055s] [ 74%] Built target px4_uv__rosidl_typesupport_c
[0.069s] [ 74%] Built target px4_uv
[0.083s] [ 76%] Built target px4_uv__py
[0.100s] [ 84%] Built target px4_uv__rosidl_generator_py
[0.115s] [ 89%] Built target px4_uv__rosidl_typesupport_introspection_c__pyext
[0.115s] [100%] Built target px4_uv__rosidl_typesupport_c__pyext
[0.116s] [100%] Built target px4_uv__rosidl_typesupport_fastrtps_c__pyext
[0.221s] running egg_info
[0.221s] writing px4_uv.egg-info/PKG-INFO
[0.221s] writing dependency_links to px4_uv.egg-info/dependency_links.txt
[0.221s] writing top-level names to px4_uv.egg-info/top_level.txt
[0.223s] reading manifest file 'px4_uv.egg-info/SOURCES.txt'
[0.223s] writing manifest file 'px4_uv.egg-info/SOURCES.txt'
[0.240s] [100%] Built target ament_cmake_python_build_px4_uv_egg
[0.248s] Invoked command in '/home/kjoon/vrx_ws/build/px4_uv' returned '0': CMAKE_PREFIX_PATH=${CMAKE_PREFIX_PATH}:/opt/ros/humble /usr/bin/cmake --build /home/kjoon/vrx_ws/build/px4_uv -- -j16 -l16
[0.249s] Invoking command in '/home/kjoon/vrx_ws/build/px4_uv': CMAKE_PREFIX_PATH=${CMAKE_PREFIX_PATH}:/opt/ros/humble /usr/bin/cmake --install /home/kjoon/vrx_ws/build/px4_uv
[0.254s] -- Install configuration: ""
[0.254s] -- Up-to-date: /home/kjoon/vrx_ws/install/share/ament_index/resource_index/rosidl_interfaces/px4_uv
[0.254s] -- Up-to-date: /home/kjoon/vrx_ws/install/include/px4_uv/px4_uv
[0.254s] -- Up-to-date: /home/kjoon/vrx_ws/install/include/px4_uv/px4_uv/msg
[0.255s] -- Up-to-date: /home/kjoon/vrx_ws/install/include/px4_uv/px4_uv/msg/action.h
[0.255s] -- Up-to-date: /home/kjoon/vrx_ws/install/include/px4_uv/px4_uv/msg/detail
[0.255s] -- Up-to-date: /home/kjoon/vrx_ws/install/include/px4_uv/px4_uv/msg/detail/uv_state__type_support.h
[0.255s] -- Up-to-date: /home/kjoon/vrx_ws/install/include/px4_uv/px4_uv/msg/detail/action__struct.h
[0.255s] -- Up-to-date: /home/kjoon/vrx_ws/install/include/px4_uv/px4_uv/msg/detail/uv_state__functions.c
[0.255s] -- Up-to-date: /home/kjoon/vrx_ws/install/include/px4_uv/px4_uv/msg/detail/action__type_support.h
[0.255s] -- Up-to-date: /home/kjoon/vrx_ws/install/include/px4_uv/px4_uv/msg/detail/uv_state__functions.h
[0.255s] -- Up-to-date: /home/kjoon/vrx_ws/install/include/px4_uv/px4_uv/msg/detail/action__functions.c
[0.255s] -- Up-to-date: /home/kjoon/vrx_ws/install/include/px4_uv/px4_uv/msg/detail/uv_state__struct.h
[0.255s] -- Up-to-date: /home/kjoon/vrx_ws/install/include/px4_uv/px4_uv/msg/detail/action__functions.h
[0.255s] -- Up-to-date: /home/kjoon/vrx_ws/install/include/px4_uv/px4_uv/msg/rosidl_generator_c__visibility_control.h
[0.255s] -- Up-to-date: /home/kjoon/vrx_ws/install/include/px4_uv/px4_uv/msg/uv_state.h
[0.255s] -- Up-to-date: /home/kjoon/vrx_ws/install/share/px4_uv/environment/library_path.sh
[0.255s] -- Up-to-date: /home/kjoon/vrx_ws/install/share/px4_uv/environment/library_path.dsv
[0.256s] -- Up-to-date: /home/kjoon/vrx_ws/install/lib/libpx4_uv__rosidl_generator_c.so
[0.256s] -- Up-to-date: /home/kjoon/vrx_ws/install/include/px4_uv/px4_uv
[0.256s] -- Up-to-date: /home/kjoon/vrx_ws/install/include/px4_uv/px4_uv/msg
[0.256s] -- Up-to-date: /home/kjoon/vrx_ws/install/include/px4_uv/px4_uv/msg/detail
[0.256s] -- Up-to-date: /home/kjoon/vrx_ws/install/include/px4_uv/px4_uv/msg/detail/uv_state__rosidl_typesupport_fastrtps_c.h
[0.256s] -- Up-to-date: /home/kjoon/vrx_ws/install/include/px4_uv/px4_uv/msg/detail/action__rosidl_typesupport_fastrtps_c.h
[0.256s] -- Up-to-date: /home/kjoon/vrx_ws/install/include/px4_uv/px4_uv/msg/rosidl_typesupport_fastrtps_c__visibility_control.h
[0.256s] -- Up-to-date: /home/kjoon/vrx_ws/install/lib/libpx4_uv__rosidl_typesupport_fastrtps_c.so
[0.256s] -- Up-to-date: /home/kjoon/vrx_ws/install/include/px4_uv/px4_uv
[0.256s] -- Up-to-date: /home/kjoon/vrx_ws/install/include/px4_uv/px4_uv/msg
[0.256s] -- Up-to-date: /home/kjoon/vrx_ws/install/include/px4_uv/px4_uv/msg/rosidl_typesupport_introspection_c__visibility_control.h
[0.256s] -- Up-to-date: /home/kjoon/vrx_ws/install/include/px4_uv/px4_uv/msg/detail
[0.256s] -- Up-to-date: /home/kjoon/vrx_ws/install/include/px4_uv/px4_uv/msg/detail/action__rosidl_typesupport_introspection_c.h
[0.256s] -- Up-to-date: /home/kjoon/vrx_ws/install/include/px4_uv/px4_uv/msg/detail/uv_state__type_support.c
[0.256s] -- Up-to-date: /home/kjoon/vrx_ws/install/include/px4_uv/px4_uv/msg/detail/uv_state__rosidl_typesupport_introspection_c.h
[0.257s] -- Up-to-date: /home/kjoon/vrx_ws/install/include/px4_uv/px4_uv/msg/detail/action__type_support.c
[0.257s] -- Up-to-date: /home/kjoon/vrx_ws/install/lib/libpx4_uv__rosidl_typesupport_introspection_c.so
[0.257s] -- Up-to-date: /home/kjoon/vrx_ws/install/lib/libpx4_uv__rosidl_typesupport_c.so
[0.257s] -- Up-to-date: /home/kjoon/vrx_ws/install/include/px4_uv/px4_uv
[0.257s] -- Up-to-date: /home/kjoon/vrx_ws/install/include/px4_uv/px4_uv/msg
[0.257s] -- Up-to-date: /home/kjoon/vrx_ws/install/include/px4_uv/px4_uv/msg/rosidl_generator_cpp__visibility_control.hpp
[0.257s] -- Up-to-date: /home/kjoon/vrx_ws/install/include/px4_uv/px4_uv/msg/uv_state.hpp
[0.257s] -- Up-to-date: /home/kjoon/vrx_ws/install/include/px4_uv/px4_uv/msg/detail
[0.257s] -- Up-to-date: /home/kjoon/vrx_ws/install/include/px4_uv/px4_uv/msg/detail/action__builder.hpp
[0.257s] -- Up-to-date: /home/kjoon/vrx_ws/install/include/px4_uv/px4_uv/msg/detail/uv_state__traits.hpp
[0.257s] -- Up-to-date: /home/kjoon/vrx_ws/install/include/px4_uv/px4_uv/msg/detail/action__traits.hpp
[0.258s] -- Up-to-date: /home/kjoon/vrx_ws/install/include/px4_uv/px4_uv/msg/detail/action__type_support.hpp
[0.258s] -- Up-to-date: /home/kjoon/vrx_ws/install/include/px4_uv/px4_uv/msg/detail/uv_state__type_support.hpp
[0.258s] -- Up-to-date: /home/kjoon/vrx_ws/install/include/px4_uv/px4_uv/msg/detail/action__struct.hpp
[0.258s] -- Up-to-date: /home/kjoon/vrx_ws/install/include/px4_uv/px4_uv/msg/detail/uv_state__struct.hpp
[0.258s] -- Up-to-date: /home/kjoon/vrx_ws/install/include/px4_uv/px4_uv/msg/detail/uv_state__builder.hpp
[0.258s] -- Up-to-date: /home/kjoon/vrx_ws/install/include/px4_uv/px4_uv/msg/action.hpp
[0.258s] -- Up-to-date: /home/kjoon/vrx_ws/install/include/px4_uv/px4_uv
[0.258s] -- Up-to-date: /home/kjoon/vrx_ws/install/include/px4_uv/px4_uv/msg
[0.258s] -- Up-to-date: /home/kjoon/vrx_ws/install/include/px4_uv/px4_uv/msg/rosidl_typesupport_fastrtps_cpp__visibility_control.h
[0.259s] -- Up-to-date: /home/kjoon/vrx_ws/install/include/px4_uv/px4_uv/msg/detail
[0.259s] -- Up-to-date: /home/kjoon/vrx_ws/install/include/px4_uv/px4_uv/msg/detail/uv_state__rosidl_typesupport_fastrtps_cpp.hpp
[0.259s] -- Up-to-date: /home/kjoon/vrx_ws/install/include/px4_uv/px4_uv/msg/detail/dds_fastrtps
[0.259s] -- Up-to-date: /home/kjoon/vrx_ws/install/include/px4_uv/px4_uv/msg/detail/action__rosidl_typesupport_fastrtps_cpp.hpp
[0.259s] -- Up-to-date: /home/kjoon/vrx_ws/install/lib/libpx4_uv__rosidl_typesupport_fastrtps_cpp.so
[0.259s] -- Up-to-date: /home/kjoon/vrx_ws/install/include/px4_uv/px4_uv
[0.259s] -- Up-to-date: /home/kjoon/vrx_ws/install/include/px4_uv/px4_uv/msg
[0.259s] -- Up-to-date: /home/kjoon/vrx_ws/install/include/px4_uv/px4_uv/msg/detail
[0.259s] -- Up-to-date: /home/kjoon/vrx_ws/install/include/px4_uv/px4_uv/msg/detail/uv_state__type_support.cpp
[0.259s] -- Up-to-date: /home/kjoon/vrx_ws/install/include/px4_uv/px4_uv/msg/detail/uv_state__rosidl_typesupport_introspection_cpp.hpp
[0.259s] -- Up-to-date: /home/kjoon/vrx_ws/install/include/px4_uv/px4_uv/msg/detail/action__type_support.cpp
[0.259s] -- Up-to-date: /home/kjoon/vrx_ws/install/include/px4_uv/px4_uv/msg/detail/action__rosidl_typesupport_introspection_cpp.hpp
[0.259s] -- Up-to-date: /home/kjoon/vrx_ws/install/lib/libpx4_uv__rosidl_typesupport_introspection_cpp.so
[0.259s] -- Up-to-date: /home/kjoon/vrx_ws/install/lib/libpx4_uv__rosidl_typesupport_cpp.so
[0.261s] -- Up-to-date: /home/kjoon/vrx_ws/install/share/px4_uv/environment/pythonpath.sh
[0.261s] -- Up-to-date: /home/kjoon/vrx_ws/install/share/px4_uv/environment/pythonpath.dsv
[0.261s] -- Up-to-date: /home/kjoon/vrx_ws/install/local/lib/python3.10/dist-packages/px4_uv-0.0.1-py3.10.egg-info
[0.261s] -- Installing: /home/kjoon/vrx_ws/install/local/lib/python3.10/dist-packages/px4_uv-0.0.1-py3.10.egg-info/top_level.txt
[0.261s] -- Installing: /home/kjoon/vrx_ws/install/local/lib/python3.10/dist-packages/px4_uv-0.0.1-py3.10.egg-info/PKG-INFO
[0.261s] -- Installing: /home/kjoon/vrx_ws/install/local/lib/python3.10/dist-packages/px4_uv-0.0.1-py3.10.egg-info/dependency_links.txt
[0.261s] -- Installing: /home/kjoon/vrx_ws/install/local/lib/python3.10/dist-packages/px4_uv-0.0.1-py3.10.egg-info/SOURCES.txt
[0.261s] -- Up-to-date: /home/kjoon/vrx_ws/install/local/lib/python3.10/dist-packages/px4_uv
[0.261s] -- Up-to-date: /home/kjoon/vrx_ws/install/local/lib/python3.10/dist-packages/px4_uv/_px4_uv_s.ep.rosidl_typesupport_c.c
[0.261s] -- Up-to-date: /home/kjoon/vrx_ws/install/local/lib/python3.10/dist-packages/px4_uv/msg
[0.262s] -- Up-to-date: /home/kjoon/vrx_ws/install/local/lib/python3.10/dist-packages/px4_uv/msg/_action_s.c
[0.262s] -- Up-to-date: /home/kjoon/vrx_ws/install/local/lib/python3.10/dist-packages/px4_uv/msg/_uv_state.py
[0.262s] -- Up-to-date: /home/kjoon/vrx_ws/install/local/lib/python3.10/dist-packages/px4_uv/msg/__init__.py
[0.262s] -- Up-to-date: /home/kjoon/vrx_ws/install/local/lib/python3.10/dist-packages/px4_uv/msg/_uv_state_s.c
[0.262s] -- Up-to-date: /home/kjoon/vrx_ws/install/local/lib/python3.10/dist-packages/px4_uv/msg/_action.py
[0.262s] -- Up-to-date: /home/kjoon/vrx_ws/install/local/lib/python3.10/dist-packages/px4_uv/__init__.py
[0.262s] -- Up-to-date: /home/kjoon/vrx_ws/install/local/lib/python3.10/dist-packages/px4_uv/_px4_uv_s.ep.rosidl_typesupport_fastrtps_c.c
[0.262s] -- Up-to-date: /home/kjoon/vrx_ws/install/local/lib/python3.10/dist-packages/px4_uv/libpx4_uv__rosidl_generator_py.so
[0.262s] -- Up-to-date: /home/kjoon/vrx_ws/install/local/lib/python3.10/dist-packages/px4_uv/px4_uv_s__rosidl_typesupport_introspection_c.cpython-310-x86_64-linux-gnu.so
[0.262s] -- Up-to-date: /home/kjoon/vrx_ws/install/local/lib/python3.10/dist-packages/px4_uv/px4_uv_s__rosidl_typesupport_c.cpython-310-x86_64-linux-gnu.so
[0.262s] -- Up-to-date: /home/kjoon/vrx_ws/install/local/lib/python3.10/dist-packages/px4_uv/_px4_uv_s.ep.rosidl_typesupport_introspection_c.c
[0.262s] -- Up-to-date: /home/kjoon/vrx_ws/install/local/lib/python3.10/dist-packages/px4_uv/px4_uv_s__rosidl_typesupport_fastrtps_c.cpython-310-x86_64-linux-gnu.so
[0.278s] Listing '/home/kjoon/vrx_ws/install/local/lib/python3.10/dist-packages/px4_uv'...
[0.279s] Listing '/home/kjoon/vrx_ws/install/local/lib/python3.10/dist-packages/px4_uv/msg'...
[0.281s] -- Up-to-date: /home/kjoon/vrx_ws/install/local/lib/python3.10/dist-packages/px4_uv/px4_uv_s__rosidl_typesupport_fastrtps_c.cpython-310-x86_64-linux-gnu.so
[0.281s] -- Up-to-date: /home/kjoon/vrx_ws/install/local/lib/python3.10/dist-packages/px4_uv/px4_uv_s__rosidl_typesupport_introspection_c.cpython-310-x86_64-linux-gnu.so
[0.282s] -- Up-to-date: /home/kjoon/vrx_ws/install/local/lib/python3.10/dist-packages/px4_uv/px4_uv_s__rosidl_typesupport_c.cpython-310-x86_64-linux-gnu.so
[0.282s] -- Up-to-date: /home/kjoon/vrx_ws/install/lib/libpx4_uv__rosidl_generator_py.so
[0.282s] -- Up-to-date: /home/kjoon/vrx_ws/install/share/px4_uv/msg/Action.idl
[0.282s] -- Up-to-date: /home/kjoon/vrx_ws/install/share/px4_uv/msg/UvState.idl
[0.282s] -- Up-to-date: /home/kjoon/vrx_ws/install/share/px4_uv/msg/Action.msg
[0.282s] -- Up-to-date: /home/kjoon/vrx_ws/install/share/px4_uv/msg/UvState.msg
[0.283s] -- Up-to-date: /home/kjoon/vrx_ws/install/share/ament_index/resource_index/package_run_dependencies/px4_uv
[0.283s] -- Up-to-date: /home/kjoon/vrx_ws/install/share/ament_index/resource_index/parent_prefix_path/px4_uv
[0.283s] -- Up-to-date: /home/kjoon/vrx_ws/install/share/px4_uv/environment/ament_prefix_path.sh
[0.283s] -- Up-to-date: /home/kjoon/vrx_ws/install/share/px4_uv/environment/ament_prefix_path.dsv
[0.283s] -- Up-to-date: /home/kjoon/vrx_ws/install/share/px4_uv/environment/path.sh
[0.283s] -- Up-to-date: /home/kjoon/vrx_ws/install/share/px4_uv/environment/path.dsv
[0.283s] -- Up-to-date: /home/kjoon/vrx_ws/install/share/px4_uv/local_setup.bash
[0.283s] -- Up-to-date: /home/kjoon/vrx_ws/install/share/px4_uv/local_setup.sh
[0.283s] -- Up-to-date: /home/kjoon/vrx_ws/install/share/px4_uv/local_setup.zsh
[0.283s] -- Up-to-date: /home/kjoon/vrx_ws/install/share/px4_uv/local_setup.dsv
[0.283s] -- Installing: /home/kjoon/vrx_ws/install/share/px4_uv/package.dsv
[0.283s] -- Up-to-date: /home/kjoon/vrx_ws/install/share/ament_index/resource_index/packages/px4_uv
[0.283s] -- Up-to-date: /home/kjoon/vrx_ws/install/share/px4_uv/cmake/export_px4_uv__rosidl_generator_cExport.cmake
[0.283s] -- Up-to-date: /home/kjoon/vrx_ws/install/share/px4_uv/cmake/export_px4_uv__rosidl_generator_cExport-noconfig.cmake
[0.283s] -- Up-to-date: /home/kjoon/vrx_ws/install/share/px4_uv/cmake/export_px4_uv__rosidl_typesupport_fastrtps_cExport.cmake
[0.284s] -- Up-to-date: /home/kjoon/vrx_ws/install/share/px4_uv/cmake/export_px4_uv__rosidl_typesupport_fastrtps_cExport-noconfig.cmake
[0.284s] -- Up-to-date: /home/kjoon/vrx_ws/install/share/px4_uv/cmake/px4_uv__rosidl_typesupport_introspection_cExport.cmake
[0.284s] -- Up-to-date: /home/kjoon/vrx_ws/install/share/px4_uv/cmake/px4_uv__rosidl_typesupport_introspection_cExport-noconfig.cmake
[0.284s] -- Up-to-date: /home/kjoon/vrx_ws/install/share/px4_uv/cmake/px4_uv__rosidl_typesupport_cExport.cmake
[0.284s] -- Up-to-date: /home/kjoon/vrx_ws/install/share/px4_uv/cmake/px4_uv__rosidl_typesupport_cExport-noconfig.cmake
[0.284s] -- Up-to-date: /home/kjoon/vrx_ws/install/share/px4_uv/cmake/export_px4_uv__rosidl_generator_cppExport.cmake
[0.284s] -- Up-to-date: /home/kjoon/vrx_ws/install/share/px4_uv/cmake/export_px4_uv__rosidl_typesupport_fastrtps_cppExport.cmake
[0.284s] -- Up-to-date: /home/kjoon/vrx_ws/install/share/px4_uv/cmake/export_px4_uv__rosidl_typesupport_fastrtps_cppExport-noconfig.cmake
[0.284s] -- Up-to-date: /home/kjoon/vrx_ws/install/share/px4_uv/cmake/px4_uv__rosidl_typesupport_introspection_cppExport.cmake
[0.284s] -- Up-to-date: /home/kjoon/vrx_ws/install/share/px4_uv/cmake/px4_uv__rosidl_typesupport_introspection_cppExport-noconfig.cmake
[0.284s] -- Up-to-date: /home/kjoon/vrx_ws/install/share/px4_uv/cmake/px4_uv__rosidl_typesupport_cppExport.cmake
[0.284s] -- Up-to-date: /home/kjoon/vrx_ws/install/share/px4_uv/cmake/px4_uv__rosidl_typesupport_cppExport-noconfig.cmake
[0.284s] -- Up-to-date: /home/kjoon/vrx_ws/install/share/px4_uv/cmake/export_px4_uv__rosidl_generator_pyExport.cmake
[0.284s] -- Up-to-date: /home/kjoon/vrx_ws/install/share/px4_uv/cmake/export_px4_uv__rosidl_generator_pyExport-noconfig.cmake
[0.284s] -- Up-to-date: /home/kjoon/vrx_ws/install/share/px4_uv/cmake/rosidl_cmake-extras.cmake
[0.284s] -- Up-to-date: /home/kjoon/vrx_ws/install/share/px4_uv/cmake/ament_cmake_export_dependencies-extras.cmake
[0.285s] -- Up-to-date: /home/kjoon/vrx_ws/install/share/px4_uv/cmake/ament_cmake_export_include_directories-extras.cmake
[0.285s] -- Up-to-date: /home/kjoon/vrx_ws/install/share/px4_uv/cmake/ament_cmake_export_libraries-extras.cmake
[0.285s] -- Up-to-date: /home/kjoon/vrx_ws/install/share/px4_uv/cmake/ament_cmake_export_targets-extras.cmake
[0.285s] -- Up-to-date: /home/kjoon/vrx_ws/install/share/px4_uv/cmake/rosidl_cmake_export_typesupport_targets-extras.cmake
[0.285s] -- Up-to-date: /home/kjoon/vrx_ws/install/share/px4_uv/cmake/rosidl_cmake_export_typesupport_libraries-extras.cmake
[0.285s] -- Up-to-date: /home/kjoon/vrx_ws/install/share/px4_uv/cmake/px4_uvConfig.cmake
[0.285s] -- Up-to-date: /home/kjoon/vrx_ws/install/share/px4_uv/cmake/px4_uvConfig-version.cmake
[0.285s] -- Up-to-date: /home/kjoon/vrx_ws/install/share/px4_uv/package.xml
[0.300s] Invoked command in '/home/kjoon/vrx_ws/build/px4_uv' returned '0': CMAKE_PREFIX_PATH=${CMAKE_PREFIX_PATH}:/opt/ros/humble /usr/bin/cmake --install /home/kjoon/vrx_ws/build/px4_uv
