[0.066s] DEBUG:colcon:Command line arguments: ['/usr/bin/colcon', 'build', '--merge-install']
[0.066s] DEBUG:colcon:Parsed command line arguments: Namespace(log_base=None, log_level=None, verb_name='build', build_base='build', install_base='install', merge_install=True, symlink_install=False, test_result_base=None, continue_on_error=False, executor='parallel', parallel_workers=16, event_handlers=None, ignore_user_meta=False, metas=['./colcon.meta'], base_paths=['.'], packages_ignore=None, packages_ignore_regex=None, paths=None, packages_up_to=None, packages_up_to_regex=None, packages_above=None, packages_above_and_dependencies=None, packages_above_depth=None, packages_select_by_dep=None, packages_skip_by_dep=None, packages_skip_up_to=None, packages_select_build_failed=False, packages_skip_build_finished=False, packages_select_test_failures=False, packages_skip_test_passed=False, packages_select=None, packages_skip=None, packages_select_regex=None, packages_skip_regex=None, packages_start=None, packages_end=None, allow_overriding=[], cmake_args=None, cmake_target=None, cmake_target_skip_unavailable=False, cmake_clean_cache=False, cmake_clean_first=False, cmake_force_configure=False, ament_cmake_args=None, catkin_cmake_args=None, catkin_skip_building_tests=False, mixin_files=None, mixin=None, verb_parser=<colcon_mixin.mixin.mixin_argument.MixinArgumentDecorator object at 0x718fc415b130>, verb_extension=<colcon_core.verb.build.BuildVerb object at 0x718fc415aaa0>, main=<bound method BuildVerb.main of <colcon_core.verb.build.BuildVerb object at 0x718fc415aaa0>>, mixin_verb=('build',))
[0.178s] Level 1:colcon.colcon_core.package_discovery:discover_packages(colcon_meta) check parameters
[0.178s] Level 1:colcon.colcon_core.package_discovery:discover_packages(recursive) check parameters
[0.178s] Level 1:colcon.colcon_core.package_discovery:discover_packages(ignore) check parameters
[0.178s] Level 1:colcon.colcon_core.package_discovery:discover_packages(path) check parameters
[0.178s] Level 1:colcon.colcon_core.package_discovery:discover_packages(colcon_meta) discover
[0.178s] Level 1:colcon.colcon_core.package_discovery:discover_packages(recursive) discover
[0.178s] INFO:colcon.colcon_core.package_discovery:Crawling recursively for packages in '/home/kjoon/vrx_ws'
[0.178s] Level 1:colcon.colcon_core.package_identification:_identify(.) by extensions ['ignore', 'ignore_ament_install']
[0.178s] Level 1:colcon.colcon_core.package_identification:_identify(.) by extension 'ignore'
[0.179s] Level 1:colcon.colcon_core.package_identification:_identify(.) by extension 'ignore_ament_install'
[0.179s] Level 1:colcon.colcon_core.package_identification:_identify(.) by extensions ['colcon_pkg']
[0.179s] Level 1:colcon.colcon_core.package_identification:_identify(.) by extension 'colcon_pkg'
[0.179s] Level 1:colcon.colcon_core.package_identification:_identify(.) by extensions ['colcon_meta']
[0.179s] Level 1:colcon.colcon_core.package_identification:_identify(.) by extension 'colcon_meta'
[0.179s] Level 1:colcon.colcon_core.package_identification:_identify(.) by extensions ['ros']
[0.179s] Level 1:colcon.colcon_core.package_identification:_identify(.) by extension 'ros'
[0.185s] Level 1:colcon.colcon_core.package_identification:_identify(.) by extensions ['cmake', 'python']
[0.185s] Level 1:colcon.colcon_core.package_identification:_identify(.) by extension 'cmake'
[0.185s] Level 1:colcon.colcon_core.package_identification:_identify(.) by extension 'python'
[0.185s] Level 1:colcon.colcon_core.package_identification:_identify(.) by extensions ['python_setup_py']
[0.185s] Level 1:colcon.colcon_core.package_identification:_identify(.) by extension 'python_setup_py'
[0.185s] Level 1:colcon.colcon_core.package_identification:_identify(build) by extensions ['ignore', 'ignore_ament_install']
[0.185s] Level 1:colcon.colcon_core.package_identification:_identify(build) by extension 'ignore'
[0.185s] Level 1:colcon.colcon_core.package_identification:_identify(build) ignored
[0.185s] Level 1:colcon.colcon_core.package_identification:_identify(install) by extensions ['ignore', 'ignore_ament_install']
[0.185s] Level 1:colcon.colcon_core.package_identification:_identify(install) by extension 'ignore'
[0.186s] Level 1:colcon.colcon_core.package_identification:_identify(install) ignored
[0.186s] Level 1:colcon.colcon_core.package_identification:_identify(log) by extensions ['ignore', 'ignore_ament_install']
[0.186s] Level 1:colcon.colcon_core.package_identification:_identify(log) by extension 'ignore'
[0.186s] Level 1:colcon.colcon_core.package_identification:_identify(log) ignored
[0.186s] Level 1:colcon.colcon_core.package_identification:_identify(src) by extensions ['ignore', 'ignore_ament_install']
[0.186s] Level 1:colcon.colcon_core.package_identification:_identify(src) by extension 'ignore'
[0.186s] Level 1:colcon.colcon_core.package_identification:_identify(src) by extension 'ignore_ament_install'
[0.186s] Level 1:colcon.colcon_core.package_identification:_identify(src) by extensions ['colcon_pkg']
[0.186s] Level 1:colcon.colcon_core.package_identification:_identify(src) by extension 'colcon_pkg'
[0.186s] Level 1:colcon.colcon_core.package_identification:_identify(src) by extensions ['colcon_meta']
[0.186s] Level 1:colcon.colcon_core.package_identification:_identify(src) by extension 'colcon_meta'
[0.186s] Level 1:colcon.colcon_core.package_identification:_identify(src) by extensions ['ros']
[0.186s] Level 1:colcon.colcon_core.package_identification:_identify(src) by extension 'ros'
[0.186s] Level 1:colcon.colcon_core.package_identification:_identify(src) by extensions ['cmake', 'python']
[0.186s] Level 1:colcon.colcon_core.package_identification:_identify(src) by extension 'cmake'
[0.186s] Level 1:colcon.colcon_core.package_identification:_identify(src) by extension 'python'
[0.186s] Level 1:colcon.colcon_core.package_identification:_identify(src) by extensions ['python_setup_py']
[0.186s] Level 1:colcon.colcon_core.package_identification:_identify(src) by extension 'python_setup_py'
[0.186s] Level 1:colcon.colcon_core.package_identification:_identify(src/px4_uv) by extensions ['ignore', 'ignore_ament_install']
[0.186s] Level 1:colcon.colcon_core.package_identification:_identify(src/px4_uv) by extension 'ignore'
[0.186s] Level 1:colcon.colcon_core.package_identification:_identify(src/px4_uv) by extension 'ignore_ament_install'
[0.186s] Level 1:colcon.colcon_core.package_identification:_identify(src/px4_uv) by extensions ['colcon_pkg']
[0.186s] Level 1:colcon.colcon_core.package_identification:_identify(src/px4_uv) by extension 'colcon_pkg'
[0.186s] Level 1:colcon.colcon_core.package_identification:_identify(src/px4_uv) by extensions ['colcon_meta']
[0.186s] Level 1:colcon.colcon_core.package_identification:_identify(src/px4_uv) by extension 'colcon_meta'
[0.186s] Level 1:colcon.colcon_core.package_identification:_identify(src/px4_uv) by extensions ['ros']
[0.186s] Level 1:colcon.colcon_core.package_identification:_identify(src/px4_uv) by extension 'ros'
[0.188s] DEBUG:colcon.colcon_core.package_identification:Package 'src/px4_uv' with type 'ros.ament_cmake' and name 'px4_uv'
[0.188s] Level 1:colcon.colcon_core.package_identification:_identify(src/vrx) by extensions ['ignore', 'ignore_ament_install']
[0.188s] Level 1:colcon.colcon_core.package_identification:_identify(src/vrx) by extension 'ignore'
[0.188s] Level 1:colcon.colcon_core.package_identification:_identify(src/vrx) by extension 'ignore_ament_install'
[0.188s] Level 1:colcon.colcon_core.package_identification:_identify(src/vrx) by extensions ['colcon_pkg']
[0.188s] Level 1:colcon.colcon_core.package_identification:_identify(src/vrx) by extension 'colcon_pkg'
[0.188s] Level 1:colcon.colcon_core.package_identification:_identify(src/vrx) by extensions ['colcon_meta']
[0.188s] Level 1:colcon.colcon_core.package_identification:_identify(src/vrx) by extension 'colcon_meta'
[0.188s] Level 1:colcon.colcon_core.package_identification:_identify(src/vrx) by extensions ['ros']
[0.188s] Level 1:colcon.colcon_core.package_identification:_identify(src/vrx) by extension 'ros'
[0.188s] Level 1:colcon.colcon_core.package_identification:_identify(src/vrx) by extensions ['cmake', 'python']
[0.188s] Level 1:colcon.colcon_core.package_identification:_identify(src/vrx) by extension 'cmake'
[0.188s] Level 1:colcon.colcon_core.package_identification:_identify(src/vrx) by extension 'python'
[0.188s] Level 1:colcon.colcon_core.package_identification:_identify(src/vrx) by extensions ['python_setup_py']
[0.188s] Level 1:colcon.colcon_core.package_identification:_identify(src/vrx) by extension 'python_setup_py'
[0.188s] Level 1:colcon.colcon_core.package_identification:_identify(src/vrx/images) by extensions ['ignore', 'ignore_ament_install']
[0.188s] Level 1:colcon.colcon_core.package_identification:_identify(src/vrx/images) by extension 'ignore'
[0.188s] Level 1:colcon.colcon_core.package_identification:_identify(src/vrx/images) by extension 'ignore_ament_install'
[0.188s] Level 1:colcon.colcon_core.package_identification:_identify(src/vrx/images) by extensions ['colcon_pkg']
[0.188s] Level 1:colcon.colcon_core.package_identification:_identify(src/vrx/images) by extension 'colcon_pkg'
[0.188s] Level 1:colcon.colcon_core.package_identification:_identify(src/vrx/images) by extensions ['colcon_meta']
[0.188s] Level 1:colcon.colcon_core.package_identification:_identify(src/vrx/images) by extension 'colcon_meta'
[0.188s] Level 1:colcon.colcon_core.package_identification:_identify(src/vrx/images) by extensions ['ros']
[0.189s] Level 1:colcon.colcon_core.package_identification:_identify(src/vrx/images) by extension 'ros'
[0.189s] Level 1:colcon.colcon_core.package_identification:_identify(src/vrx/images) by extensions ['cmake', 'python']
[0.189s] Level 1:colcon.colcon_core.package_identification:_identify(src/vrx/images) by extension 'cmake'
[0.189s] Level 1:colcon.colcon_core.package_identification:_identify(src/vrx/images) by extension 'python'
[0.189s] Level 1:colcon.colcon_core.package_identification:_identify(src/vrx/images) by extensions ['python_setup_py']
[0.189s] Level 1:colcon.colcon_core.package_identification:_identify(src/vrx/images) by extension 'python_setup_py'
[0.189s] Level 1:colcon.colcon_core.package_identification:_identify(src/vrx/vrx_gz) by extensions ['ignore', 'ignore_ament_install']
[0.189s] Level 1:colcon.colcon_core.package_identification:_identify(src/vrx/vrx_gz) by extension 'ignore'
[0.189s] Level 1:colcon.colcon_core.package_identification:_identify(src/vrx/vrx_gz) by extension 'ignore_ament_install'
[0.189s] Level 1:colcon.colcon_core.package_identification:_identify(src/vrx/vrx_gz) by extensions ['colcon_pkg']
[0.189s] Level 1:colcon.colcon_core.package_identification:_identify(src/vrx/vrx_gz) by extension 'colcon_pkg'
[0.189s] Level 1:colcon.colcon_core.package_identification:_identify(src/vrx/vrx_gz) by extensions ['colcon_meta']
[0.189s] Level 1:colcon.colcon_core.package_identification:_identify(src/vrx/vrx_gz) by extension 'colcon_meta'
[0.189s] Level 1:colcon.colcon_core.package_identification:_identify(src/vrx/vrx_gz) by extensions ['ros']
[0.189s] Level 1:colcon.colcon_core.package_identification:_identify(src/vrx/vrx_gz) by extension 'ros'
[0.189s] DEBUG:colcon.colcon_core.package_identification:Package 'src/vrx/vrx_gz' with type 'ros.ament_cmake' and name 'vrx_gz'
[0.189s] Level 1:colcon.colcon_core.package_identification:_identify(src/vrx/vrx_ros) by extensions ['ignore', 'ignore_ament_install']
[0.189s] Level 1:colcon.colcon_core.package_identification:_identify(src/vrx/vrx_ros) by extension 'ignore'
[0.190s] Level 1:colcon.colcon_core.package_identification:_identify(src/vrx/vrx_ros) by extension 'ignore_ament_install'
[0.190s] Level 1:colcon.colcon_core.package_identification:_identify(src/vrx/vrx_ros) by extensions ['colcon_pkg']
[0.190s] Level 1:colcon.colcon_core.package_identification:_identify(src/vrx/vrx_ros) by extension 'colcon_pkg'
[0.190s] Level 1:colcon.colcon_core.package_identification:_identify(src/vrx/vrx_ros) by extensions ['colcon_meta']
[0.190s] Level 1:colcon.colcon_core.package_identification:_identify(src/vrx/vrx_ros) by extension 'colcon_meta'
[0.190s] Level 1:colcon.colcon_core.package_identification:_identify(src/vrx/vrx_ros) by extensions ['ros']
[0.190s] Level 1:colcon.colcon_core.package_identification:_identify(src/vrx/vrx_ros) by extension 'ros'
[0.190s] DEBUG:colcon.colcon_core.package_identification:Package 'src/vrx/vrx_ros' with type 'ros.ament_cmake' and name 'vrx_ros'
[0.190s] Level 1:colcon.colcon_core.package_identification:_identify(src/vrx/vrx_urdf) by extensions ['ignore', 'ignore_ament_install']
[0.190s] Level 1:colcon.colcon_core.package_identification:_identify(src/vrx/vrx_urdf) by extension 'ignore'
[0.190s] Level 1:colcon.colcon_core.package_identification:_identify(src/vrx/vrx_urdf) by extension 'ignore_ament_install'
[0.190s] Level 1:colcon.colcon_core.package_identification:_identify(src/vrx/vrx_urdf) by extensions ['colcon_pkg']
[0.190s] Level 1:colcon.colcon_core.package_identification:_identify(src/vrx/vrx_urdf) by extension 'colcon_pkg'
[0.190s] Level 1:colcon.colcon_core.package_identification:_identify(src/vrx/vrx_urdf) by extensions ['colcon_meta']
[0.190s] Level 1:colcon.colcon_core.package_identification:_identify(src/vrx/vrx_urdf) by extension 'colcon_meta'
[0.191s] Level 1:colcon.colcon_core.package_identification:_identify(src/vrx/vrx_urdf) by extensions ['ros']
[0.191s] Level 1:colcon.colcon_core.package_identification:_identify(src/vrx/vrx_urdf) by extension 'ros'
[0.191s] Level 1:colcon.colcon_core.package_identification:_identify(src/vrx/vrx_urdf) by extensions ['cmake', 'python']
[0.191s] Level 1:colcon.colcon_core.package_identification:_identify(src/vrx/vrx_urdf) by extension 'cmake'
[0.191s] Level 1:colcon.colcon_core.package_identification:_identify(src/vrx/vrx_urdf) by extension 'python'
[0.191s] Level 1:colcon.colcon_core.package_identification:_identify(src/vrx/vrx_urdf) by extensions ['python_setup_py']
[0.191s] Level 1:colcon.colcon_core.package_identification:_identify(src/vrx/vrx_urdf) by extension 'python_setup_py'
[0.191s] Level 1:colcon.colcon_core.package_identification:_identify(src/vrx/vrx_urdf/vrx_gazebo) by extensions ['ignore', 'ignore_ament_install']
[0.191s] Level 1:colcon.colcon_core.package_identification:_identify(src/vrx/vrx_urdf/vrx_gazebo) by extension 'ignore'
[0.191s] Level 1:colcon.colcon_core.package_identification:_identify(src/vrx/vrx_urdf/vrx_gazebo) by extension 'ignore_ament_install'
[0.191s] Level 1:colcon.colcon_core.package_identification:_identify(src/vrx/vrx_urdf/vrx_gazebo) by extensions ['colcon_pkg']
[0.191s] Level 1:colcon.colcon_core.package_identification:_identify(src/vrx/vrx_urdf/vrx_gazebo) by extension 'colcon_pkg'
[0.191s] Level 1:colcon.colcon_core.package_identification:_identify(src/vrx/vrx_urdf/vrx_gazebo) by extensions ['colcon_meta']
[0.191s] Level 1:colcon.colcon_core.package_identification:_identify(src/vrx/vrx_urdf/vrx_gazebo) by extension 'colcon_meta'
[0.191s] Level 1:colcon.colcon_core.package_identification:_identify(src/vrx/vrx_urdf/vrx_gazebo) by extensions ['ros']
[0.191s] Level 1:colcon.colcon_core.package_identification:_identify(src/vrx/vrx_urdf/vrx_gazebo) by extension 'ros'
[0.192s] DEBUG:colcon.colcon_core.package_identification:Package 'src/vrx/vrx_urdf/vrx_gazebo' with type 'ros.ament_cmake' and name 'vrx_gazebo'
[0.192s] Level 1:colcon.colcon_core.package_identification:_identify(src/vrx/vrx_urdf/wamv_description) by extensions ['ignore', 'ignore_ament_install']
[0.192s] Level 1:colcon.colcon_core.package_identification:_identify(src/vrx/vrx_urdf/wamv_description) by extension 'ignore'
[0.192s] Level 1:colcon.colcon_core.package_identification:_identify(src/vrx/vrx_urdf/wamv_description) by extension 'ignore_ament_install'
[0.192s] Level 1:colcon.colcon_core.package_identification:_identify(src/vrx/vrx_urdf/wamv_description) by extensions ['colcon_pkg']
[0.192s] Level 1:colcon.colcon_core.package_identification:_identify(src/vrx/vrx_urdf/wamv_description) by extension 'colcon_pkg'
[0.192s] Level 1:colcon.colcon_core.package_identification:_identify(src/vrx/vrx_urdf/wamv_description) by extensions ['colcon_meta']
[0.192s] Level 1:colcon.colcon_core.package_identification:_identify(src/vrx/vrx_urdf/wamv_description) by extension 'colcon_meta'
[0.192s] Level 1:colcon.colcon_core.package_identification:_identify(src/vrx/vrx_urdf/wamv_description) by extensions ['ros']
[0.192s] Level 1:colcon.colcon_core.package_identification:_identify(src/vrx/vrx_urdf/wamv_description) by extension 'ros'
[0.192s] DEBUG:colcon.colcon_core.package_identification:Package 'src/vrx/vrx_urdf/wamv_description' with type 'ros.ament_cmake' and name 'wamv_description'
[0.193s] Level 1:colcon.colcon_core.package_identification:_identify(src/vrx/vrx_urdf/wamv_gazebo) by extensions ['ignore', 'ignore_ament_install']
[0.193s] Level 1:colcon.colcon_core.package_identification:_identify(src/vrx/vrx_urdf/wamv_gazebo) by extension 'ignore'
[0.193s] Level 1:colcon.colcon_core.package_identification:_identify(src/vrx/vrx_urdf/wamv_gazebo) by extension 'ignore_ament_install'
[0.193s] Level 1:colcon.colcon_core.package_identification:_identify(src/vrx/vrx_urdf/wamv_gazebo) by extensions ['colcon_pkg']
[0.193s] Level 1:colcon.colcon_core.package_identification:_identify(src/vrx/vrx_urdf/wamv_gazebo) by extension 'colcon_pkg'
[0.193s] Level 1:colcon.colcon_core.package_identification:_identify(src/vrx/vrx_urdf/wamv_gazebo) by extensions ['colcon_meta']
[0.193s] Level 1:colcon.colcon_core.package_identification:_identify(src/vrx/vrx_urdf/wamv_gazebo) by extension 'colcon_meta'
[0.193s] Level 1:colcon.colcon_core.package_identification:_identify(src/vrx/vrx_urdf/wamv_gazebo) by extensions ['ros']
[0.193s] Level 1:colcon.colcon_core.package_identification:_identify(src/vrx/vrx_urdf/wamv_gazebo) by extension 'ros'
[0.193s] DEBUG:colcon.colcon_core.package_identification:Package 'src/vrx/vrx_urdf/wamv_gazebo' with type 'ros.ament_cmake' and name 'wamv_gazebo'
[0.193s] Level 1:colcon.colcon_core.package_identification:_identify(src/wamv_nav) by extensions ['ignore', 'ignore_ament_install']
[0.193s] Level 1:colcon.colcon_core.package_identification:_identify(src/wamv_nav) by extension 'ignore'
[0.193s] Level 1:colcon.colcon_core.package_identification:_identify(src/wamv_nav) by extension 'ignore_ament_install'
[0.193s] Level 1:colcon.colcon_core.package_identification:_identify(src/wamv_nav) by extensions ['colcon_pkg']
[0.193s] Level 1:colcon.colcon_core.package_identification:_identify(src/wamv_nav) by extension 'colcon_pkg'
[0.193s] Level 1:colcon.colcon_core.package_identification:_identify(src/wamv_nav) by extensions ['colcon_meta']
[0.193s] Level 1:colcon.colcon_core.package_identification:_identify(src/wamv_nav) by extension 'colcon_meta'
[0.193s] Level 1:colcon.colcon_core.package_identification:_identify(src/wamv_nav) by extensions ['ros']
[0.193s] Level 1:colcon.colcon_core.package_identification:_identify(src/wamv_nav) by extension 'ros'
[0.194s] DEBUG:colcon.colcon_core.package_identification:Failed to parse potential ROS package manifest in'src/wamv_nav': Error(s) in package 'src/wamv_nav/package.xml':
Error(s):
- The manifest of package "wamv_nav" (with format version 3) must not contain the following tags: build_type
[0.194s] Level 1:colcon.colcon_core.package_identification:_identify(src/wamv_nav) by extensions ['cmake', 'python']
[0.194s] Level 1:colcon.colcon_core.package_identification:_identify(src/wamv_nav) by extension 'cmake'
[0.194s] Level 1:colcon.colcon_core.package_identification:_identify(src/wamv_nav) by extension 'python'
[0.194s] DEBUG:colcon.colcon_core.package_identification:Python package in 'src/wamv_nav' passes arguments to the setup() function which requires a different identification extension than 'python'
[0.194s] Level 1:colcon.colcon_core.package_identification:_identify(src/wamv_nav) by extensions ['python_setup_py']
[0.194s] Level 1:colcon.colcon_core.package_identification:_identify(src/wamv_nav) by extension 'python_setup_py'
[0.364s] DEBUG:colcon.colcon_core.package_identification:Package 'src/wamv_nav' with type 'python' and name 'wamv_nav'
[0.364s] Level 1:colcon.colcon_core.package_discovery:discover_packages(recursive) using defaults
[0.364s] Level 1:colcon.colcon_core.package_discovery:discover_packages(ignore) discover
[0.364s] Level 1:colcon.colcon_core.package_discovery:discover_packages(ignore) using defaults
[0.364s] Level 1:colcon.colcon_core.package_discovery:discover_packages(path) discover
[0.364s] Level 1:colcon.colcon_core.package_discovery:discover_packages(path) using defaults
[0.376s] Level 1:colcon.colcon_core.package_discovery:discover_packages(prefix_path) check parameters
[0.376s] Level 1:colcon.colcon_core.package_discovery:discover_packages(prefix_path) discover
[0.377s] DEBUG:colcon.colcon_installed_package_information.package_discovery:Found 0 installed packages in /home/kjoon/vrx_ws/install
[0.378s] DEBUG:colcon.colcon_installed_package_information.package_discovery:Found 287 installed packages in /opt/ros/humble
[0.379s] Level 1:colcon.colcon_core.package_discovery:discover_packages(prefix_path) using defaults
[0.402s] Level 5:colcon.colcon_core.verb:set package 'px4_uv' build argument 'cmake_args' from command line to 'None'
[0.402s] Level 5:colcon.colcon_core.verb:set package 'px4_uv' build argument 'cmake_target' from command line to 'None'
[0.402s] Level 5:colcon.colcon_core.verb:set package 'px4_uv' build argument 'cmake_target_skip_unavailable' from command line to 'False'
[0.402s] Level 5:colcon.colcon_core.verb:set package 'px4_uv' build argument 'cmake_clean_cache' from command line to 'False'
[0.402s] Level 5:colcon.colcon_core.verb:set package 'px4_uv' build argument 'cmake_clean_first' from command line to 'False'
[0.402s] Level 5:colcon.colcon_core.verb:set package 'px4_uv' build argument 'cmake_force_configure' from command line to 'False'
[0.402s] Level 5:colcon.colcon_core.verb:set package 'px4_uv' build argument 'ament_cmake_args' from command line to 'None'
[0.402s] Level 5:colcon.colcon_core.verb:set package 'px4_uv' build argument 'catkin_cmake_args' from command line to 'None'
[0.402s] Level 5:colcon.colcon_core.verb:set package 'px4_uv' build argument 'catkin_skip_building_tests' from command line to 'False'
[0.402s] DEBUG:colcon.colcon_core.verb:Building package 'px4_uv' with the following arguments: {'ament_cmake_args': None, 'build_base': '/home/kjoon/vrx_ws/build/px4_uv', 'catkin_cmake_args': None, 'catkin_skip_building_tests': False, 'cmake_args': None, 'cmake_clean_cache': False, 'cmake_clean_first': False, 'cmake_force_configure': False, 'cmake_target': None, 'cmake_target_skip_unavailable': False, 'install_base': '/home/kjoon/vrx_ws/install', 'merge_install': True, 'path': '/home/kjoon/vrx_ws/src/px4_uv', 'symlink_install': False, 'test_result_base': None}
[0.402s] Level 5:colcon.colcon_core.verb:set package 'vrx_gazebo' build argument 'cmake_args' from command line to 'None'
[0.402s] Level 5:colcon.colcon_core.verb:set package 'vrx_gazebo' build argument 'cmake_target' from command line to 'None'
[0.402s] Level 5:colcon.colcon_core.verb:set package 'vrx_gazebo' build argument 'cmake_target_skip_unavailable' from command line to 'False'
[0.403s] Level 5:colcon.colcon_core.verb:set package 'vrx_gazebo' build argument 'cmake_clean_cache' from command line to 'False'
[0.403s] Level 5:colcon.colcon_core.verb:set package 'vrx_gazebo' build argument 'cmake_clean_first' from command line to 'False'
[0.403s] Level 5:colcon.colcon_core.verb:set package 'vrx_gazebo' build argument 'cmake_force_configure' from command line to 'False'
[0.403s] Level 5:colcon.colcon_core.verb:set package 'vrx_gazebo' build argument 'ament_cmake_args' from command line to 'None'
[0.403s] Level 5:colcon.colcon_core.verb:set package 'vrx_gazebo' build argument 'catkin_cmake_args' from command line to 'None'
[0.403s] Level 5:colcon.colcon_core.verb:set package 'vrx_gazebo' build argument 'catkin_skip_building_tests' from command line to 'False'
[0.403s] DEBUG:colcon.colcon_core.verb:Building package 'vrx_gazebo' with the following arguments: {'ament_cmake_args': None, 'build_base': '/home/kjoon/vrx_ws/build/vrx_gazebo', 'catkin_cmake_args': None, 'catkin_skip_building_tests': False, 'cmake_args': None, 'cmake_clean_cache': False, 'cmake_clean_first': False, 'cmake_force_configure': False, 'cmake_target': None, 'cmake_target_skip_unavailable': False, 'install_base': '/home/kjoon/vrx_ws/install', 'merge_install': True, 'path': '/home/kjoon/vrx_ws/src/vrx/vrx_urdf/vrx_gazebo', 'symlink_install': False, 'test_result_base': None}
[0.403s] Level 5:colcon.colcon_core.verb:set package 'vrx_ros' build argument 'cmake_args' from command line to 'None'
[0.403s] Level 5:colcon.colcon_core.verb:set package 'vrx_ros' build argument 'cmake_target' from command line to 'None'
[0.403s] Level 5:colcon.colcon_core.verb:set package 'vrx_ros' build argument 'cmake_target_skip_unavailable' from command line to 'False'
[0.403s] Level 5:colcon.colcon_core.verb:set package 'vrx_ros' build argument 'cmake_clean_cache' from command line to 'False'
[0.403s] Level 5:colcon.colcon_core.verb:set package 'vrx_ros' build argument 'cmake_clean_first' from command line to 'False'
[0.403s] Level 5:colcon.colcon_core.verb:set package 'vrx_ros' build argument 'cmake_force_configure' from command line to 'False'
[0.403s] Level 5:colcon.colcon_core.verb:set package 'vrx_ros' build argument 'ament_cmake_args' from command line to 'None'
[0.403s] Level 5:colcon.colcon_core.verb:set package 'vrx_ros' build argument 'catkin_cmake_args' from command line to 'None'
[0.403s] Level 5:colcon.colcon_core.verb:set package 'vrx_ros' build argument 'catkin_skip_building_tests' from command line to 'False'
[0.403s] DEBUG:colcon.colcon_core.verb:Building package 'vrx_ros' with the following arguments: {'ament_cmake_args': None, 'build_base': '/home/kjoon/vrx_ws/build/vrx_ros', 'catkin_cmake_args': None, 'catkin_skip_building_tests': False, 'cmake_args': None, 'cmake_clean_cache': False, 'cmake_clean_first': False, 'cmake_force_configure': False, 'cmake_target': None, 'cmake_target_skip_unavailable': False, 'install_base': '/home/kjoon/vrx_ws/install', 'merge_install': True, 'path': '/home/kjoon/vrx_ws/src/vrx/vrx_ros', 'symlink_install': False, 'test_result_base': None}
[0.403s] Level 5:colcon.colcon_core.verb:set package 'vrx_gz' build argument 'cmake_args' from command line to 'None'
[0.403s] Level 5:colcon.colcon_core.verb:set package 'vrx_gz' build argument 'cmake_target' from command line to 'None'
[0.403s] Level 5:colcon.colcon_core.verb:set package 'vrx_gz' build argument 'cmake_target_skip_unavailable' from command line to 'False'
[0.403s] Level 5:colcon.colcon_core.verb:set package 'vrx_gz' build argument 'cmake_clean_cache' from command line to 'False'
[0.403s] Level 5:colcon.colcon_core.verb:set package 'vrx_gz' build argument 'cmake_clean_first' from command line to 'False'
[0.403s] Level 5:colcon.colcon_core.verb:set package 'vrx_gz' build argument 'cmake_force_configure' from command line to 'False'
[0.403s] Level 5:colcon.colcon_core.verb:set package 'vrx_gz' build argument 'ament_cmake_args' from command line to 'None'
[0.403s] Level 5:colcon.colcon_core.verb:set package 'vrx_gz' build argument 'catkin_cmake_args' from command line to 'None'
[0.403s] Level 5:colcon.colcon_core.verb:set package 'vrx_gz' build argument 'catkin_skip_building_tests' from command line to 'False'
[0.403s] DEBUG:colcon.colcon_core.verb:Building package 'vrx_gz' with the following arguments: {'ament_cmake_args': None, 'build_base': '/home/kjoon/vrx_ws/build/vrx_gz', 'catkin_cmake_args': None, 'catkin_skip_building_tests': False, 'cmake_args': None, 'cmake_clean_cache': False, 'cmake_clean_first': False, 'cmake_force_configure': False, 'cmake_target': None, 'cmake_target_skip_unavailable': False, 'install_base': '/home/kjoon/vrx_ws/install', 'merge_install': True, 'path': '/home/kjoon/vrx_ws/src/vrx/vrx_gz', 'symlink_install': False, 'test_result_base': None}
[0.403s] Level 5:colcon.colcon_core.verb:set package 'wamv_description' build argument 'cmake_args' from command line to 'None'
[0.403s] Level 5:colcon.colcon_core.verb:set package 'wamv_description' build argument 'cmake_target' from command line to 'None'
[0.403s] Level 5:colcon.colcon_core.verb:set package 'wamv_description' build argument 'cmake_target_skip_unavailable' from command line to 'False'
[0.404s] Level 5:colcon.colcon_core.verb:set package 'wamv_description' build argument 'cmake_clean_cache' from command line to 'False'
[0.404s] Level 5:colcon.colcon_core.verb:set package 'wamv_description' build argument 'cmake_clean_first' from command line to 'False'
[0.404s] Level 5:colcon.colcon_core.verb:set package 'wamv_description' build argument 'cmake_force_configure' from command line to 'False'
[0.404s] Level 5:colcon.colcon_core.verb:set package 'wamv_description' build argument 'ament_cmake_args' from command line to 'None'
[0.404s] Level 5:colcon.colcon_core.verb:set package 'wamv_description' build argument 'catkin_cmake_args' from command line to 'None'
[0.404s] Level 5:colcon.colcon_core.verb:set package 'wamv_description' build argument 'catkin_skip_building_tests' from command line to 'False'
[0.404s] DEBUG:colcon.colcon_core.verb:Building package 'wamv_description' with the following arguments: {'ament_cmake_args': None, 'build_base': '/home/kjoon/vrx_ws/build/wamv_description', 'catkin_cmake_args': None, 'catkin_skip_building_tests': False, 'cmake_args': None, 'cmake_clean_cache': False, 'cmake_clean_first': False, 'cmake_force_configure': False, 'cmake_target': None, 'cmake_target_skip_unavailable': False, 'install_base': '/home/kjoon/vrx_ws/install', 'merge_install': True, 'path': '/home/kjoon/vrx_ws/src/vrx/vrx_urdf/wamv_description', 'symlink_install': False, 'test_result_base': None}
[0.404s] Level 5:colcon.colcon_core.verb:set package 'wamv_nav' build argument 'cmake_args' from command line to 'None'
[0.404s] Level 5:colcon.colcon_core.verb:set package 'wamv_nav' build argument 'cmake_target' from command line to 'None'
[0.404s] Level 5:colcon.colcon_core.verb:set package 'wamv_nav' build argument 'cmake_target_skip_unavailable' from command line to 'False'
[0.404s] Level 5:colcon.colcon_core.verb:set package 'wamv_nav' build argument 'cmake_clean_cache' from command line to 'False'
[0.404s] Level 5:colcon.colcon_core.verb:set package 'wamv_nav' build argument 'cmake_clean_first' from command line to 'False'
[0.404s] Level 5:colcon.colcon_core.verb:set package 'wamv_nav' build argument 'cmake_force_configure' from command line to 'False'
[0.404s] Level 5:colcon.colcon_core.verb:set package 'wamv_nav' build argument 'ament_cmake_args' from command line to 'None'
[0.404s] Level 5:colcon.colcon_core.verb:set package 'wamv_nav' build argument 'catkin_cmake_args' from command line to 'None'
[0.404s] Level 5:colcon.colcon_core.verb:set package 'wamv_nav' build argument 'catkin_skip_building_tests' from command line to 'False'
[0.404s] DEBUG:colcon.colcon_core.verb:Building package 'wamv_nav' with the following arguments: {'ament_cmake_args': None, 'build_base': '/home/kjoon/vrx_ws/build/wamv_nav', 'catkin_cmake_args': None, 'catkin_skip_building_tests': False, 'cmake_args': None, 'cmake_clean_cache': False, 'cmake_clean_first': False, 'cmake_force_configure': False, 'cmake_target': None, 'cmake_target_skip_unavailable': False, 'install_base': '/home/kjoon/vrx_ws/install', 'merge_install': True, 'path': '/home/kjoon/vrx_ws/src/wamv_nav', 'symlink_install': False, 'test_result_base': None}
[0.404s] Level 5:colcon.colcon_core.verb:set package 'wamv_gazebo' build argument 'cmake_args' from command line to 'None'
[0.404s] Level 5:colcon.colcon_core.verb:set package 'wamv_gazebo' build argument 'cmake_target' from command line to 'None'
[0.404s] Level 5:colcon.colcon_core.verb:set package 'wamv_gazebo' build argument 'cmake_target_skip_unavailable' from command line to 'False'
[0.404s] Level 5:colcon.colcon_core.verb:set package 'wamv_gazebo' build argument 'cmake_clean_cache' from command line to 'False'
[0.404s] Level 5:colcon.colcon_core.verb:set package 'wamv_gazebo' build argument 'cmake_clean_first' from command line to 'False'
[0.404s] Level 5:colcon.colcon_core.verb:set package 'wamv_gazebo' build argument 'cmake_force_configure' from command line to 'False'
[0.404s] Level 5:colcon.colcon_core.verb:set package 'wamv_gazebo' build argument 'ament_cmake_args' from command line to 'None'
[0.404s] Level 5:colcon.colcon_core.verb:set package 'wamv_gazebo' build argument 'catkin_cmake_args' from command line to 'None'
[0.404s] Level 5:colcon.colcon_core.verb:set package 'wamv_gazebo' build argument 'catkin_skip_building_tests' from command line to 'False'
[0.404s] DEBUG:colcon.colcon_core.verb:Building package 'wamv_gazebo' with the following arguments: {'ament_cmake_args': None, 'build_base': '/home/kjoon/vrx_ws/build/wamv_gazebo', 'catkin_cmake_args': None, 'catkin_skip_building_tests': False, 'cmake_args': None, 'cmake_clean_cache': False, 'cmake_clean_first': False, 'cmake_force_configure': False, 'cmake_target': None, 'cmake_target_skip_unavailable': False, 'install_base': '/home/kjoon/vrx_ws/install', 'merge_install': True, 'path': '/home/kjoon/vrx_ws/src/vrx/vrx_urdf/wamv_gazebo', 'symlink_install': False, 'test_result_base': None}
[0.404s] INFO:colcon.colcon_core.executor:Executing jobs using 'parallel' executor
[0.405s] DEBUG:colcon.colcon_parallel_executor.executor.parallel:run_until_complete
[0.405s] INFO:colcon.colcon_ros.task.ament_cmake.build:Building ROS package in '/home/kjoon/vrx_ws/src/vrx/vrx_urdf/vrx_gazebo' with build type 'ament_cmake'
[0.405s] INFO:colcon.colcon_cmake.task.cmake.build:Building CMake package in '/home/kjoon/vrx_ws/src/vrx/vrx_urdf/vrx_gazebo'
[0.406s] INFO:colcon.colcon_core.plugin_system:Skipping extension 'colcon_core.shell.bat': Not used on non-Windows systems
[0.406s] INFO:colcon.colcon_core.shell:Skip shell extension 'powershell' for command environment: Not usable outside of PowerShell
[0.406s] DEBUG:colcon.colcon_core.shell:Skip shell extension 'dsv' for command environment
[0.409s] INFO:colcon.colcon_ros.task.ament_cmake.build:Building ROS package in '/home/kjoon/vrx_ws/src/px4_uv' with build type 'ament_cmake'
[0.409s] INFO:colcon.colcon_cmake.task.cmake.build:Building CMake package in '/home/kjoon/vrx_ws/src/px4_uv'
[0.409s] INFO:colcon.colcon_core.shell:Skip shell extension 'powershell' for command environment: Not usable outside of PowerShell
[0.409s] DEBUG:colcon.colcon_core.shell:Skip shell extension 'dsv' for command environment
[0.411s] INFO:colcon.colcon_ros.task.ament_cmake.build:Building ROS package in '/home/kjoon/vrx_ws/src/vrx/vrx_ros' with build type 'ament_cmake'
[0.411s] INFO:colcon.colcon_cmake.task.cmake.build:Building CMake package in '/home/kjoon/vrx_ws/src/vrx/vrx_ros'
[0.411s] INFO:colcon.colcon_core.shell:Skip shell extension 'powershell' for command environment: Not usable outside of PowerShell
[0.411s] DEBUG:colcon.colcon_core.shell:Skip shell extension 'dsv' for command environment
[0.415s] DEBUG:colcon.colcon_core.event_handler.log_command:Invoking command in '/home/kjoon/vrx_ws/build/vrx_gazebo': CMAKE_PREFIX_PATH=${CMAKE_PREFIX_PATH}:/opt/ros/humble /usr/bin/cmake /home/kjoon/vrx_ws/src/vrx/vrx_urdf/vrx_gazebo -DCMAKE_INSTALL_PREFIX=/home/kjoon/vrx_ws/install
[0.416s] DEBUG:colcon.colcon_core.event_handler.log_command:Invoking command in '/home/kjoon/vrx_ws/build/px4_uv': CMAKE_PREFIX_PATH=${CMAKE_PREFIX_PATH}:/opt/ros/humble /usr/bin/cmake /home/kjoon/vrx_ws/src/px4_uv -DCMAKE_INSTALL_PREFIX=/home/kjoon/vrx_ws/install
[0.418s] DEBUG:colcon.colcon_core.event_handler.log_command:Invoking command in '/home/kjoon/vrx_ws/build/vrx_ros': CMAKE_PREFIX_PATH=${CMAKE_PREFIX_PATH}:/opt/ros/humble /usr/bin/cmake /home/kjoon/vrx_ws/src/vrx/vrx_ros -DCMAKE_INSTALL_PREFIX=/home/kjoon/vrx_ws/install
[0.859s] DEBUG:colcon.colcon_core.event_handler.log_command:Invoked command in '/home/kjoon/vrx_ws/build/vrx_gazebo' returned '0': CMAKE_PREFIX_PATH=${CMAKE_PREFIX_PATH}:/opt/ros/humble /usr/bin/cmake /home/kjoon/vrx_ws/src/vrx/vrx_urdf/vrx_gazebo -DCMAKE_INSTALL_PREFIX=/home/kjoon/vrx_ws/install
[0.860s] DEBUG:colcon.colcon_core.event_handler.log_command:Invoking command in '/home/kjoon/vrx_ws/build/vrx_gazebo': CMAKE_PREFIX_PATH=${CMAKE_PREFIX_PATH}:/opt/ros/humble /usr/bin/cmake --build /home/kjoon/vrx_ws/build/vrx_gazebo -- -j16 -l16
[1.105s] DEBUG:colcon.colcon_core.event_handler.log_command:Invoked command in '/home/kjoon/vrx_ws/build/vrx_gazebo' returned '0': CMAKE_PREFIX_PATH=${CMAKE_PREFIX_PATH}:/opt/ros/humble /usr/bin/cmake --build /home/kjoon/vrx_ws/build/vrx_gazebo -- -j16 -l16
[1.111s] DEBUG:colcon.colcon_core.event_handler.log_command:Invoking command in '/home/kjoon/vrx_ws/build/vrx_gazebo': CMAKE_PREFIX_PATH=${CMAKE_PREFIX_PATH}:/opt/ros/humble /usr/bin/cmake --install /home/kjoon/vrx_ws/build/vrx_gazebo
[1.185s] Level 1:colcon.colcon_core.environment:create_environment_scripts_only(vrx_gazebo)
[1.186s] DEBUG:colcon.colcon_core.event_handler.log_command:Invoked command in '/home/kjoon/vrx_ws/build/vrx_gazebo' returned '0': CMAKE_PREFIX_PATH=${CMAKE_PREFIX_PATH}:/opt/ros/humble /usr/bin/cmake --install /home/kjoon/vrx_ws/build/vrx_gazebo
[1.188s] Level 1:colcon.colcon_core.environment:checking '/home/kjoon/vrx_ws/install' for CMake module files
[1.188s] Level 1:colcon.colcon_core.environment:checking '/home/kjoon/vrx_ws/install' for CMake config files
[1.188s] Level 1:colcon.colcon_core.shell:create_environment_hook('vrx_gazebo', 'cmake_prefix_path')
[1.188s] INFO:colcon.colcon_core.shell:Creating environment hook '/home/kjoon/vrx_ws/install/share/vrx_gazebo/hook/cmake_prefix_path.ps1'
[1.189s] INFO:colcon.colcon_core.shell:Creating environment descriptor '/home/kjoon/vrx_ws/install/share/vrx_gazebo/hook/cmake_prefix_path.dsv'
[1.189s] INFO:colcon.colcon_core.shell:Creating environment hook '/home/kjoon/vrx_ws/install/share/vrx_gazebo/hook/cmake_prefix_path.sh'
[1.190s] Level 1:colcon.colcon_core.environment:checking '/home/kjoon/vrx_ws/install/lib'
[1.190s] Level 1:colcon.colcon_core.environment:checking '/home/kjoon/vrx_ws/install/bin'
[1.190s] Level 1:colcon.colcon_core.environment:checking '/home/kjoon/vrx_ws/install/lib/pkgconfig/vrx_gazebo.pc'
[1.190s] Level 1:colcon.colcon_core.environment:checking '/home/kjoon/vrx_ws/install/lib/python3.10/site-packages'
[1.190s] Level 1:colcon.colcon_core.environment:checking '/home/kjoon/vrx_ws/install/bin'
[1.191s] INFO:colcon.colcon_core.shell:Creating package script '/home/kjoon/vrx_ws/install/share/vrx_gazebo/package.ps1'
[1.191s] INFO:colcon.colcon_core.shell:Creating package descriptor '/home/kjoon/vrx_ws/install/share/vrx_gazebo/package.dsv'
[1.191s] INFO:colcon.colcon_core.shell:Creating package script '/home/kjoon/vrx_ws/install/share/vrx_gazebo/package.sh'
[1.192s] INFO:colcon.colcon_core.shell:Creating package script '/home/kjoon/vrx_ws/install/share/vrx_gazebo/package.bash'
[1.192s] INFO:colcon.colcon_core.shell:Creating package script '/home/kjoon/vrx_ws/install/share/vrx_gazebo/package.zsh'
[1.193s] Level 1:colcon.colcon_core.environment:create_file_with_runtime_dependencies(/home/kjoon/vrx_ws/install/share/colcon-core/packages/vrx_gazebo)
[1.193s] Level 1:colcon.colcon_core.environment:create_environment_scripts_only(vrx_gazebo)
[1.194s] Level 1:colcon.colcon_core.environment:checking '/home/kjoon/vrx_ws/install' for CMake module files
[1.194s] Level 1:colcon.colcon_core.environment:checking '/home/kjoon/vrx_ws/install' for CMake config files
[1.194s] Level 1:colcon.colcon_core.shell:create_environment_hook('vrx_gazebo', 'cmake_prefix_path')
[1.194s] INFO:colcon.colcon_core.shell:Creating environment hook '/home/kjoon/vrx_ws/install/share/vrx_gazebo/hook/cmake_prefix_path.ps1'
[1.195s] INFO:colcon.colcon_core.shell:Creating environment descriptor '/home/kjoon/vrx_ws/install/share/vrx_gazebo/hook/cmake_prefix_path.dsv'
[1.195s] INFO:colcon.colcon_core.shell:Creating environment hook '/home/kjoon/vrx_ws/install/share/vrx_gazebo/hook/cmake_prefix_path.sh'
[1.195s] Level 1:colcon.colcon_core.environment:checking '/home/kjoon/vrx_ws/install/lib'
[1.195s] Level 1:colcon.colcon_core.environment:checking '/home/kjoon/vrx_ws/install/bin'
[1.195s] Level 1:colcon.colcon_core.environment:checking '/home/kjoon/vrx_ws/install/lib/pkgconfig/vrx_gazebo.pc'
[1.195s] Level 1:colcon.colcon_core.environment:checking '/home/kjoon/vrx_ws/install/lib/python3.10/site-packages'
[1.196s] Level 1:colcon.colcon_core.environment:checking '/home/kjoon/vrx_ws/install/bin'
[1.196s] INFO:colcon.colcon_core.shell:Creating package script '/home/kjoon/vrx_ws/install/share/vrx_gazebo/package.ps1'
[1.196s] INFO:colcon.colcon_core.shell:Creating package descriptor '/home/kjoon/vrx_ws/install/share/vrx_gazebo/package.dsv'
[1.196s] INFO:colcon.colcon_core.shell:Creating package script '/home/kjoon/vrx_ws/install/share/vrx_gazebo/package.sh'
[1.197s] INFO:colcon.colcon_core.shell:Creating package script '/home/kjoon/vrx_ws/install/share/vrx_gazebo/package.bash'
[1.197s] INFO:colcon.colcon_core.shell:Creating package script '/home/kjoon/vrx_ws/install/share/vrx_gazebo/package.zsh'
[1.197s] Level 1:colcon.colcon_core.environment:create_file_with_runtime_dependencies(/home/kjoon/vrx_ws/install/share/colcon-core/packages/vrx_gazebo)
[1.198s] INFO:colcon.colcon_ros.task.ament_cmake.build:Building ROS package in '/home/kjoon/vrx_ws/src/vrx/vrx_urdf/wamv_description' with build type 'ament_cmake'
[1.198s] INFO:colcon.colcon_cmake.task.cmake.build:Building CMake package in '/home/kjoon/vrx_ws/src/vrx/vrx_urdf/wamv_description'
[1.198s] INFO:colcon.colcon_core.shell:Skip shell extension 'powershell' for command environment: Not usable outside of PowerShell
[1.198s] DEBUG:colcon.colcon_core.shell:Skip shell extension 'dsv' for command environment
[1.204s] DEBUG:colcon.colcon_core.event_handler.log_command:Invoking command in '/home/kjoon/vrx_ws/build/wamv_description': CMAKE_PREFIX_PATH=${CMAKE_PREFIX_PATH}:/opt/ros/humble GZ_SIM_RESOURCE_PATH=/home/kjoon/vrx_ws/install/share:${GZ_SIM_RESOURCE_PATH} /usr/bin/cmake /home/kjoon/vrx_ws/src/vrx/vrx_urdf/wamv_description -DCMAKE_INSTALL_PREFIX=/home/kjoon/vrx_ws/install
[1.463s] DEBUG:colcon.colcon_core.event_handler.log_command:Invoked command in '/home/kjoon/vrx_ws/build/vrx_ros' returned '0': CMAKE_PREFIX_PATH=${CMAKE_PREFIX_PATH}:/opt/ros/humble /usr/bin/cmake /home/kjoon/vrx_ws/src/vrx/vrx_ros -DCMAKE_INSTALL_PREFIX=/home/kjoon/vrx_ws/install
[1.464s] DEBUG:colcon.colcon_core.event_handler.log_command:Invoking command in '/home/kjoon/vrx_ws/build/vrx_ros': CMAKE_PREFIX_PATH=${CMAKE_PREFIX_PATH}:/opt/ros/humble /usr/bin/cmake --build /home/kjoon/vrx_ws/build/vrx_ros -- -j16 -l16
[1.524s] DEBUG:colcon.colcon_core.event_handler.log_command:Invoked command in '/home/kjoon/vrx_ws/build/px4_uv' returned '0': CMAKE_PREFIX_PATH=${CMAKE_PREFIX_PATH}:/opt/ros/humble /usr/bin/cmake /home/kjoon/vrx_ws/src/px4_uv -DCMAKE_INSTALL_PREFIX=/home/kjoon/vrx_ws/install
[1.525s] DEBUG:colcon.colcon_core.event_handler.log_command:Invoking command in '/home/kjoon/vrx_ws/build/px4_uv': CMAKE_PREFIX_PATH=${CMAKE_PREFIX_PATH}:/opt/ros/humble /usr/bin/cmake --build /home/kjoon/vrx_ws/build/px4_uv -- -j16 -l16
[1.685s] DEBUG:colcon.colcon_core.event_handler.log_command:Invoked command in '/home/kjoon/vrx_ws/build/wamv_description' returned '0': CMAKE_PREFIX_PATH=${CMAKE_PREFIX_PATH}:/opt/ros/humble GZ_SIM_RESOURCE_PATH=/home/kjoon/vrx_ws/install/share:${GZ_SIM_RESOURCE_PATH} /usr/bin/cmake /home/kjoon/vrx_ws/src/vrx/vrx_urdf/wamv_description -DCMAKE_INSTALL_PREFIX=/home/kjoon/vrx_ws/install
[1.686s] DEBUG:colcon.colcon_core.event_handler.log_command:Invoking command in '/home/kjoon/vrx_ws/build/wamv_description': CMAKE_PREFIX_PATH=${CMAKE_PREFIX_PATH}:/opt/ros/humble GZ_SIM_RESOURCE_PATH=/home/kjoon/vrx_ws/install/share:${GZ_SIM_RESOURCE_PATH} /usr/bin/cmake --build /home/kjoon/vrx_ws/build/wamv_description -- -j16 -l16
[1.811s] DEBUG:colcon.colcon_core.event_handler.log_command:Invoked command in '/home/kjoon/vrx_ws/build/wamv_description' returned '0': CMAKE_PREFIX_PATH=${CMAKE_PREFIX_PATH}:/opt/ros/humble GZ_SIM_RESOURCE_PATH=/home/kjoon/vrx_ws/install/share:${GZ_SIM_RESOURCE_PATH} /usr/bin/cmake --build /home/kjoon/vrx_ws/build/wamv_description -- -j16 -l16
[1.812s] DEBUG:colcon.colcon_core.event_handler.log_command:Invoking command in '/home/kjoon/vrx_ws/build/wamv_description': CMAKE_PREFIX_PATH=${CMAKE_PREFIX_PATH}:/opt/ros/humble GZ_SIM_RESOURCE_PATH=/home/kjoon/vrx_ws/install/share:${GZ_SIM_RESOURCE_PATH} /usr/bin/cmake --install /home/kjoon/vrx_ws/build/wamv_description
[1.838s] Level 1:colcon.colcon_core.environment:create_environment_scripts_only(wamv_description)
[1.838s] Level 1:colcon.colcon_core.environment:checking '/home/kjoon/vrx_ws/install' for CMake module files
[1.839s] DEBUG:colcon.colcon_core.event_handler.log_command:Invoked command in '/home/kjoon/vrx_ws/build/wamv_description' returned '0': CMAKE_PREFIX_PATH=${CMAKE_PREFIX_PATH}:/opt/ros/humble GZ_SIM_RESOURCE_PATH=/home/kjoon/vrx_ws/install/share:${GZ_SIM_RESOURCE_PATH} /usr/bin/cmake --install /home/kjoon/vrx_ws/build/wamv_description
[1.839s] Level 1:colcon.colcon_core.environment:checking '/home/kjoon/vrx_ws/install' for CMake config files
[1.839s] Level 1:colcon.colcon_core.shell:create_environment_hook('wamv_description', 'cmake_prefix_path')
[1.839s] INFO:colcon.colcon_core.shell:Creating environment hook '/home/kjoon/vrx_ws/install/share/wamv_description/hook/cmake_prefix_path.ps1'
[1.840s] INFO:colcon.colcon_core.shell:Creating environment descriptor '/home/kjoon/vrx_ws/install/share/wamv_description/hook/cmake_prefix_path.dsv'
[1.840s] INFO:colcon.colcon_core.shell:Creating environment hook '/home/kjoon/vrx_ws/install/share/wamv_description/hook/cmake_prefix_path.sh'
[1.841s] Level 1:colcon.colcon_core.environment:checking '/home/kjoon/vrx_ws/install/lib'
[1.841s] Level 1:colcon.colcon_core.environment:checking '/home/kjoon/vrx_ws/install/bin'
[1.841s] Level 1:colcon.colcon_core.environment:checking '/home/kjoon/vrx_ws/install/lib/pkgconfig/wamv_description.pc'
[1.841s] Level 1:colcon.colcon_core.environment:checking '/home/kjoon/vrx_ws/install/lib/python3.10/site-packages'
[1.841s] Level 1:colcon.colcon_core.environment:checking '/home/kjoon/vrx_ws/install/bin'
[1.842s] INFO:colcon.colcon_core.shell:Creating package script '/home/kjoon/vrx_ws/install/share/wamv_description/package.ps1'
[1.842s] INFO:colcon.colcon_core.shell:Creating package descriptor '/home/kjoon/vrx_ws/install/share/wamv_description/package.dsv'
[1.842s] INFO:colcon.colcon_core.shell:Creating package script '/home/kjoon/vrx_ws/install/share/wamv_description/package.sh'
[1.843s] INFO:colcon.colcon_core.shell:Creating package script '/home/kjoon/vrx_ws/install/share/wamv_description/package.bash'
[1.843s] INFO:colcon.colcon_core.shell:Creating package script '/home/kjoon/vrx_ws/install/share/wamv_description/package.zsh'
[1.843s] Level 1:colcon.colcon_core.environment:create_file_with_runtime_dependencies(/home/kjoon/vrx_ws/install/share/colcon-core/packages/wamv_description)
[1.844s] Level 1:colcon.colcon_core.environment:create_environment_scripts_only(wamv_description)
[1.844s] Level 1:colcon.colcon_core.environment:checking '/home/kjoon/vrx_ws/install' for CMake module files
[1.844s] Level 1:colcon.colcon_core.environment:checking '/home/kjoon/vrx_ws/install' for CMake config files
[1.845s] Level 1:colcon.colcon_core.shell:create_environment_hook('wamv_description', 'cmake_prefix_path')
[1.845s] INFO:colcon.colcon_core.shell:Creating environment hook '/home/kjoon/vrx_ws/install/share/wamv_description/hook/cmake_prefix_path.ps1'
[1.845s] INFO:colcon.colcon_core.shell:Creating environment descriptor '/home/kjoon/vrx_ws/install/share/wamv_description/hook/cmake_prefix_path.dsv'
[1.845s] INFO:colcon.colcon_core.shell:Creating environment hook '/home/kjoon/vrx_ws/install/share/wamv_description/hook/cmake_prefix_path.sh'
[1.846s] Level 1:colcon.colcon_core.environment:checking '/home/kjoon/vrx_ws/install/lib'
[1.846s] Level 1:colcon.colcon_core.environment:checking '/home/kjoon/vrx_ws/install/bin'
[1.846s] Level 1:colcon.colcon_core.environment:checking '/home/kjoon/vrx_ws/install/lib/pkgconfig/wamv_description.pc'
[1.846s] Level 1:colcon.colcon_core.environment:checking '/home/kjoon/vrx_ws/install/lib/python3.10/site-packages'
[1.846s] Level 1:colcon.colcon_core.environment:checking '/home/kjoon/vrx_ws/install/bin'
[1.847s] INFO:colcon.colcon_core.shell:Creating package script '/home/kjoon/vrx_ws/install/share/wamv_description/package.ps1'
[1.847s] INFO:colcon.colcon_core.shell:Creating package descriptor '/home/kjoon/vrx_ws/install/share/wamv_description/package.dsv'
[1.848s] INFO:colcon.colcon_core.shell:Creating package script '/home/kjoon/vrx_ws/install/share/wamv_description/package.sh'
[1.848s] INFO:colcon.colcon_core.shell:Creating package script '/home/kjoon/vrx_ws/install/share/wamv_description/package.bash'
[1.849s] INFO:colcon.colcon_core.shell:Creating package script '/home/kjoon/vrx_ws/install/share/wamv_description/package.zsh'
[1.849s] Level 1:colcon.colcon_core.environment:create_file_with_runtime_dependencies(/home/kjoon/vrx_ws/install/share/colcon-core/packages/wamv_description)
[1.849s] INFO:colcon.colcon_ros.task.ament_cmake.build:Building ROS package in '/home/kjoon/vrx_ws/src/vrx/vrx_urdf/wamv_gazebo' with build type 'ament_cmake'
[1.849s] INFO:colcon.colcon_cmake.task.cmake.build:Building CMake package in '/home/kjoon/vrx_ws/src/vrx/vrx_urdf/wamv_gazebo'
[1.850s] INFO:colcon.colcon_core.shell:Skip shell extension 'powershell' for command environment: Not usable outside of PowerShell
[1.850s] DEBUG:colcon.colcon_core.shell:Skip shell extension 'dsv' for command environment
[1.858s] DEBUG:colcon.colcon_core.event_handler.log_command:Invoking command in '/home/kjoon/vrx_ws/build/wamv_gazebo': CMAKE_PREFIX_PATH=${CMAKE_PREFIX_PATH}:/opt/ros/humble GZ_SIM_RESOURCE_PATH=/home/kjoon/vrx_ws/install/share:${GZ_SIM_RESOURCE_PATH} /usr/bin/cmake /home/kjoon/vrx_ws/src/vrx/vrx_urdf/wamv_gazebo -DCMAKE_INSTALL_PREFIX=/home/kjoon/vrx_ws/install
[2.389s] DEBUG:colcon.colcon_core.event_handler.log_command:Invoked command in '/home/kjoon/vrx_ws/build/wamv_gazebo' returned '0': CMAKE_PREFIX_PATH=${CMAKE_PREFIX_PATH}:/opt/ros/humble GZ_SIM_RESOURCE_PATH=/home/kjoon/vrx_ws/install/share:${GZ_SIM_RESOURCE_PATH} /usr/bin/cmake /home/kjoon/vrx_ws/src/vrx/vrx_urdf/wamv_gazebo -DCMAKE_INSTALL_PREFIX=/home/kjoon/vrx_ws/install
[2.390s] DEBUG:colcon.colcon_core.event_handler.log_command:Invoking command in '/home/kjoon/vrx_ws/build/wamv_gazebo': CMAKE_PREFIX_PATH=${CMAKE_PREFIX_PATH}:/opt/ros/humble GZ_SIM_RESOURCE_PATH=/home/kjoon/vrx_ws/install/share:${GZ_SIM_RESOURCE_PATH} /usr/bin/cmake --build /home/kjoon/vrx_ws/build/wamv_gazebo -- -j16 -l16
[2.422s] DEBUG:colcon.colcon_core.event_handler.log_command:Invoked command in '/home/kjoon/vrx_ws/build/wamv_gazebo' returned '0': CMAKE_PREFIX_PATH=${CMAKE_PREFIX_PATH}:/opt/ros/humble GZ_SIM_RESOURCE_PATH=/home/kjoon/vrx_ws/install/share:${GZ_SIM_RESOURCE_PATH} /usr/bin/cmake --build /home/kjoon/vrx_ws/build/wamv_gazebo -- -j16 -l16
[2.423s] DEBUG:colcon.colcon_core.event_handler.log_command:Invoking command in '/home/kjoon/vrx_ws/build/wamv_gazebo': CMAKE_PREFIX_PATH=${CMAKE_PREFIX_PATH}:/opt/ros/humble GZ_SIM_RESOURCE_PATH=/home/kjoon/vrx_ws/install/share:${GZ_SIM_RESOURCE_PATH} /usr/bin/cmake --install /home/kjoon/vrx_ws/build/wamv_gazebo
[2.433s] Level 1:colcon.colcon_core.environment:create_environment_scripts_only(wamv_gazebo)
[2.433s] Level 1:colcon.colcon_core.environment:checking '/home/kjoon/vrx_ws/install' for CMake module files
[2.434s] DEBUG:colcon.colcon_core.event_handler.log_command:Invoked command in '/home/kjoon/vrx_ws/build/wamv_gazebo' returned '0': CMAKE_PREFIX_PATH=${CMAKE_PREFIX_PATH}:/opt/ros/humble GZ_SIM_RESOURCE_PATH=/home/kjoon/vrx_ws/install/share:${GZ_SIM_RESOURCE_PATH} /usr/bin/cmake --install /home/kjoon/vrx_ws/build/wamv_gazebo
[2.434s] Level 1:colcon.colcon_core.environment:checking '/home/kjoon/vrx_ws/install' for CMake config files
[2.434s] Level 1:colcon.colcon_core.shell:create_environment_hook('wamv_gazebo', 'cmake_prefix_path')
[2.434s] INFO:colcon.colcon_core.shell:Creating environment hook '/home/kjoon/vrx_ws/install/share/wamv_gazebo/hook/cmake_prefix_path.ps1'
[2.435s] INFO:colcon.colcon_core.shell:Creating environment descriptor '/home/kjoon/vrx_ws/install/share/wamv_gazebo/hook/cmake_prefix_path.dsv'
[2.435s] INFO:colcon.colcon_core.shell:Creating environment hook '/home/kjoon/vrx_ws/install/share/wamv_gazebo/hook/cmake_prefix_path.sh'
[2.435s] Level 1:colcon.colcon_core.environment:checking '/home/kjoon/vrx_ws/install/lib'
[2.435s] Level 1:colcon.colcon_core.environment:checking '/home/kjoon/vrx_ws/install/bin'
[2.435s] Level 1:colcon.colcon_core.environment:checking '/home/kjoon/vrx_ws/install/lib/pkgconfig/wamv_gazebo.pc'
[2.436s] Level 1:colcon.colcon_core.environment:checking '/home/kjoon/vrx_ws/install/lib/python3.10/site-packages'
[2.436s] Level 1:colcon.colcon_core.environment:checking '/home/kjoon/vrx_ws/install/bin'
[2.436s] INFO:colcon.colcon_core.shell:Creating package script '/home/kjoon/vrx_ws/install/share/wamv_gazebo/package.ps1'
[2.436s] INFO:colcon.colcon_core.shell:Creating package descriptor '/home/kjoon/vrx_ws/install/share/wamv_gazebo/package.dsv'
[2.436s] INFO:colcon.colcon_core.shell:Creating package script '/home/kjoon/vrx_ws/install/share/wamv_gazebo/package.sh'
[2.437s] INFO:colcon.colcon_core.shell:Creating package script '/home/kjoon/vrx_ws/install/share/wamv_gazebo/package.bash'
[2.437s] INFO:colcon.colcon_core.shell:Creating package script '/home/kjoon/vrx_ws/install/share/wamv_gazebo/package.zsh'
[2.437s] Level 1:colcon.colcon_core.environment:create_file_with_runtime_dependencies(/home/kjoon/vrx_ws/install/share/colcon-core/packages/wamv_gazebo)
[2.437s] Level 1:colcon.colcon_core.environment:create_environment_scripts_only(wamv_gazebo)
[2.437s] Level 1:colcon.colcon_core.environment:checking '/home/kjoon/vrx_ws/install' for CMake module files
[2.438s] Level 1:colcon.colcon_core.environment:checking '/home/kjoon/vrx_ws/install' for CMake config files
[2.438s] Level 1:colcon.colcon_core.shell:create_environment_hook('wamv_gazebo', 'cmake_prefix_path')
[2.438s] INFO:colcon.colcon_core.shell:Creating environment hook '/home/kjoon/vrx_ws/install/share/wamv_gazebo/hook/cmake_prefix_path.ps1'
[2.438s] INFO:colcon.colcon_core.shell:Creating environment descriptor '/home/kjoon/vrx_ws/install/share/wamv_gazebo/hook/cmake_prefix_path.dsv'
[2.438s] INFO:colcon.colcon_core.shell:Creating environment hook '/home/kjoon/vrx_ws/install/share/wamv_gazebo/hook/cmake_prefix_path.sh'
[2.439s] Level 1:colcon.colcon_core.environment:checking '/home/kjoon/vrx_ws/install/lib'
[2.439s] Level 1:colcon.colcon_core.environment:checking '/home/kjoon/vrx_ws/install/bin'
[2.439s] Level 1:colcon.colcon_core.environment:checking '/home/kjoon/vrx_ws/install/lib/pkgconfig/wamv_gazebo.pc'
[2.439s] Level 1:colcon.colcon_core.environment:checking '/home/kjoon/vrx_ws/install/lib/python3.10/site-packages'
[2.439s] Level 1:colcon.colcon_core.environment:checking '/home/kjoon/vrx_ws/install/bin'
[2.439s] INFO:colcon.colcon_core.shell:Creating package script '/home/kjoon/vrx_ws/install/share/wamv_gazebo/package.ps1'
[2.440s] INFO:colcon.colcon_core.shell:Creating package descriptor '/home/kjoon/vrx_ws/install/share/wamv_gazebo/package.dsv'
[2.440s] INFO:colcon.colcon_core.shell:Creating package script '/home/kjoon/vrx_ws/install/share/wamv_gazebo/package.sh'
[2.440s] INFO:colcon.colcon_core.shell:Creating package script '/home/kjoon/vrx_ws/install/share/wamv_gazebo/package.bash'
[2.441s] INFO:colcon.colcon_core.shell:Creating package script '/home/kjoon/vrx_ws/install/share/wamv_gazebo/package.zsh'
[2.441s] Level 1:colcon.colcon_core.environment:create_file_with_runtime_dependencies(/home/kjoon/vrx_ws/install/share/colcon-core/packages/wamv_gazebo)
[2.978s] DEBUG:colcon.colcon_core.event_handler.log_command:Invoked command in '/home/kjoon/vrx_ws/build/px4_uv' returned '0': CMAKE_PREFIX_PATH=${CMAKE_PREFIX_PATH}:/opt/ros/humble /usr/bin/cmake --build /home/kjoon/vrx_ws/build/px4_uv -- -j16 -l16
[2.979s] DEBUG:colcon.colcon_core.event_handler.log_command:Invoking command in '/home/kjoon/vrx_ws/build/px4_uv': CMAKE_PREFIX_PATH=${CMAKE_PREFIX_PATH}:/opt/ros/humble /usr/bin/cmake --install /home/kjoon/vrx_ws/build/px4_uv
[3.028s] Level 1:colcon.colcon_core.environment:create_environment_scripts_only(px4_uv)
[3.028s] Level 1:colcon.colcon_core.environment:checking '/home/kjoon/vrx_ws/install' for CMake module files
[3.028s] DEBUG:colcon.colcon_core.event_handler.log_command:Invoked command in '/home/kjoon/vrx_ws/build/px4_uv' returned '0': CMAKE_PREFIX_PATH=${CMAKE_PREFIX_PATH}:/opt/ros/humble /usr/bin/cmake --install /home/kjoon/vrx_ws/build/px4_uv
[3.029s] Level 1:colcon.colcon_core.environment:checking '/home/kjoon/vrx_ws/install' for CMake config files
[3.029s] Level 1:colcon.colcon_core.shell:create_environment_hook('px4_uv', 'cmake_prefix_path')
[3.029s] INFO:colcon.colcon_core.shell:Creating environment hook '/home/kjoon/vrx_ws/install/share/px4_uv/hook/cmake_prefix_path.ps1'
[3.029s] INFO:colcon.colcon_core.shell:Creating environment descriptor '/home/kjoon/vrx_ws/install/share/px4_uv/hook/cmake_prefix_path.dsv'
[3.030s] INFO:colcon.colcon_core.shell:Creating environment hook '/home/kjoon/vrx_ws/install/share/px4_uv/hook/cmake_prefix_path.sh'
[3.030s] Level 1:colcon.colcon_core.environment:checking '/home/kjoon/vrx_ws/install/lib'
[3.030s] Level 1:colcon.colcon_core.shell:create_environment_hook('px4_uv', 'ld_library_path_lib')
[3.030s] INFO:colcon.colcon_core.shell:Creating environment hook '/home/kjoon/vrx_ws/install/share/px4_uv/hook/ld_library_path_lib.ps1'
[3.030s] INFO:colcon.colcon_core.shell:Creating environment descriptor '/home/kjoon/vrx_ws/install/share/px4_uv/hook/ld_library_path_lib.dsv'
[3.031s] INFO:colcon.colcon_core.shell:Creating environment hook '/home/kjoon/vrx_ws/install/share/px4_uv/hook/ld_library_path_lib.sh'
[3.031s] Level 1:colcon.colcon_core.environment:checking '/home/kjoon/vrx_ws/install/bin'
[3.031s] Level 1:colcon.colcon_core.environment:checking '/home/kjoon/vrx_ws/install/lib/pkgconfig/px4_uv.pc'
[3.031s] Level 1:colcon.colcon_core.environment:checking '/home/kjoon/vrx_ws/install/lib/python3.10/site-packages'
[3.031s] Level 1:colcon.colcon_core.environment:checking '/home/kjoon/vrx_ws/install/bin'
[3.031s] INFO:colcon.colcon_core.shell:Creating package script '/home/kjoon/vrx_ws/install/share/px4_uv/package.ps1'
[3.032s] INFO:colcon.colcon_core.shell:Creating package descriptor '/home/kjoon/vrx_ws/install/share/px4_uv/package.dsv'
[3.032s] INFO:colcon.colcon_core.shell:Creating package script '/home/kjoon/vrx_ws/install/share/px4_uv/package.sh'
[3.032s] INFO:colcon.colcon_core.shell:Creating package script '/home/kjoon/vrx_ws/install/share/px4_uv/package.bash'
[3.032s] INFO:colcon.colcon_core.shell:Creating package script '/home/kjoon/vrx_ws/install/share/px4_uv/package.zsh'
[3.033s] Level 1:colcon.colcon_core.environment:create_file_with_runtime_dependencies(/home/kjoon/vrx_ws/install/share/colcon-core/packages/px4_uv)
[3.033s] Level 1:colcon.colcon_core.environment:create_environment_scripts_only(px4_uv)
[3.033s] Level 1:colcon.colcon_core.environment:checking '/home/kjoon/vrx_ws/install' for CMake module files
[3.033s] Level 1:colcon.colcon_core.environment:checking '/home/kjoon/vrx_ws/install' for CMake config files
[3.034s] Level 1:colcon.colcon_core.shell:create_environment_hook('px4_uv', 'cmake_prefix_path')
[3.034s] INFO:colcon.colcon_core.shell:Creating environment hook '/home/kjoon/vrx_ws/install/share/px4_uv/hook/cmake_prefix_path.ps1'
[3.034s] INFO:colcon.colcon_core.shell:Creating environment descriptor '/home/kjoon/vrx_ws/install/share/px4_uv/hook/cmake_prefix_path.dsv'
[3.034s] INFO:colcon.colcon_core.shell:Creating environment hook '/home/kjoon/vrx_ws/install/share/px4_uv/hook/cmake_prefix_path.sh'
[3.035s] Level 1:colcon.colcon_core.environment:checking '/home/kjoon/vrx_ws/install/lib'
[3.035s] Level 1:colcon.colcon_core.shell:create_environment_hook('px4_uv', 'ld_library_path_lib')
[3.035s] INFO:colcon.colcon_core.shell:Creating environment hook '/home/kjoon/vrx_ws/install/share/px4_uv/hook/ld_library_path_lib.ps1'
[3.035s] INFO:colcon.colcon_core.shell:Creating environment descriptor '/home/kjoon/vrx_ws/install/share/px4_uv/hook/ld_library_path_lib.dsv'
[3.035s] INFO:colcon.colcon_core.shell:Creating environment hook '/home/kjoon/vrx_ws/install/share/px4_uv/hook/ld_library_path_lib.sh'
[3.035s] Level 1:colcon.colcon_core.environment:checking '/home/kjoon/vrx_ws/install/bin'
[3.035s] Level 1:colcon.colcon_core.environment:checking '/home/kjoon/vrx_ws/install/lib/pkgconfig/px4_uv.pc'
[3.036s] Level 1:colcon.colcon_core.environment:checking '/home/kjoon/vrx_ws/install/lib/python3.10/site-packages'
[3.036s] Level 1:colcon.colcon_core.environment:checking '/home/kjoon/vrx_ws/install/bin'
[3.036s] INFO:colcon.colcon_core.shell:Creating package script '/home/kjoon/vrx_ws/install/share/px4_uv/package.ps1'
[3.036s] INFO:colcon.colcon_core.shell:Creating package descriptor '/home/kjoon/vrx_ws/install/share/px4_uv/package.dsv'
[3.037s] INFO:colcon.colcon_core.shell:Creating package script '/home/kjoon/vrx_ws/install/share/px4_uv/package.sh'
[3.037s] INFO:colcon.colcon_core.shell:Creating package script '/home/kjoon/vrx_ws/install/share/px4_uv/package.bash'
[3.037s] INFO:colcon.colcon_core.shell:Creating package script '/home/kjoon/vrx_ws/install/share/px4_uv/package.zsh'
[3.037s] Level 1:colcon.colcon_core.environment:create_file_with_runtime_dependencies(/home/kjoon/vrx_ws/install/share/colcon-core/packages/px4_uv)
[3.037s] INFO:colcon.colcon_core.task.python.build:Building Python package in '/home/kjoon/vrx_ws/src/wamv_nav'
[3.038s] INFO:colcon.colcon_core.shell:Skip shell extension 'powershell' for command environment: Not usable outside of PowerShell
[3.038s] DEBUG:colcon.colcon_core.shell:Skip shell extension 'dsv' for command environment
[3.429s] DEBUG:colcon.colcon_core.event_handler.log_command:Invoking command in '/home/kjoon/vrx_ws/src/wamv_nav': PYTHONPATH=/home/kjoon/vrx_ws/build/wamv_nav/prefix_override:/usr/lib/python3/dist-packages/colcon_core/task/python/colcon_distutils_commands:/home/kjoon/vrx_ws/install/lib/python3.10/site-packages:${PYTHONPATH} /usr/bin/python3 -W ignore:setup.py install is deprecated -W ignore:easy_install command is deprecated setup.py egg_info --egg-base ../../build/wamv_nav build --build-base /home/kjoon/vrx_ws/build/wamv_nav/build install --record /home/kjoon/vrx_ws/build/wamv_nav/install.log --single-version-externally-managed install_data
[3.624s] Level 1:colcon.colcon_core.environment:checking '/home/kjoon/vrx_ws/install' for CMake module files
[3.625s] DEBUG:colcon.colcon_core.event_handler.log_command:Invoked command in '/home/kjoon/vrx_ws/src/wamv_nav' returned '0': PYTHONPATH=/home/kjoon/vrx_ws/build/wamv_nav/prefix_override:/usr/lib/python3/dist-packages/colcon_core/task/python/colcon_distutils_commands:/home/kjoon/vrx_ws/install/lib/python3.10/site-packages:${PYTHONPATH} /usr/bin/python3 -W ignore:setup.py install is deprecated -W ignore:easy_install command is deprecated setup.py egg_info --egg-base ../../build/wamv_nav build --build-base /home/kjoon/vrx_ws/build/wamv_nav/build install --record /home/kjoon/vrx_ws/build/wamv_nav/install.log --single-version-externally-managed install_data
[3.625s] Level 1:colcon.colcon_core.environment:checking '/home/kjoon/vrx_ws/install' for CMake config files
[3.626s] Level 1:colcon.colcon_core.shell:create_environment_hook('wamv_nav', 'cmake_prefix_path')
[3.626s] INFO:colcon.colcon_core.shell:Creating environment hook '/home/kjoon/vrx_ws/install/share/wamv_nav/hook/cmake_prefix_path.ps1'
[3.626s] INFO:colcon.colcon_core.shell:Creating environment descriptor '/home/kjoon/vrx_ws/install/share/wamv_nav/hook/cmake_prefix_path.dsv'
[3.626s] INFO:colcon.colcon_core.shell:Creating environment hook '/home/kjoon/vrx_ws/install/share/wamv_nav/hook/cmake_prefix_path.sh'
[3.627s] Level 1:colcon.colcon_core.environment:checking '/home/kjoon/vrx_ws/install/lib'
[3.627s] Level 1:colcon.colcon_core.shell:create_environment_hook('wamv_nav', 'ld_library_path_lib')
[3.627s] INFO:colcon.colcon_core.shell:Creating environment hook '/home/kjoon/vrx_ws/install/share/wamv_nav/hook/ld_library_path_lib.ps1'
[3.627s] INFO:colcon.colcon_core.shell:Creating environment descriptor '/home/kjoon/vrx_ws/install/share/wamv_nav/hook/ld_library_path_lib.dsv'
[3.628s] INFO:colcon.colcon_core.shell:Creating environment hook '/home/kjoon/vrx_ws/install/share/wamv_nav/hook/ld_library_path_lib.sh'
[3.628s] Level 1:colcon.colcon_core.environment:checking '/home/kjoon/vrx_ws/install/bin'
[3.628s] Level 1:colcon.colcon_core.environment:checking '/home/kjoon/vrx_ws/install/lib/pkgconfig/wamv_nav.pc'
[3.628s] Level 1:colcon.colcon_core.environment:checking '/home/kjoon/vrx_ws/install/lib/python3.10/site-packages'
[3.628s] Level 1:colcon.colcon_core.shell:create_environment_hook('wamv_nav', 'pythonpath')
[3.628s] INFO:colcon.colcon_core.shell:Creating environment hook '/home/kjoon/vrx_ws/install/share/wamv_nav/hook/pythonpath.ps1'
[3.628s] INFO:colcon.colcon_core.shell:Creating environment descriptor '/home/kjoon/vrx_ws/install/share/wamv_nav/hook/pythonpath.dsv'
[3.629s] INFO:colcon.colcon_core.shell:Creating environment hook '/home/kjoon/vrx_ws/install/share/wamv_nav/hook/pythonpath.sh'
[3.629s] Level 1:colcon.colcon_core.environment:checking '/home/kjoon/vrx_ws/install/bin'
[3.629s] Level 1:colcon.colcon_core.environment:create_environment_scripts_only(wamv_nav)
[3.629s] INFO:colcon.colcon_core.shell:Creating package script '/home/kjoon/vrx_ws/install/share/wamv_nav/package.ps1'
[3.630s] INFO:colcon.colcon_core.shell:Creating package descriptor '/home/kjoon/vrx_ws/install/share/wamv_nav/package.dsv'
[3.630s] INFO:colcon.colcon_core.shell:Creating package script '/home/kjoon/vrx_ws/install/share/wamv_nav/package.sh'
[3.631s] INFO:colcon.colcon_core.shell:Creating package script '/home/kjoon/vrx_ws/install/share/wamv_nav/package.bash'
[3.631s] INFO:colcon.colcon_core.shell:Creating package script '/home/kjoon/vrx_ws/install/share/wamv_nav/package.zsh'
[3.631s] Level 1:colcon.colcon_core.environment:create_file_with_runtime_dependencies(/home/kjoon/vrx_ws/install/share/colcon-core/packages/wamv_nav)
[9.219s] DEBUG:colcon.colcon_core.event_handler.log_command:Invoked command in '/home/kjoon/vrx_ws/build/vrx_ros' returned '0': CMAKE_PREFIX_PATH=${CMAKE_PREFIX_PATH}:/opt/ros/humble /usr/bin/cmake --build /home/kjoon/vrx_ws/build/vrx_ros -- -j16 -l16
[9.220s] DEBUG:colcon.colcon_core.event_handler.log_command:Invoking command in '/home/kjoon/vrx_ws/build/vrx_ros': CMAKE_PREFIX_PATH=${CMAKE_PREFIX_PATH}:/opt/ros/humble /usr/bin/cmake --install /home/kjoon/vrx_ws/build/vrx_ros
[9.235s] Level 1:colcon.colcon_core.environment:create_environment_scripts_only(vrx_ros)
[9.235s] DEBUG:colcon.colcon_core.event_handler.log_command:Invoked command in '/home/kjoon/vrx_ws/build/vrx_ros' returned '0': CMAKE_PREFIX_PATH=${CMAKE_PREFIX_PATH}:/opt/ros/humble /usr/bin/cmake --install /home/kjoon/vrx_ws/build/vrx_ros
[9.235s] Level 1:colcon.colcon_core.environment:checking '/home/kjoon/vrx_ws/install' for CMake module files
[9.235s] Level 1:colcon.colcon_core.environment:checking '/home/kjoon/vrx_ws/install' for CMake config files
[9.236s] Level 1:colcon.colcon_core.shell:create_environment_hook('vrx_ros', 'cmake_prefix_path')
[9.236s] INFO:colcon.colcon_core.shell:Creating environment hook '/home/kjoon/vrx_ws/install/share/vrx_ros/hook/cmake_prefix_path.ps1'
[9.236s] INFO:colcon.colcon_core.shell:Creating environment descriptor '/home/kjoon/vrx_ws/install/share/vrx_ros/hook/cmake_prefix_path.dsv'
[9.236s] INFO:colcon.colcon_core.shell:Creating environment hook '/home/kjoon/vrx_ws/install/share/vrx_ros/hook/cmake_prefix_path.sh'
[9.237s] Level 1:colcon.colcon_core.environment:checking '/home/kjoon/vrx_ws/install/lib'
[9.237s] Level 1:colcon.colcon_core.shell:create_environment_hook('vrx_ros', 'ld_library_path_lib')
[9.237s] INFO:colcon.colcon_core.shell:Creating environment hook '/home/kjoon/vrx_ws/install/share/vrx_ros/hook/ld_library_path_lib.ps1'
[9.237s] INFO:colcon.colcon_core.shell:Creating environment descriptor '/home/kjoon/vrx_ws/install/share/vrx_ros/hook/ld_library_path_lib.dsv'
[9.237s] INFO:colcon.colcon_core.shell:Creating environment hook '/home/kjoon/vrx_ws/install/share/vrx_ros/hook/ld_library_path_lib.sh'
[9.237s] Level 1:colcon.colcon_core.environment:checking '/home/kjoon/vrx_ws/install/bin'
[9.237s] Level 1:colcon.colcon_core.environment:checking '/home/kjoon/vrx_ws/install/lib/pkgconfig/vrx_ros.pc'
[9.238s] Level 1:colcon.colcon_core.environment:checking '/home/kjoon/vrx_ws/install/lib/python3.10/site-packages'
[9.238s] Level 1:colcon.colcon_core.shell:create_environment_hook('vrx_ros', 'pythonpath')
[9.238s] INFO:colcon.colcon_core.shell:Creating environment hook '/home/kjoon/vrx_ws/install/share/vrx_ros/hook/pythonpath.ps1'
[9.238s] INFO:colcon.colcon_core.shell:Creating environment descriptor '/home/kjoon/vrx_ws/install/share/vrx_ros/hook/pythonpath.dsv'
[9.238s] INFO:colcon.colcon_core.shell:Creating environment hook '/home/kjoon/vrx_ws/install/share/vrx_ros/hook/pythonpath.sh'
[9.238s] Level 1:colcon.colcon_core.environment:checking '/home/kjoon/vrx_ws/install/bin'
[9.239s] INFO:colcon.colcon_core.shell:Creating package script '/home/kjoon/vrx_ws/install/share/vrx_ros/package.ps1'
[9.239s] INFO:colcon.colcon_core.shell:Creating package descriptor '/home/kjoon/vrx_ws/install/share/vrx_ros/package.dsv'
[9.239s] INFO:colcon.colcon_core.shell:Creating package script '/home/kjoon/vrx_ws/install/share/vrx_ros/package.sh'
[9.239s] INFO:colcon.colcon_core.shell:Creating package script '/home/kjoon/vrx_ws/install/share/vrx_ros/package.bash'
[9.240s] INFO:colcon.colcon_core.shell:Creating package script '/home/kjoon/vrx_ws/install/share/vrx_ros/package.zsh'
[9.240s] Level 1:colcon.colcon_core.environment:create_file_with_runtime_dependencies(/home/kjoon/vrx_ws/install/share/colcon-core/packages/vrx_ros)
[9.240s] Level 1:colcon.colcon_core.environment:create_environment_scripts_only(vrx_ros)
[9.240s] Level 1:colcon.colcon_core.environment:checking '/home/kjoon/vrx_ws/install' for CMake module files
[9.240s] Level 1:colcon.colcon_core.environment:checking '/home/kjoon/vrx_ws/install' for CMake config files
[9.241s] Level 1:colcon.colcon_core.shell:create_environment_hook('vrx_ros', 'cmake_prefix_path')
[9.241s] INFO:colcon.colcon_core.shell:Creating environment hook '/home/kjoon/vrx_ws/install/share/vrx_ros/hook/cmake_prefix_path.ps1'
[9.241s] INFO:colcon.colcon_core.shell:Creating environment descriptor '/home/kjoon/vrx_ws/install/share/vrx_ros/hook/cmake_prefix_path.dsv'
[9.241s] INFO:colcon.colcon_core.shell:Creating environment hook '/home/kjoon/vrx_ws/install/share/vrx_ros/hook/cmake_prefix_path.sh'
[9.242s] Level 1:colcon.colcon_core.environment:checking '/home/kjoon/vrx_ws/install/lib'
[9.242s] Level 1:colcon.colcon_core.shell:create_environment_hook('vrx_ros', 'ld_library_path_lib')
[9.242s] INFO:colcon.colcon_core.shell:Creating environment hook '/home/kjoon/vrx_ws/install/share/vrx_ros/hook/ld_library_path_lib.ps1'
[9.242s] INFO:colcon.colcon_core.shell:Creating environment descriptor '/home/kjoon/vrx_ws/install/share/vrx_ros/hook/ld_library_path_lib.dsv'
[9.242s] INFO:colcon.colcon_core.shell:Creating environment hook '/home/kjoon/vrx_ws/install/share/vrx_ros/hook/ld_library_path_lib.sh'
[9.242s] Level 1:colcon.colcon_core.environment:checking '/home/kjoon/vrx_ws/install/bin'
[9.242s] Level 1:colcon.colcon_core.environment:checking '/home/kjoon/vrx_ws/install/lib/pkgconfig/vrx_ros.pc'
[9.243s] Level 1:colcon.colcon_core.environment:checking '/home/kjoon/vrx_ws/install/lib/python3.10/site-packages'
[9.243s] Level 1:colcon.colcon_core.shell:create_environment_hook('vrx_ros', 'pythonpath')
[9.243s] INFO:colcon.colcon_core.shell:Creating environment hook '/home/kjoon/vrx_ws/install/share/vrx_ros/hook/pythonpath.ps1'
[9.243s] INFO:colcon.colcon_core.shell:Creating environment descriptor '/home/kjoon/vrx_ws/install/share/vrx_ros/hook/pythonpath.dsv'
[9.243s] INFO:colcon.colcon_core.shell:Creating environment hook '/home/kjoon/vrx_ws/install/share/vrx_ros/hook/pythonpath.sh'
[9.243s] Level 1:colcon.colcon_core.environment:checking '/home/kjoon/vrx_ws/install/bin'
[9.244s] INFO:colcon.colcon_core.shell:Creating package script '/home/kjoon/vrx_ws/install/share/vrx_ros/package.ps1'
[9.244s] INFO:colcon.colcon_core.shell:Creating package descriptor '/home/kjoon/vrx_ws/install/share/vrx_ros/package.dsv'
[9.244s] INFO:colcon.colcon_core.shell:Creating package script '/home/kjoon/vrx_ws/install/share/vrx_ros/package.sh'
[9.245s] INFO:colcon.colcon_core.shell:Creating package script '/home/kjoon/vrx_ws/install/share/vrx_ros/package.bash'
[9.245s] INFO:colcon.colcon_core.shell:Creating package script '/home/kjoon/vrx_ws/install/share/vrx_ros/package.zsh'
[9.245s] Level 1:colcon.colcon_core.environment:create_file_with_runtime_dependencies(/home/kjoon/vrx_ws/install/share/colcon-core/packages/vrx_ros)
[9.245s] INFO:colcon.colcon_ros.task.ament_cmake.build:Building ROS package in '/home/kjoon/vrx_ws/src/vrx/vrx_gz' with build type 'ament_cmake'
[9.245s] INFO:colcon.colcon_cmake.task.cmake.build:Building CMake package in '/home/kjoon/vrx_ws/src/vrx/vrx_gz'
[9.245s] INFO:colcon.colcon_core.shell:Skip shell extension 'powershell' for command environment: Not usable outside of PowerShell
[9.245s] DEBUG:colcon.colcon_core.shell:Skip shell extension 'dsv' for command environment
[9.251s] DEBUG:colcon.colcon_core.event_handler.log_command:Invoking command in '/home/kjoon/vrx_ws/build/vrx_gz': CMAKE_PREFIX_PATH=${CMAKE_PREFIX_PATH}:/opt/ros/humble PYTHONPATH=/home/kjoon/vrx_ws/install/lib/python3.10/site-packages:/home/kjoon/vrx_ws/install/local/lib/python3.10/dist-packages:/opt/ros/humble/lib/python3.10/site-packages:/opt/ros/humble/local/lib/python3.10/dist-packages /usr/bin/cmake /home/kjoon/vrx_ws/src/vrx/vrx_gz -DCMAKE_INSTALL_PREFIX=/home/kjoon/vrx_ws/install
[10.684s] DEBUG:colcon.colcon_core.event_handler.log_command:Invoked command in '/home/kjoon/vrx_ws/build/vrx_gz' returned '0': CMAKE_PREFIX_PATH=${CMAKE_PREFIX_PATH}:/opt/ros/humble PYTHONPATH=/home/kjoon/vrx_ws/install/lib/python3.10/site-packages:/home/kjoon/vrx_ws/install/local/lib/python3.10/dist-packages:/opt/ros/humble/lib/python3.10/site-packages:/opt/ros/humble/local/lib/python3.10/dist-packages /usr/bin/cmake /home/kjoon/vrx_ws/src/vrx/vrx_gz -DCMAKE_INSTALL_PREFIX=/home/kjoon/vrx_ws/install
[10.685s] DEBUG:colcon.colcon_core.event_handler.log_command:Invoking command in '/home/kjoon/vrx_ws/build/vrx_gz': CMAKE_PREFIX_PATH=${CMAKE_PREFIX_PATH}:/opt/ros/humble PYTHONPATH=/home/kjoon/vrx_ws/install/lib/python3.10/site-packages:/home/kjoon/vrx_ws/install/local/lib/python3.10/dist-packages:/opt/ros/humble/lib/python3.10/site-packages:/opt/ros/humble/local/lib/python3.10/dist-packages /usr/bin/cmake --build /home/kjoon/vrx_ws/build/vrx_gz -- -j16 -l16
[25.483s] DEBUG:colcon.colcon_core.event_handler.log_command:Invoked command in '/home/kjoon/vrx_ws/build/vrx_gz' returned '0': CMAKE_PREFIX_PATH=${CMAKE_PREFIX_PATH}:/opt/ros/humble PYTHONPATH=/home/kjoon/vrx_ws/install/lib/python3.10/site-packages:/home/kjoon/vrx_ws/install/local/lib/python3.10/dist-packages:/opt/ros/humble/lib/python3.10/site-packages:/opt/ros/humble/local/lib/python3.10/dist-packages /usr/bin/cmake --build /home/kjoon/vrx_ws/build/vrx_gz -- -j16 -l16
[25.484s] DEBUG:colcon.colcon_core.event_handler.log_command:Invoking command in '/home/kjoon/vrx_ws/build/vrx_gz': CMAKE_PREFIX_PATH=${CMAKE_PREFIX_PATH}:/opt/ros/humble PYTHONPATH=/home/kjoon/vrx_ws/install/lib/python3.10/site-packages:/home/kjoon/vrx_ws/install/local/lib/python3.10/dist-packages:/opt/ros/humble/lib/python3.10/site-packages:/opt/ros/humble/local/lib/python3.10/dist-packages /usr/bin/cmake --install /home/kjoon/vrx_ws/build/vrx_gz
[25.647s] Level 1:colcon.colcon_core.environment:create_environment_scripts_only(vrx_gz)
[25.647s] DEBUG:colcon.colcon_core.event_handler.log_command:Invoked command in '/home/kjoon/vrx_ws/build/vrx_gz' returned '0': CMAKE_PREFIX_PATH=${CMAKE_PREFIX_PATH}:/opt/ros/humble PYTHONPATH=/home/kjoon/vrx_ws/install/lib/python3.10/site-packages:/home/kjoon/vrx_ws/install/local/lib/python3.10/dist-packages:/opt/ros/humble/lib/python3.10/site-packages:/opt/ros/humble/local/lib/python3.10/dist-packages /usr/bin/cmake --install /home/kjoon/vrx_ws/build/vrx_gz
[25.647s] Level 1:colcon.colcon_core.environment:checking '/home/kjoon/vrx_ws/install' for CMake module files
[25.648s] Level 1:colcon.colcon_core.environment:checking '/home/kjoon/vrx_ws/install' for CMake config files
[25.648s] Level 1:colcon.colcon_core.shell:create_environment_hook('vrx_gz', 'cmake_prefix_path')
[25.648s] INFO:colcon.colcon_core.shell:Creating environment hook '/home/kjoon/vrx_ws/install/share/vrx_gz/hook/cmake_prefix_path.ps1'
[25.649s] INFO:colcon.colcon_core.shell:Creating environment descriptor '/home/kjoon/vrx_ws/install/share/vrx_gz/hook/cmake_prefix_path.dsv'
[25.649s] INFO:colcon.colcon_core.shell:Creating environment hook '/home/kjoon/vrx_ws/install/share/vrx_gz/hook/cmake_prefix_path.sh'
[25.650s] Level 1:colcon.colcon_core.environment:checking '/home/kjoon/vrx_ws/install/lib'
[25.650s] Level 1:colcon.colcon_core.shell:create_environment_hook('vrx_gz', 'ld_library_path_lib')
[25.650s] INFO:colcon.colcon_core.shell:Creating environment hook '/home/kjoon/vrx_ws/install/share/vrx_gz/hook/ld_library_path_lib.ps1'
[25.650s] INFO:colcon.colcon_core.shell:Creating environment descriptor '/home/kjoon/vrx_ws/install/share/vrx_gz/hook/ld_library_path_lib.dsv'
[25.651s] INFO:colcon.colcon_core.shell:Creating environment hook '/home/kjoon/vrx_ws/install/share/vrx_gz/hook/ld_library_path_lib.sh'
[25.651s] Level 1:colcon.colcon_core.environment:checking '/home/kjoon/vrx_ws/install/bin'
[25.651s] Level 1:colcon.colcon_core.environment:checking '/home/kjoon/vrx_ws/install/lib/pkgconfig/vrx_gz.pc'
[25.651s] Level 1:colcon.colcon_core.environment:checking '/home/kjoon/vrx_ws/install/lib/python3.10/site-packages'
[25.651s] Level 1:colcon.colcon_core.shell:create_environment_hook('vrx_gz', 'pythonpath')
[25.651s] INFO:colcon.colcon_core.shell:Creating environment hook '/home/kjoon/vrx_ws/install/share/vrx_gz/hook/pythonpath.ps1'
[25.652s] INFO:colcon.colcon_core.shell:Creating environment descriptor '/home/kjoon/vrx_ws/install/share/vrx_gz/hook/pythonpath.dsv'
[25.652s] INFO:colcon.colcon_core.shell:Creating environment hook '/home/kjoon/vrx_ws/install/share/vrx_gz/hook/pythonpath.sh'
[25.653s] Level 1:colcon.colcon_core.environment:checking '/home/kjoon/vrx_ws/install/bin'
[25.653s] INFO:colcon.colcon_core.shell:Creating package script '/home/kjoon/vrx_ws/install/share/vrx_gz/package.ps1'
[25.653s] INFO:colcon.colcon_core.shell:Creating package descriptor '/home/kjoon/vrx_ws/install/share/vrx_gz/package.dsv'
[25.654s] INFO:colcon.colcon_core.shell:Creating package script '/home/kjoon/vrx_ws/install/share/vrx_gz/package.sh'
[25.654s] INFO:colcon.colcon_core.shell:Creating package script '/home/kjoon/vrx_ws/install/share/vrx_gz/package.bash'
[25.655s] INFO:colcon.colcon_core.shell:Creating package script '/home/kjoon/vrx_ws/install/share/vrx_gz/package.zsh'
[25.655s] Level 1:colcon.colcon_core.environment:create_file_with_runtime_dependencies(/home/kjoon/vrx_ws/install/share/colcon-core/packages/vrx_gz)
[25.656s] Level 1:colcon.colcon_core.environment:create_environment_scripts_only(vrx_gz)
[25.656s] Level 1:colcon.colcon_core.environment:checking '/home/kjoon/vrx_ws/install' for CMake module files
[25.656s] Level 1:colcon.colcon_core.environment:checking '/home/kjoon/vrx_ws/install' for CMake config files
[25.657s] Level 1:colcon.colcon_core.shell:create_environment_hook('vrx_gz', 'cmake_prefix_path')
[25.657s] INFO:colcon.colcon_core.shell:Creating environment hook '/home/kjoon/vrx_ws/install/share/vrx_gz/hook/cmake_prefix_path.ps1'
[25.657s] INFO:colcon.colcon_core.shell:Creating environment descriptor '/home/kjoon/vrx_ws/install/share/vrx_gz/hook/cmake_prefix_path.dsv'
[25.658s] INFO:colcon.colcon_core.shell:Creating environment hook '/home/kjoon/vrx_ws/install/share/vrx_gz/hook/cmake_prefix_path.sh'
[25.658s] Level 1:colcon.colcon_core.environment:checking '/home/kjoon/vrx_ws/install/lib'
[25.658s] Level 1:colcon.colcon_core.shell:create_environment_hook('vrx_gz', 'ld_library_path_lib')
[25.659s] INFO:colcon.colcon_core.shell:Creating environment hook '/home/kjoon/vrx_ws/install/share/vrx_gz/hook/ld_library_path_lib.ps1'
[25.659s] INFO:colcon.colcon_core.shell:Creating environment descriptor '/home/kjoon/vrx_ws/install/share/vrx_gz/hook/ld_library_path_lib.dsv'
[25.659s] INFO:colcon.colcon_core.shell:Creating environment hook '/home/kjoon/vrx_ws/install/share/vrx_gz/hook/ld_library_path_lib.sh'
[25.660s] Level 1:colcon.colcon_core.environment:checking '/home/kjoon/vrx_ws/install/bin'
[25.660s] Level 1:colcon.colcon_core.environment:checking '/home/kjoon/vrx_ws/install/lib/pkgconfig/vrx_gz.pc'
[25.660s] Level 1:colcon.colcon_core.environment:checking '/home/kjoon/vrx_ws/install/lib/python3.10/site-packages'
[25.660s] Level 1:colcon.colcon_core.shell:create_environment_hook('vrx_gz', 'pythonpath')
[25.660s] INFO:colcon.colcon_core.shell:Creating environment hook '/home/kjoon/vrx_ws/install/share/vrx_gz/hook/pythonpath.ps1'
[25.661s] INFO:colcon.colcon_core.shell:Creating environment descriptor '/home/kjoon/vrx_ws/install/share/vrx_gz/hook/pythonpath.dsv'
[25.661s] INFO:colcon.colcon_core.shell:Creating environment hook '/home/kjoon/vrx_ws/install/share/vrx_gz/hook/pythonpath.sh'
[25.661s] Level 1:colcon.colcon_core.environment:checking '/home/kjoon/vrx_ws/install/bin'
[25.662s] INFO:colcon.colcon_core.shell:Creating package script '/home/kjoon/vrx_ws/install/share/vrx_gz/package.ps1'
[25.662s] INFO:colcon.colcon_core.shell:Creating package descriptor '/home/kjoon/vrx_ws/install/share/vrx_gz/package.dsv'
[25.663s] INFO:colcon.colcon_core.shell:Creating package script '/home/kjoon/vrx_ws/install/share/vrx_gz/package.sh'
[25.663s] INFO:colcon.colcon_core.shell:Creating package script '/home/kjoon/vrx_ws/install/share/vrx_gz/package.bash'
[25.664s] INFO:colcon.colcon_core.shell:Creating package script '/home/kjoon/vrx_ws/install/share/vrx_gz/package.zsh'
[25.664s] Level 1:colcon.colcon_core.environment:create_file_with_runtime_dependencies(/home/kjoon/vrx_ws/install/share/colcon-core/packages/vrx_gz)
[25.664s] DEBUG:colcon.colcon_parallel_executor.executor.parallel:closing loop
[25.664s] DEBUG:colcon.colcon_parallel_executor.executor.parallel:loop closed
[25.664s] DEBUG:colcon.colcon_parallel_executor.executor.parallel:run_until_complete finished with '0'
[25.665s] DEBUG:colcon.colcon_core.event_reactor:joining thread
[25.670s] INFO:colcon.colcon_core.plugin_system:Skipping extension 'colcon_notification.desktop_notification.terminal_notifier': Not used on non-Darwin systems
[25.670s] INFO:colcon.colcon_core.plugin_system:Skipping extension 'colcon_notification.desktop_notification.win32': Not used on non-Windows systems
[25.670s] INFO:colcon.colcon_notification.desktop_notification:Sending desktop notification using 'notify2'
[25.679s] DEBUG:colcon.colcon_core.event_reactor:joined thread
[25.680s] INFO:colcon.colcon_core.shell:Creating prefix script '/home/kjoon/vrx_ws/install/local_setup.ps1'
[25.681s] INFO:colcon.colcon_core.shell:Creating prefix util module '/home/kjoon/vrx_ws/install/_local_setup_util_ps1.py'
[25.682s] INFO:colcon.colcon_core.shell:Creating prefix chain script '/home/kjoon/vrx_ws/install/setup.ps1'
[25.683s] INFO:colcon.colcon_core.shell:Creating prefix script '/home/kjoon/vrx_ws/install/local_setup.sh'
[25.683s] INFO:colcon.colcon_core.shell:Creating prefix util module '/home/kjoon/vrx_ws/install/_local_setup_util_sh.py'
[25.684s] INFO:colcon.colcon_core.shell:Creating prefix chain script '/home/kjoon/vrx_ws/install/setup.sh'
[25.685s] INFO:colcon.colcon_core.shell:Creating prefix script '/home/kjoon/vrx_ws/install/local_setup.bash'
[25.685s] INFO:colcon.colcon_core.shell:Creating prefix chain script '/home/kjoon/vrx_ws/install/setup.bash'
[25.686s] INFO:colcon.colcon_core.shell:Creating prefix script '/home/kjoon/vrx_ws/install/local_setup.zsh'
[25.687s] INFO:colcon.colcon_core.shell:Creating prefix chain script '/home/kjoon/vrx_ws/install/setup.zsh'
