[0.067s] DEBUG:colcon:Command line arguments: ['/usr/bin/colcon', 'build', '--merge-install']
[0.067s] DEBUG:colcon:Parsed command line arguments: Namespace(log_base=None, log_level=None, verb_name='build', build_base='build', install_base='install', merge_install=True, symlink_install=False, test_result_base=None, continue_on_error=False, executor='parallel', parallel_workers=16, event_handlers=None, ignore_user_meta=False, metas=['./colcon.meta'], base_paths=['.'], packages_ignore=None, packages_ignore_regex=None, paths=None, packages_up_to=None, packages_up_to_regex=None, packages_above=None, packages_above_and_dependencies=None, packages_above_depth=None, packages_select_by_dep=None, packages_skip_by_dep=None, packages_skip_up_to=None, packages_select_build_failed=False, packages_skip_build_finished=False, packages_select_test_failures=False, packages_skip_test_passed=False, packages_select=None, packages_skip=None, packages_select_regex=None, packages_skip_regex=None, packages_start=None, packages_end=None, allow_overriding=[], cmake_args=None, cmake_target=None, cmake_target_skip_unavailable=False, cmake_clean_cache=False, cmake_clean_first=False, cmake_force_configure=False, ament_cmake_args=None, catkin_cmake_args=None, catkin_skip_building_tests=False, mixin_files=None, mixin=None, verb_parser=<colcon_mixin.mixin.mixin_argument.MixinArgumentDecorator object at 0x7b2eae55b070>, verb_extension=<colcon_core.verb.build.BuildVerb object at 0x7b2eae55a9e0>, main=<bound method BuildVerb.main of <colcon_core.verb.build.BuildVerb object at 0x7b2eae55a9e0>>, mixin_verb=('build',))
[0.178s] Level 1:colcon.colcon_core.package_discovery:discover_packages(colcon_meta) check parameters
[0.178s] Level 1:colcon.colcon_core.package_discovery:discover_packages(recursive) check parameters
[0.178s] Level 1:colcon.colcon_core.package_discovery:discover_packages(ignore) check parameters
[0.178s] Level 1:colcon.colcon_core.package_discovery:discover_packages(path) check parameters
[0.178s] Level 1:colcon.colcon_core.package_discovery:discover_packages(colcon_meta) discover
[0.178s] Level 1:colcon.colcon_core.package_discovery:discover_packages(recursive) discover
[0.178s] INFO:colcon.colcon_core.package_discovery:Crawling recursively for packages in '/home/kjoon/vrx_ws'
[0.178s] Level 1:colcon.colcon_core.package_identification:_identify(.) by extensions ['ignore', 'ignore_ament_install']
[0.178s] Level 1:colcon.colcon_core.package_identification:_identify(.) by extension 'ignore'
[0.178s] Level 1:colcon.colcon_core.package_identification:_identify(.) by extension 'ignore_ament_install'
[0.178s] Level 1:colcon.colcon_core.package_identification:_identify(.) by extensions ['colcon_pkg']
[0.178s] Level 1:colcon.colcon_core.package_identification:_identify(.) by extension 'colcon_pkg'
[0.178s] Level 1:colcon.colcon_core.package_identification:_identify(.) by extensions ['colcon_meta']
[0.178s] Level 1:colcon.colcon_core.package_identification:_identify(.) by extension 'colcon_meta'
[0.178s] Level 1:colcon.colcon_core.package_identification:_identify(.) by extensions ['ros']
[0.178s] Level 1:colcon.colcon_core.package_identification:_identify(.) by extension 'ros'
[0.184s] Level 1:colcon.colcon_core.package_identification:_identify(.) by extensions ['cmake', 'python']
[0.184s] Level 1:colcon.colcon_core.package_identification:_identify(.) by extension 'cmake'
[0.184s] Level 1:colcon.colcon_core.package_identification:_identify(.) by extension 'python'
[0.184s] Level 1:colcon.colcon_core.package_identification:_identify(.) by extensions ['python_setup_py']
[0.185s] Level 1:colcon.colcon_core.package_identification:_identify(.) by extension 'python_setup_py'
[0.185s] Level 1:colcon.colcon_core.package_identification:_identify(build) by extensions ['ignore', 'ignore_ament_install']
[0.185s] Level 1:colcon.colcon_core.package_identification:_identify(build) by extension 'ignore'
[0.185s] Level 1:colcon.colcon_core.package_identification:_identify(build) ignored
[0.185s] Level 1:colcon.colcon_core.package_identification:_identify(install) by extensions ['ignore', 'ignore_ament_install']
[0.185s] Level 1:colcon.colcon_core.package_identification:_identify(install) by extension 'ignore'
[0.185s] Level 1:colcon.colcon_core.package_identification:_identify(install) ignored
[0.185s] Level 1:colcon.colcon_core.package_identification:_identify(log) by extensions ['ignore', 'ignore_ament_install']
[0.185s] Level 1:colcon.colcon_core.package_identification:_identify(log) by extension 'ignore'
[0.185s] Level 1:colcon.colcon_core.package_identification:_identify(log) ignored
[0.185s] Level 1:colcon.colcon_core.package_identification:_identify(src) by extensions ['ignore', 'ignore_ament_install']
[0.185s] Level 1:colcon.colcon_core.package_identification:_identify(src) by extension 'ignore'
[0.185s] Level 1:colcon.colcon_core.package_identification:_identify(src) by extension 'ignore_ament_install'
[0.185s] Level 1:colcon.colcon_core.package_identification:_identify(src) by extensions ['colcon_pkg']
[0.185s] Level 1:colcon.colcon_core.package_identification:_identify(src) by extension 'colcon_pkg'
[0.185s] Level 1:colcon.colcon_core.package_identification:_identify(src) by extensions ['colcon_meta']
[0.185s] Level 1:colcon.colcon_core.package_identification:_identify(src) by extension 'colcon_meta'
[0.185s] Level 1:colcon.colcon_core.package_identification:_identify(src) by extensions ['ros']
[0.185s] Level 1:colcon.colcon_core.package_identification:_identify(src) by extension 'ros'
[0.185s] Level 1:colcon.colcon_core.package_identification:_identify(src) by extensions ['cmake', 'python']
[0.185s] Level 1:colcon.colcon_core.package_identification:_identify(src) by extension 'cmake'
[0.185s] Level 1:colcon.colcon_core.package_identification:_identify(src) by extension 'python'
[0.185s] Level 1:colcon.colcon_core.package_identification:_identify(src) by extensions ['python_setup_py']
[0.185s] Level 1:colcon.colcon_core.package_identification:_identify(src) by extension 'python_setup_py'
[0.185s] Level 1:colcon.colcon_core.package_identification:_identify(src/px4_uv) by extensions ['ignore', 'ignore_ament_install']
[0.185s] Level 1:colcon.colcon_core.package_identification:_identify(src/px4_uv) by extension 'ignore'
[0.185s] Level 1:colcon.colcon_core.package_identification:_identify(src/px4_uv) by extension 'ignore_ament_install'
[0.186s] Level 1:colcon.colcon_core.package_identification:_identify(src/px4_uv) by extensions ['colcon_pkg']
[0.186s] Level 1:colcon.colcon_core.package_identification:_identify(src/px4_uv) by extension 'colcon_pkg'
[0.186s] Level 1:colcon.colcon_core.package_identification:_identify(src/px4_uv) by extensions ['colcon_meta']
[0.186s] Level 1:colcon.colcon_core.package_identification:_identify(src/px4_uv) by extension 'colcon_meta'
[0.186s] Level 1:colcon.colcon_core.package_identification:_identify(src/px4_uv) by extensions ['ros']
[0.186s] Level 1:colcon.colcon_core.package_identification:_identify(src/px4_uv) by extension 'ros'
[0.187s] DEBUG:colcon.colcon_core.package_identification:Package 'src/px4_uv' with type 'ros.ament_cmake' and name 'px4_uv'
[0.187s] Level 1:colcon.colcon_core.package_identification:_identify(src/vrx) by extensions ['ignore', 'ignore_ament_install']
[0.187s] Level 1:colcon.colcon_core.package_identification:_identify(src/vrx) by extension 'ignore'
[0.187s] Level 1:colcon.colcon_core.package_identification:_identify(src/vrx) by extension 'ignore_ament_install'
[0.187s] Level 1:colcon.colcon_core.package_identification:_identify(src/vrx) by extensions ['colcon_pkg']
[0.187s] Level 1:colcon.colcon_core.package_identification:_identify(src/vrx) by extension 'colcon_pkg'
[0.187s] Level 1:colcon.colcon_core.package_identification:_identify(src/vrx) by extensions ['colcon_meta']
[0.187s] Level 1:colcon.colcon_core.package_identification:_identify(src/vrx) by extension 'colcon_meta'
[0.187s] Level 1:colcon.colcon_core.package_identification:_identify(src/vrx) by extensions ['ros']
[0.187s] Level 1:colcon.colcon_core.package_identification:_identify(src/vrx) by extension 'ros'
[0.187s] Level 1:colcon.colcon_core.package_identification:_identify(src/vrx) by extensions ['cmake', 'python']
[0.187s] Level 1:colcon.colcon_core.package_identification:_identify(src/vrx) by extension 'cmake'
[0.187s] Level 1:colcon.colcon_core.package_identification:_identify(src/vrx) by extension 'python'
[0.187s] Level 1:colcon.colcon_core.package_identification:_identify(src/vrx) by extensions ['python_setup_py']
[0.187s] Level 1:colcon.colcon_core.package_identification:_identify(src/vrx) by extension 'python_setup_py'
[0.188s] Level 1:colcon.colcon_core.package_identification:_identify(src/vrx/images) by extensions ['ignore', 'ignore_ament_install']
[0.188s] Level 1:colcon.colcon_core.package_identification:_identify(src/vrx/images) by extension 'ignore'
[0.188s] Level 1:colcon.colcon_core.package_identification:_identify(src/vrx/images) by extension 'ignore_ament_install'
[0.188s] Level 1:colcon.colcon_core.package_identification:_identify(src/vrx/images) by extensions ['colcon_pkg']
[0.188s] Level 1:colcon.colcon_core.package_identification:_identify(src/vrx/images) by extension 'colcon_pkg'
[0.188s] Level 1:colcon.colcon_core.package_identification:_identify(src/vrx/images) by extensions ['colcon_meta']
[0.188s] Level 1:colcon.colcon_core.package_identification:_identify(src/vrx/images) by extension 'colcon_meta'
[0.188s] Level 1:colcon.colcon_core.package_identification:_identify(src/vrx/images) by extensions ['ros']
[0.188s] Level 1:colcon.colcon_core.package_identification:_identify(src/vrx/images) by extension 'ros'
[0.188s] Level 1:colcon.colcon_core.package_identification:_identify(src/vrx/images) by extensions ['cmake', 'python']
[0.188s] Level 1:colcon.colcon_core.package_identification:_identify(src/vrx/images) by extension 'cmake'
[0.188s] Level 1:colcon.colcon_core.package_identification:_identify(src/vrx/images) by extension 'python'
[0.188s] Level 1:colcon.colcon_core.package_identification:_identify(src/vrx/images) by extensions ['python_setup_py']
[0.188s] Level 1:colcon.colcon_core.package_identification:_identify(src/vrx/images) by extension 'python_setup_py'
[0.188s] Level 1:colcon.colcon_core.package_identification:_identify(src/vrx/vrx_gz) by extensions ['ignore', 'ignore_ament_install']
[0.188s] Level 1:colcon.colcon_core.package_identification:_identify(src/vrx/vrx_gz) by extension 'ignore'
[0.188s] Level 1:colcon.colcon_core.package_identification:_identify(src/vrx/vrx_gz) by extension 'ignore_ament_install'
[0.188s] Level 1:colcon.colcon_core.package_identification:_identify(src/vrx/vrx_gz) by extensions ['colcon_pkg']
[0.188s] Level 1:colcon.colcon_core.package_identification:_identify(src/vrx/vrx_gz) by extension 'colcon_pkg'
[0.188s] Level 1:colcon.colcon_core.package_identification:_identify(src/vrx/vrx_gz) by extensions ['colcon_meta']
[0.188s] Level 1:colcon.colcon_core.package_identification:_identify(src/vrx/vrx_gz) by extension 'colcon_meta'
[0.188s] Level 1:colcon.colcon_core.package_identification:_identify(src/vrx/vrx_gz) by extensions ['ros']
[0.188s] Level 1:colcon.colcon_core.package_identification:_identify(src/vrx/vrx_gz) by extension 'ros'
[0.189s] DEBUG:colcon.colcon_core.package_identification:Package 'src/vrx/vrx_gz' with type 'ros.ament_cmake' and name 'vrx_gz'
[0.189s] Level 1:colcon.colcon_core.package_identification:_identify(src/vrx/vrx_ros) by extensions ['ignore', 'ignore_ament_install']
[0.189s] Level 1:colcon.colcon_core.package_identification:_identify(src/vrx/vrx_ros) by extension 'ignore'
[0.189s] Level 1:colcon.colcon_core.package_identification:_identify(src/vrx/vrx_ros) by extension 'ignore_ament_install'
[0.189s] Level 1:colcon.colcon_core.package_identification:_identify(src/vrx/vrx_ros) by extensions ['colcon_pkg']
[0.189s] Level 1:colcon.colcon_core.package_identification:_identify(src/vrx/vrx_ros) by extension 'colcon_pkg'
[0.189s] Level 1:colcon.colcon_core.package_identification:_identify(src/vrx/vrx_ros) by extensions ['colcon_meta']
[0.189s] Level 1:colcon.colcon_core.package_identification:_identify(src/vrx/vrx_ros) by extension 'colcon_meta'
[0.189s] Level 1:colcon.colcon_core.package_identification:_identify(src/vrx/vrx_ros) by extensions ['ros']
[0.189s] Level 1:colcon.colcon_core.package_identification:_identify(src/vrx/vrx_ros) by extension 'ros'
[0.189s] DEBUG:colcon.colcon_core.package_identification:Package 'src/vrx/vrx_ros' with type 'ros.ament_cmake' and name 'vrx_ros'
[0.190s] Level 1:colcon.colcon_core.package_identification:_identify(src/vrx/vrx_urdf) by extensions ['ignore', 'ignore_ament_install']
[0.190s] Level 1:colcon.colcon_core.package_identification:_identify(src/vrx/vrx_urdf) by extension 'ignore'
[0.190s] Level 1:colcon.colcon_core.package_identification:_identify(src/vrx/vrx_urdf) by extension 'ignore_ament_install'
[0.190s] Level 1:colcon.colcon_core.package_identification:_identify(src/vrx/vrx_urdf) by extensions ['colcon_pkg']
[0.190s] Level 1:colcon.colcon_core.package_identification:_identify(src/vrx/vrx_urdf) by extension 'colcon_pkg'
[0.190s] Level 1:colcon.colcon_core.package_identification:_identify(src/vrx/vrx_urdf) by extensions ['colcon_meta']
[0.190s] Level 1:colcon.colcon_core.package_identification:_identify(src/vrx/vrx_urdf) by extension 'colcon_meta'
[0.190s] Level 1:colcon.colcon_core.package_identification:_identify(src/vrx/vrx_urdf) by extensions ['ros']
[0.190s] Level 1:colcon.colcon_core.package_identification:_identify(src/vrx/vrx_urdf) by extension 'ros'
[0.190s] Level 1:colcon.colcon_core.package_identification:_identify(src/vrx/vrx_urdf) by extensions ['cmake', 'python']
[0.190s] Level 1:colcon.colcon_core.package_identification:_identify(src/vrx/vrx_urdf) by extension 'cmake'
[0.190s] Level 1:colcon.colcon_core.package_identification:_identify(src/vrx/vrx_urdf) by extension 'python'
[0.190s] Level 1:colcon.colcon_core.package_identification:_identify(src/vrx/vrx_urdf) by extensions ['python_setup_py']
[0.190s] Level 1:colcon.colcon_core.package_identification:_identify(src/vrx/vrx_urdf) by extension 'python_setup_py'
[0.190s] Level 1:colcon.colcon_core.package_identification:_identify(src/vrx/vrx_urdf/vrx_gazebo) by extensions ['ignore', 'ignore_ament_install']
[0.190s] Level 1:colcon.colcon_core.package_identification:_identify(src/vrx/vrx_urdf/vrx_gazebo) by extension 'ignore'
[0.190s] Level 1:colcon.colcon_core.package_identification:_identify(src/vrx/vrx_urdf/vrx_gazebo) by extension 'ignore_ament_install'
[0.190s] Level 1:colcon.colcon_core.package_identification:_identify(src/vrx/vrx_urdf/vrx_gazebo) by extensions ['colcon_pkg']
[0.190s] Level 1:colcon.colcon_core.package_identification:_identify(src/vrx/vrx_urdf/vrx_gazebo) by extension 'colcon_pkg'
[0.190s] Level 1:colcon.colcon_core.package_identification:_identify(src/vrx/vrx_urdf/vrx_gazebo) by extensions ['colcon_meta']
[0.190s] Level 1:colcon.colcon_core.package_identification:_identify(src/vrx/vrx_urdf/vrx_gazebo) by extension 'colcon_meta'
[0.190s] Level 1:colcon.colcon_core.package_identification:_identify(src/vrx/vrx_urdf/vrx_gazebo) by extensions ['ros']
[0.190s] Level 1:colcon.colcon_core.package_identification:_identify(src/vrx/vrx_urdf/vrx_gazebo) by extension 'ros'
[0.191s] DEBUG:colcon.colcon_core.package_identification:Package 'src/vrx/vrx_urdf/vrx_gazebo' with type 'ros.ament_cmake' and name 'vrx_gazebo'
[0.191s] Level 1:colcon.colcon_core.package_identification:_identify(src/vrx/vrx_urdf/wamv_description) by extensions ['ignore', 'ignore_ament_install']
[0.191s] Level 1:colcon.colcon_core.package_identification:_identify(src/vrx/vrx_urdf/wamv_description) by extension 'ignore'
[0.191s] Level 1:colcon.colcon_core.package_identification:_identify(src/vrx/vrx_urdf/wamv_description) by extension 'ignore_ament_install'
[0.191s] Level 1:colcon.colcon_core.package_identification:_identify(src/vrx/vrx_urdf/wamv_description) by extensions ['colcon_pkg']
[0.191s] Level 1:colcon.colcon_core.package_identification:_identify(src/vrx/vrx_urdf/wamv_description) by extension 'colcon_pkg'
[0.191s] Level 1:colcon.colcon_core.package_identification:_identify(src/vrx/vrx_urdf/wamv_description) by extensions ['colcon_meta']
[0.191s] Level 1:colcon.colcon_core.package_identification:_identify(src/vrx/vrx_urdf/wamv_description) by extension 'colcon_meta'
[0.191s] Level 1:colcon.colcon_core.package_identification:_identify(src/vrx/vrx_urdf/wamv_description) by extensions ['ros']
[0.191s] Level 1:colcon.colcon_core.package_identification:_identify(src/vrx/vrx_urdf/wamv_description) by extension 'ros'
[0.192s] DEBUG:colcon.colcon_core.package_identification:Package 'src/vrx/vrx_urdf/wamv_description' with type 'ros.ament_cmake' and name 'wamv_description'
[0.192s] Level 1:colcon.colcon_core.package_identification:_identify(src/vrx/vrx_urdf/wamv_gazebo) by extensions ['ignore', 'ignore_ament_install']
[0.192s] Level 1:colcon.colcon_core.package_identification:_identify(src/vrx/vrx_urdf/wamv_gazebo) by extension 'ignore'
[0.192s] Level 1:colcon.colcon_core.package_identification:_identify(src/vrx/vrx_urdf/wamv_gazebo) by extension 'ignore_ament_install'
[0.192s] Level 1:colcon.colcon_core.package_identification:_identify(src/vrx/vrx_urdf/wamv_gazebo) by extensions ['colcon_pkg']
[0.192s] Level 1:colcon.colcon_core.package_identification:_identify(src/vrx/vrx_urdf/wamv_gazebo) by extension 'colcon_pkg'
[0.192s] Level 1:colcon.colcon_core.package_identification:_identify(src/vrx/vrx_urdf/wamv_gazebo) by extensions ['colcon_meta']
[0.192s] Level 1:colcon.colcon_core.package_identification:_identify(src/vrx/vrx_urdf/wamv_gazebo) by extension 'colcon_meta'
[0.192s] Level 1:colcon.colcon_core.package_identification:_identify(src/vrx/vrx_urdf/wamv_gazebo) by extensions ['ros']
[0.192s] Level 1:colcon.colcon_core.package_identification:_identify(src/vrx/vrx_urdf/wamv_gazebo) by extension 'ros'
[0.192s] DEBUG:colcon.colcon_core.package_identification:Package 'src/vrx/vrx_urdf/wamv_gazebo' with type 'ros.ament_cmake' and name 'wamv_gazebo'
[0.192s] Level 1:colcon.colcon_core.package_identification:_identify(src/wamv_nav) by extensions ['ignore', 'ignore_ament_install']
[0.192s] Level 1:colcon.colcon_core.package_identification:_identify(src/wamv_nav) by extension 'ignore'
[0.192s] Level 1:colcon.colcon_core.package_identification:_identify(src/wamv_nav) by extension 'ignore_ament_install'
[0.193s] Level 1:colcon.colcon_core.package_identification:_identify(src/wamv_nav) by extensions ['colcon_pkg']
[0.193s] Level 1:colcon.colcon_core.package_identification:_identify(src/wamv_nav) by extension 'colcon_pkg'
[0.193s] Level 1:colcon.colcon_core.package_identification:_identify(src/wamv_nav) by extensions ['colcon_meta']
[0.193s] Level 1:colcon.colcon_core.package_identification:_identify(src/wamv_nav) by extension 'colcon_meta'
[0.193s] Level 1:colcon.colcon_core.package_identification:_identify(src/wamv_nav) by extensions ['ros']
[0.193s] Level 1:colcon.colcon_core.package_identification:_identify(src/wamv_nav) by extension 'ros'
[0.193s] DEBUG:colcon.colcon_core.package_identification:Failed to parse potential ROS package manifest in'src/wamv_nav': Error(s) in package 'src/wamv_nav/package.xml':
Error(s):
- The manifest of package "wamv_nav" (with format version 3) must not contain the following tags: build_type
[0.193s] Level 1:colcon.colcon_core.package_identification:_identify(src/wamv_nav) by extensions ['cmake', 'python']
[0.193s] Level 1:colcon.colcon_core.package_identification:_identify(src/wamv_nav) by extension 'cmake'
[0.193s] Level 1:colcon.colcon_core.package_identification:_identify(src/wamv_nav) by extension 'python'
[0.193s] DEBUG:colcon.colcon_core.package_identification:Python package in 'src/wamv_nav' passes arguments to the setup() function which requires a different identification extension than 'python'
[0.193s] Level 1:colcon.colcon_core.package_identification:_identify(src/wamv_nav) by extensions ['python_setup_py']
[0.193s] Level 1:colcon.colcon_core.package_identification:_identify(src/wamv_nav) by extension 'python_setup_py'
[0.364s] DEBUG:colcon.colcon_core.package_identification:Package 'src/wamv_nav' with type 'python' and name 'wamv_nav'
[0.364s] Level 1:colcon.colcon_core.package_discovery:discover_packages(recursive) using defaults
[0.364s] Level 1:colcon.colcon_core.package_discovery:discover_packages(ignore) discover
[0.364s] Level 1:colcon.colcon_core.package_discovery:discover_packages(ignore) using defaults
[0.364s] Level 1:colcon.colcon_core.package_discovery:discover_packages(path) discover
[0.364s] Level 1:colcon.colcon_core.package_discovery:discover_packages(path) using defaults
[0.376s] Level 1:colcon.colcon_core.package_discovery:discover_packages(prefix_path) check parameters
[0.376s] Level 1:colcon.colcon_core.package_discovery:discover_packages(prefix_path) discover
[0.377s] DEBUG:colcon.colcon_installed_package_information.package_discovery:Found 7 installed packages in /home/kjoon/vrx_ws/install
[0.378s] DEBUG:colcon.colcon_installed_package_information.package_discovery:Found 287 installed packages in /opt/ros/humble
[0.379s] Level 1:colcon.colcon_core.package_discovery:discover_packages(prefix_path) using defaults
[0.402s] Level 5:colcon.colcon_core.verb:set package 'px4_uv' build argument 'cmake_args' from command line to 'None'
[0.402s] Level 5:colcon.colcon_core.verb:set package 'px4_uv' build argument 'cmake_target' from command line to 'None'
[0.402s] Level 5:colcon.colcon_core.verb:set package 'px4_uv' build argument 'cmake_target_skip_unavailable' from command line to 'False'
[0.402s] Level 5:colcon.colcon_core.verb:set package 'px4_uv' build argument 'cmake_clean_cache' from command line to 'False'
[0.402s] Level 5:colcon.colcon_core.verb:set package 'px4_uv' build argument 'cmake_clean_first' from command line to 'False'
[0.402s] Level 5:colcon.colcon_core.verb:set package 'px4_uv' build argument 'cmake_force_configure' from command line to 'False'
[0.402s] Level 5:colcon.colcon_core.verb:set package 'px4_uv' build argument 'ament_cmake_args' from command line to 'None'
[0.402s] Level 5:colcon.colcon_core.verb:set package 'px4_uv' build argument 'catkin_cmake_args' from command line to 'None'
[0.402s] Level 5:colcon.colcon_core.verb:set package 'px4_uv' build argument 'catkin_skip_building_tests' from command line to 'False'
[0.402s] DEBUG:colcon.colcon_core.verb:Building package 'px4_uv' with the following arguments: {'ament_cmake_args': None, 'build_base': '/home/kjoon/vrx_ws/build/px4_uv', 'catkin_cmake_args': None, 'catkin_skip_building_tests': False, 'cmake_args': None, 'cmake_clean_cache': False, 'cmake_clean_first': False, 'cmake_force_configure': False, 'cmake_target': None, 'cmake_target_skip_unavailable': False, 'install_base': '/home/kjoon/vrx_ws/install', 'merge_install': True, 'path': '/home/kjoon/vrx_ws/src/px4_uv', 'symlink_install': False, 'test_result_base': None}
[0.402s] Level 5:colcon.colcon_core.verb:set package 'vrx_gazebo' build argument 'cmake_args' from command line to 'None'
[0.402s] Level 5:colcon.colcon_core.verb:set package 'vrx_gazebo' build argument 'cmake_target' from command line to 'None'
[0.402s] Level 5:colcon.colcon_core.verb:set package 'vrx_gazebo' build argument 'cmake_target_skip_unavailable' from command line to 'False'
[0.402s] Level 5:colcon.colcon_core.verb:set package 'vrx_gazebo' build argument 'cmake_clean_cache' from command line to 'False'
[0.402s] Level 5:colcon.colcon_core.verb:set package 'vrx_gazebo' build argument 'cmake_clean_first' from command line to 'False'
[0.402s] Level 5:colcon.colcon_core.verb:set package 'vrx_gazebo' build argument 'cmake_force_configure' from command line to 'False'
[0.402s] Level 5:colcon.colcon_core.verb:set package 'vrx_gazebo' build argument 'ament_cmake_args' from command line to 'None'
[0.402s] Level 5:colcon.colcon_core.verb:set package 'vrx_gazebo' build argument 'catkin_cmake_args' from command line to 'None'
[0.403s] Level 5:colcon.colcon_core.verb:set package 'vrx_gazebo' build argument 'catkin_skip_building_tests' from command line to 'False'
[0.403s] DEBUG:colcon.colcon_core.verb:Building package 'vrx_gazebo' with the following arguments: {'ament_cmake_args': None, 'build_base': '/home/kjoon/vrx_ws/build/vrx_gazebo', 'catkin_cmake_args': None, 'catkin_skip_building_tests': False, 'cmake_args': None, 'cmake_clean_cache': False, 'cmake_clean_first': False, 'cmake_force_configure': False, 'cmake_target': None, 'cmake_target_skip_unavailable': False, 'install_base': '/home/kjoon/vrx_ws/install', 'merge_install': True, 'path': '/home/kjoon/vrx_ws/src/vrx/vrx_urdf/vrx_gazebo', 'symlink_install': False, 'test_result_base': None}
[0.403s] Level 5:colcon.colcon_core.verb:set package 'vrx_ros' build argument 'cmake_args' from command line to 'None'
[0.403s] Level 5:colcon.colcon_core.verb:set package 'vrx_ros' build argument 'cmake_target' from command line to 'None'
[0.403s] Level 5:colcon.colcon_core.verb:set package 'vrx_ros' build argument 'cmake_target_skip_unavailable' from command line to 'False'
[0.403s] Level 5:colcon.colcon_core.verb:set package 'vrx_ros' build argument 'cmake_clean_cache' from command line to 'False'
[0.403s] Level 5:colcon.colcon_core.verb:set package 'vrx_ros' build argument 'cmake_clean_first' from command line to 'False'
[0.403s] Level 5:colcon.colcon_core.verb:set package 'vrx_ros' build argument 'cmake_force_configure' from command line to 'False'
[0.403s] Level 5:colcon.colcon_core.verb:set package 'vrx_ros' build argument 'ament_cmake_args' from command line to 'None'
[0.403s] Level 5:colcon.colcon_core.verb:set package 'vrx_ros' build argument 'catkin_cmake_args' from command line to 'None'
[0.403s] Level 5:colcon.colcon_core.verb:set package 'vrx_ros' build argument 'catkin_skip_building_tests' from command line to 'False'
[0.403s] DEBUG:colcon.colcon_core.verb:Building package 'vrx_ros' with the following arguments: {'ament_cmake_args': None, 'build_base': '/home/kjoon/vrx_ws/build/vrx_ros', 'catkin_cmake_args': None, 'catkin_skip_building_tests': False, 'cmake_args': None, 'cmake_clean_cache': False, 'cmake_clean_first': False, 'cmake_force_configure': False, 'cmake_target': None, 'cmake_target_skip_unavailable': False, 'install_base': '/home/kjoon/vrx_ws/install', 'merge_install': True, 'path': '/home/kjoon/vrx_ws/src/vrx/vrx_ros', 'symlink_install': False, 'test_result_base': None}
[0.403s] Level 5:colcon.colcon_core.verb:set package 'vrx_gz' build argument 'cmake_args' from command line to 'None'
[0.403s] Level 5:colcon.colcon_core.verb:set package 'vrx_gz' build argument 'cmake_target' from command line to 'None'
[0.403s] Level 5:colcon.colcon_core.verb:set package 'vrx_gz' build argument 'cmake_target_skip_unavailable' from command line to 'False'
[0.403s] Level 5:colcon.colcon_core.verb:set package 'vrx_gz' build argument 'cmake_clean_cache' from command line to 'False'
[0.403s] Level 5:colcon.colcon_core.verb:set package 'vrx_gz' build argument 'cmake_clean_first' from command line to 'False'
[0.403s] Level 5:colcon.colcon_core.verb:set package 'vrx_gz' build argument 'cmake_force_configure' from command line to 'False'
[0.403s] Level 5:colcon.colcon_core.verb:set package 'vrx_gz' build argument 'ament_cmake_args' from command line to 'None'
[0.403s] Level 5:colcon.colcon_core.verb:set package 'vrx_gz' build argument 'catkin_cmake_args' from command line to 'None'
[0.403s] Level 5:colcon.colcon_core.verb:set package 'vrx_gz' build argument 'catkin_skip_building_tests' from command line to 'False'
[0.403s] DEBUG:colcon.colcon_core.verb:Building package 'vrx_gz' with the following arguments: {'ament_cmake_args': None, 'build_base': '/home/kjoon/vrx_ws/build/vrx_gz', 'catkin_cmake_args': None, 'catkin_skip_building_tests': False, 'cmake_args': None, 'cmake_clean_cache': False, 'cmake_clean_first': False, 'cmake_force_configure': False, 'cmake_target': None, 'cmake_target_skip_unavailable': False, 'install_base': '/home/kjoon/vrx_ws/install', 'merge_install': True, 'path': '/home/kjoon/vrx_ws/src/vrx/vrx_gz', 'symlink_install': False, 'test_result_base': None}
[0.403s] Level 5:colcon.colcon_core.verb:set package 'wamv_description' build argument 'cmake_args' from command line to 'None'
[0.403s] Level 5:colcon.colcon_core.verb:set package 'wamv_description' build argument 'cmake_target' from command line to 'None'
[0.403s] Level 5:colcon.colcon_core.verb:set package 'wamv_description' build argument 'cmake_target_skip_unavailable' from command line to 'False'
[0.403s] Level 5:colcon.colcon_core.verb:set package 'wamv_description' build argument 'cmake_clean_cache' from command line to 'False'
[0.403s] Level 5:colcon.colcon_core.verb:set package 'wamv_description' build argument 'cmake_clean_first' from command line to 'False'
[0.403s] Level 5:colcon.colcon_core.verb:set package 'wamv_description' build argument 'cmake_force_configure' from command line to 'False'
[0.403s] Level 5:colcon.colcon_core.verb:set package 'wamv_description' build argument 'ament_cmake_args' from command line to 'None'
[0.403s] Level 5:colcon.colcon_core.verb:set package 'wamv_description' build argument 'catkin_cmake_args' from command line to 'None'
[0.403s] Level 5:colcon.colcon_core.verb:set package 'wamv_description' build argument 'catkin_skip_building_tests' from command line to 'False'
[0.403s] DEBUG:colcon.colcon_core.verb:Building package 'wamv_description' with the following arguments: {'ament_cmake_args': None, 'build_base': '/home/kjoon/vrx_ws/build/wamv_description', 'catkin_cmake_args': None, 'catkin_skip_building_tests': False, 'cmake_args': None, 'cmake_clean_cache': False, 'cmake_clean_first': False, 'cmake_force_configure': False, 'cmake_target': None, 'cmake_target_skip_unavailable': False, 'install_base': '/home/kjoon/vrx_ws/install', 'merge_install': True, 'path': '/home/kjoon/vrx_ws/src/vrx/vrx_urdf/wamv_description', 'symlink_install': False, 'test_result_base': None}
[0.404s] Level 5:colcon.colcon_core.verb:set package 'wamv_nav' build argument 'cmake_args' from command line to 'None'
[0.404s] Level 5:colcon.colcon_core.verb:set package 'wamv_nav' build argument 'cmake_target' from command line to 'None'
[0.404s] Level 5:colcon.colcon_core.verb:set package 'wamv_nav' build argument 'cmake_target_skip_unavailable' from command line to 'False'
[0.404s] Level 5:colcon.colcon_core.verb:set package 'wamv_nav' build argument 'cmake_clean_cache' from command line to 'False'
[0.404s] Level 5:colcon.colcon_core.verb:set package 'wamv_nav' build argument 'cmake_clean_first' from command line to 'False'
[0.404s] Level 5:colcon.colcon_core.verb:set package 'wamv_nav' build argument 'cmake_force_configure' from command line to 'False'
[0.404s] Level 5:colcon.colcon_core.verb:set package 'wamv_nav' build argument 'ament_cmake_args' from command line to 'None'
[0.404s] Level 5:colcon.colcon_core.verb:set package 'wamv_nav' build argument 'catkin_cmake_args' from command line to 'None'
[0.404s] Level 5:colcon.colcon_core.verb:set package 'wamv_nav' build argument 'catkin_skip_building_tests' from command line to 'False'
[0.404s] DEBUG:colcon.colcon_core.verb:Building package 'wamv_nav' with the following arguments: {'ament_cmake_args': None, 'build_base': '/home/kjoon/vrx_ws/build/wamv_nav', 'catkin_cmake_args': None, 'catkin_skip_building_tests': False, 'cmake_args': None, 'cmake_clean_cache': False, 'cmake_clean_first': False, 'cmake_force_configure': False, 'cmake_target': None, 'cmake_target_skip_unavailable': False, 'install_base': '/home/kjoon/vrx_ws/install', 'merge_install': True, 'path': '/home/kjoon/vrx_ws/src/wamv_nav', 'symlink_install': False, 'test_result_base': None}
[0.404s] Level 5:colcon.colcon_core.verb:set package 'wamv_gazebo' build argument 'cmake_args' from command line to 'None'
[0.404s] Level 5:colcon.colcon_core.verb:set package 'wamv_gazebo' build argument 'cmake_target' from command line to 'None'
[0.404s] Level 5:colcon.colcon_core.verb:set package 'wamv_gazebo' build argument 'cmake_target_skip_unavailable' from command line to 'False'
[0.404s] Level 5:colcon.colcon_core.verb:set package 'wamv_gazebo' build argument 'cmake_clean_cache' from command line to 'False'
[0.404s] Level 5:colcon.colcon_core.verb:set package 'wamv_gazebo' build argument 'cmake_clean_first' from command line to 'False'
[0.404s] Level 5:colcon.colcon_core.verb:set package 'wamv_gazebo' build argument 'cmake_force_configure' from command line to 'False'
[0.404s] Level 5:colcon.colcon_core.verb:set package 'wamv_gazebo' build argument 'ament_cmake_args' from command line to 'None'
[0.404s] Level 5:colcon.colcon_core.verb:set package 'wamv_gazebo' build argument 'catkin_cmake_args' from command line to 'None'
[0.404s] Level 5:colcon.colcon_core.verb:set package 'wamv_gazebo' build argument 'catkin_skip_building_tests' from command line to 'False'
[0.404s] DEBUG:colcon.colcon_core.verb:Building package 'wamv_gazebo' with the following arguments: {'ament_cmake_args': None, 'build_base': '/home/kjoon/vrx_ws/build/wamv_gazebo', 'catkin_cmake_args': None, 'catkin_skip_building_tests': False, 'cmake_args': None, 'cmake_clean_cache': False, 'cmake_clean_first': False, 'cmake_force_configure': False, 'cmake_target': None, 'cmake_target_skip_unavailable': False, 'install_base': '/home/kjoon/vrx_ws/install', 'merge_install': True, 'path': '/home/kjoon/vrx_ws/src/vrx/vrx_urdf/wamv_gazebo', 'symlink_install': False, 'test_result_base': None}
[0.404s] INFO:colcon.colcon_core.executor:Executing jobs using 'parallel' executor
[0.405s] DEBUG:colcon.colcon_parallel_executor.executor.parallel:run_until_complete
[0.405s] INFO:colcon.colcon_ros.task.ament_cmake.build:Building ROS package in '/home/kjoon/vrx_ws/src/vrx/vrx_urdf/vrx_gazebo' with build type 'ament_cmake'
[0.405s] INFO:colcon.colcon_cmake.task.cmake.build:Building CMake package in '/home/kjoon/vrx_ws/src/vrx/vrx_urdf/vrx_gazebo'
[0.406s] INFO:colcon.colcon_core.plugin_system:Skipping extension 'colcon_core.shell.bat': Not used on non-Windows systems
[0.406s] INFO:colcon.colcon_core.shell:Skip shell extension 'powershell' for command environment: Not usable outside of PowerShell
[0.406s] DEBUG:colcon.colcon_core.shell:Skip shell extension 'dsv' for command environment
[0.408s] INFO:colcon.colcon_ros.task.ament_cmake.build:Building ROS package in '/home/kjoon/vrx_ws/src/px4_uv' with build type 'ament_cmake'
[0.408s] INFO:colcon.colcon_cmake.task.cmake.build:Building CMake package in '/home/kjoon/vrx_ws/src/px4_uv'
[0.409s] INFO:colcon.colcon_core.shell:Skip shell extension 'powershell' for command environment: Not usable outside of PowerShell
[0.409s] DEBUG:colcon.colcon_core.shell:Skip shell extension 'dsv' for command environment
[0.410s] INFO:colcon.colcon_ros.task.ament_cmake.build:Building ROS package in '/home/kjoon/vrx_ws/src/vrx/vrx_ros' with build type 'ament_cmake'
[0.411s] INFO:colcon.colcon_cmake.task.cmake.build:Building CMake package in '/home/kjoon/vrx_ws/src/vrx/vrx_ros'
[0.411s] INFO:colcon.colcon_core.shell:Skip shell extension 'powershell' for command environment: Not usable outside of PowerShell
[0.411s] DEBUG:colcon.colcon_core.shell:Skip shell extension 'dsv' for command environment
[0.415s] DEBUG:colcon.colcon_core.event_handler.log_command:Invoking command in '/home/kjoon/vrx_ws/build/vrx_gazebo': CMAKE_PREFIX_PATH=${CMAKE_PREFIX_PATH}:/opt/ros/humble /usr/bin/cmake --build /home/kjoon/vrx_ws/build/vrx_gazebo -- -j16 -l16
[0.418s] DEBUG:colcon.colcon_core.event_handler.log_command:Invoking command in '/home/kjoon/vrx_ws/build/px4_uv': CMAKE_PREFIX_PATH=${CMAKE_PREFIX_PATH}:/opt/ros/humble /usr/bin/cmake --build /home/kjoon/vrx_ws/build/px4_uv -- -j16 -l16
[0.419s] DEBUG:colcon.colcon_core.event_handler.log_command:Invoking command in '/home/kjoon/vrx_ws/build/vrx_ros': CMAKE_PREFIX_PATH=${CMAKE_PREFIX_PATH}:/opt/ros/humble /usr/bin/cmake --build /home/kjoon/vrx_ws/build/vrx_ros -- -j16 -l16
[0.467s] DEBUG:colcon.colcon_core.event_handler.log_command:Invoked command in '/home/kjoon/vrx_ws/build/vrx_ros' returned '0': CMAKE_PREFIX_PATH=${CMAKE_PREFIX_PATH}:/opt/ros/humble /usr/bin/cmake --build /home/kjoon/vrx_ws/build/vrx_ros -- -j16 -l16
[0.474s] DEBUG:colcon.colcon_core.event_handler.log_command:Invoking command in '/home/kjoon/vrx_ws/build/vrx_ros': CMAKE_PREFIX_PATH=${CMAKE_PREFIX_PATH}:/opt/ros/humble /usr/bin/cmake --install /home/kjoon/vrx_ws/build/vrx_ros
[0.481s] Level 1:colcon.colcon_core.environment:create_environment_scripts_only(vrx_ros)
[0.481s] DEBUG:colcon.colcon_core.event_handler.log_command:Invoked command in '/home/kjoon/vrx_ws/build/vrx_ros' returned '0': CMAKE_PREFIX_PATH=${CMAKE_PREFIX_PATH}:/opt/ros/humble /usr/bin/cmake --install /home/kjoon/vrx_ws/build/vrx_ros
[0.483s] Level 1:colcon.colcon_core.environment:checking '/home/kjoon/vrx_ws/install' for CMake module files
[0.483s] Level 1:colcon.colcon_core.environment:checking '/home/kjoon/vrx_ws/install' for CMake config files
[0.484s] Level 1:colcon.colcon_core.shell:create_environment_hook('vrx_ros', 'cmake_prefix_path')
[0.484s] INFO:colcon.colcon_core.shell:Creating environment hook '/home/kjoon/vrx_ws/install/share/vrx_ros/hook/cmake_prefix_path.ps1'
[0.484s] INFO:colcon.colcon_core.shell:Creating environment descriptor '/home/kjoon/vrx_ws/install/share/vrx_ros/hook/cmake_prefix_path.dsv'
[0.485s] INFO:colcon.colcon_core.shell:Creating environment hook '/home/kjoon/vrx_ws/install/share/vrx_ros/hook/cmake_prefix_path.sh'
[0.485s] Level 1:colcon.colcon_core.environment:checking '/home/kjoon/vrx_ws/install/lib'
[0.485s] Level 1:colcon.colcon_core.shell:create_environment_hook('vrx_ros', 'ld_library_path_lib')
[0.485s] INFO:colcon.colcon_core.shell:Creating environment hook '/home/kjoon/vrx_ws/install/share/vrx_ros/hook/ld_library_path_lib.ps1'
[0.486s] INFO:colcon.colcon_core.shell:Creating environment descriptor '/home/kjoon/vrx_ws/install/share/vrx_ros/hook/ld_library_path_lib.dsv'
[0.486s] INFO:colcon.colcon_core.shell:Creating environment hook '/home/kjoon/vrx_ws/install/share/vrx_ros/hook/ld_library_path_lib.sh'
[0.486s] Level 1:colcon.colcon_core.environment:checking '/home/kjoon/vrx_ws/install/bin'
[0.486s] Level 1:colcon.colcon_core.environment:checking '/home/kjoon/vrx_ws/install/lib/pkgconfig/vrx_ros.pc'
[0.486s] Level 1:colcon.colcon_core.environment:checking '/home/kjoon/vrx_ws/install/lib/python3.10/site-packages'
[0.486s] Level 1:colcon.colcon_core.shell:create_environment_hook('vrx_ros', 'pythonpath')
[0.486s] INFO:colcon.colcon_core.shell:Creating environment hook '/home/kjoon/vrx_ws/install/share/vrx_ros/hook/pythonpath.ps1'
[0.487s] INFO:colcon.colcon_core.shell:Creating environment descriptor '/home/kjoon/vrx_ws/install/share/vrx_ros/hook/pythonpath.dsv'
[0.487s] INFO:colcon.colcon_core.shell:Creating environment hook '/home/kjoon/vrx_ws/install/share/vrx_ros/hook/pythonpath.sh'
[0.487s] Level 1:colcon.colcon_core.environment:checking '/home/kjoon/vrx_ws/install/bin'
[0.487s] INFO:colcon.colcon_core.shell:Creating package script '/home/kjoon/vrx_ws/install/share/vrx_ros/package.ps1'
[0.488s] INFO:colcon.colcon_core.shell:Creating package descriptor '/home/kjoon/vrx_ws/install/share/vrx_ros/package.dsv'
[0.488s] INFO:colcon.colcon_core.shell:Creating package script '/home/kjoon/vrx_ws/install/share/vrx_ros/package.sh'
[0.489s] INFO:colcon.colcon_core.shell:Creating package script '/home/kjoon/vrx_ws/install/share/vrx_ros/package.bash'
[0.489s] INFO:colcon.colcon_core.shell:Creating package script '/home/kjoon/vrx_ws/install/share/vrx_ros/package.zsh'
[0.490s] Level 1:colcon.colcon_core.environment:create_file_with_runtime_dependencies(/home/kjoon/vrx_ws/install/share/colcon-core/packages/vrx_ros)
[0.490s] Level 1:colcon.colcon_core.environment:create_environment_scripts_only(vrx_ros)
[0.490s] Level 1:colcon.colcon_core.environment:checking '/home/kjoon/vrx_ws/install' for CMake module files
[0.490s] Level 1:colcon.colcon_core.environment:checking '/home/kjoon/vrx_ws/install' for CMake config files
[0.491s] Level 1:colcon.colcon_core.shell:create_environment_hook('vrx_ros', 'cmake_prefix_path')
[0.491s] INFO:colcon.colcon_core.shell:Creating environment hook '/home/kjoon/vrx_ws/install/share/vrx_ros/hook/cmake_prefix_path.ps1'
[0.491s] INFO:colcon.colcon_core.shell:Creating environment descriptor '/home/kjoon/vrx_ws/install/share/vrx_ros/hook/cmake_prefix_path.dsv'
[0.491s] INFO:colcon.colcon_core.shell:Creating environment hook '/home/kjoon/vrx_ws/install/share/vrx_ros/hook/cmake_prefix_path.sh'
[0.492s] Level 1:colcon.colcon_core.environment:checking '/home/kjoon/vrx_ws/install/lib'
[0.492s] Level 1:colcon.colcon_core.shell:create_environment_hook('vrx_ros', 'ld_library_path_lib')
[0.492s] INFO:colcon.colcon_core.shell:Creating environment hook '/home/kjoon/vrx_ws/install/share/vrx_ros/hook/ld_library_path_lib.ps1'
[0.492s] INFO:colcon.colcon_core.shell:Creating environment descriptor '/home/kjoon/vrx_ws/install/share/vrx_ros/hook/ld_library_path_lib.dsv'
[0.492s] INFO:colcon.colcon_core.shell:Creating environment hook '/home/kjoon/vrx_ws/install/share/vrx_ros/hook/ld_library_path_lib.sh'
[0.493s] Level 1:colcon.colcon_core.environment:checking '/home/kjoon/vrx_ws/install/bin'
[0.493s] Level 1:colcon.colcon_core.environment:checking '/home/kjoon/vrx_ws/install/lib/pkgconfig/vrx_ros.pc'
[0.493s] Level 1:colcon.colcon_core.environment:checking '/home/kjoon/vrx_ws/install/lib/python3.10/site-packages'
[0.493s] Level 1:colcon.colcon_core.shell:create_environment_hook('vrx_ros', 'pythonpath')
[0.493s] INFO:colcon.colcon_core.shell:Creating environment hook '/home/kjoon/vrx_ws/install/share/vrx_ros/hook/pythonpath.ps1'
[0.493s] INFO:colcon.colcon_core.shell:Creating environment descriptor '/home/kjoon/vrx_ws/install/share/vrx_ros/hook/pythonpath.dsv'
[0.493s] INFO:colcon.colcon_core.shell:Creating environment hook '/home/kjoon/vrx_ws/install/share/vrx_ros/hook/pythonpath.sh'
[0.494s] Level 1:colcon.colcon_core.environment:checking '/home/kjoon/vrx_ws/install/bin'
[0.494s] INFO:colcon.colcon_core.shell:Creating package script '/home/kjoon/vrx_ws/install/share/vrx_ros/package.ps1'
[0.494s] INFO:colcon.colcon_core.shell:Creating package descriptor '/home/kjoon/vrx_ws/install/share/vrx_ros/package.dsv'
[0.494s] INFO:colcon.colcon_core.shell:Creating package script '/home/kjoon/vrx_ws/install/share/vrx_ros/package.sh'
[0.495s] INFO:colcon.colcon_core.shell:Creating package script '/home/kjoon/vrx_ws/install/share/vrx_ros/package.bash'
[0.495s] INFO:colcon.colcon_core.shell:Creating package script '/home/kjoon/vrx_ws/install/share/vrx_ros/package.zsh'
[0.495s] Level 1:colcon.colcon_core.environment:create_file_with_runtime_dependencies(/home/kjoon/vrx_ws/install/share/colcon-core/packages/vrx_ros)
[0.495s] INFO:colcon.colcon_ros.task.ament_cmake.build:Building ROS package in '/home/kjoon/vrx_ws/src/vrx/vrx_gz' with build type 'ament_cmake'
[0.496s] INFO:colcon.colcon_cmake.task.cmake.build:Building CMake package in '/home/kjoon/vrx_ws/src/vrx/vrx_gz'
[0.496s] INFO:colcon.colcon_core.shell:Skip shell extension 'powershell' for command environment: Not usable outside of PowerShell
[0.496s] DEBUG:colcon.colcon_core.shell:Skip shell extension 'dsv' for command environment
[0.502s] DEBUG:colcon.colcon_core.event_handler.log_command:Invoking command in '/home/kjoon/vrx_ws/build/vrx_gz': CMAKE_PREFIX_PATH=${CMAKE_PREFIX_PATH}:/opt/ros/humble PYTHONPATH=/home/kjoon/vrx_ws/install/lib/python3.10/site-packages:/home/kjoon/vrx_ws/install/local/lib/python3.10/dist-packages:/opt/ros/humble/lib/python3.10/site-packages:/opt/ros/humble/local/lib/python3.10/dist-packages /usr/bin/cmake --build /home/kjoon/vrx_ws/build/vrx_gz -- -j16 -l16
[0.659s] DEBUG:colcon.colcon_core.event_handler.log_command:Invoked command in '/home/kjoon/vrx_ws/build/vrx_gazebo' returned '0': CMAKE_PREFIX_PATH=${CMAKE_PREFIX_PATH}:/opt/ros/humble /usr/bin/cmake --build /home/kjoon/vrx_ws/build/vrx_gazebo -- -j16 -l16
[0.660s] DEBUG:colcon.colcon_core.event_handler.log_command:Invoking command in '/home/kjoon/vrx_ws/build/vrx_gazebo': CMAKE_PREFIX_PATH=${CMAKE_PREFIX_PATH}:/opt/ros/humble /usr/bin/cmake --install /home/kjoon/vrx_ws/build/vrx_gazebo
[0.664s] DEBUG:colcon.colcon_core.event_handler.log_command:Invoked command in '/home/kjoon/vrx_ws/build/px4_uv' returned '0': CMAKE_PREFIX_PATH=${CMAKE_PREFIX_PATH}:/opt/ros/humble /usr/bin/cmake --build /home/kjoon/vrx_ws/build/px4_uv -- -j16 -l16
[0.664s] DEBUG:colcon.colcon_core.event_handler.log_command:Invoking command in '/home/kjoon/vrx_ws/build/px4_uv': CMAKE_PREFIX_PATH=${CMAKE_PREFIX_PATH}:/opt/ros/humble /usr/bin/cmake --install /home/kjoon/vrx_ws/build/px4_uv
[0.692s] Level 1:colcon.colcon_core.environment:create_environment_scripts_only(vrx_gazebo)
[0.692s] DEBUG:colcon.colcon_core.event_handler.log_command:Invoked command in '/home/kjoon/vrx_ws/build/vrx_gazebo' returned '0': CMAKE_PREFIX_PATH=${CMAKE_PREFIX_PATH}:/opt/ros/humble /usr/bin/cmake --install /home/kjoon/vrx_ws/build/vrx_gazebo
[0.692s] Level 1:colcon.colcon_core.environment:checking '/home/kjoon/vrx_ws/install' for CMake module files
[0.693s] Level 1:colcon.colcon_core.environment:checking '/home/kjoon/vrx_ws/install' for CMake config files
[0.693s] Level 1:colcon.colcon_core.shell:create_environment_hook('vrx_gazebo', 'cmake_prefix_path')
[0.693s] INFO:colcon.colcon_core.shell:Creating environment hook '/home/kjoon/vrx_ws/install/share/vrx_gazebo/hook/cmake_prefix_path.ps1'
[0.694s] INFO:colcon.colcon_core.shell:Creating environment descriptor '/home/kjoon/vrx_ws/install/share/vrx_gazebo/hook/cmake_prefix_path.dsv'
[0.694s] INFO:colcon.colcon_core.shell:Creating environment hook '/home/kjoon/vrx_ws/install/share/vrx_gazebo/hook/cmake_prefix_path.sh'
[0.694s] Level 1:colcon.colcon_core.environment:checking '/home/kjoon/vrx_ws/install/lib'
[0.694s] Level 1:colcon.colcon_core.shell:create_environment_hook('vrx_gazebo', 'ld_library_path_lib')
[0.694s] INFO:colcon.colcon_core.shell:Creating environment hook '/home/kjoon/vrx_ws/install/share/vrx_gazebo/hook/ld_library_path_lib.ps1'
[0.695s] INFO:colcon.colcon_core.shell:Creating environment descriptor '/home/kjoon/vrx_ws/install/share/vrx_gazebo/hook/ld_library_path_lib.dsv'
[0.695s] INFO:colcon.colcon_core.shell:Creating environment hook '/home/kjoon/vrx_ws/install/share/vrx_gazebo/hook/ld_library_path_lib.sh'
[0.695s] Level 1:colcon.colcon_core.environment:checking '/home/kjoon/vrx_ws/install/bin'
[0.695s] Level 1:colcon.colcon_core.environment:checking '/home/kjoon/vrx_ws/install/lib/pkgconfig/vrx_gazebo.pc'
[0.695s] Level 1:colcon.colcon_core.environment:checking '/home/kjoon/vrx_ws/install/lib/python3.10/site-packages'
[0.695s] Level 1:colcon.colcon_core.shell:create_environment_hook('vrx_gazebo', 'pythonpath')
[0.695s] INFO:colcon.colcon_core.shell:Creating environment hook '/home/kjoon/vrx_ws/install/share/vrx_gazebo/hook/pythonpath.ps1'
[0.696s] INFO:colcon.colcon_core.shell:Creating environment descriptor '/home/kjoon/vrx_ws/install/share/vrx_gazebo/hook/pythonpath.dsv'
[0.696s] INFO:colcon.colcon_core.shell:Creating environment hook '/home/kjoon/vrx_ws/install/share/vrx_gazebo/hook/pythonpath.sh'
[0.696s] Level 1:colcon.colcon_core.environment:checking '/home/kjoon/vrx_ws/install/bin'
[0.696s] INFO:colcon.colcon_core.shell:Creating package script '/home/kjoon/vrx_ws/install/share/vrx_gazebo/package.ps1'
[0.697s] INFO:colcon.colcon_core.shell:Creating package descriptor '/home/kjoon/vrx_ws/install/share/vrx_gazebo/package.dsv'
[0.697s] INFO:colcon.colcon_core.shell:Creating package script '/home/kjoon/vrx_ws/install/share/vrx_gazebo/package.sh'
[0.697s] INFO:colcon.colcon_core.shell:Creating package script '/home/kjoon/vrx_ws/install/share/vrx_gazebo/package.bash'
[0.699s] INFO:colcon.colcon_core.shell:Creating package script '/home/kjoon/vrx_ws/install/share/vrx_gazebo/package.zsh'
[0.700s] Level 1:colcon.colcon_core.environment:create_file_with_runtime_dependencies(/home/kjoon/vrx_ws/install/share/colcon-core/packages/vrx_gazebo)
[0.700s] Level 1:colcon.colcon_core.environment:create_environment_scripts_only(vrx_gazebo)
[0.701s] Level 1:colcon.colcon_core.environment:checking '/home/kjoon/vrx_ws/install' for CMake module files
[0.701s] Level 1:colcon.colcon_core.environment:checking '/home/kjoon/vrx_ws/install' for CMake config files
[0.701s] Level 1:colcon.colcon_core.shell:create_environment_hook('vrx_gazebo', 'cmake_prefix_path')
[0.701s] INFO:colcon.colcon_core.shell:Creating environment hook '/home/kjoon/vrx_ws/install/share/vrx_gazebo/hook/cmake_prefix_path.ps1'
[0.702s] INFO:colcon.colcon_core.shell:Creating environment descriptor '/home/kjoon/vrx_ws/install/share/vrx_gazebo/hook/cmake_prefix_path.dsv'
[0.702s] INFO:colcon.colcon_core.shell:Creating environment hook '/home/kjoon/vrx_ws/install/share/vrx_gazebo/hook/cmake_prefix_path.sh'
[0.702s] Level 1:colcon.colcon_core.environment:checking '/home/kjoon/vrx_ws/install/lib'
[0.702s] Level 1:colcon.colcon_core.shell:create_environment_hook('vrx_gazebo', 'ld_library_path_lib')
[0.702s] INFO:colcon.colcon_core.shell:Creating environment hook '/home/kjoon/vrx_ws/install/share/vrx_gazebo/hook/ld_library_path_lib.ps1'
[0.703s] INFO:colcon.colcon_core.shell:Creating environment descriptor '/home/kjoon/vrx_ws/install/share/vrx_gazebo/hook/ld_library_path_lib.dsv'
[0.703s] INFO:colcon.colcon_core.shell:Creating environment hook '/home/kjoon/vrx_ws/install/share/vrx_gazebo/hook/ld_library_path_lib.sh'
[0.703s] Level 1:colcon.colcon_core.environment:checking '/home/kjoon/vrx_ws/install/bin'
[0.703s] Level 1:colcon.colcon_core.environment:checking '/home/kjoon/vrx_ws/install/lib/pkgconfig/vrx_gazebo.pc'
[0.703s] Level 1:colcon.colcon_core.environment:checking '/home/kjoon/vrx_ws/install/lib/python3.10/site-packages'
[0.703s] Level 1:colcon.colcon_core.shell:create_environment_hook('vrx_gazebo', 'pythonpath')
[0.703s] INFO:colcon.colcon_core.shell:Creating environment hook '/home/kjoon/vrx_ws/install/share/vrx_gazebo/hook/pythonpath.ps1'
[0.703s] INFO:colcon.colcon_core.shell:Creating environment descriptor '/home/kjoon/vrx_ws/install/share/vrx_gazebo/hook/pythonpath.dsv'
[0.704s] INFO:colcon.colcon_core.shell:Creating environment hook '/home/kjoon/vrx_ws/install/share/vrx_gazebo/hook/pythonpath.sh'
[0.704s] Level 1:colcon.colcon_core.environment:checking '/home/kjoon/vrx_ws/install/bin'
[0.704s] INFO:colcon.colcon_core.shell:Creating package script '/home/kjoon/vrx_ws/install/share/vrx_gazebo/package.ps1'
[0.705s] INFO:colcon.colcon_core.shell:Creating package descriptor '/home/kjoon/vrx_ws/install/share/vrx_gazebo/package.dsv'
[0.705s] INFO:colcon.colcon_core.shell:Creating package script '/home/kjoon/vrx_ws/install/share/vrx_gazebo/package.sh'
[0.705s] INFO:colcon.colcon_core.shell:Creating package script '/home/kjoon/vrx_ws/install/share/vrx_gazebo/package.bash'
[0.706s] INFO:colcon.colcon_core.shell:Creating package script '/home/kjoon/vrx_ws/install/share/vrx_gazebo/package.zsh'
[0.706s] Level 1:colcon.colcon_core.environment:create_file_with_runtime_dependencies(/home/kjoon/vrx_ws/install/share/colcon-core/packages/vrx_gazebo)
[0.706s] INFO:colcon.colcon_ros.task.ament_cmake.build:Building ROS package in '/home/kjoon/vrx_ws/src/vrx/vrx_urdf/wamv_description' with build type 'ament_cmake'
[0.706s] INFO:colcon.colcon_cmake.task.cmake.build:Building CMake package in '/home/kjoon/vrx_ws/src/vrx/vrx_urdf/wamv_description'
[0.706s] INFO:colcon.colcon_core.shell:Skip shell extension 'powershell' for command environment: Not usable outside of PowerShell
[0.706s] DEBUG:colcon.colcon_core.shell:Skip shell extension 'dsv' for command environment
[0.709s] Level 1:colcon.colcon_core.environment:create_environment_scripts_only(px4_uv)
[0.709s] Level 1:colcon.colcon_core.environment:checking '/home/kjoon/vrx_ws/install' for CMake module files
[0.709s] DEBUG:colcon.colcon_core.event_handler.log_command:Invoked command in '/home/kjoon/vrx_ws/build/px4_uv' returned '0': CMAKE_PREFIX_PATH=${CMAKE_PREFIX_PATH}:/opt/ros/humble /usr/bin/cmake --install /home/kjoon/vrx_ws/build/px4_uv
[0.710s] Level 1:colcon.colcon_core.environment:checking '/home/kjoon/vrx_ws/install' for CMake config files
[0.710s] Level 1:colcon.colcon_core.shell:create_environment_hook('px4_uv', 'cmake_prefix_path')
[0.710s] INFO:colcon.colcon_core.shell:Creating environment hook '/home/kjoon/vrx_ws/install/share/px4_uv/hook/cmake_prefix_path.ps1'
[0.710s] INFO:colcon.colcon_core.shell:Creating environment descriptor '/home/kjoon/vrx_ws/install/share/px4_uv/hook/cmake_prefix_path.dsv'
[0.711s] INFO:colcon.colcon_core.shell:Creating environment hook '/home/kjoon/vrx_ws/install/share/px4_uv/hook/cmake_prefix_path.sh'
[0.711s] Level 1:colcon.colcon_core.environment:checking '/home/kjoon/vrx_ws/install/lib'
[0.711s] Level 1:colcon.colcon_core.shell:create_environment_hook('px4_uv', 'ld_library_path_lib')
[0.711s] INFO:colcon.colcon_core.shell:Creating environment hook '/home/kjoon/vrx_ws/install/share/px4_uv/hook/ld_library_path_lib.ps1'
[0.711s] INFO:colcon.colcon_core.shell:Creating environment descriptor '/home/kjoon/vrx_ws/install/share/px4_uv/hook/ld_library_path_lib.dsv'
[0.712s] INFO:colcon.colcon_core.shell:Creating environment hook '/home/kjoon/vrx_ws/install/share/px4_uv/hook/ld_library_path_lib.sh'
[0.712s] Level 1:colcon.colcon_core.environment:checking '/home/kjoon/vrx_ws/install/bin'
[0.712s] Level 1:colcon.colcon_core.environment:checking '/home/kjoon/vrx_ws/install/lib/pkgconfig/px4_uv.pc'
[0.712s] Level 1:colcon.colcon_core.environment:checking '/home/kjoon/vrx_ws/install/lib/python3.10/site-packages'
[0.712s] Level 1:colcon.colcon_core.shell:create_environment_hook('px4_uv', 'pythonpath')
[0.712s] INFO:colcon.colcon_core.shell:Creating environment hook '/home/kjoon/vrx_ws/install/share/px4_uv/hook/pythonpath.ps1'
[0.712s] INFO:colcon.colcon_core.shell:Creating environment descriptor '/home/kjoon/vrx_ws/install/share/px4_uv/hook/pythonpath.dsv'
[0.712s] INFO:colcon.colcon_core.shell:Creating environment hook '/home/kjoon/vrx_ws/install/share/px4_uv/hook/pythonpath.sh'
[0.713s] Level 1:colcon.colcon_core.environment:checking '/home/kjoon/vrx_ws/install/bin'
[0.713s] INFO:colcon.colcon_core.shell:Creating package script '/home/kjoon/vrx_ws/install/share/px4_uv/package.ps1'
[0.713s] INFO:colcon.colcon_core.shell:Creating package descriptor '/home/kjoon/vrx_ws/install/share/px4_uv/package.dsv'
[0.714s] INFO:colcon.colcon_core.shell:Creating package script '/home/kjoon/vrx_ws/install/share/px4_uv/package.sh'
[0.714s] INFO:colcon.colcon_core.shell:Creating package script '/home/kjoon/vrx_ws/install/share/px4_uv/package.bash'
[0.714s] INFO:colcon.colcon_core.shell:Creating package script '/home/kjoon/vrx_ws/install/share/px4_uv/package.zsh'
[0.714s] Level 1:colcon.colcon_core.environment:create_file_with_runtime_dependencies(/home/kjoon/vrx_ws/install/share/colcon-core/packages/px4_uv)
[0.715s] Level 1:colcon.colcon_core.environment:create_environment_scripts_only(px4_uv)
[0.715s] Level 1:colcon.colcon_core.environment:checking '/home/kjoon/vrx_ws/install' for CMake module files
[0.715s] Level 1:colcon.colcon_core.environment:checking '/home/kjoon/vrx_ws/install' for CMake config files
[0.715s] Level 1:colcon.colcon_core.shell:create_environment_hook('px4_uv', 'cmake_prefix_path')
[0.716s] INFO:colcon.colcon_core.shell:Creating environment hook '/home/kjoon/vrx_ws/install/share/px4_uv/hook/cmake_prefix_path.ps1'
[0.716s] INFO:colcon.colcon_core.shell:Creating environment descriptor '/home/kjoon/vrx_ws/install/share/px4_uv/hook/cmake_prefix_path.dsv'
[0.716s] INFO:colcon.colcon_core.shell:Creating environment hook '/home/kjoon/vrx_ws/install/share/px4_uv/hook/cmake_prefix_path.sh'
[0.716s] Level 1:colcon.colcon_core.environment:checking '/home/kjoon/vrx_ws/install/lib'
[0.716s] Level 1:colcon.colcon_core.shell:create_environment_hook('px4_uv', 'ld_library_path_lib')
[0.716s] INFO:colcon.colcon_core.shell:Creating environment hook '/home/kjoon/vrx_ws/install/share/px4_uv/hook/ld_library_path_lib.ps1'
[0.717s] INFO:colcon.colcon_core.shell:Creating environment descriptor '/home/kjoon/vrx_ws/install/share/px4_uv/hook/ld_library_path_lib.dsv'
[0.717s] INFO:colcon.colcon_core.shell:Creating environment hook '/home/kjoon/vrx_ws/install/share/px4_uv/hook/ld_library_path_lib.sh'
[0.717s] Level 1:colcon.colcon_core.environment:checking '/home/kjoon/vrx_ws/install/bin'
[0.717s] Level 1:colcon.colcon_core.environment:checking '/home/kjoon/vrx_ws/install/lib/pkgconfig/px4_uv.pc'
[0.717s] Level 1:colcon.colcon_core.environment:checking '/home/kjoon/vrx_ws/install/lib/python3.10/site-packages'
[0.717s] Level 1:colcon.colcon_core.shell:create_environment_hook('px4_uv', 'pythonpath')
[0.717s] INFO:colcon.colcon_core.shell:Creating environment hook '/home/kjoon/vrx_ws/install/share/px4_uv/hook/pythonpath.ps1'
[0.718s] INFO:colcon.colcon_core.shell:Creating environment descriptor '/home/kjoon/vrx_ws/install/share/px4_uv/hook/pythonpath.dsv'
[0.718s] INFO:colcon.colcon_core.shell:Creating environment hook '/home/kjoon/vrx_ws/install/share/px4_uv/hook/pythonpath.sh'
[0.718s] Level 1:colcon.colcon_core.environment:checking '/home/kjoon/vrx_ws/install/bin'
[0.718s] INFO:colcon.colcon_core.shell:Creating package script '/home/kjoon/vrx_ws/install/share/px4_uv/package.ps1'
[0.719s] INFO:colcon.colcon_core.shell:Creating package descriptor '/home/kjoon/vrx_ws/install/share/px4_uv/package.dsv'
[0.719s] INFO:colcon.colcon_core.shell:Creating package script '/home/kjoon/vrx_ws/install/share/px4_uv/package.sh'
[0.719s] INFO:colcon.colcon_core.shell:Creating package script '/home/kjoon/vrx_ws/install/share/px4_uv/package.bash'
[0.720s] INFO:colcon.colcon_core.shell:Creating package script '/home/kjoon/vrx_ws/install/share/px4_uv/package.zsh'
[0.720s] Level 1:colcon.colcon_core.environment:create_file_with_runtime_dependencies(/home/kjoon/vrx_ws/install/share/colcon-core/packages/px4_uv)
[0.720s] INFO:colcon.colcon_core.task.python.build:Building Python package in '/home/kjoon/vrx_ws/src/wamv_nav'
[0.720s] INFO:colcon.colcon_core.shell:Skip shell extension 'powershell' for command environment: Not usable outside of PowerShell
[0.720s] DEBUG:colcon.colcon_core.shell:Skip shell extension 'dsv' for command environment
[0.724s] DEBUG:colcon.colcon_core.event_handler.log_command:Invoking command in '/home/kjoon/vrx_ws/build/wamv_description': CMAKE_PREFIX_PATH=${CMAKE_PREFIX_PATH}:/opt/ros/humble GZ_SIM_RESOURCE_PATH=/home/kjoon/vrx_ws/install/share:${GZ_SIM_RESOURCE_PATH} PYTHONPATH=/home/kjoon/vrx_ws/install/lib/python3.10/site-packages:/home/kjoon/vrx_ws/install/local/lib/python3.10/dist-packages:/opt/ros/humble/lib/python3.10/site-packages:/opt/ros/humble/local/lib/python3.10/dist-packages /usr/bin/cmake --build /home/kjoon/vrx_ws/build/wamv_description -- -j16 -l16
[0.897s] DEBUG:colcon.colcon_core.event_handler.log_command:Invoked command in '/home/kjoon/vrx_ws/build/wamv_description' returned '0': CMAKE_PREFIX_PATH=${CMAKE_PREFIX_PATH}:/opt/ros/humble GZ_SIM_RESOURCE_PATH=/home/kjoon/vrx_ws/install/share:${GZ_SIM_RESOURCE_PATH} PYTHONPATH=/home/kjoon/vrx_ws/install/lib/python3.10/site-packages:/home/kjoon/vrx_ws/install/local/lib/python3.10/dist-packages:/opt/ros/humble/lib/python3.10/site-packages:/opt/ros/humble/local/lib/python3.10/dist-packages /usr/bin/cmake --build /home/kjoon/vrx_ws/build/wamv_description -- -j16 -l16
[0.898s] DEBUG:colcon.colcon_core.event_handler.log_command:Invoking command in '/home/kjoon/vrx_ws/build/wamv_description': CMAKE_PREFIX_PATH=${CMAKE_PREFIX_PATH}:/opt/ros/humble GZ_SIM_RESOURCE_PATH=/home/kjoon/vrx_ws/install/share:${GZ_SIM_RESOURCE_PATH} PYTHONPATH=/home/kjoon/vrx_ws/install/lib/python3.10/site-packages:/home/kjoon/vrx_ws/install/local/lib/python3.10/dist-packages:/opt/ros/humble/lib/python3.10/site-packages:/opt/ros/humble/local/lib/python3.10/dist-packages /usr/bin/cmake --install /home/kjoon/vrx_ws/build/wamv_description
[0.898s] DEBUG:colcon.colcon_core.event_handler.log_command:Invoked command in '/home/kjoon/vrx_ws/build/vrx_gz' returned '0': CMAKE_PREFIX_PATH=${CMAKE_PREFIX_PATH}:/opt/ros/humble PYTHONPATH=/home/kjoon/vrx_ws/install/lib/python3.10/site-packages:/home/kjoon/vrx_ws/install/local/lib/python3.10/dist-packages:/opt/ros/humble/lib/python3.10/site-packages:/opt/ros/humble/local/lib/python3.10/dist-packages /usr/bin/cmake --build /home/kjoon/vrx_ws/build/vrx_gz -- -j16 -l16
[0.900s] DEBUG:colcon.colcon_core.event_handler.log_command:Invoking command in '/home/kjoon/vrx_ws/build/vrx_gz': CMAKE_PREFIX_PATH=${CMAKE_PREFIX_PATH}:/opt/ros/humble PYTHONPATH=/home/kjoon/vrx_ws/install/lib/python3.10/site-packages:/home/kjoon/vrx_ws/install/local/lib/python3.10/dist-packages:/opt/ros/humble/lib/python3.10/site-packages:/opt/ros/humble/local/lib/python3.10/dist-packages /usr/bin/cmake --install /home/kjoon/vrx_ws/build/vrx_gz
[0.906s] Level 1:colcon.colcon_core.environment:create_environment_scripts_only(wamv_description)
[0.906s] Level 1:colcon.colcon_core.environment:checking '/home/kjoon/vrx_ws/install' for CMake module files
[0.907s] DEBUG:colcon.colcon_core.event_handler.log_command:Invoked command in '/home/kjoon/vrx_ws/build/wamv_description' returned '0': CMAKE_PREFIX_PATH=${CMAKE_PREFIX_PATH}:/opt/ros/humble GZ_SIM_RESOURCE_PATH=/home/kjoon/vrx_ws/install/share:${GZ_SIM_RESOURCE_PATH} PYTHONPATH=/home/kjoon/vrx_ws/install/lib/python3.10/site-packages:/home/kjoon/vrx_ws/install/local/lib/python3.10/dist-packages:/opt/ros/humble/lib/python3.10/site-packages:/opt/ros/humble/local/lib/python3.10/dist-packages /usr/bin/cmake --install /home/kjoon/vrx_ws/build/wamv_description
[0.907s] Level 1:colcon.colcon_core.environment:checking '/home/kjoon/vrx_ws/install' for CMake config files
[0.909s] Level 1:colcon.colcon_core.shell:create_environment_hook('wamv_description', 'cmake_prefix_path')
[0.909s] INFO:colcon.colcon_core.shell:Creating environment hook '/home/kjoon/vrx_ws/install/share/wamv_description/hook/cmake_prefix_path.ps1'
[0.909s] INFO:colcon.colcon_core.shell:Creating environment descriptor '/home/kjoon/vrx_ws/install/share/wamv_description/hook/cmake_prefix_path.dsv'
[0.910s] INFO:colcon.colcon_core.shell:Creating environment hook '/home/kjoon/vrx_ws/install/share/wamv_description/hook/cmake_prefix_path.sh'
[0.911s] Level 1:colcon.colcon_core.environment:checking '/home/kjoon/vrx_ws/install/lib'
[0.911s] Level 1:colcon.colcon_core.shell:create_environment_hook('wamv_description', 'ld_library_path_lib')
[0.911s] INFO:colcon.colcon_core.shell:Creating environment hook '/home/kjoon/vrx_ws/install/share/wamv_description/hook/ld_library_path_lib.ps1'
[0.911s] INFO:colcon.colcon_core.shell:Creating environment descriptor '/home/kjoon/vrx_ws/install/share/wamv_description/hook/ld_library_path_lib.dsv'
[0.912s] INFO:colcon.colcon_core.shell:Creating environment hook '/home/kjoon/vrx_ws/install/share/wamv_description/hook/ld_library_path_lib.sh'
[0.912s] Level 1:colcon.colcon_core.environment:checking '/home/kjoon/vrx_ws/install/bin'
[0.912s] Level 1:colcon.colcon_core.environment:checking '/home/kjoon/vrx_ws/install/lib/pkgconfig/wamv_description.pc'
[0.912s] Level 1:colcon.colcon_core.environment:checking '/home/kjoon/vrx_ws/install/lib/python3.10/site-packages'
[0.912s] Level 1:colcon.colcon_core.shell:create_environment_hook('wamv_description', 'pythonpath')
[0.912s] INFO:colcon.colcon_core.shell:Creating environment hook '/home/kjoon/vrx_ws/install/share/wamv_description/hook/pythonpath.ps1'
[0.912s] INFO:colcon.colcon_core.shell:Creating environment descriptor '/home/kjoon/vrx_ws/install/share/wamv_description/hook/pythonpath.dsv'
[0.913s] INFO:colcon.colcon_core.shell:Creating environment hook '/home/kjoon/vrx_ws/install/share/wamv_description/hook/pythonpath.sh'
[0.913s] Level 1:colcon.colcon_core.environment:checking '/home/kjoon/vrx_ws/install/bin'
[0.913s] INFO:colcon.colcon_core.shell:Creating package script '/home/kjoon/vrx_ws/install/share/wamv_description/package.ps1'
[0.913s] INFO:colcon.colcon_core.shell:Creating package descriptor '/home/kjoon/vrx_ws/install/share/wamv_description/package.dsv'
[0.914s] INFO:colcon.colcon_core.shell:Creating package script '/home/kjoon/vrx_ws/install/share/wamv_description/package.sh'
[0.914s] INFO:colcon.colcon_core.shell:Creating package script '/home/kjoon/vrx_ws/install/share/wamv_description/package.bash'
[0.914s] INFO:colcon.colcon_core.shell:Creating package script '/home/kjoon/vrx_ws/install/share/wamv_description/package.zsh'
[0.914s] Level 1:colcon.colcon_core.environment:create_file_with_runtime_dependencies(/home/kjoon/vrx_ws/install/share/colcon-core/packages/wamv_description)
[0.915s] Level 1:colcon.colcon_core.environment:create_environment_scripts_only(wamv_description)
[0.915s] Level 1:colcon.colcon_core.environment:checking '/home/kjoon/vrx_ws/install' for CMake module files
[0.915s] Level 1:colcon.colcon_core.environment:checking '/home/kjoon/vrx_ws/install' for CMake config files
[0.916s] Level 1:colcon.colcon_core.shell:create_environment_hook('wamv_description', 'cmake_prefix_path')
[0.916s] INFO:colcon.colcon_core.shell:Creating environment hook '/home/kjoon/vrx_ws/install/share/wamv_description/hook/cmake_prefix_path.ps1'
[0.916s] INFO:colcon.colcon_core.shell:Creating environment descriptor '/home/kjoon/vrx_ws/install/share/wamv_description/hook/cmake_prefix_path.dsv'
[0.916s] INFO:colcon.colcon_core.shell:Creating environment hook '/home/kjoon/vrx_ws/install/share/wamv_description/hook/cmake_prefix_path.sh'
[0.917s] Level 1:colcon.colcon_core.environment:checking '/home/kjoon/vrx_ws/install/lib'
[0.917s] Level 1:colcon.colcon_core.shell:create_environment_hook('wamv_description', 'ld_library_path_lib')
[0.917s] INFO:colcon.colcon_core.shell:Creating environment hook '/home/kjoon/vrx_ws/install/share/wamv_description/hook/ld_library_path_lib.ps1'
[0.917s] INFO:colcon.colcon_core.shell:Creating environment descriptor '/home/kjoon/vrx_ws/install/share/wamv_description/hook/ld_library_path_lib.dsv'
[0.917s] INFO:colcon.colcon_core.shell:Creating environment hook '/home/kjoon/vrx_ws/install/share/wamv_description/hook/ld_library_path_lib.sh'
[0.917s] Level 1:colcon.colcon_core.environment:checking '/home/kjoon/vrx_ws/install/bin'
[0.917s] Level 1:colcon.colcon_core.environment:checking '/home/kjoon/vrx_ws/install/lib/pkgconfig/wamv_description.pc'
[0.918s] Level 1:colcon.colcon_core.environment:checking '/home/kjoon/vrx_ws/install/lib/python3.10/site-packages'
[0.918s] Level 1:colcon.colcon_core.shell:create_environment_hook('wamv_description', 'pythonpath')
[0.918s] INFO:colcon.colcon_core.shell:Creating environment hook '/home/kjoon/vrx_ws/install/share/wamv_description/hook/pythonpath.ps1'
[0.918s] INFO:colcon.colcon_core.shell:Creating environment descriptor '/home/kjoon/vrx_ws/install/share/wamv_description/hook/pythonpath.dsv'
[0.918s] INFO:colcon.colcon_core.shell:Creating environment hook '/home/kjoon/vrx_ws/install/share/wamv_description/hook/pythonpath.sh'
[0.918s] Level 1:colcon.colcon_core.environment:checking '/home/kjoon/vrx_ws/install/bin'
[0.919s] INFO:colcon.colcon_core.shell:Creating package script '/home/kjoon/vrx_ws/install/share/wamv_description/package.ps1'
[0.919s] INFO:colcon.colcon_core.shell:Creating package descriptor '/home/kjoon/vrx_ws/install/share/wamv_description/package.dsv'
[0.919s] INFO:colcon.colcon_core.shell:Creating package script '/home/kjoon/vrx_ws/install/share/wamv_description/package.sh'
[0.920s] INFO:colcon.colcon_core.shell:Creating package script '/home/kjoon/vrx_ws/install/share/wamv_description/package.bash'
[0.920s] INFO:colcon.colcon_core.shell:Creating package script '/home/kjoon/vrx_ws/install/share/wamv_description/package.zsh'
[0.920s] Level 1:colcon.colcon_core.environment:create_file_with_runtime_dependencies(/home/kjoon/vrx_ws/install/share/colcon-core/packages/wamv_description)
[0.920s] INFO:colcon.colcon_ros.task.ament_cmake.build:Building ROS package in '/home/kjoon/vrx_ws/src/vrx/vrx_urdf/wamv_gazebo' with build type 'ament_cmake'
[0.920s] INFO:colcon.colcon_cmake.task.cmake.build:Building CMake package in '/home/kjoon/vrx_ws/src/vrx/vrx_urdf/wamv_gazebo'
[0.921s] INFO:colcon.colcon_core.shell:Skip shell extension 'powershell' for command environment: Not usable outside of PowerShell
[0.921s] DEBUG:colcon.colcon_core.shell:Skip shell extension 'dsv' for command environment
[0.928s] DEBUG:colcon.colcon_core.event_handler.log_command:Invoking command in '/home/kjoon/vrx_ws/build/wamv_gazebo': CMAKE_PREFIX_PATH=${CMAKE_PREFIX_PATH}:/opt/ros/humble GZ_SIM_RESOURCE_PATH=/home/kjoon/vrx_ws/install/share:${GZ_SIM_RESOURCE_PATH} PYTHONPATH=/home/kjoon/vrx_ws/install/lib/python3.10/site-packages:/home/kjoon/vrx_ws/install/local/lib/python3.10/dist-packages:/opt/ros/humble/lib/python3.10/site-packages:/opt/ros/humble/local/lib/python3.10/dist-packages /usr/bin/cmake --build /home/kjoon/vrx_ws/build/wamv_gazebo -- -j16 -l16
[0.942s] Level 1:colcon.colcon_core.environment:create_environment_scripts_only(vrx_gz)
[0.943s] Level 1:colcon.colcon_core.environment:checking '/home/kjoon/vrx_ws/install' for CMake module files
[0.945s] DEBUG:colcon.colcon_core.event_handler.log_command:Invoked command in '/home/kjoon/vrx_ws/build/vrx_gz' returned '0': CMAKE_PREFIX_PATH=${CMAKE_PREFIX_PATH}:/opt/ros/humble PYTHONPATH=/home/kjoon/vrx_ws/install/lib/python3.10/site-packages:/home/kjoon/vrx_ws/install/local/lib/python3.10/dist-packages:/opt/ros/humble/lib/python3.10/site-packages:/opt/ros/humble/local/lib/python3.10/dist-packages /usr/bin/cmake --install /home/kjoon/vrx_ws/build/vrx_gz
[0.946s] Level 1:colcon.colcon_core.environment:checking '/home/kjoon/vrx_ws/install' for CMake config files
[0.946s] Level 1:colcon.colcon_core.shell:create_environment_hook('vrx_gz', 'cmake_prefix_path')
[0.946s] INFO:colcon.colcon_core.shell:Creating environment hook '/home/kjoon/vrx_ws/install/share/vrx_gz/hook/cmake_prefix_path.ps1'
[0.946s] INFO:colcon.colcon_core.shell:Creating environment descriptor '/home/kjoon/vrx_ws/install/share/vrx_gz/hook/cmake_prefix_path.dsv'
[0.947s] INFO:colcon.colcon_core.shell:Creating environment hook '/home/kjoon/vrx_ws/install/share/vrx_gz/hook/cmake_prefix_path.sh'
[0.947s] Level 1:colcon.colcon_core.environment:checking '/home/kjoon/vrx_ws/install/lib'
[0.947s] Level 1:colcon.colcon_core.shell:create_environment_hook('vrx_gz', 'ld_library_path_lib')
[0.947s] INFO:colcon.colcon_core.shell:Creating environment hook '/home/kjoon/vrx_ws/install/share/vrx_gz/hook/ld_library_path_lib.ps1'
[0.947s] INFO:colcon.colcon_core.shell:Creating environment descriptor '/home/kjoon/vrx_ws/install/share/vrx_gz/hook/ld_library_path_lib.dsv'
[0.948s] INFO:colcon.colcon_core.shell:Creating environment hook '/home/kjoon/vrx_ws/install/share/vrx_gz/hook/ld_library_path_lib.sh'
[0.948s] Level 1:colcon.colcon_core.environment:checking '/home/kjoon/vrx_ws/install/bin'
[0.948s] Level 1:colcon.colcon_core.environment:checking '/home/kjoon/vrx_ws/install/lib/pkgconfig/vrx_gz.pc'
[0.948s] Level 1:colcon.colcon_core.environment:checking '/home/kjoon/vrx_ws/install/lib/python3.10/site-packages'
[0.948s] Level 1:colcon.colcon_core.shell:create_environment_hook('vrx_gz', 'pythonpath')
[0.948s] INFO:colcon.colcon_core.shell:Creating environment hook '/home/kjoon/vrx_ws/install/share/vrx_gz/hook/pythonpath.ps1'
[0.948s] INFO:colcon.colcon_core.shell:Creating environment descriptor '/home/kjoon/vrx_ws/install/share/vrx_gz/hook/pythonpath.dsv'
[0.949s] INFO:colcon.colcon_core.shell:Creating environment hook '/home/kjoon/vrx_ws/install/share/vrx_gz/hook/pythonpath.sh'
[0.949s] Level 1:colcon.colcon_core.environment:checking '/home/kjoon/vrx_ws/install/bin'
[0.949s] INFO:colcon.colcon_core.shell:Creating package script '/home/kjoon/vrx_ws/install/share/vrx_gz/package.ps1'
[0.949s] INFO:colcon.colcon_core.shell:Creating package descriptor '/home/kjoon/vrx_ws/install/share/vrx_gz/package.dsv'
[0.950s] INFO:colcon.colcon_core.shell:Creating package script '/home/kjoon/vrx_ws/install/share/vrx_gz/package.sh'
[0.950s] INFO:colcon.colcon_core.shell:Creating package script '/home/kjoon/vrx_ws/install/share/vrx_gz/package.bash'
[0.950s] INFO:colcon.colcon_core.shell:Creating package script '/home/kjoon/vrx_ws/install/share/vrx_gz/package.zsh'
[0.950s] Level 1:colcon.colcon_core.environment:create_file_with_runtime_dependencies(/home/kjoon/vrx_ws/install/share/colcon-core/packages/vrx_gz)
[0.951s] Level 1:colcon.colcon_core.environment:create_environment_scripts_only(vrx_gz)
[0.951s] Level 1:colcon.colcon_core.environment:checking '/home/kjoon/vrx_ws/install' for CMake module files
[0.951s] Level 1:colcon.colcon_core.environment:checking '/home/kjoon/vrx_ws/install' for CMake config files
[0.952s] Level 1:colcon.colcon_core.shell:create_environment_hook('vrx_gz', 'cmake_prefix_path')
[0.952s] INFO:colcon.colcon_core.shell:Creating environment hook '/home/kjoon/vrx_ws/install/share/vrx_gz/hook/cmake_prefix_path.ps1'
[0.952s] INFO:colcon.colcon_core.shell:Creating environment descriptor '/home/kjoon/vrx_ws/install/share/vrx_gz/hook/cmake_prefix_path.dsv'
[0.952s] INFO:colcon.colcon_core.shell:Creating environment hook '/home/kjoon/vrx_ws/install/share/vrx_gz/hook/cmake_prefix_path.sh'
[0.952s] Level 1:colcon.colcon_core.environment:checking '/home/kjoon/vrx_ws/install/lib'
[0.952s] Level 1:colcon.colcon_core.shell:create_environment_hook('vrx_gz', 'ld_library_path_lib')
[0.953s] INFO:colcon.colcon_core.shell:Creating environment hook '/home/kjoon/vrx_ws/install/share/vrx_gz/hook/ld_library_path_lib.ps1'
[0.953s] INFO:colcon.colcon_core.shell:Creating environment descriptor '/home/kjoon/vrx_ws/install/share/vrx_gz/hook/ld_library_path_lib.dsv'
[0.953s] INFO:colcon.colcon_core.shell:Creating environment hook '/home/kjoon/vrx_ws/install/share/vrx_gz/hook/ld_library_path_lib.sh'
[0.953s] Level 1:colcon.colcon_core.environment:checking '/home/kjoon/vrx_ws/install/bin'
[0.953s] Level 1:colcon.colcon_core.environment:checking '/home/kjoon/vrx_ws/install/lib/pkgconfig/vrx_gz.pc'
[0.953s] Level 1:colcon.colcon_core.environment:checking '/home/kjoon/vrx_ws/install/lib/python3.10/site-packages'
[0.953s] Level 1:colcon.colcon_core.shell:create_environment_hook('vrx_gz', 'pythonpath')
[0.954s] INFO:colcon.colcon_core.shell:Creating environment hook '/home/kjoon/vrx_ws/install/share/vrx_gz/hook/pythonpath.ps1'
[0.954s] INFO:colcon.colcon_core.shell:Creating environment descriptor '/home/kjoon/vrx_ws/install/share/vrx_gz/hook/pythonpath.dsv'
[0.954s] INFO:colcon.colcon_core.shell:Creating environment hook '/home/kjoon/vrx_ws/install/share/vrx_gz/hook/pythonpath.sh'
[0.954s] Level 1:colcon.colcon_core.environment:checking '/home/kjoon/vrx_ws/install/bin'
[0.955s] INFO:colcon.colcon_core.shell:Creating package script '/home/kjoon/vrx_ws/install/share/vrx_gz/package.ps1'
[0.955s] INFO:colcon.colcon_core.shell:Creating package descriptor '/home/kjoon/vrx_ws/install/share/vrx_gz/package.dsv'
[0.955s] INFO:colcon.colcon_core.shell:Creating package script '/home/kjoon/vrx_ws/install/share/vrx_gz/package.sh'
[0.955s] INFO:colcon.colcon_core.shell:Creating package script '/home/kjoon/vrx_ws/install/share/vrx_gz/package.bash'
[0.956s] INFO:colcon.colcon_core.shell:Creating package script '/home/kjoon/vrx_ws/install/share/vrx_gz/package.zsh'
[0.956s] Level 1:colcon.colcon_core.environment:create_file_with_runtime_dependencies(/home/kjoon/vrx_ws/install/share/colcon-core/packages/vrx_gz)
[0.957s] DEBUG:colcon.colcon_core.event_handler.log_command:Invoked command in '/home/kjoon/vrx_ws/build/wamv_gazebo' returned '0': CMAKE_PREFIX_PATH=${CMAKE_PREFIX_PATH}:/opt/ros/humble GZ_SIM_RESOURCE_PATH=/home/kjoon/vrx_ws/install/share:${GZ_SIM_RESOURCE_PATH} PYTHONPATH=/home/kjoon/vrx_ws/install/lib/python3.10/site-packages:/home/kjoon/vrx_ws/install/local/lib/python3.10/dist-packages:/opt/ros/humble/lib/python3.10/site-packages:/opt/ros/humble/local/lib/python3.10/dist-packages /usr/bin/cmake --build /home/kjoon/vrx_ws/build/wamv_gazebo -- -j16 -l16
[0.958s] DEBUG:colcon.colcon_core.event_handler.log_command:Invoking command in '/home/kjoon/vrx_ws/build/wamv_gazebo': CMAKE_PREFIX_PATH=${CMAKE_PREFIX_PATH}:/opt/ros/humble GZ_SIM_RESOURCE_PATH=/home/kjoon/vrx_ws/install/share:${GZ_SIM_RESOURCE_PATH} PYTHONPATH=/home/kjoon/vrx_ws/install/lib/python3.10/site-packages:/home/kjoon/vrx_ws/install/local/lib/python3.10/dist-packages:/opt/ros/humble/lib/python3.10/site-packages:/opt/ros/humble/local/lib/python3.10/dist-packages /usr/bin/cmake --install /home/kjoon/vrx_ws/build/wamv_gazebo
[0.965s] Level 1:colcon.colcon_core.environment:create_environment_scripts_only(wamv_gazebo)
[0.965s] DEBUG:colcon.colcon_core.event_handler.log_command:Invoked command in '/home/kjoon/vrx_ws/build/wamv_gazebo' returned '0': CMAKE_PREFIX_PATH=${CMAKE_PREFIX_PATH}:/opt/ros/humble GZ_SIM_RESOURCE_PATH=/home/kjoon/vrx_ws/install/share:${GZ_SIM_RESOURCE_PATH} PYTHONPATH=/home/kjoon/vrx_ws/install/lib/python3.10/site-packages:/home/kjoon/vrx_ws/install/local/lib/python3.10/dist-packages:/opt/ros/humble/lib/python3.10/site-packages:/opt/ros/humble/local/lib/python3.10/dist-packages /usr/bin/cmake --install /home/kjoon/vrx_ws/build/wamv_gazebo
[0.965s] Level 1:colcon.colcon_core.environment:checking '/home/kjoon/vrx_ws/install' for CMake module files
[0.966s] Level 1:colcon.colcon_core.environment:checking '/home/kjoon/vrx_ws/install' for CMake config files
[0.966s] Level 1:colcon.colcon_core.shell:create_environment_hook('wamv_gazebo', 'cmake_prefix_path')
[0.966s] INFO:colcon.colcon_core.shell:Creating environment hook '/home/kjoon/vrx_ws/install/share/wamv_gazebo/hook/cmake_prefix_path.ps1'
[0.967s] INFO:colcon.colcon_core.shell:Creating environment descriptor '/home/kjoon/vrx_ws/install/share/wamv_gazebo/hook/cmake_prefix_path.dsv'
[0.967s] INFO:colcon.colcon_core.shell:Creating environment hook '/home/kjoon/vrx_ws/install/share/wamv_gazebo/hook/cmake_prefix_path.sh'
[0.967s] Level 1:colcon.colcon_core.environment:checking '/home/kjoon/vrx_ws/install/lib'
[0.967s] Level 1:colcon.colcon_core.shell:create_environment_hook('wamv_gazebo', 'ld_library_path_lib')
[0.967s] INFO:colcon.colcon_core.shell:Creating environment hook '/home/kjoon/vrx_ws/install/share/wamv_gazebo/hook/ld_library_path_lib.ps1'
[0.968s] INFO:colcon.colcon_core.shell:Creating environment descriptor '/home/kjoon/vrx_ws/install/share/wamv_gazebo/hook/ld_library_path_lib.dsv'
[0.968s] INFO:colcon.colcon_core.shell:Creating environment hook '/home/kjoon/vrx_ws/install/share/wamv_gazebo/hook/ld_library_path_lib.sh'
[0.968s] Level 1:colcon.colcon_core.environment:checking '/home/kjoon/vrx_ws/install/bin'
[0.968s] Level 1:colcon.colcon_core.environment:checking '/home/kjoon/vrx_ws/install/lib/pkgconfig/wamv_gazebo.pc'
[0.968s] Level 1:colcon.colcon_core.environment:checking '/home/kjoon/vrx_ws/install/lib/python3.10/site-packages'
[0.968s] Level 1:colcon.colcon_core.shell:create_environment_hook('wamv_gazebo', 'pythonpath')
[0.968s] INFO:colcon.colcon_core.shell:Creating environment hook '/home/kjoon/vrx_ws/install/share/wamv_gazebo/hook/pythonpath.ps1'
[0.969s] INFO:colcon.colcon_core.shell:Creating environment descriptor '/home/kjoon/vrx_ws/install/share/wamv_gazebo/hook/pythonpath.dsv'
[0.969s] INFO:colcon.colcon_core.shell:Creating environment hook '/home/kjoon/vrx_ws/install/share/wamv_gazebo/hook/pythonpath.sh'
[0.969s] Level 1:colcon.colcon_core.environment:checking '/home/kjoon/vrx_ws/install/bin'
[0.969s] INFO:colcon.colcon_core.shell:Creating package script '/home/kjoon/vrx_ws/install/share/wamv_gazebo/package.ps1'
[0.969s] INFO:colcon.colcon_core.shell:Creating package descriptor '/home/kjoon/vrx_ws/install/share/wamv_gazebo/package.dsv'
[0.970s] INFO:colcon.colcon_core.shell:Creating package script '/home/kjoon/vrx_ws/install/share/wamv_gazebo/package.sh'
[0.970s] INFO:colcon.colcon_core.shell:Creating package script '/home/kjoon/vrx_ws/install/share/wamv_gazebo/package.bash'
[0.970s] INFO:colcon.colcon_core.shell:Creating package script '/home/kjoon/vrx_ws/install/share/wamv_gazebo/package.zsh'
[0.970s] Level 1:colcon.colcon_core.environment:create_file_with_runtime_dependencies(/home/kjoon/vrx_ws/install/share/colcon-core/packages/wamv_gazebo)
[0.971s] Level 1:colcon.colcon_core.environment:create_environment_scripts_only(wamv_gazebo)
[0.971s] Level 1:colcon.colcon_core.environment:checking '/home/kjoon/vrx_ws/install' for CMake module files
[0.971s] Level 1:colcon.colcon_core.environment:checking '/home/kjoon/vrx_ws/install' for CMake config files
[0.972s] Level 1:colcon.colcon_core.shell:create_environment_hook('wamv_gazebo', 'cmake_prefix_path')
[0.972s] INFO:colcon.colcon_core.shell:Creating environment hook '/home/kjoon/vrx_ws/install/share/wamv_gazebo/hook/cmake_prefix_path.ps1'
[0.972s] INFO:colcon.colcon_core.shell:Creating environment descriptor '/home/kjoon/vrx_ws/install/share/wamv_gazebo/hook/cmake_prefix_path.dsv'
[0.972s] INFO:colcon.colcon_core.shell:Creating environment hook '/home/kjoon/vrx_ws/install/share/wamv_gazebo/hook/cmake_prefix_path.sh'
[0.972s] Level 1:colcon.colcon_core.environment:checking '/home/kjoon/vrx_ws/install/lib'
[0.972s] Level 1:colcon.colcon_core.shell:create_environment_hook('wamv_gazebo', 'ld_library_path_lib')
[0.973s] INFO:colcon.colcon_core.shell:Creating environment hook '/home/kjoon/vrx_ws/install/share/wamv_gazebo/hook/ld_library_path_lib.ps1'
[0.973s] INFO:colcon.colcon_core.shell:Creating environment descriptor '/home/kjoon/vrx_ws/install/share/wamv_gazebo/hook/ld_library_path_lib.dsv'
[0.973s] INFO:colcon.colcon_core.shell:Creating environment hook '/home/kjoon/vrx_ws/install/share/wamv_gazebo/hook/ld_library_path_lib.sh'
[0.973s] Level 1:colcon.colcon_core.environment:checking '/home/kjoon/vrx_ws/install/bin'
[0.973s] Level 1:colcon.colcon_core.environment:checking '/home/kjoon/vrx_ws/install/lib/pkgconfig/wamv_gazebo.pc'
[0.973s] Level 1:colcon.colcon_core.environment:checking '/home/kjoon/vrx_ws/install/lib/python3.10/site-packages'
[0.974s] Level 1:colcon.colcon_core.shell:create_environment_hook('wamv_gazebo', 'pythonpath')
[0.974s] INFO:colcon.colcon_core.shell:Creating environment hook '/home/kjoon/vrx_ws/install/share/wamv_gazebo/hook/pythonpath.ps1'
[0.974s] INFO:colcon.colcon_core.shell:Creating environment descriptor '/home/kjoon/vrx_ws/install/share/wamv_gazebo/hook/pythonpath.dsv'
[0.974s] INFO:colcon.colcon_core.shell:Creating environment hook '/home/kjoon/vrx_ws/install/share/wamv_gazebo/hook/pythonpath.sh'
[0.974s] Level 1:colcon.colcon_core.environment:checking '/home/kjoon/vrx_ws/install/bin'
[0.975s] INFO:colcon.colcon_core.shell:Creating package script '/home/kjoon/vrx_ws/install/share/wamv_gazebo/package.ps1'
[0.975s] INFO:colcon.colcon_core.shell:Creating package descriptor '/home/kjoon/vrx_ws/install/share/wamv_gazebo/package.dsv'
[0.975s] INFO:colcon.colcon_core.shell:Creating package script '/home/kjoon/vrx_ws/install/share/wamv_gazebo/package.sh'
[0.976s] INFO:colcon.colcon_core.shell:Creating package script '/home/kjoon/vrx_ws/install/share/wamv_gazebo/package.bash'
[0.976s] INFO:colcon.colcon_core.shell:Creating package script '/home/kjoon/vrx_ws/install/share/wamv_gazebo/package.zsh'
[0.976s] Level 1:colcon.colcon_core.environment:create_file_with_runtime_dependencies(/home/kjoon/vrx_ws/install/share/colcon-core/packages/wamv_gazebo)
[1.111s] DEBUG:colcon.colcon_core.event_handler.log_command:Invoking command in '/home/kjoon/vrx_ws/src/wamv_nav': PYTHONPATH=/home/kjoon/vrx_ws/build/wamv_nav/prefix_override:/usr/lib/python3/dist-packages/colcon_core/task/python/colcon_distutils_commands:/home/kjoon/vrx_ws/install/lib/python3.10/site-packages:/home/kjoon/vrx_ws/install/lib/python3.10/site-packages:/home/kjoon/vrx_ws/install/local/lib/python3.10/dist-packages:/opt/ros/humble/lib/python3.10/site-packages:/opt/ros/humble/local/lib/python3.10/dist-packages /usr/bin/python3 -W ignore:setup.py install is deprecated -W ignore:easy_install command is deprecated setup.py egg_info --egg-base ../../build/wamv_nav build --build-base /home/kjoon/vrx_ws/build/wamv_nav/build install --record /home/kjoon/vrx_ws/build/wamv_nav/install.log --single-version-externally-managed install_data
[1.300s] Level 1:colcon.colcon_core.environment:checking '/home/kjoon/vrx_ws/install' for CMake module files
[1.301s] DEBUG:colcon.colcon_core.event_handler.log_command:Invoked command in '/home/kjoon/vrx_ws/src/wamv_nav' returned '0': PYTHONPATH=/home/kjoon/vrx_ws/build/wamv_nav/prefix_override:/usr/lib/python3/dist-packages/colcon_core/task/python/colcon_distutils_commands:/home/kjoon/vrx_ws/install/lib/python3.10/site-packages:/home/kjoon/vrx_ws/install/lib/python3.10/site-packages:/home/kjoon/vrx_ws/install/local/lib/python3.10/dist-packages:/opt/ros/humble/lib/python3.10/site-packages:/opt/ros/humble/local/lib/python3.10/dist-packages /usr/bin/python3 -W ignore:setup.py install is deprecated -W ignore:easy_install command is deprecated setup.py egg_info --egg-base ../../build/wamv_nav build --build-base /home/kjoon/vrx_ws/build/wamv_nav/build install --record /home/kjoon/vrx_ws/build/wamv_nav/install.log --single-version-externally-managed install_data
[1.301s] Level 1:colcon.colcon_core.environment:checking '/home/kjoon/vrx_ws/install' for CMake config files
[1.301s] Level 1:colcon.colcon_core.shell:create_environment_hook('wamv_nav', 'cmake_prefix_path')
[1.301s] INFO:colcon.colcon_core.shell:Creating environment hook '/home/kjoon/vrx_ws/install/share/wamv_nav/hook/cmake_prefix_path.ps1'
[1.302s] INFO:colcon.colcon_core.shell:Creating environment descriptor '/home/kjoon/vrx_ws/install/share/wamv_nav/hook/cmake_prefix_path.dsv'
[1.302s] INFO:colcon.colcon_core.shell:Creating environment hook '/home/kjoon/vrx_ws/install/share/wamv_nav/hook/cmake_prefix_path.sh'
[1.303s] Level 1:colcon.colcon_core.environment:checking '/home/kjoon/vrx_ws/install/lib'
[1.303s] Level 1:colcon.colcon_core.shell:create_environment_hook('wamv_nav', 'ld_library_path_lib')
[1.303s] INFO:colcon.colcon_core.shell:Creating environment hook '/home/kjoon/vrx_ws/install/share/wamv_nav/hook/ld_library_path_lib.ps1'
[1.304s] INFO:colcon.colcon_core.shell:Creating environment descriptor '/home/kjoon/vrx_ws/install/share/wamv_nav/hook/ld_library_path_lib.dsv'
[1.304s] INFO:colcon.colcon_core.shell:Creating environment hook '/home/kjoon/vrx_ws/install/share/wamv_nav/hook/ld_library_path_lib.sh'
[1.304s] Level 1:colcon.colcon_core.environment:checking '/home/kjoon/vrx_ws/install/bin'
[1.304s] Level 1:colcon.colcon_core.environment:checking '/home/kjoon/vrx_ws/install/lib/pkgconfig/wamv_nav.pc'
[1.305s] Level 1:colcon.colcon_core.environment:checking '/home/kjoon/vrx_ws/install/lib/python3.10/site-packages'
[1.305s] Level 1:colcon.colcon_core.shell:create_environment_hook('wamv_nav', 'pythonpath')
[1.305s] INFO:colcon.colcon_core.shell:Creating environment hook '/home/kjoon/vrx_ws/install/share/wamv_nav/hook/pythonpath.ps1'
[1.305s] INFO:colcon.colcon_core.shell:Creating environment descriptor '/home/kjoon/vrx_ws/install/share/wamv_nav/hook/pythonpath.dsv'
[1.306s] INFO:colcon.colcon_core.shell:Creating environment hook '/home/kjoon/vrx_ws/install/share/wamv_nav/hook/pythonpath.sh'
[1.306s] Level 1:colcon.colcon_core.environment:checking '/home/kjoon/vrx_ws/install/bin'
[1.306s] Level 1:colcon.colcon_core.environment:create_environment_scripts_only(wamv_nav)
[1.307s] INFO:colcon.colcon_core.shell:Creating package script '/home/kjoon/vrx_ws/install/share/wamv_nav/package.ps1'
[1.307s] INFO:colcon.colcon_core.shell:Creating package descriptor '/home/kjoon/vrx_ws/install/share/wamv_nav/package.dsv'
[1.307s] INFO:colcon.colcon_core.shell:Creating package script '/home/kjoon/vrx_ws/install/share/wamv_nav/package.sh'
[1.308s] INFO:colcon.colcon_core.shell:Creating package script '/home/kjoon/vrx_ws/install/share/wamv_nav/package.bash'
[1.308s] INFO:colcon.colcon_core.shell:Creating package script '/home/kjoon/vrx_ws/install/share/wamv_nav/package.zsh'
[1.309s] Level 1:colcon.colcon_core.environment:create_file_with_runtime_dependencies(/home/kjoon/vrx_ws/install/share/colcon-core/packages/wamv_nav)
[1.309s] DEBUG:colcon.colcon_parallel_executor.executor.parallel:closing loop
[1.309s] DEBUG:colcon.colcon_parallel_executor.executor.parallel:loop closed
[1.309s] DEBUG:colcon.colcon_parallel_executor.executor.parallel:run_until_complete finished with '0'
[1.309s] DEBUG:colcon.colcon_core.event_reactor:joining thread
[1.314s] INFO:colcon.colcon_core.plugin_system:Skipping extension 'colcon_notification.desktop_notification.terminal_notifier': Not used on non-Darwin systems
[1.314s] INFO:colcon.colcon_core.plugin_system:Skipping extension 'colcon_notification.desktop_notification.win32': Not used on non-Windows systems
[1.314s] INFO:colcon.colcon_notification.desktop_notification:Sending desktop notification using 'notify2'
[1.327s] DEBUG:colcon.colcon_core.event_reactor:joined thread
[1.327s] INFO:colcon.colcon_core.shell:Creating prefix script '/home/kjoon/vrx_ws/install/local_setup.ps1'
[1.328s] INFO:colcon.colcon_core.shell:Creating prefix util module '/home/kjoon/vrx_ws/install/_local_setup_util_ps1.py'
[1.330s] INFO:colcon.colcon_core.shell:Creating prefix chain script '/home/kjoon/vrx_ws/install/setup.ps1'
[1.330s] INFO:colcon.colcon_core.shell:Creating prefix script '/home/kjoon/vrx_ws/install/local_setup.sh'
[1.331s] INFO:colcon.colcon_core.shell:Creating prefix util module '/home/kjoon/vrx_ws/install/_local_setup_util_sh.py'
[1.331s] INFO:colcon.colcon_core.shell:Creating prefix chain script '/home/kjoon/vrx_ws/install/setup.sh'
[1.332s] INFO:colcon.colcon_core.shell:Creating prefix script '/home/kjoon/vrx_ws/install/local_setup.bash'
[1.333s] INFO:colcon.colcon_core.shell:Creating prefix chain script '/home/kjoon/vrx_ws/install/setup.bash'
[1.335s] INFO:colcon.colcon_core.shell:Creating prefix script '/home/kjoon/vrx_ws/install/local_setup.zsh'
[1.335s] INFO:colcon.colcon_core.shell:Creating prefix chain script '/home/kjoon/vrx_ws/install/setup.zsh'
