[0.007s] Invoking command in '/home/kjoon/vrx_ws/build/px4_uv': CMAKE_PREFIX_PATH=${CMAKE_PREFIX_PATH}:/opt/ros/humble /usr/bin/cmake /home/kjoon/vrx_ws/src/px4_uv -DCMAKE_INSTALL_PREFIX=/home/kjoon/vrx_ws/install
[0.041s] -- The C compiler identification is GNU 11.4.0
[0.077s] -- The CXX compiler identification is GNU 11.4.0
[0.082s] -- Detecting C compiler ABI info
[0.128s] -- Detecting C compiler ABI info - done
[0.133s] -- Check for working C compiler: /usr/bin/cc - skipped
[0.133s] -- Detecting C compile features
[0.133s] -- Detecting C compile features - done
[0.135s] -- Detecting CXX compiler ABI info
[0.187s] -- Detecting CXX compiler ABI info - done
[0.191s] -- Check for working CXX compiler: /usr/bin/c++ - skipped
[0.192s] -- Detecting CXX compile features
[0.192s] -- Detecting CXX compile features - done
[0.194s] -- Found ament_cmake: 1.3.11 (/opt/ros/humble/share/ament_cmake/cmake)
[0.290s] -- Found Python3: /usr/bin/python3 (found version "3.10.12") found components: Interpreter 
[0.352s] -- Found rosidl_default_generators: 1.2.0 (/opt/ros/humble/share/rosidl_default_generators/cmake)
[0.355s] -- Using all available rosidl_typesupport_c: rosidl_typesupport_fastrtps_c;rosidl_typesupport_introspection_c
[0.359s] -- Found rosidl_adapter: 3.1.6 (/opt/ros/humble/share/rosidl_adapter/cmake)
[0.387s] -- Using all available rosidl_typesupport_cpp: rosidl_typesupport_fastrtps_cpp;rosidl_typesupport_introspection_cpp
[0.408s] -- Found geometry_msgs: 4.8.0 (/opt/ros/humble/share/geometry_msgs/cmake)
[0.616s] -- Found ament_cmake_ros: 0.10.0 (/opt/ros/humble/share/ament_cmake_ros/cmake)
[0.777s] -- Using all available rosidl_typesupport_c: rosidl_typesupport_fastrtps_c;rosidl_typesupport_introspection_c
[0.987s] -- Using all available rosidl_typesupport_cpp: rosidl_typesupport_fastrtps_cpp;rosidl_typesupport_introspection_cpp
[1.002s] -- Found PythonInterp: /usr/bin/python3 (found suitable version "3.10.12", minimum required is "3.6") 
[1.003s] -- Found python_cmake_module: 0.10.0 (/opt/ros/humble/share/python_cmake_module/cmake)
[1.020s] -- Found PythonLibs: /usr/lib/x86_64-linux-gnu/libpython3.10.so (found suitable version "3.10.12", minimum required is "3.5") 
[1.020s] -- Using PYTHON_EXECUTABLE: /usr/bin/python3
[1.020s] -- Using PYTHON_INCLUDE_DIRS: /usr/include/python3.10
[1.020s] -- Using PYTHON_LIBRARIES: /usr/lib/x86_64-linux-gnu/libpython3.10.so
[1.034s] -- Found PythonExtra: .so  
[1.076s] -- Configuring done
[1.100s] -- Generating done
[1.108s] -- Build files have been written to: /home/kjoon/vrx_ws/build/px4_uv
[1.115s] Invoked command in '/home/kjoon/vrx_ws/build/px4_uv' returned '0': CMAKE_PREFIX_PATH=${CMAKE_PREFIX_PATH}:/opt/ros/humble /usr/bin/cmake /home/kjoon/vrx_ws/src/px4_uv -DCMAKE_INSTALL_PREFIX=/home/kjoon/vrx_ws/install
[1.116s] Invoking command in '/home/kjoon/vrx_ws/build/px4_uv': CMAKE_PREFIX_PATH=${CMAKE_PREFIX_PATH}:/opt/ros/humble /usr/bin/cmake --build /home/kjoon/vrx_ws/build/px4_uv -- -j16 -l16
[1.144s] [  2%] [34m[1mGenerating C code for ROS interfaces[0m
[1.151s] [  5%] [34m[1mGenerating C++ code for ROS interfaces[0m
[1.156s] [  5%] Built target ament_cmake_python_copy_px4_uv
[1.321s] running egg_info
[1.321s] creating px4_uv.egg-info
[1.322s] writing px4_uv.egg-info/PKG-INFO
[1.322s] writing dependency_links to px4_uv.egg-info/dependency_links.txt
[1.322s] writing top-level names to px4_uv.egg-info/top_level.txt
[1.322s] writing manifest file 'px4_uv.egg-info/SOURCES.txt'
[1.323s] reading manifest file 'px4_uv.egg-info/SOURCES.txt'
[1.323s] writing manifest file 'px4_uv.egg-info/SOURCES.txt'
[1.344s] [  5%] Built target ament_cmake_python_build_px4_uv_egg
[1.365s] [  5%] Built target px4_uv__cpp
[1.367s] [  7%] [32mBuilding C object CMakeFiles/px4_uv__rosidl_generator_c.dir/rosidl_generator_c/px4_uv/msg/detail/uv_state__functions.c.o[0m
[1.367s] [ 10%] [32mBuilding C object CMakeFiles/px4_uv__rosidl_generator_c.dir/rosidl_generator_c/px4_uv/msg/detail/action__functions.c.o[0m
[1.372s] [ 15%] [34m[1mGenerating C++ type support for eProsima Fast-RTPS[0m
[1.372s] [ 15%] [34m[1mGenerating C++ type support dispatch for ROS interfaces[0m
[1.372s] [ 17%] [34m[1mGenerating C++ introspection for ROS interfaces[0m
[1.401s] [ 20%] [32m[1mLinking C shared library libpx4_uv__rosidl_generator_c.so[0m
[1.430s] [ 20%] Built target px4_uv__rosidl_generator_c
[1.438s] [ 28%] [34m[1mGenerating C type support dispatch for ROS interfaces[0m
[1.438s] [ 28%] [34m[1mGenerating C type support for eProsima Fast-RTPS[0m
[1.438s] [ 28%] [34m[1mGenerating C introspection for ROS interfaces[0m
[1.572s] [ 30%] [32mBuilding CXX object CMakeFiles/px4_uv__rosidl_typesupport_cpp.dir/rosidl_typesupport_cpp/px4_uv/msg/action__type_support.cpp.o[0m
[1.573s] [ 33%] [32mBuilding CXX object CMakeFiles/px4_uv__rosidl_typesupport_cpp.dir/rosidl_typesupport_cpp/px4_uv/msg/uv_state__type_support.cpp.o[0m
[1.598s] [ 38%] [32mBuilding CXX object CMakeFiles/px4_uv__rosidl_typesupport_introspection_cpp.dir/rosidl_typesupport_introspection_cpp/px4_uv/msg/detail/uv_state__type_support.cpp.o[0m
[1.598s] [ 38%] [32mBuilding CXX object CMakeFiles/px4_uv__rosidl_typesupport_introspection_cpp.dir/rosidl_typesupport_introspection_cpp/px4_uv/msg/detail/action__type_support.cpp.o[0m
[1.603s] [ 43%] [32mBuilding CXX object CMakeFiles/px4_uv__rosidl_typesupport_fastrtps_cpp.dir/rosidl_typesupport_fastrtps_cpp/px4_uv/msg/detail/dds_fastrtps/action__type_support.cpp.o[0m
[1.603s] [ 43%] [32mBuilding CXX object CMakeFiles/px4_uv__rosidl_typesupport_fastrtps_cpp.dir/rosidl_typesupport_fastrtps_cpp/px4_uv/msg/detail/dds_fastrtps/uv_state__type_support.cpp.o[0m
[1.646s] [ 46%] [32mBuilding CXX object CMakeFiles/px4_uv__rosidl_typesupport_c.dir/rosidl_typesupport_c/px4_uv/msg/action__type_support.cpp.o[0m
[1.647s] [ 48%] [32mBuilding CXX object CMakeFiles/px4_uv__rosidl_typesupport_c.dir/rosidl_typesupport_c/px4_uv/msg/uv_state__type_support.cpp.o[0m
[1.663s] [ 53%] [32mBuilding C object CMakeFiles/px4_uv__rosidl_typesupport_introspection_c.dir/rosidl_typesupport_introspection_c/px4_uv/msg/detail/action__type_support.c.o[0m
[1.663s] [ 53%] [32mBuilding C object CMakeFiles/px4_uv__rosidl_typesupport_introspection_c.dir/rosidl_typesupport_introspection_c/px4_uv/msg/detail/uv_state__type_support.c.o[0m
[1.675s] [ 56%] [32m[1mLinking CXX shared library libpx4_uv__rosidl_typesupport_c.so[0m
[1.690s] [ 61%] [32mBuilding CXX object CMakeFiles/px4_uv__rosidl_typesupport_fastrtps_c.dir/rosidl_typesupport_fastrtps_c/px4_uv/msg/detail/action__type_support_c.cpp.o[0m
[1.690s] [ 61%] [32mBuilding CXX object CMakeFiles/px4_uv__rosidl_typesupport_fastrtps_c.dir/rosidl_typesupport_fastrtps_c/px4_uv/msg/detail/uv_state__type_support_c.cpp.o[0m
[1.702s] [ 64%] [32m[1mLinking C shared library libpx4_uv__rosidl_typesupport_introspection_c.so[0m
[1.722s] [ 64%] Built target px4_uv__rosidl_typesupport_c
[1.738s] [ 64%] Built target px4_uv__rosidl_typesupport_introspection_c
[1.841s] [ 66%] [32m[1mLinking CXX shared library libpx4_uv__rosidl_typesupport_cpp.so[0m
[1.887s] [ 66%] Built target px4_uv__rosidl_typesupport_cpp
[1.948s] [ 69%] [32m[1mLinking CXX shared library libpx4_uv__rosidl_typesupport_fastrtps_cpp.so[0m
[1.967s] [ 74%] [32m[1mLinking CXX shared library libpx4_uv__rosidl_typesupport_fastrtps_c.so[0m
[1.968s] [ 74%] [32m[1mLinking CXX shared library libpx4_uv__rosidl_typesupport_introspection_cpp.so[0m
[2.002s] [ 74%] Built target px4_uv__rosidl_typesupport_fastrtps_cpp
[2.014s] [ 74%] Built target px4_uv__rosidl_typesupport_introspection_cpp
[2.019s] [ 74%] Built target px4_uv__rosidl_typesupport_fastrtps_c
[2.033s] [ 74%] Built target px4_uv
[2.048s] [ 76%] [34m[1mGenerating Python code for ROS interfaces[0m
[2.339s] [ 76%] Built target px4_uv__py
[2.353s] [ 82%] [32mBuilding C object CMakeFiles/px4_uv__rosidl_generator_py.dir/rosidl_generator_py/px4_uv/msg/_action_s.c.o[0m
[2.353s] [ 82%] [32mBuilding C object CMakeFiles/px4_uv__rosidl_generator_py.dir/rosidl_generator_py/px4_uv/msg/_uv_state_s.c.o[0m
[2.420s] [ 84%] [32m[1mLinking C shared library rosidl_generator_py/px4_uv/libpx4_uv__rosidl_generator_py.so[0m
[2.451s] [ 84%] Built target px4_uv__rosidl_generator_py
[2.465s] [ 92%] [32mBuilding C object CMakeFiles/px4_uv__rosidl_typesupport_fastrtps_c__pyext.dir/rosidl_generator_py/px4_uv/_px4_uv_s.ep.rosidl_typesupport_fastrtps_c.c.o[0m
[2.465s] [ 92%] [32mBuilding C object CMakeFiles/px4_uv__rosidl_typesupport_introspection_c__pyext.dir/rosidl_generator_py/px4_uv/_px4_uv_s.ep.rosidl_typesupport_introspection_c.c.o[0m
[2.465s] [ 92%] [32mBuilding C object CMakeFiles/px4_uv__rosidl_typesupport_c__pyext.dir/rosidl_generator_py/px4_uv/_px4_uv_s.ep.rosidl_typesupport_c.c.o[0m
[2.532s] [100%] [32m[1mLinking C shared library rosidl_generator_py/px4_uv/px4_uv_s__rosidl_typesupport_introspection_c.cpython-310-x86_64-linux-gnu.so[0m
[2.533s] [100%] [32m[1mLinking C shared library rosidl_generator_py/px4_uv/px4_uv_s__rosidl_typesupport_c.cpython-310-x86_64-linux-gnu.so[0m
[2.533s] [100%] [32m[1mLinking C shared library rosidl_generator_py/px4_uv/px4_uv_s__rosidl_typesupport_fastrtps_c.cpython-310-x86_64-linux-gnu.so[0m
[2.560s] [100%] Built target px4_uv__rosidl_typesupport_fastrtps_c__pyext
[2.560s] [100%] Built target px4_uv__rosidl_typesupport_introspection_c__pyext
[2.560s] [100%] Built target px4_uv__rosidl_typesupport_c__pyext
[2.569s] Invoked command in '/home/kjoon/vrx_ws/build/px4_uv' returned '0': CMAKE_PREFIX_PATH=${CMAKE_PREFIX_PATH}:/opt/ros/humble /usr/bin/cmake --build /home/kjoon/vrx_ws/build/px4_uv -- -j16 -l16
[2.570s] Invoking command in '/home/kjoon/vrx_ws/build/px4_uv': CMAKE_PREFIX_PATH=${CMAKE_PREFIX_PATH}:/opt/ros/humble /usr/bin/cmake --install /home/kjoon/vrx_ws/build/px4_uv
[2.575s] -- Install configuration: ""
[2.575s] -- Installing: /home/kjoon/vrx_ws/install/share/ament_index/resource_index/rosidl_interfaces/px4_uv
[2.575s] -- Installing: /home/kjoon/vrx_ws/install/include/px4_uv/px4_uv
[2.575s] -- Installing: /home/kjoon/vrx_ws/install/include/px4_uv/px4_uv/msg
[2.575s] -- Installing: /home/kjoon/vrx_ws/install/include/px4_uv/px4_uv/msg/action.h
[2.576s] -- Installing: /home/kjoon/vrx_ws/install/include/px4_uv/px4_uv/msg/detail
[2.576s] -- Installing: /home/kjoon/vrx_ws/install/include/px4_uv/px4_uv/msg/detail/uv_state__type_support.h
[2.576s] -- Installing: /home/kjoon/vrx_ws/install/include/px4_uv/px4_uv/msg/detail/action__struct.h
[2.576s] -- Installing: /home/kjoon/vrx_ws/install/include/px4_uv/px4_uv/msg/detail/uv_state__functions.c
[2.576s] -- Installing: /home/kjoon/vrx_ws/install/include/px4_uv/px4_uv/msg/detail/action__type_support.h
[2.576s] -- Installing: /home/kjoon/vrx_ws/install/include/px4_uv/px4_uv/msg/detail/uv_state__functions.h
[2.576s] -- Installing: /home/kjoon/vrx_ws/install/include/px4_uv/px4_uv/msg/detail/action__functions.c
[2.576s] -- Installing: /home/kjoon/vrx_ws/install/include/px4_uv/px4_uv/msg/detail/uv_state__struct.h
[2.576s] -- Installing: /home/kjoon/vrx_ws/install/include/px4_uv/px4_uv/msg/detail/action__functions.h
[2.576s] -- Installing: /home/kjoon/vrx_ws/install/include/px4_uv/px4_uv/msg/rosidl_generator_c__visibility_control.h
[2.576s] -- Installing: /home/kjoon/vrx_ws/install/include/px4_uv/px4_uv/msg/uv_state.h
[2.577s] -- Installing: /home/kjoon/vrx_ws/install/share/px4_uv/environment/library_path.sh
[2.577s] -- Installing: /home/kjoon/vrx_ws/install/share/px4_uv/environment/library_path.dsv
[2.577s] -- Installing: /home/kjoon/vrx_ws/install/lib/libpx4_uv__rosidl_generator_c.so
[2.577s] -- Set runtime path of "/home/kjoon/vrx_ws/install/lib/libpx4_uv__rosidl_generator_c.so" to ""
[2.577s] -- Up-to-date: /home/kjoon/vrx_ws/install/include/px4_uv/px4_uv
[2.577s] -- Up-to-date: /home/kjoon/vrx_ws/install/include/px4_uv/px4_uv/msg
[2.577s] -- Up-to-date: /home/kjoon/vrx_ws/install/include/px4_uv/px4_uv/msg/detail
[2.577s] -- Installing: /home/kjoon/vrx_ws/install/include/px4_uv/px4_uv/msg/detail/uv_state__rosidl_typesupport_fastrtps_c.h
[2.577s] -- Installing: /home/kjoon/vrx_ws/install/include/px4_uv/px4_uv/msg/detail/action__rosidl_typesupport_fastrtps_c.h
[2.577s] -- Installing: /home/kjoon/vrx_ws/install/include/px4_uv/px4_uv/msg/rosidl_typesupport_fastrtps_c__visibility_control.h
[2.577s] -- Installing: /home/kjoon/vrx_ws/install/lib/libpx4_uv__rosidl_typesupport_fastrtps_c.so
[2.578s] -- Set runtime path of "/home/kjoon/vrx_ws/install/lib/libpx4_uv__rosidl_typesupport_fastrtps_c.so" to ""
[2.578s] -- Up-to-date: /home/kjoon/vrx_ws/install/include/px4_uv/px4_uv
[2.578s] -- Up-to-date: /home/kjoon/vrx_ws/install/include/px4_uv/px4_uv/msg
[2.578s] -- Installing: /home/kjoon/vrx_ws/install/include/px4_uv/px4_uv/msg/rosidl_typesupport_introspection_c__visibility_control.h
[2.578s] -- Up-to-date: /home/kjoon/vrx_ws/install/include/px4_uv/px4_uv/msg/detail
[2.578s] -- Installing: /home/kjoon/vrx_ws/install/include/px4_uv/px4_uv/msg/detail/action__rosidl_typesupport_introspection_c.h
[2.578s] -- Installing: /home/kjoon/vrx_ws/install/include/px4_uv/px4_uv/msg/detail/uv_state__type_support.c
[2.578s] -- Installing: /home/kjoon/vrx_ws/install/include/px4_uv/px4_uv/msg/detail/uv_state__rosidl_typesupport_introspection_c.h
[2.578s] -- Installing: /home/kjoon/vrx_ws/install/include/px4_uv/px4_uv/msg/detail/action__type_support.c
[2.578s] -- Installing: /home/kjoon/vrx_ws/install/lib/libpx4_uv__rosidl_typesupport_introspection_c.so
[2.579s] -- Set runtime path of "/home/kjoon/vrx_ws/install/lib/libpx4_uv__rosidl_typesupport_introspection_c.so" to ""
[2.579s] -- Installing: /home/kjoon/vrx_ws/install/lib/libpx4_uv__rosidl_typesupport_c.so
[2.579s] -- Set runtime path of "/home/kjoon/vrx_ws/install/lib/libpx4_uv__rosidl_typesupport_c.so" to ""
[2.579s] -- Up-to-date: /home/kjoon/vrx_ws/install/include/px4_uv/px4_uv
[2.579s] -- Up-to-date: /home/kjoon/vrx_ws/install/include/px4_uv/px4_uv/msg
[2.579s] -- Installing: /home/kjoon/vrx_ws/install/include/px4_uv/px4_uv/msg/rosidl_generator_cpp__visibility_control.hpp
[2.579s] -- Installing: /home/kjoon/vrx_ws/install/include/px4_uv/px4_uv/msg/uv_state.hpp
[2.579s] -- Up-to-date: /home/kjoon/vrx_ws/install/include/px4_uv/px4_uv/msg/detail
[2.579s] -- Installing: /home/kjoon/vrx_ws/install/include/px4_uv/px4_uv/msg/detail/action__builder.hpp
[2.579s] -- Installing: /home/kjoon/vrx_ws/install/include/px4_uv/px4_uv/msg/detail/uv_state__traits.hpp
[2.579s] -- Installing: /home/kjoon/vrx_ws/install/include/px4_uv/px4_uv/msg/detail/action__traits.hpp
[2.579s] -- Installing: /home/kjoon/vrx_ws/install/include/px4_uv/px4_uv/msg/detail/action__type_support.hpp
[2.580s] -- Installing: /home/kjoon/vrx_ws/install/include/px4_uv/px4_uv/msg/detail/uv_state__type_support.hpp
[2.580s] -- Installing: /home/kjoon/vrx_ws/install/include/px4_uv/px4_uv/msg/detail/action__struct.hpp
[2.580s] -- Installing: /home/kjoon/vrx_ws/install/include/px4_uv/px4_uv/msg/detail/uv_state__struct.hpp
[2.580s] -- Installing: /home/kjoon/vrx_ws/install/include/px4_uv/px4_uv/msg/detail/uv_state__builder.hpp
[2.580s] -- Installing: /home/kjoon/vrx_ws/install/include/px4_uv/px4_uv/msg/action.hpp
[2.580s] -- Up-to-date: /home/kjoon/vrx_ws/install/include/px4_uv/px4_uv
[2.580s] -- Up-to-date: /home/kjoon/vrx_ws/install/include/px4_uv/px4_uv/msg
[2.580s] -- Installing: /home/kjoon/vrx_ws/install/include/px4_uv/px4_uv/msg/rosidl_typesupport_fastrtps_cpp__visibility_control.h
[2.580s] -- Up-to-date: /home/kjoon/vrx_ws/install/include/px4_uv/px4_uv/msg/detail
[2.580s] -- Installing: /home/kjoon/vrx_ws/install/include/px4_uv/px4_uv/msg/detail/uv_state__rosidl_typesupport_fastrtps_cpp.hpp
[2.580s] -- Installing: /home/kjoon/vrx_ws/install/include/px4_uv/px4_uv/msg/detail/dds_fastrtps
[2.580s] -- Installing: /home/kjoon/vrx_ws/install/include/px4_uv/px4_uv/msg/detail/action__rosidl_typesupport_fastrtps_cpp.hpp
[2.580s] -- Installing: /home/kjoon/vrx_ws/install/lib/libpx4_uv__rosidl_typesupport_fastrtps_cpp.so
[2.581s] -- Set runtime path of "/home/kjoon/vrx_ws/install/lib/libpx4_uv__rosidl_typesupport_fastrtps_cpp.so" to ""
[2.581s] -- Up-to-date: /home/kjoon/vrx_ws/install/include/px4_uv/px4_uv
[2.581s] -- Up-to-date: /home/kjoon/vrx_ws/install/include/px4_uv/px4_uv/msg
[2.581s] -- Up-to-date: /home/kjoon/vrx_ws/install/include/px4_uv/px4_uv/msg/detail
[2.581s] -- Installing: /home/kjoon/vrx_ws/install/include/px4_uv/px4_uv/msg/detail/uv_state__type_support.cpp
[2.581s] -- Installing: /home/kjoon/vrx_ws/install/include/px4_uv/px4_uv/msg/detail/uv_state__rosidl_typesupport_introspection_cpp.hpp
[2.581s] -- Installing: /home/kjoon/vrx_ws/install/include/px4_uv/px4_uv/msg/detail/action__type_support.cpp
[2.581s] -- Installing: /home/kjoon/vrx_ws/install/include/px4_uv/px4_uv/msg/detail/action__rosidl_typesupport_introspection_cpp.hpp
[2.581s] -- Installing: /home/kjoon/vrx_ws/install/lib/libpx4_uv__rosidl_typesupport_introspection_cpp.so
[2.581s] -- Set runtime path of "/home/kjoon/vrx_ws/install/lib/libpx4_uv__rosidl_typesupport_introspection_cpp.so" to ""
[2.582s] -- Installing: /home/kjoon/vrx_ws/install/lib/libpx4_uv__rosidl_typesupport_cpp.so
[2.582s] -- Set runtime path of "/home/kjoon/vrx_ws/install/lib/libpx4_uv__rosidl_typesupport_cpp.so" to ""
[2.582s] -- Installing: /home/kjoon/vrx_ws/install/share/px4_uv/environment/pythonpath.sh
[2.582s] -- Installing: /home/kjoon/vrx_ws/install/share/px4_uv/environment/pythonpath.dsv
[2.582s] -- Installing: /home/kjoon/vrx_ws/install/local/lib/python3.10/dist-packages/px4_uv-0.0.1-py3.10.egg-info
[2.582s] -- Installing: /home/kjoon/vrx_ws/install/local/lib/python3.10/dist-packages/px4_uv-0.0.1-py3.10.egg-info/top_level.txt
[2.582s] -- Installing: /home/kjoon/vrx_ws/install/local/lib/python3.10/dist-packages/px4_uv-0.0.1-py3.10.egg-info/PKG-INFO
[2.582s] -- Installing: /home/kjoon/vrx_ws/install/local/lib/python3.10/dist-packages/px4_uv-0.0.1-py3.10.egg-info/dependency_links.txt
[2.582s] -- Installing: /home/kjoon/vrx_ws/install/local/lib/python3.10/dist-packages/px4_uv-0.0.1-py3.10.egg-info/SOURCES.txt
[2.583s] -- Installing: /home/kjoon/vrx_ws/install/local/lib/python3.10/dist-packages/px4_uv
[2.583s] -- Installing: /home/kjoon/vrx_ws/install/local/lib/python3.10/dist-packages/px4_uv/_px4_uv_s.ep.rosidl_typesupport_c.c
[2.583s] -- Installing: /home/kjoon/vrx_ws/install/local/lib/python3.10/dist-packages/px4_uv/msg
[2.583s] -- Installing: /home/kjoon/vrx_ws/install/local/lib/python3.10/dist-packages/px4_uv/msg/_action_s.c
[2.583s] -- Installing: /home/kjoon/vrx_ws/install/local/lib/python3.10/dist-packages/px4_uv/msg/_uv_state.py
[2.583s] -- Installing: /home/kjoon/vrx_ws/install/local/lib/python3.10/dist-packages/px4_uv/msg/__init__.py
[2.583s] -- Installing: /home/kjoon/vrx_ws/install/local/lib/python3.10/dist-packages/px4_uv/msg/_uv_state_s.c
[2.583s] -- Installing: /home/kjoon/vrx_ws/install/local/lib/python3.10/dist-packages/px4_uv/msg/_action.py
[2.583s] -- Installing: /home/kjoon/vrx_ws/install/local/lib/python3.10/dist-packages/px4_uv/__init__.py
[2.583s] -- Installing: /home/kjoon/vrx_ws/install/local/lib/python3.10/dist-packages/px4_uv/_px4_uv_s.ep.rosidl_typesupport_fastrtps_c.c
[2.583s] -- Installing: /home/kjoon/vrx_ws/install/local/lib/python3.10/dist-packages/px4_uv/libpx4_uv__rosidl_generator_py.so
[2.584s] -- Installing: /home/kjoon/vrx_ws/install/local/lib/python3.10/dist-packages/px4_uv/px4_uv_s__rosidl_typesupport_introspection_c.cpython-310-x86_64-linux-gnu.so
[2.584s] -- Installing: /home/kjoon/vrx_ws/install/local/lib/python3.10/dist-packages/px4_uv/px4_uv_s__rosidl_typesupport_c.cpython-310-x86_64-linux-gnu.so
[2.584s] -- Installing: /home/kjoon/vrx_ws/install/local/lib/python3.10/dist-packages/px4_uv/_px4_uv_s.ep.rosidl_typesupport_introspection_c.c
[2.584s] -- Installing: /home/kjoon/vrx_ws/install/local/lib/python3.10/dist-packages/px4_uv/px4_uv_s__rosidl_typesupport_fastrtps_c.cpython-310-x86_64-linux-gnu.so
[2.608s] Listing '/home/kjoon/vrx_ws/install/local/lib/python3.10/dist-packages/px4_uv'...
[2.608s] Compiling '/home/kjoon/vrx_ws/install/local/lib/python3.10/dist-packages/px4_uv/__init__.py'...
[2.608s] Listing '/home/kjoon/vrx_ws/install/local/lib/python3.10/dist-packages/px4_uv/msg'...
[2.608s] Compiling '/home/kjoon/vrx_ws/install/local/lib/python3.10/dist-packages/px4_uv/msg/__init__.py'...
[2.608s] Compiling '/home/kjoon/vrx_ws/install/local/lib/python3.10/dist-packages/px4_uv/msg/_action.py'...
[2.608s] Compiling '/home/kjoon/vrx_ws/install/local/lib/python3.10/dist-packages/px4_uv/msg/_uv_state.py'...
[2.611s] -- Installing: /home/kjoon/vrx_ws/install/local/lib/python3.10/dist-packages/px4_uv/px4_uv_s__rosidl_typesupport_fastrtps_c.cpython-310-x86_64-linux-gnu.so
[2.611s] -- Set runtime path of "/home/kjoon/vrx_ws/install/local/lib/python3.10/dist-packages/px4_uv/px4_uv_s__rosidl_typesupport_fastrtps_c.cpython-310-x86_64-linux-gnu.so" to ""
[2.611s] -- Installing: /home/kjoon/vrx_ws/install/local/lib/python3.10/dist-packages/px4_uv/px4_uv_s__rosidl_typesupport_introspection_c.cpython-310-x86_64-linux-gnu.so
[2.612s] -- Set runtime path of "/home/kjoon/vrx_ws/install/local/lib/python3.10/dist-packages/px4_uv/px4_uv_s__rosidl_typesupport_introspection_c.cpython-310-x86_64-linux-gnu.so" to ""
[2.612s] -- Installing: /home/kjoon/vrx_ws/install/local/lib/python3.10/dist-packages/px4_uv/px4_uv_s__rosidl_typesupport_c.cpython-310-x86_64-linux-gnu.so
[2.612s] -- Set runtime path of "/home/kjoon/vrx_ws/install/local/lib/python3.10/dist-packages/px4_uv/px4_uv_s__rosidl_typesupport_c.cpython-310-x86_64-linux-gnu.so" to ""
[2.612s] -- Installing: /home/kjoon/vrx_ws/install/lib/libpx4_uv__rosidl_generator_py.so
[2.612s] -- Set runtime path of "/home/kjoon/vrx_ws/install/lib/libpx4_uv__rosidl_generator_py.so" to ""
[2.612s] -- Installing: /home/kjoon/vrx_ws/install/share/px4_uv/msg/Action.idl
[2.612s] -- Installing: /home/kjoon/vrx_ws/install/share/px4_uv/msg/UvState.idl
[2.612s] -- Installing: /home/kjoon/vrx_ws/install/share/px4_uv/msg/Action.msg
[2.613s] -- Installing: /home/kjoon/vrx_ws/install/share/px4_uv/msg/UvState.msg
[2.613s] -- Installing: /home/kjoon/vrx_ws/install/share/ament_index/resource_index/package_run_dependencies/px4_uv
[2.613s] -- Installing: /home/kjoon/vrx_ws/install/share/ament_index/resource_index/parent_prefix_path/px4_uv
[2.613s] -- Installing: /home/kjoon/vrx_ws/install/share/px4_uv/environment/ament_prefix_path.sh
[2.613s] -- Installing: /home/kjoon/vrx_ws/install/share/px4_uv/environment/ament_prefix_path.dsv
[2.613s] -- Installing: /home/kjoon/vrx_ws/install/share/px4_uv/environment/path.sh
[2.613s] -- Installing: /home/kjoon/vrx_ws/install/share/px4_uv/environment/path.dsv
[2.613s] -- Installing: /home/kjoon/vrx_ws/install/share/px4_uv/local_setup.bash
[2.613s] -- Installing: /home/kjoon/vrx_ws/install/share/px4_uv/local_setup.sh
[2.614s] -- Installing: /home/kjoon/vrx_ws/install/share/px4_uv/local_setup.zsh
[2.614s] -- Installing: /home/kjoon/vrx_ws/install/share/px4_uv/local_setup.dsv
[2.614s] -- Installing: /home/kjoon/vrx_ws/install/share/px4_uv/package.dsv
[2.614s] -- Installing: /home/kjoon/vrx_ws/install/share/ament_index/resource_index/packages/px4_uv
[2.614s] -- Installing: /home/kjoon/vrx_ws/install/share/px4_uv/cmake/export_px4_uv__rosidl_generator_cExport.cmake
[2.614s] -- Installing: /home/kjoon/vrx_ws/install/share/px4_uv/cmake/export_px4_uv__rosidl_generator_cExport-noconfig.cmake
[2.614s] -- Installing: /home/kjoon/vrx_ws/install/share/px4_uv/cmake/export_px4_uv__rosidl_typesupport_fastrtps_cExport.cmake
[2.614s] -- Installing: /home/kjoon/vrx_ws/install/share/px4_uv/cmake/export_px4_uv__rosidl_typesupport_fastrtps_cExport-noconfig.cmake
[2.614s] -- Installing: /home/kjoon/vrx_ws/install/share/px4_uv/cmake/px4_uv__rosidl_typesupport_introspection_cExport.cmake
[2.615s] -- Installing: /home/kjoon/vrx_ws/install/share/px4_uv/cmake/px4_uv__rosidl_typesupport_introspection_cExport-noconfig.cmake
[2.615s] -- Installing: /home/kjoon/vrx_ws/install/share/px4_uv/cmake/px4_uv__rosidl_typesupport_cExport.cmake
[2.615s] -- Installing: /home/kjoon/vrx_ws/install/share/px4_uv/cmake/px4_uv__rosidl_typesupport_cExport-noconfig.cmake
[2.615s] -- Installing: /home/kjoon/vrx_ws/install/share/px4_uv/cmake/export_px4_uv__rosidl_generator_cppExport.cmake
[2.615s] -- Installing: /home/kjoon/vrx_ws/install/share/px4_uv/cmake/export_px4_uv__rosidl_typesupport_fastrtps_cppExport.cmake
[2.615s] -- Installing: /home/kjoon/vrx_ws/install/share/px4_uv/cmake/export_px4_uv__rosidl_typesupport_fastrtps_cppExport-noconfig.cmake
[2.615s] -- Installing: /home/kjoon/vrx_ws/install/share/px4_uv/cmake/px4_uv__rosidl_typesupport_introspection_cppExport.cmake
[2.615s] -- Installing: /home/kjoon/vrx_ws/install/share/px4_uv/cmake/px4_uv__rosidl_typesupport_introspection_cppExport-noconfig.cmake
[2.615s] -- Installing: /home/kjoon/vrx_ws/install/share/px4_uv/cmake/px4_uv__rosidl_typesupport_cppExport.cmake
[2.616s] -- Installing: /home/kjoon/vrx_ws/install/share/px4_uv/cmake/px4_uv__rosidl_typesupport_cppExport-noconfig.cmake
[2.616s] -- Installing: /home/kjoon/vrx_ws/install/share/px4_uv/cmake/export_px4_uv__rosidl_generator_pyExport.cmake
[2.616s] -- Installing: /home/kjoon/vrx_ws/install/share/px4_uv/cmake/export_px4_uv__rosidl_generator_pyExport-noconfig.cmake
[2.616s] -- Installing: /home/kjoon/vrx_ws/install/share/px4_uv/cmake/rosidl_cmake-extras.cmake
[2.616s] -- Installing: /home/kjoon/vrx_ws/install/share/px4_uv/cmake/ament_cmake_export_dependencies-extras.cmake
[2.616s] -- Installing: /home/kjoon/vrx_ws/install/share/px4_uv/cmake/ament_cmake_export_include_directories-extras.cmake
[2.616s] -- Installing: /home/kjoon/vrx_ws/install/share/px4_uv/cmake/ament_cmake_export_libraries-extras.cmake
[2.616s] -- Installing: /home/kjoon/vrx_ws/install/share/px4_uv/cmake/ament_cmake_export_targets-extras.cmake
[2.616s] -- Installing: /home/kjoon/vrx_ws/install/share/px4_uv/cmake/rosidl_cmake_export_typesupport_targets-extras.cmake
[2.617s] -- Installing: /home/kjoon/vrx_ws/install/share/px4_uv/cmake/rosidl_cmake_export_typesupport_libraries-extras.cmake
[2.617s] -- Installing: /home/kjoon/vrx_ws/install/share/px4_uv/cmake/px4_uvConfig.cmake
[2.617s] -- Installing: /home/kjoon/vrx_ws/install/share/px4_uv/cmake/px4_uvConfig-version.cmake
[2.617s] -- Installing: /home/kjoon/vrx_ws/install/share/px4_uv/package.xml
[2.619s] Invoked command in '/home/kjoon/vrx_ws/build/px4_uv' returned '0': CMAKE_PREFIX_PATH=${CMAKE_PREFIX_PATH}:/opt/ros/humble /usr/bin/cmake --install /home/kjoon/vrx_ws/build/px4_uv
