[0.067s] DEBUG:colcon:Command line arguments: ['/usr/bin/colcon', 'build', '--merge-install']
[0.067s] DEBUG:colcon:Parsed command line arguments: Namespace(log_base=None, log_level=None, verb_name='build', build_base='build', install_base='install', merge_install=True, symlink_install=False, test_result_base=None, continue_on_error=False, executor='parallel', parallel_workers=16, event_handlers=None, ignore_user_meta=False, metas=['./colcon.meta'], base_paths=['.'], packages_ignore=None, packages_ignore_regex=None, paths=None, packages_up_to=None, packages_up_to_regex=None, packages_above=None, packages_above_and_dependencies=None, packages_above_depth=None, packages_select_by_dep=None, packages_skip_by_dep=None, packages_skip_up_to=None, packages_select_build_failed=False, packages_skip_build_finished=False, packages_select_test_failures=False, packages_skip_test_passed=False, packages_select=None, packages_skip=None, packages_select_regex=None, packages_skip_regex=None, packages_start=None, packages_end=None, allow_overriding=[], cmake_args=None, cmake_target=None, cmake_target_skip_unavailable=False, cmake_clean_cache=False, cmake_clean_first=False, cmake_force_configure=False, ament_cmake_args=None, catkin_cmake_args=None, catkin_skip_building_tests=False, mixin_files=None, mixin=None, verb_parser=<colcon_mixin.mixin.mixin_argument.MixinArgumentDecorator object at 0x7f5cfac6b070>, verb_extension=<colcon_core.verb.build.BuildVerb object at 0x7f5cfac6a9e0>, main=<bound method BuildVerb.main of <colcon_core.verb.build.BuildVerb object at 0x7f5cfac6a9e0>>, mixin_verb=('build',))
[0.176s] Level 1:colcon.colcon_core.package_discovery:discover_packages(colcon_meta) check parameters
[0.176s] Level 1:colcon.colcon_core.package_discovery:discover_packages(recursive) check parameters
[0.176s] Level 1:colcon.colcon_core.package_discovery:discover_packages(ignore) check parameters
[0.176s] Level 1:colcon.colcon_core.package_discovery:discover_packages(path) check parameters
[0.176s] Level 1:colcon.colcon_core.package_discovery:discover_packages(colcon_meta) discover
[0.176s] Level 1:colcon.colcon_core.package_discovery:discover_packages(recursive) discover
[0.176s] INFO:colcon.colcon_core.package_discovery:Crawling recursively for packages in '/home/kjoon/vrx_ws'
[0.176s] Level 1:colcon.colcon_core.package_identification:_identify(.) by extensions ['ignore', 'ignore_ament_install']
[0.177s] Level 1:colcon.colcon_core.package_identification:_identify(.) by extension 'ignore'
[0.177s] Level 1:colcon.colcon_core.package_identification:_identify(.) by extension 'ignore_ament_install'
[0.177s] Level 1:colcon.colcon_core.package_identification:_identify(.) by extensions ['colcon_pkg']
[0.177s] Level 1:colcon.colcon_core.package_identification:_identify(.) by extension 'colcon_pkg'
[0.177s] Level 1:colcon.colcon_core.package_identification:_identify(.) by extensions ['colcon_meta']
[0.177s] Level 1:colcon.colcon_core.package_identification:_identify(.) by extension 'colcon_meta'
[0.177s] Level 1:colcon.colcon_core.package_identification:_identify(.) by extensions ['ros']
[0.177s] Level 1:colcon.colcon_core.package_identification:_identify(.) by extension 'ros'
[0.183s] Level 1:colcon.colcon_core.package_identification:_identify(.) by extensions ['cmake', 'python']
[0.183s] Level 1:colcon.colcon_core.package_identification:_identify(.) by extension 'cmake'
[0.183s] Level 1:colcon.colcon_core.package_identification:_identify(.) by extension 'python'
[0.183s] Level 1:colcon.colcon_core.package_identification:_identify(.) by extensions ['python_setup_py']
[0.183s] Level 1:colcon.colcon_core.package_identification:_identify(.) by extension 'python_setup_py'
[0.183s] Level 1:colcon.colcon_core.package_identification:_identify(build) by extensions ['ignore', 'ignore_ament_install']
[0.183s] Level 1:colcon.colcon_core.package_identification:_identify(build) by extension 'ignore'
[0.183s] Level 1:colcon.colcon_core.package_identification:_identify(build) ignored
[0.183s] Level 1:colcon.colcon_core.package_identification:_identify(install) by extensions ['ignore', 'ignore_ament_install']
[0.183s] Level 1:colcon.colcon_core.package_identification:_identify(install) by extension 'ignore'
[0.183s] Level 1:colcon.colcon_core.package_identification:_identify(install) ignored
[0.183s] Level 1:colcon.colcon_core.package_identification:_identify(log) by extensions ['ignore', 'ignore_ament_install']
[0.184s] Level 1:colcon.colcon_core.package_identification:_identify(log) by extension 'ignore'
[0.184s] Level 1:colcon.colcon_core.package_identification:_identify(log) ignored
[0.184s] Level 1:colcon.colcon_core.package_identification:_identify(src) by extensions ['ignore', 'ignore_ament_install']
[0.184s] Level 1:colcon.colcon_core.package_identification:_identify(src) by extension 'ignore'
[0.184s] Level 1:colcon.colcon_core.package_identification:_identify(src) by extension 'ignore_ament_install'
[0.184s] Level 1:colcon.colcon_core.package_identification:_identify(src) by extensions ['colcon_pkg']
[0.184s] Level 1:colcon.colcon_core.package_identification:_identify(src) by extension 'colcon_pkg'
[0.184s] Level 1:colcon.colcon_core.package_identification:_identify(src) by extensions ['colcon_meta']
[0.184s] Level 1:colcon.colcon_core.package_identification:_identify(src) by extension 'colcon_meta'
[0.184s] Level 1:colcon.colcon_core.package_identification:_identify(src) by extensions ['ros']
[0.184s] Level 1:colcon.colcon_core.package_identification:_identify(src) by extension 'ros'
[0.184s] Level 1:colcon.colcon_core.package_identification:_identify(src) by extensions ['cmake', 'python']
[0.184s] Level 1:colcon.colcon_core.package_identification:_identify(src) by extension 'cmake'
[0.184s] Level 1:colcon.colcon_core.package_identification:_identify(src) by extension 'python'
[0.184s] Level 1:colcon.colcon_core.package_identification:_identify(src) by extensions ['python_setup_py']
[0.184s] Level 1:colcon.colcon_core.package_identification:_identify(src) by extension 'python_setup_py'
[0.184s] Level 1:colcon.colcon_core.package_identification:_identify(src/px4_uv) by extensions ['ignore', 'ignore_ament_install']
[0.184s] Level 1:colcon.colcon_core.package_identification:_identify(src/px4_uv) by extension 'ignore'
[0.184s] Level 1:colcon.colcon_core.package_identification:_identify(src/px4_uv) by extension 'ignore_ament_install'
[0.184s] Level 1:colcon.colcon_core.package_identification:_identify(src/px4_uv) by extensions ['colcon_pkg']
[0.184s] Level 1:colcon.colcon_core.package_identification:_identify(src/px4_uv) by extension 'colcon_pkg'
[0.184s] Level 1:colcon.colcon_core.package_identification:_identify(src/px4_uv) by extensions ['colcon_meta']
[0.184s] Level 1:colcon.colcon_core.package_identification:_identify(src/px4_uv) by extension 'colcon_meta'
[0.184s] Level 1:colcon.colcon_core.package_identification:_identify(src/px4_uv) by extensions ['ros']
[0.184s] Level 1:colcon.colcon_core.package_identification:_identify(src/px4_uv) by extension 'ros'
[0.186s] DEBUG:colcon.colcon_core.package_identification:Package 'src/px4_uv' with type 'ros.ament_cmake' and name 'px4_uv'
[0.186s] Level 1:colcon.colcon_core.package_identification:_identify(src/vrx) by extensions ['ignore', 'ignore_ament_install']
[0.186s] Level 1:colcon.colcon_core.package_identification:_identify(src/vrx) by extension 'ignore'
[0.186s] Level 1:colcon.colcon_core.package_identification:_identify(src/vrx) by extension 'ignore_ament_install'
[0.186s] Level 1:colcon.colcon_core.package_identification:_identify(src/vrx) by extensions ['colcon_pkg']
[0.186s] Level 1:colcon.colcon_core.package_identification:_identify(src/vrx) by extension 'colcon_pkg'
[0.186s] Level 1:colcon.colcon_core.package_identification:_identify(src/vrx) by extensions ['colcon_meta']
[0.186s] Level 1:colcon.colcon_core.package_identification:_identify(src/vrx) by extension 'colcon_meta'
[0.186s] Level 1:colcon.colcon_core.package_identification:_identify(src/vrx) by extensions ['ros']
[0.186s] Level 1:colcon.colcon_core.package_identification:_identify(src/vrx) by extension 'ros'
[0.186s] Level 1:colcon.colcon_core.package_identification:_identify(src/vrx) by extensions ['cmake', 'python']
[0.186s] Level 1:colcon.colcon_core.package_identification:_identify(src/vrx) by extension 'cmake'
[0.186s] Level 1:colcon.colcon_core.package_identification:_identify(src/vrx) by extension 'python'
[0.186s] Level 1:colcon.colcon_core.package_identification:_identify(src/vrx) by extensions ['python_setup_py']
[0.186s] Level 1:colcon.colcon_core.package_identification:_identify(src/vrx) by extension 'python_setup_py'
[0.186s] Level 1:colcon.colcon_core.package_identification:_identify(src/vrx/images) by extensions ['ignore', 'ignore_ament_install']
[0.186s] Level 1:colcon.colcon_core.package_identification:_identify(src/vrx/images) by extension 'ignore'
[0.186s] Level 1:colcon.colcon_core.package_identification:_identify(src/vrx/images) by extension 'ignore_ament_install'
[0.186s] Level 1:colcon.colcon_core.package_identification:_identify(src/vrx/images) by extensions ['colcon_pkg']
[0.186s] Level 1:colcon.colcon_core.package_identification:_identify(src/vrx/images) by extension 'colcon_pkg'
[0.186s] Level 1:colcon.colcon_core.package_identification:_identify(src/vrx/images) by extensions ['colcon_meta']
[0.186s] Level 1:colcon.colcon_core.package_identification:_identify(src/vrx/images) by extension 'colcon_meta'
[0.186s] Level 1:colcon.colcon_core.package_identification:_identify(src/vrx/images) by extensions ['ros']
[0.186s] Level 1:colcon.colcon_core.package_identification:_identify(src/vrx/images) by extension 'ros'
[0.186s] Level 1:colcon.colcon_core.package_identification:_identify(src/vrx/images) by extensions ['cmake', 'python']
[0.186s] Level 1:colcon.colcon_core.package_identification:_identify(src/vrx/images) by extension 'cmake'
[0.186s] Level 1:colcon.colcon_core.package_identification:_identify(src/vrx/images) by extension 'python'
[0.186s] Level 1:colcon.colcon_core.package_identification:_identify(src/vrx/images) by extensions ['python_setup_py']
[0.187s] Level 1:colcon.colcon_core.package_identification:_identify(src/vrx/images) by extension 'python_setup_py'
[0.187s] Level 1:colcon.colcon_core.package_identification:_identify(src/vrx/vrx_gz) by extensions ['ignore', 'ignore_ament_install']
[0.187s] Level 1:colcon.colcon_core.package_identification:_identify(src/vrx/vrx_gz) by extension 'ignore'
[0.187s] Level 1:colcon.colcon_core.package_identification:_identify(src/vrx/vrx_gz) by extension 'ignore_ament_install'
[0.187s] Level 1:colcon.colcon_core.package_identification:_identify(src/vrx/vrx_gz) by extensions ['colcon_pkg']
[0.187s] Level 1:colcon.colcon_core.package_identification:_identify(src/vrx/vrx_gz) by extension 'colcon_pkg'
[0.187s] Level 1:colcon.colcon_core.package_identification:_identify(src/vrx/vrx_gz) by extensions ['colcon_meta']
[0.187s] Level 1:colcon.colcon_core.package_identification:_identify(src/vrx/vrx_gz) by extension 'colcon_meta'
[0.187s] Level 1:colcon.colcon_core.package_identification:_identify(src/vrx/vrx_gz) by extensions ['ros']
[0.187s] Level 1:colcon.colcon_core.package_identification:_identify(src/vrx/vrx_gz) by extension 'ros'
[0.187s] DEBUG:colcon.colcon_core.package_identification:Package 'src/vrx/vrx_gz' with type 'ros.ament_cmake' and name 'vrx_gz'
[0.187s] Level 1:colcon.colcon_core.package_identification:_identify(src/vrx/vrx_ros) by extensions ['ignore', 'ignore_ament_install']
[0.187s] Level 1:colcon.colcon_core.package_identification:_identify(src/vrx/vrx_ros) by extension 'ignore'
[0.187s] Level 1:colcon.colcon_core.package_identification:_identify(src/vrx/vrx_ros) by extension 'ignore_ament_install'
[0.187s] Level 1:colcon.colcon_core.package_identification:_identify(src/vrx/vrx_ros) by extensions ['colcon_pkg']
[0.187s] Level 1:colcon.colcon_core.package_identification:_identify(src/vrx/vrx_ros) by extension 'colcon_pkg'
[0.187s] Level 1:colcon.colcon_core.package_identification:_identify(src/vrx/vrx_ros) by extensions ['colcon_meta']
[0.187s] Level 1:colcon.colcon_core.package_identification:_identify(src/vrx/vrx_ros) by extension 'colcon_meta'
[0.187s] Level 1:colcon.colcon_core.package_identification:_identify(src/vrx/vrx_ros) by extensions ['ros']
[0.188s] Level 1:colcon.colcon_core.package_identification:_identify(src/vrx/vrx_ros) by extension 'ros'
[0.188s] DEBUG:colcon.colcon_core.package_identification:Package 'src/vrx/vrx_ros' with type 'ros.ament_cmake' and name 'vrx_ros'
[0.188s] Level 1:colcon.colcon_core.package_identification:_identify(src/vrx/vrx_urdf) by extensions ['ignore', 'ignore_ament_install']
[0.188s] Level 1:colcon.colcon_core.package_identification:_identify(src/vrx/vrx_urdf) by extension 'ignore'
[0.188s] Level 1:colcon.colcon_core.package_identification:_identify(src/vrx/vrx_urdf) by extension 'ignore_ament_install'
[0.188s] Level 1:colcon.colcon_core.package_identification:_identify(src/vrx/vrx_urdf) by extensions ['colcon_pkg']
[0.188s] Level 1:colcon.colcon_core.package_identification:_identify(src/vrx/vrx_urdf) by extension 'colcon_pkg'
[0.188s] Level 1:colcon.colcon_core.package_identification:_identify(src/vrx/vrx_urdf) by extensions ['colcon_meta']
[0.188s] Level 1:colcon.colcon_core.package_identification:_identify(src/vrx/vrx_urdf) by extension 'colcon_meta'
[0.188s] Level 1:colcon.colcon_core.package_identification:_identify(src/vrx/vrx_urdf) by extensions ['ros']
[0.188s] Level 1:colcon.colcon_core.package_identification:_identify(src/vrx/vrx_urdf) by extension 'ros'
[0.188s] Level 1:colcon.colcon_core.package_identification:_identify(src/vrx/vrx_urdf) by extensions ['cmake', 'python']
[0.188s] Level 1:colcon.colcon_core.package_identification:_identify(src/vrx/vrx_urdf) by extension 'cmake'
[0.188s] Level 1:colcon.colcon_core.package_identification:_identify(src/vrx/vrx_urdf) by extension 'python'
[0.189s] Level 1:colcon.colcon_core.package_identification:_identify(src/vrx/vrx_urdf) by extensions ['python_setup_py']
[0.189s] Level 1:colcon.colcon_core.package_identification:_identify(src/vrx/vrx_urdf) by extension 'python_setup_py'
[0.189s] Level 1:colcon.colcon_core.package_identification:_identify(src/vrx/vrx_urdf/vrx_gazebo) by extensions ['ignore', 'ignore_ament_install']
[0.189s] Level 1:colcon.colcon_core.package_identification:_identify(src/vrx/vrx_urdf/vrx_gazebo) by extension 'ignore'
[0.189s] Level 1:colcon.colcon_core.package_identification:_identify(src/vrx/vrx_urdf/vrx_gazebo) by extension 'ignore_ament_install'
[0.189s] Level 1:colcon.colcon_core.package_identification:_identify(src/vrx/vrx_urdf/vrx_gazebo) by extensions ['colcon_pkg']
[0.189s] Level 1:colcon.colcon_core.package_identification:_identify(src/vrx/vrx_urdf/vrx_gazebo) by extension 'colcon_pkg'
[0.189s] Level 1:colcon.colcon_core.package_identification:_identify(src/vrx/vrx_urdf/vrx_gazebo) by extensions ['colcon_meta']
[0.189s] Level 1:colcon.colcon_core.package_identification:_identify(src/vrx/vrx_urdf/vrx_gazebo) by extension 'colcon_meta'
[0.189s] Level 1:colcon.colcon_core.package_identification:_identify(src/vrx/vrx_urdf/vrx_gazebo) by extensions ['ros']
[0.189s] Level 1:colcon.colcon_core.package_identification:_identify(src/vrx/vrx_urdf/vrx_gazebo) by extension 'ros'
[0.190s] DEBUG:colcon.colcon_core.package_identification:Package 'src/vrx/vrx_urdf/vrx_gazebo' with type 'ros.ament_cmake' and name 'vrx_gazebo'
[0.190s] Level 1:colcon.colcon_core.package_identification:_identify(src/vrx/vrx_urdf/wamv_description) by extensions ['ignore', 'ignore_ament_install']
[0.190s] Level 1:colcon.colcon_core.package_identification:_identify(src/vrx/vrx_urdf/wamv_description) by extension 'ignore'
[0.190s] Level 1:colcon.colcon_core.package_identification:_identify(src/vrx/vrx_urdf/wamv_description) by extension 'ignore_ament_install'
[0.190s] Level 1:colcon.colcon_core.package_identification:_identify(src/vrx/vrx_urdf/wamv_description) by extensions ['colcon_pkg']
[0.190s] Level 1:colcon.colcon_core.package_identification:_identify(src/vrx/vrx_urdf/wamv_description) by extension 'colcon_pkg'
[0.190s] Level 1:colcon.colcon_core.package_identification:_identify(src/vrx/vrx_urdf/wamv_description) by extensions ['colcon_meta']
[0.190s] Level 1:colcon.colcon_core.package_identification:_identify(src/vrx/vrx_urdf/wamv_description) by extension 'colcon_meta'
[0.190s] Level 1:colcon.colcon_core.package_identification:_identify(src/vrx/vrx_urdf/wamv_description) by extensions ['ros']
[0.190s] Level 1:colcon.colcon_core.package_identification:_identify(src/vrx/vrx_urdf/wamv_description) by extension 'ros'
[0.190s] DEBUG:colcon.colcon_core.package_identification:Package 'src/vrx/vrx_urdf/wamv_description' with type 'ros.ament_cmake' and name 'wamv_description'
[0.190s] Level 1:colcon.colcon_core.package_identification:_identify(src/vrx/vrx_urdf/wamv_gazebo) by extensions ['ignore', 'ignore_ament_install']
[0.190s] Level 1:colcon.colcon_core.package_identification:_identify(src/vrx/vrx_urdf/wamv_gazebo) by extension 'ignore'
[0.190s] Level 1:colcon.colcon_core.package_identification:_identify(src/vrx/vrx_urdf/wamv_gazebo) by extension 'ignore_ament_install'
[0.190s] Level 1:colcon.colcon_core.package_identification:_identify(src/vrx/vrx_urdf/wamv_gazebo) by extensions ['colcon_pkg']
[0.190s] Level 1:colcon.colcon_core.package_identification:_identify(src/vrx/vrx_urdf/wamv_gazebo) by extension 'colcon_pkg'
[0.191s] Level 1:colcon.colcon_core.package_identification:_identify(src/vrx/vrx_urdf/wamv_gazebo) by extensions ['colcon_meta']
[0.191s] Level 1:colcon.colcon_core.package_identification:_identify(src/vrx/vrx_urdf/wamv_gazebo) by extension 'colcon_meta'
[0.191s] Level 1:colcon.colcon_core.package_identification:_identify(src/vrx/vrx_urdf/wamv_gazebo) by extensions ['ros']
[0.191s] Level 1:colcon.colcon_core.package_identification:_identify(src/vrx/vrx_urdf/wamv_gazebo) by extension 'ros'
[0.191s] DEBUG:colcon.colcon_core.package_identification:Package 'src/vrx/vrx_urdf/wamv_gazebo' with type 'ros.ament_cmake' and name 'wamv_gazebo'
[0.191s] Level 1:colcon.colcon_core.package_identification:_identify(src/wamv_nav) by extensions ['ignore', 'ignore_ament_install']
[0.191s] Level 1:colcon.colcon_core.package_identification:_identify(src/wamv_nav) by extension 'ignore'
[0.191s] Level 1:colcon.colcon_core.package_identification:_identify(src/wamv_nav) by extension 'ignore_ament_install'
[0.191s] Level 1:colcon.colcon_core.package_identification:_identify(src/wamv_nav) by extensions ['colcon_pkg']
[0.191s] Level 1:colcon.colcon_core.package_identification:_identify(src/wamv_nav) by extension 'colcon_pkg'
[0.191s] Level 1:colcon.colcon_core.package_identification:_identify(src/wamv_nav) by extensions ['colcon_meta']
[0.191s] Level 1:colcon.colcon_core.package_identification:_identify(src/wamv_nav) by extension 'colcon_meta'
[0.191s] Level 1:colcon.colcon_core.package_identification:_identify(src/wamv_nav) by extensions ['ros']
[0.191s] Level 1:colcon.colcon_core.package_identification:_identify(src/wamv_nav) by extension 'ros'
[0.192s] DEBUG:colcon.colcon_core.package_identification:Failed to parse potential ROS package manifest in'src/wamv_nav': Error(s) in package 'src/wamv_nav/package.xml':
Error(s):
- The manifest of package "wamv_nav" (with format version 3) must not contain the following tags: build_type
[0.192s] Level 1:colcon.colcon_core.package_identification:_identify(src/wamv_nav) by extensions ['cmake', 'python']
[0.192s] Level 1:colcon.colcon_core.package_identification:_identify(src/wamv_nav) by extension 'cmake'
[0.192s] Level 1:colcon.colcon_core.package_identification:_identify(src/wamv_nav) by extension 'python'
[0.192s] DEBUG:colcon.colcon_core.package_identification:Python package in 'src/wamv_nav' passes arguments to the setup() function which requires a different identification extension than 'python'
[0.192s] Level 1:colcon.colcon_core.package_identification:_identify(src/wamv_nav) by extensions ['python_setup_py']
[0.192s] Level 1:colcon.colcon_core.package_identification:_identify(src/wamv_nav) by extension 'python_setup_py'
[0.361s] DEBUG:colcon.colcon_core.package_identification:Package 'src/wamv_nav' with type 'python' and name 'wamv_nav'
[0.361s] Level 1:colcon.colcon_core.package_discovery:discover_packages(recursive) using defaults
[0.361s] Level 1:colcon.colcon_core.package_discovery:discover_packages(ignore) discover
[0.361s] Level 1:colcon.colcon_core.package_discovery:discover_packages(ignore) using defaults
[0.361s] Level 1:colcon.colcon_core.package_discovery:discover_packages(path) discover
[0.361s] Level 1:colcon.colcon_core.package_discovery:discover_packages(path) using defaults
[0.374s] Level 1:colcon.colcon_core.package_discovery:discover_packages(prefix_path) check parameters
[0.374s] Level 1:colcon.colcon_core.package_discovery:discover_packages(prefix_path) discover
[0.375s] DEBUG:colcon.colcon_installed_package_information.package_discovery:Found 7 installed packages in /home/kjoon/vrx_ws/install
[0.375s] DEBUG:colcon.colcon_installed_package_information.package_discovery:Found 287 installed packages in /opt/ros/humble
[0.376s] Level 1:colcon.colcon_core.package_discovery:discover_packages(prefix_path) using defaults
[0.400s] Level 5:colcon.colcon_core.verb:set package 'px4_uv' build argument 'cmake_args' from command line to 'None'
[0.400s] Level 5:colcon.colcon_core.verb:set package 'px4_uv' build argument 'cmake_target' from command line to 'None'
[0.400s] Level 5:colcon.colcon_core.verb:set package 'px4_uv' build argument 'cmake_target_skip_unavailable' from command line to 'False'
[0.400s] Level 5:colcon.colcon_core.verb:set package 'px4_uv' build argument 'cmake_clean_cache' from command line to 'False'
[0.400s] Level 5:colcon.colcon_core.verb:set package 'px4_uv' build argument 'cmake_clean_first' from command line to 'False'
[0.400s] Level 5:colcon.colcon_core.verb:set package 'px4_uv' build argument 'cmake_force_configure' from command line to 'False'
[0.400s] Level 5:colcon.colcon_core.verb:set package 'px4_uv' build argument 'ament_cmake_args' from command line to 'None'
[0.400s] Level 5:colcon.colcon_core.verb:set package 'px4_uv' build argument 'catkin_cmake_args' from command line to 'None'
[0.400s] Level 5:colcon.colcon_core.verb:set package 'px4_uv' build argument 'catkin_skip_building_tests' from command line to 'False'
[0.400s] DEBUG:colcon.colcon_core.verb:Building package 'px4_uv' with the following arguments: {'ament_cmake_args': None, 'build_base': '/home/kjoon/vrx_ws/build/px4_uv', 'catkin_cmake_args': None, 'catkin_skip_building_tests': False, 'cmake_args': None, 'cmake_clean_cache': False, 'cmake_clean_first': False, 'cmake_force_configure': False, 'cmake_target': None, 'cmake_target_skip_unavailable': False, 'install_base': '/home/kjoon/vrx_ws/install', 'merge_install': True, 'path': '/home/kjoon/vrx_ws/src/px4_uv', 'symlink_install': False, 'test_result_base': None}
[0.400s] Level 5:colcon.colcon_core.verb:set package 'vrx_gazebo' build argument 'cmake_args' from command line to 'None'
[0.400s] Level 5:colcon.colcon_core.verb:set package 'vrx_gazebo' build argument 'cmake_target' from command line to 'None'
[0.400s] Level 5:colcon.colcon_core.verb:set package 'vrx_gazebo' build argument 'cmake_target_skip_unavailable' from command line to 'False'
[0.400s] Level 5:colcon.colcon_core.verb:set package 'vrx_gazebo' build argument 'cmake_clean_cache' from command line to 'False'
[0.400s] Level 5:colcon.colcon_core.verb:set package 'vrx_gazebo' build argument 'cmake_clean_first' from command line to 'False'
[0.400s] Level 5:colcon.colcon_core.verb:set package 'vrx_gazebo' build argument 'cmake_force_configure' from command line to 'False'
[0.400s] Level 5:colcon.colcon_core.verb:set package 'vrx_gazebo' build argument 'ament_cmake_args' from command line to 'None'
[0.400s] Level 5:colcon.colcon_core.verb:set package 'vrx_gazebo' build argument 'catkin_cmake_args' from command line to 'None'
[0.400s] Level 5:colcon.colcon_core.verb:set package 'vrx_gazebo' build argument 'catkin_skip_building_tests' from command line to 'False'
[0.400s] DEBUG:colcon.colcon_core.verb:Building package 'vrx_gazebo' with the following arguments: {'ament_cmake_args': None, 'build_base': '/home/kjoon/vrx_ws/build/vrx_gazebo', 'catkin_cmake_args': None, 'catkin_skip_building_tests': False, 'cmake_args': None, 'cmake_clean_cache': False, 'cmake_clean_first': False, 'cmake_force_configure': False, 'cmake_target': None, 'cmake_target_skip_unavailable': False, 'install_base': '/home/kjoon/vrx_ws/install', 'merge_install': True, 'path': '/home/kjoon/vrx_ws/src/vrx/vrx_urdf/vrx_gazebo', 'symlink_install': False, 'test_result_base': None}
[0.400s] Level 5:colcon.colcon_core.verb:set package 'vrx_ros' build argument 'cmake_args' from command line to 'None'
[0.400s] Level 5:colcon.colcon_core.verb:set package 'vrx_ros' build argument 'cmake_target' from command line to 'None'
[0.400s] Level 5:colcon.colcon_core.verb:set package 'vrx_ros' build argument 'cmake_target_skip_unavailable' from command line to 'False'
[0.400s] Level 5:colcon.colcon_core.verb:set package 'vrx_ros' build argument 'cmake_clean_cache' from command line to 'False'
[0.400s] Level 5:colcon.colcon_core.verb:set package 'vrx_ros' build argument 'cmake_clean_first' from command line to 'False'
[0.400s] Level 5:colcon.colcon_core.verb:set package 'vrx_ros' build argument 'cmake_force_configure' from command line to 'False'
[0.400s] Level 5:colcon.colcon_core.verb:set package 'vrx_ros' build argument 'ament_cmake_args' from command line to 'None'
[0.400s] Level 5:colcon.colcon_core.verb:set package 'vrx_ros' build argument 'catkin_cmake_args' from command line to 'None'
[0.400s] Level 5:colcon.colcon_core.verb:set package 'vrx_ros' build argument 'catkin_skip_building_tests' from command line to 'False'
[0.400s] DEBUG:colcon.colcon_core.verb:Building package 'vrx_ros' with the following arguments: {'ament_cmake_args': None, 'build_base': '/home/kjoon/vrx_ws/build/vrx_ros', 'catkin_cmake_args': None, 'catkin_skip_building_tests': False, 'cmake_args': None, 'cmake_clean_cache': False, 'cmake_clean_first': False, 'cmake_force_configure': False, 'cmake_target': None, 'cmake_target_skip_unavailable': False, 'install_base': '/home/kjoon/vrx_ws/install', 'merge_install': True, 'path': '/home/kjoon/vrx_ws/src/vrx/vrx_ros', 'symlink_install': False, 'test_result_base': None}
[0.401s] Level 5:colcon.colcon_core.verb:set package 'vrx_gz' build argument 'cmake_args' from command line to 'None'
[0.401s] Level 5:colcon.colcon_core.verb:set package 'vrx_gz' build argument 'cmake_target' from command line to 'None'
[0.401s] Level 5:colcon.colcon_core.verb:set package 'vrx_gz' build argument 'cmake_target_skip_unavailable' from command line to 'False'
[0.401s] Level 5:colcon.colcon_core.verb:set package 'vrx_gz' build argument 'cmake_clean_cache' from command line to 'False'
[0.401s] Level 5:colcon.colcon_core.verb:set package 'vrx_gz' build argument 'cmake_clean_first' from command line to 'False'
[0.401s] Level 5:colcon.colcon_core.verb:set package 'vrx_gz' build argument 'cmake_force_configure' from command line to 'False'
[0.401s] Level 5:colcon.colcon_core.verb:set package 'vrx_gz' build argument 'ament_cmake_args' from command line to 'None'
[0.401s] Level 5:colcon.colcon_core.verb:set package 'vrx_gz' build argument 'catkin_cmake_args' from command line to 'None'
[0.401s] Level 5:colcon.colcon_core.verb:set package 'vrx_gz' build argument 'catkin_skip_building_tests' from command line to 'False'
[0.401s] DEBUG:colcon.colcon_core.verb:Building package 'vrx_gz' with the following arguments: {'ament_cmake_args': None, 'build_base': '/home/kjoon/vrx_ws/build/vrx_gz', 'catkin_cmake_args': None, 'catkin_skip_building_tests': False, 'cmake_args': None, 'cmake_clean_cache': False, 'cmake_clean_first': False, 'cmake_force_configure': False, 'cmake_target': None, 'cmake_target_skip_unavailable': False, 'install_base': '/home/kjoon/vrx_ws/install', 'merge_install': True, 'path': '/home/kjoon/vrx_ws/src/vrx/vrx_gz', 'symlink_install': False, 'test_result_base': None}
[0.401s] Level 5:colcon.colcon_core.verb:set package 'wamv_description' build argument 'cmake_args' from command line to 'None'
[0.401s] Level 5:colcon.colcon_core.verb:set package 'wamv_description' build argument 'cmake_target' from command line to 'None'
[0.401s] Level 5:colcon.colcon_core.verb:set package 'wamv_description' build argument 'cmake_target_skip_unavailable' from command line to 'False'
[0.401s] Level 5:colcon.colcon_core.verb:set package 'wamv_description' build argument 'cmake_clean_cache' from command line to 'False'
[0.401s] Level 5:colcon.colcon_core.verb:set package 'wamv_description' build argument 'cmake_clean_first' from command line to 'False'
[0.401s] Level 5:colcon.colcon_core.verb:set package 'wamv_description' build argument 'cmake_force_configure' from command line to 'False'
[0.401s] Level 5:colcon.colcon_core.verb:set package 'wamv_description' build argument 'ament_cmake_args' from command line to 'None'
[0.401s] Level 5:colcon.colcon_core.verb:set package 'wamv_description' build argument 'catkin_cmake_args' from command line to 'None'
[0.401s] Level 5:colcon.colcon_core.verb:set package 'wamv_description' build argument 'catkin_skip_building_tests' from command line to 'False'
[0.401s] DEBUG:colcon.colcon_core.verb:Building package 'wamv_description' with the following arguments: {'ament_cmake_args': None, 'build_base': '/home/kjoon/vrx_ws/build/wamv_description', 'catkin_cmake_args': None, 'catkin_skip_building_tests': False, 'cmake_args': None, 'cmake_clean_cache': False, 'cmake_clean_first': False, 'cmake_force_configure': False, 'cmake_target': None, 'cmake_target_skip_unavailable': False, 'install_base': '/home/kjoon/vrx_ws/install', 'merge_install': True, 'path': '/home/kjoon/vrx_ws/src/vrx/vrx_urdf/wamv_description', 'symlink_install': False, 'test_result_base': None}
[0.401s] Level 5:colcon.colcon_core.verb:set package 'wamv_nav' build argument 'cmake_args' from command line to 'None'
[0.401s] Level 5:colcon.colcon_core.verb:set package 'wamv_nav' build argument 'cmake_target' from command line to 'None'
[0.401s] Level 5:colcon.colcon_core.verb:set package 'wamv_nav' build argument 'cmake_target_skip_unavailable' from command line to 'False'
[0.401s] Level 5:colcon.colcon_core.verb:set package 'wamv_nav' build argument 'cmake_clean_cache' from command line to 'False'
[0.401s] Level 5:colcon.colcon_core.verb:set package 'wamv_nav' build argument 'cmake_clean_first' from command line to 'False'
[0.401s] Level 5:colcon.colcon_core.verb:set package 'wamv_nav' build argument 'cmake_force_configure' from command line to 'False'
[0.401s] Level 5:colcon.colcon_core.verb:set package 'wamv_nav' build argument 'ament_cmake_args' from command line to 'None'
[0.401s] Level 5:colcon.colcon_core.verb:set package 'wamv_nav' build argument 'catkin_cmake_args' from command line to 'None'
[0.401s] Level 5:colcon.colcon_core.verb:set package 'wamv_nav' build argument 'catkin_skip_building_tests' from command line to 'False'
[0.401s] DEBUG:colcon.colcon_core.verb:Building package 'wamv_nav' with the following arguments: {'ament_cmake_args': None, 'build_base': '/home/kjoon/vrx_ws/build/wamv_nav', 'catkin_cmake_args': None, 'catkin_skip_building_tests': False, 'cmake_args': None, 'cmake_clean_cache': False, 'cmake_clean_first': False, 'cmake_force_configure': False, 'cmake_target': None, 'cmake_target_skip_unavailable': False, 'install_base': '/home/kjoon/vrx_ws/install', 'merge_install': True, 'path': '/home/kjoon/vrx_ws/src/wamv_nav', 'symlink_install': False, 'test_result_base': None}
[0.402s] Level 5:colcon.colcon_core.verb:set package 'wamv_gazebo' build argument 'cmake_args' from command line to 'None'
[0.402s] Level 5:colcon.colcon_core.verb:set package 'wamv_gazebo' build argument 'cmake_target' from command line to 'None'
[0.402s] Level 5:colcon.colcon_core.verb:set package 'wamv_gazebo' build argument 'cmake_target_skip_unavailable' from command line to 'False'
[0.402s] Level 5:colcon.colcon_core.verb:set package 'wamv_gazebo' build argument 'cmake_clean_cache' from command line to 'False'
[0.402s] Level 5:colcon.colcon_core.verb:set package 'wamv_gazebo' build argument 'cmake_clean_first' from command line to 'False'
[0.402s] Level 5:colcon.colcon_core.verb:set package 'wamv_gazebo' build argument 'cmake_force_configure' from command line to 'False'
[0.402s] Level 5:colcon.colcon_core.verb:set package 'wamv_gazebo' build argument 'ament_cmake_args' from command line to 'None'
[0.402s] Level 5:colcon.colcon_core.verb:set package 'wamv_gazebo' build argument 'catkin_cmake_args' from command line to 'None'
[0.402s] Level 5:colcon.colcon_core.verb:set package 'wamv_gazebo' build argument 'catkin_skip_building_tests' from command line to 'False'
[0.402s] DEBUG:colcon.colcon_core.verb:Building package 'wamv_gazebo' with the following arguments: {'ament_cmake_args': None, 'build_base': '/home/kjoon/vrx_ws/build/wamv_gazebo', 'catkin_cmake_args': None, 'catkin_skip_building_tests': False, 'cmake_args': None, 'cmake_clean_cache': False, 'cmake_clean_first': False, 'cmake_force_configure': False, 'cmake_target': None, 'cmake_target_skip_unavailable': False, 'install_base': '/home/kjoon/vrx_ws/install', 'merge_install': True, 'path': '/home/kjoon/vrx_ws/src/vrx/vrx_urdf/wamv_gazebo', 'symlink_install': False, 'test_result_base': None}
[0.402s] INFO:colcon.colcon_core.executor:Executing jobs using 'parallel' executor
[0.402s] DEBUG:colcon.colcon_parallel_executor.executor.parallel:run_until_complete
[0.403s] INFO:colcon.colcon_ros.task.ament_cmake.build:Building ROS package in '/home/kjoon/vrx_ws/src/vrx/vrx_urdf/vrx_gazebo' with build type 'ament_cmake'
[0.403s] INFO:colcon.colcon_cmake.task.cmake.build:Building CMake package in '/home/kjoon/vrx_ws/src/vrx/vrx_urdf/vrx_gazebo'
[0.404s] INFO:colcon.colcon_core.plugin_system:Skipping extension 'colcon_core.shell.bat': Not used on non-Windows systems
[0.404s] INFO:colcon.colcon_core.shell:Skip shell extension 'powershell' for command environment: Not usable outside of PowerShell
[0.404s] DEBUG:colcon.colcon_core.shell:Skip shell extension 'dsv' for command environment
[0.406s] INFO:colcon.colcon_ros.task.ament_cmake.build:Building ROS package in '/home/kjoon/vrx_ws/src/px4_uv' with build type 'ament_cmake'
[0.406s] INFO:colcon.colcon_cmake.task.cmake.build:Building CMake package in '/home/kjoon/vrx_ws/src/px4_uv'
[0.406s] INFO:colcon.colcon_core.shell:Skip shell extension 'powershell' for command environment: Not usable outside of PowerShell
[0.406s] DEBUG:colcon.colcon_core.shell:Skip shell extension 'dsv' for command environment
[0.408s] INFO:colcon.colcon_ros.task.ament_cmake.build:Building ROS package in '/home/kjoon/vrx_ws/src/vrx/vrx_ros' with build type 'ament_cmake'
[0.408s] INFO:colcon.colcon_cmake.task.cmake.build:Building CMake package in '/home/kjoon/vrx_ws/src/vrx/vrx_ros'
[0.408s] INFO:colcon.colcon_core.shell:Skip shell extension 'powershell' for command environment: Not usable outside of PowerShell
[0.408s] DEBUG:colcon.colcon_core.shell:Skip shell extension 'dsv' for command environment
[0.413s] DEBUG:colcon.colcon_core.event_handler.log_command:Invoking command in '/home/kjoon/vrx_ws/build/vrx_gazebo': CMAKE_PREFIX_PATH=${CMAKE_PREFIX_PATH}:/opt/ros/humble /usr/bin/cmake --build /home/kjoon/vrx_ws/build/vrx_gazebo -- -j16 -l16
[0.415s] DEBUG:colcon.colcon_core.event_handler.log_command:Invoking command in '/home/kjoon/vrx_ws/build/px4_uv': CMAKE_PREFIX_PATH=${CMAKE_PREFIX_PATH}:/opt/ros/humble /usr/bin/cmake --build /home/kjoon/vrx_ws/build/px4_uv -- -j16 -l16
[0.416s] DEBUG:colcon.colcon_core.event_handler.log_command:Invoking command in '/home/kjoon/vrx_ws/build/vrx_ros': CMAKE_PREFIX_PATH=${CMAKE_PREFIX_PATH}:/opt/ros/humble /usr/bin/cmake --build /home/kjoon/vrx_ws/build/vrx_ros -- -j16 -l16
[0.462s] DEBUG:colcon.colcon_core.event_handler.log_command:Invoked command in '/home/kjoon/vrx_ws/build/vrx_ros' returned '0': CMAKE_PREFIX_PATH=${CMAKE_PREFIX_PATH}:/opt/ros/humble /usr/bin/cmake --build /home/kjoon/vrx_ws/build/vrx_ros -- -j16 -l16
[0.469s] DEBUG:colcon.colcon_core.event_handler.log_command:Invoking command in '/home/kjoon/vrx_ws/build/vrx_ros': CMAKE_PREFIX_PATH=${CMAKE_PREFIX_PATH}:/opt/ros/humble /usr/bin/cmake --install /home/kjoon/vrx_ws/build/vrx_ros
[0.475s] Level 1:colcon.colcon_core.environment:create_environment_scripts_only(vrx_ros)
[0.476s] DEBUG:colcon.colcon_core.event_handler.log_command:Invoked command in '/home/kjoon/vrx_ws/build/vrx_ros' returned '0': CMAKE_PREFIX_PATH=${CMAKE_PREFIX_PATH}:/opt/ros/humble /usr/bin/cmake --install /home/kjoon/vrx_ws/build/vrx_ros
[0.477s] Level 1:colcon.colcon_core.environment:checking '/home/kjoon/vrx_ws/install' for CMake module files
[0.478s] Level 1:colcon.colcon_core.environment:checking '/home/kjoon/vrx_ws/install' for CMake config files
[0.478s] Level 1:colcon.colcon_core.shell:create_environment_hook('vrx_ros', 'cmake_prefix_path')
[0.478s] INFO:colcon.colcon_core.shell:Creating environment hook '/home/kjoon/vrx_ws/install/share/vrx_ros/hook/cmake_prefix_path.ps1'
[0.479s] INFO:colcon.colcon_core.shell:Creating environment descriptor '/home/kjoon/vrx_ws/install/share/vrx_ros/hook/cmake_prefix_path.dsv'
[0.479s] INFO:colcon.colcon_core.shell:Creating environment hook '/home/kjoon/vrx_ws/install/share/vrx_ros/hook/cmake_prefix_path.sh'
[0.479s] Level 1:colcon.colcon_core.environment:checking '/home/kjoon/vrx_ws/install/lib'
[0.480s] Level 1:colcon.colcon_core.shell:create_environment_hook('vrx_ros', 'ld_library_path_lib')
[0.480s] INFO:colcon.colcon_core.shell:Creating environment hook '/home/kjoon/vrx_ws/install/share/vrx_ros/hook/ld_library_path_lib.ps1'
[0.480s] INFO:colcon.colcon_core.shell:Creating environment descriptor '/home/kjoon/vrx_ws/install/share/vrx_ros/hook/ld_library_path_lib.dsv'
[0.480s] INFO:colcon.colcon_core.shell:Creating environment hook '/home/kjoon/vrx_ws/install/share/vrx_ros/hook/ld_library_path_lib.sh'
[0.480s] Level 1:colcon.colcon_core.environment:checking '/home/kjoon/vrx_ws/install/bin'
[0.480s] Level 1:colcon.colcon_core.environment:checking '/home/kjoon/vrx_ws/install/lib/pkgconfig/vrx_ros.pc'
[0.481s] Level 1:colcon.colcon_core.environment:checking '/home/kjoon/vrx_ws/install/lib/python3.10/site-packages'
[0.481s] Level 1:colcon.colcon_core.shell:create_environment_hook('vrx_ros', 'pythonpath')
[0.481s] INFO:colcon.colcon_core.shell:Creating environment hook '/home/kjoon/vrx_ws/install/share/vrx_ros/hook/pythonpath.ps1'
[0.481s] INFO:colcon.colcon_core.shell:Creating environment descriptor '/home/kjoon/vrx_ws/install/share/vrx_ros/hook/pythonpath.dsv'
[0.481s] INFO:colcon.colcon_core.shell:Creating environment hook '/home/kjoon/vrx_ws/install/share/vrx_ros/hook/pythonpath.sh'
[0.482s] Level 1:colcon.colcon_core.environment:checking '/home/kjoon/vrx_ws/install/bin'
[0.482s] INFO:colcon.colcon_core.shell:Creating package script '/home/kjoon/vrx_ws/install/share/vrx_ros/package.ps1'
[0.482s] INFO:colcon.colcon_core.shell:Creating package descriptor '/home/kjoon/vrx_ws/install/share/vrx_ros/package.dsv'
[0.483s] INFO:colcon.colcon_core.shell:Creating package script '/home/kjoon/vrx_ws/install/share/vrx_ros/package.sh'
[0.483s] INFO:colcon.colcon_core.shell:Creating package script '/home/kjoon/vrx_ws/install/share/vrx_ros/package.bash'
[0.483s] INFO:colcon.colcon_core.shell:Creating package script '/home/kjoon/vrx_ws/install/share/vrx_ros/package.zsh'
[0.484s] Level 1:colcon.colcon_core.environment:create_file_with_runtime_dependencies(/home/kjoon/vrx_ws/install/share/colcon-core/packages/vrx_ros)
[0.484s] Level 1:colcon.colcon_core.environment:create_environment_scripts_only(vrx_ros)
[0.484s] Level 1:colcon.colcon_core.environment:checking '/home/kjoon/vrx_ws/install' for CMake module files
[0.485s] Level 1:colcon.colcon_core.environment:checking '/home/kjoon/vrx_ws/install' for CMake config files
[0.485s] Level 1:colcon.colcon_core.shell:create_environment_hook('vrx_ros', 'cmake_prefix_path')
[0.485s] INFO:colcon.colcon_core.shell:Creating environment hook '/home/kjoon/vrx_ws/install/share/vrx_ros/hook/cmake_prefix_path.ps1'
[0.485s] INFO:colcon.colcon_core.shell:Creating environment descriptor '/home/kjoon/vrx_ws/install/share/vrx_ros/hook/cmake_prefix_path.dsv'
[0.486s] INFO:colcon.colcon_core.shell:Creating environment hook '/home/kjoon/vrx_ws/install/share/vrx_ros/hook/cmake_prefix_path.sh'
[0.486s] Level 1:colcon.colcon_core.environment:checking '/home/kjoon/vrx_ws/install/lib'
[0.486s] Level 1:colcon.colcon_core.shell:create_environment_hook('vrx_ros', 'ld_library_path_lib')
[0.486s] INFO:colcon.colcon_core.shell:Creating environment hook '/home/kjoon/vrx_ws/install/share/vrx_ros/hook/ld_library_path_lib.ps1'
[0.486s] INFO:colcon.colcon_core.shell:Creating environment descriptor '/home/kjoon/vrx_ws/install/share/vrx_ros/hook/ld_library_path_lib.dsv'
[0.487s] INFO:colcon.colcon_core.shell:Creating environment hook '/home/kjoon/vrx_ws/install/share/vrx_ros/hook/ld_library_path_lib.sh'
[0.487s] Level 1:colcon.colcon_core.environment:checking '/home/kjoon/vrx_ws/install/bin'
[0.487s] Level 1:colcon.colcon_core.environment:checking '/home/kjoon/vrx_ws/install/lib/pkgconfig/vrx_ros.pc'
[0.487s] Level 1:colcon.colcon_core.environment:checking '/home/kjoon/vrx_ws/install/lib/python3.10/site-packages'
[0.487s] Level 1:colcon.colcon_core.shell:create_environment_hook('vrx_ros', 'pythonpath')
[0.487s] INFO:colcon.colcon_core.shell:Creating environment hook '/home/kjoon/vrx_ws/install/share/vrx_ros/hook/pythonpath.ps1'
[0.487s] INFO:colcon.colcon_core.shell:Creating environment descriptor '/home/kjoon/vrx_ws/install/share/vrx_ros/hook/pythonpath.dsv'
[0.488s] INFO:colcon.colcon_core.shell:Creating environment hook '/home/kjoon/vrx_ws/install/share/vrx_ros/hook/pythonpath.sh'
[0.488s] Level 1:colcon.colcon_core.environment:checking '/home/kjoon/vrx_ws/install/bin'
[0.488s] INFO:colcon.colcon_core.shell:Creating package script '/home/kjoon/vrx_ws/install/share/vrx_ros/package.ps1'
[0.488s] INFO:colcon.colcon_core.shell:Creating package descriptor '/home/kjoon/vrx_ws/install/share/vrx_ros/package.dsv'
[0.489s] INFO:colcon.colcon_core.shell:Creating package script '/home/kjoon/vrx_ws/install/share/vrx_ros/package.sh'
[0.489s] INFO:colcon.colcon_core.shell:Creating package script '/home/kjoon/vrx_ws/install/share/vrx_ros/package.bash'
[0.489s] INFO:colcon.colcon_core.shell:Creating package script '/home/kjoon/vrx_ws/install/share/vrx_ros/package.zsh'
[0.489s] Level 1:colcon.colcon_core.environment:create_file_with_runtime_dependencies(/home/kjoon/vrx_ws/install/share/colcon-core/packages/vrx_ros)
[0.490s] INFO:colcon.colcon_ros.task.ament_cmake.build:Building ROS package in '/home/kjoon/vrx_ws/src/vrx/vrx_gz' with build type 'ament_cmake'
[0.490s] INFO:colcon.colcon_cmake.task.cmake.build:Building CMake package in '/home/kjoon/vrx_ws/src/vrx/vrx_gz'
[0.490s] INFO:colcon.colcon_core.shell:Skip shell extension 'powershell' for command environment: Not usable outside of PowerShell
[0.490s] DEBUG:colcon.colcon_core.shell:Skip shell extension 'dsv' for command environment
[0.496s] DEBUG:colcon.colcon_core.event_handler.log_command:Invoking command in '/home/kjoon/vrx_ws/build/vrx_gz': CMAKE_PREFIX_PATH=${CMAKE_PREFIX_PATH}:/opt/ros/humble PYTHONPATH=/home/kjoon/vrx_ws/install/lib/python3.10/site-packages:/home/kjoon/vrx_ws/install/local/lib/python3.10/dist-packages:/opt/ros/humble/lib/python3.10/site-packages:/opt/ros/humble/local/lib/python3.10/dist-packages /usr/bin/cmake --build /home/kjoon/vrx_ws/build/vrx_gz -- -j16 -l16
[0.655s] DEBUG:colcon.colcon_core.event_handler.log_command:Invoked command in '/home/kjoon/vrx_ws/build/px4_uv' returned '0': CMAKE_PREFIX_PATH=${CMAKE_PREFIX_PATH}:/opt/ros/humble /usr/bin/cmake --build /home/kjoon/vrx_ws/build/px4_uv -- -j16 -l16
[0.656s] DEBUG:colcon.colcon_core.event_handler.log_command:Invoking command in '/home/kjoon/vrx_ws/build/px4_uv': CMAKE_PREFIX_PATH=${CMAKE_PREFIX_PATH}:/opt/ros/humble /usr/bin/cmake --install /home/kjoon/vrx_ws/build/px4_uv
[0.657s] DEBUG:colcon.colcon_core.event_handler.log_command:Invoked command in '/home/kjoon/vrx_ws/build/vrx_gazebo' returned '0': CMAKE_PREFIX_PATH=${CMAKE_PREFIX_PATH}:/opt/ros/humble /usr/bin/cmake --build /home/kjoon/vrx_ws/build/vrx_gazebo -- -j16 -l16
[0.658s] DEBUG:colcon.colcon_core.event_handler.log_command:Invoking command in '/home/kjoon/vrx_ws/build/vrx_gazebo': CMAKE_PREFIX_PATH=${CMAKE_PREFIX_PATH}:/opt/ros/humble /usr/bin/cmake --install /home/kjoon/vrx_ws/build/vrx_gazebo
[0.691s] Level 1:colcon.colcon_core.environment:create_environment_scripts_only(vrx_gazebo)
[0.692s] Level 1:colcon.colcon_core.environment:checking '/home/kjoon/vrx_ws/install' for CMake module files
[0.692s] DEBUG:colcon.colcon_core.event_handler.log_command:Invoked command in '/home/kjoon/vrx_ws/build/vrx_gazebo' returned '0': CMAKE_PREFIX_PATH=${CMAKE_PREFIX_PATH}:/opt/ros/humble /usr/bin/cmake --install /home/kjoon/vrx_ws/build/vrx_gazebo
[0.692s] Level 1:colcon.colcon_core.environment:checking '/home/kjoon/vrx_ws/install' for CMake config files
[0.693s] Level 1:colcon.colcon_core.shell:create_environment_hook('vrx_gazebo', 'cmake_prefix_path')
[0.693s] INFO:colcon.colcon_core.shell:Creating environment hook '/home/kjoon/vrx_ws/install/share/vrx_gazebo/hook/cmake_prefix_path.ps1'
[0.693s] INFO:colcon.colcon_core.shell:Creating environment descriptor '/home/kjoon/vrx_ws/install/share/vrx_gazebo/hook/cmake_prefix_path.dsv'
[0.693s] INFO:colcon.colcon_core.shell:Creating environment hook '/home/kjoon/vrx_ws/install/share/vrx_gazebo/hook/cmake_prefix_path.sh'
[0.694s] Level 1:colcon.colcon_core.environment:checking '/home/kjoon/vrx_ws/install/lib'
[0.694s] Level 1:colcon.colcon_core.shell:create_environment_hook('vrx_gazebo', 'ld_library_path_lib')
[0.694s] INFO:colcon.colcon_core.shell:Creating environment hook '/home/kjoon/vrx_ws/install/share/vrx_gazebo/hook/ld_library_path_lib.ps1'
[0.694s] INFO:colcon.colcon_core.shell:Creating environment descriptor '/home/kjoon/vrx_ws/install/share/vrx_gazebo/hook/ld_library_path_lib.dsv'
[0.694s] INFO:colcon.colcon_core.shell:Creating environment hook '/home/kjoon/vrx_ws/install/share/vrx_gazebo/hook/ld_library_path_lib.sh'
[0.694s] Level 1:colcon.colcon_core.environment:checking '/home/kjoon/vrx_ws/install/bin'
[0.695s] Level 1:colcon.colcon_core.environment:checking '/home/kjoon/vrx_ws/install/lib/pkgconfig/vrx_gazebo.pc'
[0.695s] Level 1:colcon.colcon_core.environment:checking '/home/kjoon/vrx_ws/install/lib/python3.10/site-packages'
[0.695s] Level 1:colcon.colcon_core.shell:create_environment_hook('vrx_gazebo', 'pythonpath')
[0.695s] INFO:colcon.colcon_core.shell:Creating environment hook '/home/kjoon/vrx_ws/install/share/vrx_gazebo/hook/pythonpath.ps1'
[0.695s] INFO:colcon.colcon_core.shell:Creating environment descriptor '/home/kjoon/vrx_ws/install/share/vrx_gazebo/hook/pythonpath.dsv'
[0.695s] INFO:colcon.colcon_core.shell:Creating environment hook '/home/kjoon/vrx_ws/install/share/vrx_gazebo/hook/pythonpath.sh'
[0.696s] Level 1:colcon.colcon_core.environment:checking '/home/kjoon/vrx_ws/install/bin'
[0.696s] INFO:colcon.colcon_core.shell:Creating package script '/home/kjoon/vrx_ws/install/share/vrx_gazebo/package.ps1'
[0.696s] INFO:colcon.colcon_core.shell:Creating package descriptor '/home/kjoon/vrx_ws/install/share/vrx_gazebo/package.dsv'
[0.696s] INFO:colcon.colcon_core.shell:Creating package script '/home/kjoon/vrx_ws/install/share/vrx_gazebo/package.sh'
[0.697s] INFO:colcon.colcon_core.shell:Creating package script '/home/kjoon/vrx_ws/install/share/vrx_gazebo/package.bash'
[0.697s] INFO:colcon.colcon_core.shell:Creating package script '/home/kjoon/vrx_ws/install/share/vrx_gazebo/package.zsh'
[0.697s] Level 1:colcon.colcon_core.environment:create_file_with_runtime_dependencies(/home/kjoon/vrx_ws/install/share/colcon-core/packages/vrx_gazebo)
[0.697s] Level 1:colcon.colcon_core.environment:create_environment_scripts_only(vrx_gazebo)
[0.698s] Level 1:colcon.colcon_core.environment:checking '/home/kjoon/vrx_ws/install' for CMake module files
[0.698s] Level 1:colcon.colcon_core.environment:checking '/home/kjoon/vrx_ws/install' for CMake config files
[0.698s] Level 1:colcon.colcon_core.shell:create_environment_hook('vrx_gazebo', 'cmake_prefix_path')
[0.698s] INFO:colcon.colcon_core.shell:Creating environment hook '/home/kjoon/vrx_ws/install/share/vrx_gazebo/hook/cmake_prefix_path.ps1'
[0.699s] INFO:colcon.colcon_core.shell:Creating environment descriptor '/home/kjoon/vrx_ws/install/share/vrx_gazebo/hook/cmake_prefix_path.dsv'
[0.699s] INFO:colcon.colcon_core.shell:Creating environment hook '/home/kjoon/vrx_ws/install/share/vrx_gazebo/hook/cmake_prefix_path.sh'
[0.699s] Level 1:colcon.colcon_core.environment:checking '/home/kjoon/vrx_ws/install/lib'
[0.699s] Level 1:colcon.colcon_core.shell:create_environment_hook('vrx_gazebo', 'ld_library_path_lib')
[0.699s] INFO:colcon.colcon_core.shell:Creating environment hook '/home/kjoon/vrx_ws/install/share/vrx_gazebo/hook/ld_library_path_lib.ps1'
[0.700s] INFO:colcon.colcon_core.shell:Creating environment descriptor '/home/kjoon/vrx_ws/install/share/vrx_gazebo/hook/ld_library_path_lib.dsv'
[0.700s] INFO:colcon.colcon_core.shell:Creating environment hook '/home/kjoon/vrx_ws/install/share/vrx_gazebo/hook/ld_library_path_lib.sh'
[0.700s] Level 1:colcon.colcon_core.environment:checking '/home/kjoon/vrx_ws/install/bin'
[0.700s] Level 1:colcon.colcon_core.environment:checking '/home/kjoon/vrx_ws/install/lib/pkgconfig/vrx_gazebo.pc'
[0.700s] Level 1:colcon.colcon_core.environment:checking '/home/kjoon/vrx_ws/install/lib/python3.10/site-packages'
[0.700s] Level 1:colcon.colcon_core.shell:create_environment_hook('vrx_gazebo', 'pythonpath')
[0.700s] INFO:colcon.colcon_core.shell:Creating environment hook '/home/kjoon/vrx_ws/install/share/vrx_gazebo/hook/pythonpath.ps1'
[0.701s] INFO:colcon.colcon_core.shell:Creating environment descriptor '/home/kjoon/vrx_ws/install/share/vrx_gazebo/hook/pythonpath.dsv'
[0.701s] INFO:colcon.colcon_core.shell:Creating environment hook '/home/kjoon/vrx_ws/install/share/vrx_gazebo/hook/pythonpath.sh'
[0.701s] Level 1:colcon.colcon_core.environment:checking '/home/kjoon/vrx_ws/install/bin'
[0.701s] INFO:colcon.colcon_core.shell:Creating package script '/home/kjoon/vrx_ws/install/share/vrx_gazebo/package.ps1'
[0.702s] INFO:colcon.colcon_core.shell:Creating package descriptor '/home/kjoon/vrx_ws/install/share/vrx_gazebo/package.dsv'
[0.702s] INFO:colcon.colcon_core.shell:Creating package script '/home/kjoon/vrx_ws/install/share/vrx_gazebo/package.sh'
[0.702s] INFO:colcon.colcon_core.shell:Creating package script '/home/kjoon/vrx_ws/install/share/vrx_gazebo/package.bash'
[0.703s] INFO:colcon.colcon_core.shell:Creating package script '/home/kjoon/vrx_ws/install/share/vrx_gazebo/package.zsh'
[0.703s] Level 1:colcon.colcon_core.environment:create_file_with_runtime_dependencies(/home/kjoon/vrx_ws/install/share/colcon-core/packages/vrx_gazebo)
[0.703s] INFO:colcon.colcon_ros.task.ament_cmake.build:Building ROS package in '/home/kjoon/vrx_ws/src/vrx/vrx_urdf/wamv_description' with build type 'ament_cmake'
[0.703s] INFO:colcon.colcon_cmake.task.cmake.build:Building CMake package in '/home/kjoon/vrx_ws/src/vrx/vrx_urdf/wamv_description'
[0.703s] INFO:colcon.colcon_core.shell:Skip shell extension 'powershell' for command environment: Not usable outside of PowerShell
[0.703s] DEBUG:colcon.colcon_core.shell:Skip shell extension 'dsv' for command environment
[0.706s] Level 1:colcon.colcon_core.environment:create_environment_scripts_only(px4_uv)
[0.706s] Level 1:colcon.colcon_core.environment:checking '/home/kjoon/vrx_ws/install' for CMake module files
[0.706s] DEBUG:colcon.colcon_core.event_handler.log_command:Invoked command in '/home/kjoon/vrx_ws/build/px4_uv' returned '0': CMAKE_PREFIX_PATH=${CMAKE_PREFIX_PATH}:/opt/ros/humble /usr/bin/cmake --install /home/kjoon/vrx_ws/build/px4_uv
[0.707s] Level 1:colcon.colcon_core.environment:checking '/home/kjoon/vrx_ws/install' for CMake config files
[0.707s] Level 1:colcon.colcon_core.shell:create_environment_hook('px4_uv', 'cmake_prefix_path')
[0.707s] INFO:colcon.colcon_core.shell:Creating environment hook '/home/kjoon/vrx_ws/install/share/px4_uv/hook/cmake_prefix_path.ps1'
[0.708s] INFO:colcon.colcon_core.shell:Creating environment descriptor '/home/kjoon/vrx_ws/install/share/px4_uv/hook/cmake_prefix_path.dsv'
[0.708s] INFO:colcon.colcon_core.shell:Creating environment hook '/home/kjoon/vrx_ws/install/share/px4_uv/hook/cmake_prefix_path.sh'
[0.708s] Level 1:colcon.colcon_core.environment:checking '/home/kjoon/vrx_ws/install/lib'
[0.708s] Level 1:colcon.colcon_core.shell:create_environment_hook('px4_uv', 'ld_library_path_lib')
[0.709s] INFO:colcon.colcon_core.shell:Creating environment hook '/home/kjoon/vrx_ws/install/share/px4_uv/hook/ld_library_path_lib.ps1'
[0.709s] INFO:colcon.colcon_core.shell:Creating environment descriptor '/home/kjoon/vrx_ws/install/share/px4_uv/hook/ld_library_path_lib.dsv'
[0.709s] INFO:colcon.colcon_core.shell:Creating environment hook '/home/kjoon/vrx_ws/install/share/px4_uv/hook/ld_library_path_lib.sh'
[0.709s] Level 1:colcon.colcon_core.environment:checking '/home/kjoon/vrx_ws/install/bin'
[0.709s] Level 1:colcon.colcon_core.environment:checking '/home/kjoon/vrx_ws/install/lib/pkgconfig/px4_uv.pc'
[0.710s] Level 1:colcon.colcon_core.environment:checking '/home/kjoon/vrx_ws/install/lib/python3.10/site-packages'
[0.710s] Level 1:colcon.colcon_core.shell:create_environment_hook('px4_uv', 'pythonpath')
[0.710s] INFO:colcon.colcon_core.shell:Creating environment hook '/home/kjoon/vrx_ws/install/share/px4_uv/hook/pythonpath.ps1'
[0.710s] INFO:colcon.colcon_core.shell:Creating environment descriptor '/home/kjoon/vrx_ws/install/share/px4_uv/hook/pythonpath.dsv'
[0.710s] INFO:colcon.colcon_core.shell:Creating environment hook '/home/kjoon/vrx_ws/install/share/px4_uv/hook/pythonpath.sh'
[0.711s] Level 1:colcon.colcon_core.environment:checking '/home/kjoon/vrx_ws/install/bin'
[0.711s] INFO:colcon.colcon_core.shell:Creating package script '/home/kjoon/vrx_ws/install/share/px4_uv/package.ps1'
[0.711s] INFO:colcon.colcon_core.shell:Creating package descriptor '/home/kjoon/vrx_ws/install/share/px4_uv/package.dsv'
[0.712s] INFO:colcon.colcon_core.shell:Creating package script '/home/kjoon/vrx_ws/install/share/px4_uv/package.sh'
[0.712s] INFO:colcon.colcon_core.shell:Creating package script '/home/kjoon/vrx_ws/install/share/px4_uv/package.bash'
[0.712s] INFO:colcon.colcon_core.shell:Creating package script '/home/kjoon/vrx_ws/install/share/px4_uv/package.zsh'
[0.712s] Level 1:colcon.colcon_core.environment:create_file_with_runtime_dependencies(/home/kjoon/vrx_ws/install/share/colcon-core/packages/px4_uv)
[0.713s] Level 1:colcon.colcon_core.environment:create_environment_scripts_only(px4_uv)
[0.713s] Level 1:colcon.colcon_core.environment:checking '/home/kjoon/vrx_ws/install' for CMake module files
[0.713s] Level 1:colcon.colcon_core.environment:checking '/home/kjoon/vrx_ws/install' for CMake config files
[0.714s] Level 1:colcon.colcon_core.shell:create_environment_hook('px4_uv', 'cmake_prefix_path')
[0.714s] INFO:colcon.colcon_core.shell:Creating environment hook '/home/kjoon/vrx_ws/install/share/px4_uv/hook/cmake_prefix_path.ps1'
[0.714s] INFO:colcon.colcon_core.shell:Creating environment descriptor '/home/kjoon/vrx_ws/install/share/px4_uv/hook/cmake_prefix_path.dsv'
[0.715s] INFO:colcon.colcon_core.shell:Creating environment hook '/home/kjoon/vrx_ws/install/share/px4_uv/hook/cmake_prefix_path.sh'
[0.715s] Level 1:colcon.colcon_core.environment:checking '/home/kjoon/vrx_ws/install/lib'
[0.715s] Level 1:colcon.colcon_core.shell:create_environment_hook('px4_uv', 'ld_library_path_lib')
[0.715s] INFO:colcon.colcon_core.shell:Creating environment hook '/home/kjoon/vrx_ws/install/share/px4_uv/hook/ld_library_path_lib.ps1'
[0.715s] INFO:colcon.colcon_core.shell:Creating environment descriptor '/home/kjoon/vrx_ws/install/share/px4_uv/hook/ld_library_path_lib.dsv'
[0.716s] INFO:colcon.colcon_core.shell:Creating environment hook '/home/kjoon/vrx_ws/install/share/px4_uv/hook/ld_library_path_lib.sh'
[0.716s] Level 1:colcon.colcon_core.environment:checking '/home/kjoon/vrx_ws/install/bin'
[0.716s] Level 1:colcon.colcon_core.environment:checking '/home/kjoon/vrx_ws/install/lib/pkgconfig/px4_uv.pc'
[0.716s] Level 1:colcon.colcon_core.environment:checking '/home/kjoon/vrx_ws/install/lib/python3.10/site-packages'
[0.716s] Level 1:colcon.colcon_core.shell:create_environment_hook('px4_uv', 'pythonpath')
[0.716s] INFO:colcon.colcon_core.shell:Creating environment hook '/home/kjoon/vrx_ws/install/share/px4_uv/hook/pythonpath.ps1'
[0.717s] INFO:colcon.colcon_core.shell:Creating environment descriptor '/home/kjoon/vrx_ws/install/share/px4_uv/hook/pythonpath.dsv'
[0.717s] INFO:colcon.colcon_core.shell:Creating environment hook '/home/kjoon/vrx_ws/install/share/px4_uv/hook/pythonpath.sh'
[0.717s] Level 1:colcon.colcon_core.environment:checking '/home/kjoon/vrx_ws/install/bin'
[0.718s] INFO:colcon.colcon_core.shell:Creating package script '/home/kjoon/vrx_ws/install/share/px4_uv/package.ps1'
[0.718s] INFO:colcon.colcon_core.shell:Creating package descriptor '/home/kjoon/vrx_ws/install/share/px4_uv/package.dsv'
[0.718s] INFO:colcon.colcon_core.shell:Creating package script '/home/kjoon/vrx_ws/install/share/px4_uv/package.sh'
[0.719s] INFO:colcon.colcon_core.shell:Creating package script '/home/kjoon/vrx_ws/install/share/px4_uv/package.bash'
[0.719s] INFO:colcon.colcon_core.shell:Creating package script '/home/kjoon/vrx_ws/install/share/px4_uv/package.zsh'
[0.719s] Level 1:colcon.colcon_core.environment:create_file_with_runtime_dependencies(/home/kjoon/vrx_ws/install/share/colcon-core/packages/px4_uv)
[0.720s] INFO:colcon.colcon_core.task.python.build:Building Python package in '/home/kjoon/vrx_ws/src/wamv_nav'
[0.720s] INFO:colcon.colcon_core.shell:Skip shell extension 'powershell' for command environment: Not usable outside of PowerShell
[0.720s] DEBUG:colcon.colcon_core.shell:Skip shell extension 'dsv' for command environment
[0.724s] DEBUG:colcon.colcon_core.event_handler.log_command:Invoking command in '/home/kjoon/vrx_ws/build/wamv_description': CMAKE_PREFIX_PATH=${CMAKE_PREFIX_PATH}:/opt/ros/humble GZ_SIM_RESOURCE_PATH=/home/kjoon/vrx_ws/install/share:${GZ_SIM_RESOURCE_PATH} PYTHONPATH=/home/kjoon/vrx_ws/install/lib/python3.10/site-packages:/home/kjoon/vrx_ws/install/local/lib/python3.10/dist-packages:/opt/ros/humble/lib/python3.10/site-packages:/opt/ros/humble/local/lib/python3.10/dist-packages /usr/bin/cmake --build /home/kjoon/vrx_ws/build/wamv_description -- -j16 -l16
[0.893s] DEBUG:colcon.colcon_core.event_handler.log_command:Invoked command in '/home/kjoon/vrx_ws/build/vrx_gz' returned '0': CMAKE_PREFIX_PATH=${CMAKE_PREFIX_PATH}:/opt/ros/humble PYTHONPATH=/home/kjoon/vrx_ws/install/lib/python3.10/site-packages:/home/kjoon/vrx_ws/install/local/lib/python3.10/dist-packages:/opt/ros/humble/lib/python3.10/site-packages:/opt/ros/humble/local/lib/python3.10/dist-packages /usr/bin/cmake --build /home/kjoon/vrx_ws/build/vrx_gz -- -j16 -l16
[0.894s] DEBUG:colcon.colcon_core.event_handler.log_command:Invoking command in '/home/kjoon/vrx_ws/build/vrx_gz': CMAKE_PREFIX_PATH=${CMAKE_PREFIX_PATH}:/opt/ros/humble PYTHONPATH=/home/kjoon/vrx_ws/install/lib/python3.10/site-packages:/home/kjoon/vrx_ws/install/local/lib/python3.10/dist-packages:/opt/ros/humble/lib/python3.10/site-packages:/opt/ros/humble/local/lib/python3.10/dist-packages /usr/bin/cmake --install /home/kjoon/vrx_ws/build/vrx_gz
[0.894s] DEBUG:colcon.colcon_core.event_handler.log_command:Invoked command in '/home/kjoon/vrx_ws/build/wamv_description' returned '0': CMAKE_PREFIX_PATH=${CMAKE_PREFIX_PATH}:/opt/ros/humble GZ_SIM_RESOURCE_PATH=/home/kjoon/vrx_ws/install/share:${GZ_SIM_RESOURCE_PATH} PYTHONPATH=/home/kjoon/vrx_ws/install/lib/python3.10/site-packages:/home/kjoon/vrx_ws/install/local/lib/python3.10/dist-packages:/opt/ros/humble/lib/python3.10/site-packages:/opt/ros/humble/local/lib/python3.10/dist-packages /usr/bin/cmake --build /home/kjoon/vrx_ws/build/wamv_description -- -j16 -l16
[0.895s] DEBUG:colcon.colcon_core.event_handler.log_command:Invoking command in '/home/kjoon/vrx_ws/build/wamv_description': CMAKE_PREFIX_PATH=${CMAKE_PREFIX_PATH}:/opt/ros/humble GZ_SIM_RESOURCE_PATH=/home/kjoon/vrx_ws/install/share:${GZ_SIM_RESOURCE_PATH} PYTHONPATH=/home/kjoon/vrx_ws/install/lib/python3.10/site-packages:/home/kjoon/vrx_ws/install/local/lib/python3.10/dist-packages:/opt/ros/humble/lib/python3.10/site-packages:/opt/ros/humble/local/lib/python3.10/dist-packages /usr/bin/cmake --install /home/kjoon/vrx_ws/build/wamv_description
[0.903s] Level 1:colcon.colcon_core.environment:create_environment_scripts_only(wamv_description)
[0.903s] Level 1:colcon.colcon_core.environment:checking '/home/kjoon/vrx_ws/install' for CMake module files
[0.904s] DEBUG:colcon.colcon_core.event_handler.log_command:Invoked command in '/home/kjoon/vrx_ws/build/wamv_description' returned '0': CMAKE_PREFIX_PATH=${CMAKE_PREFIX_PATH}:/opt/ros/humble GZ_SIM_RESOURCE_PATH=/home/kjoon/vrx_ws/install/share:${GZ_SIM_RESOURCE_PATH} PYTHONPATH=/home/kjoon/vrx_ws/install/lib/python3.10/site-packages:/home/kjoon/vrx_ws/install/local/lib/python3.10/dist-packages:/opt/ros/humble/lib/python3.10/site-packages:/opt/ros/humble/local/lib/python3.10/dist-packages /usr/bin/cmake --install /home/kjoon/vrx_ws/build/wamv_description
[0.904s] Level 1:colcon.colcon_core.environment:checking '/home/kjoon/vrx_ws/install' for CMake config files
[0.905s] Level 1:colcon.colcon_core.shell:create_environment_hook('wamv_description', 'cmake_prefix_path')
[0.906s] INFO:colcon.colcon_core.shell:Creating environment hook '/home/kjoon/vrx_ws/install/share/wamv_description/hook/cmake_prefix_path.ps1'
[0.906s] INFO:colcon.colcon_core.shell:Creating environment descriptor '/home/kjoon/vrx_ws/install/share/wamv_description/hook/cmake_prefix_path.dsv'
[0.906s] INFO:colcon.colcon_core.shell:Creating environment hook '/home/kjoon/vrx_ws/install/share/wamv_description/hook/cmake_prefix_path.sh'
[0.907s] Level 1:colcon.colcon_core.environment:checking '/home/kjoon/vrx_ws/install/lib'
[0.907s] Level 1:colcon.colcon_core.shell:create_environment_hook('wamv_description', 'ld_library_path_lib')
[0.907s] INFO:colcon.colcon_core.shell:Creating environment hook '/home/kjoon/vrx_ws/install/share/wamv_description/hook/ld_library_path_lib.ps1'
[0.907s] INFO:colcon.colcon_core.shell:Creating environment descriptor '/home/kjoon/vrx_ws/install/share/wamv_description/hook/ld_library_path_lib.dsv'
[0.907s] INFO:colcon.colcon_core.shell:Creating environment hook '/home/kjoon/vrx_ws/install/share/wamv_description/hook/ld_library_path_lib.sh'
[0.908s] Level 1:colcon.colcon_core.environment:checking '/home/kjoon/vrx_ws/install/bin'
[0.908s] Level 1:colcon.colcon_core.environment:checking '/home/kjoon/vrx_ws/install/lib/pkgconfig/wamv_description.pc'
[0.908s] Level 1:colcon.colcon_core.environment:checking '/home/kjoon/vrx_ws/install/lib/python3.10/site-packages'
[0.908s] Level 1:colcon.colcon_core.shell:create_environment_hook('wamv_description', 'pythonpath')
[0.908s] INFO:colcon.colcon_core.shell:Creating environment hook '/home/kjoon/vrx_ws/install/share/wamv_description/hook/pythonpath.ps1'
[0.908s] INFO:colcon.colcon_core.shell:Creating environment descriptor '/home/kjoon/vrx_ws/install/share/wamv_description/hook/pythonpath.dsv'
[0.909s] INFO:colcon.colcon_core.shell:Creating environment hook '/home/kjoon/vrx_ws/install/share/wamv_description/hook/pythonpath.sh'
[0.909s] Level 1:colcon.colcon_core.environment:checking '/home/kjoon/vrx_ws/install/bin'
[0.909s] INFO:colcon.colcon_core.shell:Creating package script '/home/kjoon/vrx_ws/install/share/wamv_description/package.ps1'
[0.910s] INFO:colcon.colcon_core.shell:Creating package descriptor '/home/kjoon/vrx_ws/install/share/wamv_description/package.dsv'
[0.910s] INFO:colcon.colcon_core.shell:Creating package script '/home/kjoon/vrx_ws/install/share/wamv_description/package.sh'
[0.910s] INFO:colcon.colcon_core.shell:Creating package script '/home/kjoon/vrx_ws/install/share/wamv_description/package.bash'
[0.911s] INFO:colcon.colcon_core.shell:Creating package script '/home/kjoon/vrx_ws/install/share/wamv_description/package.zsh'
[0.911s] Level 1:colcon.colcon_core.environment:create_file_with_runtime_dependencies(/home/kjoon/vrx_ws/install/share/colcon-core/packages/wamv_description)
[0.911s] Level 1:colcon.colcon_core.environment:create_environment_scripts_only(wamv_description)
[0.911s] Level 1:colcon.colcon_core.environment:checking '/home/kjoon/vrx_ws/install' for CMake module files
[0.912s] Level 1:colcon.colcon_core.environment:checking '/home/kjoon/vrx_ws/install' for CMake config files
[0.912s] Level 1:colcon.colcon_core.shell:create_environment_hook('wamv_description', 'cmake_prefix_path')
[0.912s] INFO:colcon.colcon_core.shell:Creating environment hook '/home/kjoon/vrx_ws/install/share/wamv_description/hook/cmake_prefix_path.ps1'
[0.913s] INFO:colcon.colcon_core.shell:Creating environment descriptor '/home/kjoon/vrx_ws/install/share/wamv_description/hook/cmake_prefix_path.dsv'
[0.913s] INFO:colcon.colcon_core.shell:Creating environment hook '/home/kjoon/vrx_ws/install/share/wamv_description/hook/cmake_prefix_path.sh'
[0.913s] Level 1:colcon.colcon_core.environment:checking '/home/kjoon/vrx_ws/install/lib'
[0.913s] Level 1:colcon.colcon_core.shell:create_environment_hook('wamv_description', 'ld_library_path_lib')
[0.913s] INFO:colcon.colcon_core.shell:Creating environment hook '/home/kjoon/vrx_ws/install/share/wamv_description/hook/ld_library_path_lib.ps1'
[0.914s] INFO:colcon.colcon_core.shell:Creating environment descriptor '/home/kjoon/vrx_ws/install/share/wamv_description/hook/ld_library_path_lib.dsv'
[0.914s] INFO:colcon.colcon_core.shell:Creating environment hook '/home/kjoon/vrx_ws/install/share/wamv_description/hook/ld_library_path_lib.sh'
[0.914s] Level 1:colcon.colcon_core.environment:checking '/home/kjoon/vrx_ws/install/bin'
[0.914s] Level 1:colcon.colcon_core.environment:checking '/home/kjoon/vrx_ws/install/lib/pkgconfig/wamv_description.pc'
[0.914s] Level 1:colcon.colcon_core.environment:checking '/home/kjoon/vrx_ws/install/lib/python3.10/site-packages'
[0.915s] Level 1:colcon.colcon_core.shell:create_environment_hook('wamv_description', 'pythonpath')
[0.915s] INFO:colcon.colcon_core.shell:Creating environment hook '/home/kjoon/vrx_ws/install/share/wamv_description/hook/pythonpath.ps1'
[0.915s] INFO:colcon.colcon_core.shell:Creating environment descriptor '/home/kjoon/vrx_ws/install/share/wamv_description/hook/pythonpath.dsv'
[0.915s] INFO:colcon.colcon_core.shell:Creating environment hook '/home/kjoon/vrx_ws/install/share/wamv_description/hook/pythonpath.sh'
[0.916s] Level 1:colcon.colcon_core.environment:checking '/home/kjoon/vrx_ws/install/bin'
[0.916s] INFO:colcon.colcon_core.shell:Creating package script '/home/kjoon/vrx_ws/install/share/wamv_description/package.ps1'
[0.916s] INFO:colcon.colcon_core.shell:Creating package descriptor '/home/kjoon/vrx_ws/install/share/wamv_description/package.dsv'
[0.917s] INFO:colcon.colcon_core.shell:Creating package script '/home/kjoon/vrx_ws/install/share/wamv_description/package.sh'
[0.917s] INFO:colcon.colcon_core.shell:Creating package script '/home/kjoon/vrx_ws/install/share/wamv_description/package.bash'
[0.917s] INFO:colcon.colcon_core.shell:Creating package script '/home/kjoon/vrx_ws/install/share/wamv_description/package.zsh'
[0.918s] Level 1:colcon.colcon_core.environment:create_file_with_runtime_dependencies(/home/kjoon/vrx_ws/install/share/colcon-core/packages/wamv_description)
[0.918s] INFO:colcon.colcon_ros.task.ament_cmake.build:Building ROS package in '/home/kjoon/vrx_ws/src/vrx/vrx_urdf/wamv_gazebo' with build type 'ament_cmake'
[0.918s] INFO:colcon.colcon_cmake.task.cmake.build:Building CMake package in '/home/kjoon/vrx_ws/src/vrx/vrx_urdf/wamv_gazebo'
[0.918s] INFO:colcon.colcon_core.shell:Skip shell extension 'powershell' for command environment: Not usable outside of PowerShell
[0.918s] DEBUG:colcon.colcon_core.shell:Skip shell extension 'dsv' for command environment
[0.926s] DEBUG:colcon.colcon_core.event_handler.log_command:Invoking command in '/home/kjoon/vrx_ws/build/wamv_gazebo': CMAKE_PREFIX_PATH=${CMAKE_PREFIX_PATH}:/opt/ros/humble GZ_SIM_RESOURCE_PATH=/home/kjoon/vrx_ws/install/share:${GZ_SIM_RESOURCE_PATH} PYTHONPATH=/home/kjoon/vrx_ws/install/lib/python3.10/site-packages:/home/kjoon/vrx_ws/install/local/lib/python3.10/dist-packages:/opt/ros/humble/lib/python3.10/site-packages:/opt/ros/humble/local/lib/python3.10/dist-packages /usr/bin/cmake --build /home/kjoon/vrx_ws/build/wamv_gazebo -- -j16 -l16
[0.938s] Level 1:colcon.colcon_core.environment:create_environment_scripts_only(vrx_gz)
[0.938s] Level 1:colcon.colcon_core.environment:checking '/home/kjoon/vrx_ws/install' for CMake module files
[0.939s] DEBUG:colcon.colcon_core.event_handler.log_command:Invoked command in '/home/kjoon/vrx_ws/build/vrx_gz' returned '0': CMAKE_PREFIX_PATH=${CMAKE_PREFIX_PATH}:/opt/ros/humble PYTHONPATH=/home/kjoon/vrx_ws/install/lib/python3.10/site-packages:/home/kjoon/vrx_ws/install/local/lib/python3.10/dist-packages:/opt/ros/humble/lib/python3.10/site-packages:/opt/ros/humble/local/lib/python3.10/dist-packages /usr/bin/cmake --install /home/kjoon/vrx_ws/build/vrx_gz
[0.940s] Level 1:colcon.colcon_core.environment:checking '/home/kjoon/vrx_ws/install' for CMake config files
[0.940s] Level 1:colcon.colcon_core.shell:create_environment_hook('vrx_gz', 'cmake_prefix_path')
[0.940s] INFO:colcon.colcon_core.shell:Creating environment hook '/home/kjoon/vrx_ws/install/share/vrx_gz/hook/cmake_prefix_path.ps1'
[0.940s] INFO:colcon.colcon_core.shell:Creating environment descriptor '/home/kjoon/vrx_ws/install/share/vrx_gz/hook/cmake_prefix_path.dsv'
[0.941s] INFO:colcon.colcon_core.shell:Creating environment hook '/home/kjoon/vrx_ws/install/share/vrx_gz/hook/cmake_prefix_path.sh'
[0.941s] Level 1:colcon.colcon_core.environment:checking '/home/kjoon/vrx_ws/install/lib'
[0.941s] Level 1:colcon.colcon_core.shell:create_environment_hook('vrx_gz', 'ld_library_path_lib')
[0.941s] INFO:colcon.colcon_core.shell:Creating environment hook '/home/kjoon/vrx_ws/install/share/vrx_gz/hook/ld_library_path_lib.ps1'
[0.941s] INFO:colcon.colcon_core.shell:Creating environment descriptor '/home/kjoon/vrx_ws/install/share/vrx_gz/hook/ld_library_path_lib.dsv'
[0.942s] INFO:colcon.colcon_core.shell:Creating environment hook '/home/kjoon/vrx_ws/install/share/vrx_gz/hook/ld_library_path_lib.sh'
[0.942s] Level 1:colcon.colcon_core.environment:checking '/home/kjoon/vrx_ws/install/bin'
[0.942s] Level 1:colcon.colcon_core.environment:checking '/home/kjoon/vrx_ws/install/lib/pkgconfig/vrx_gz.pc'
[0.942s] Level 1:colcon.colcon_core.environment:checking '/home/kjoon/vrx_ws/install/lib/python3.10/site-packages'
[0.942s] Level 1:colcon.colcon_core.shell:create_environment_hook('vrx_gz', 'pythonpath')
[0.942s] INFO:colcon.colcon_core.shell:Creating environment hook '/home/kjoon/vrx_ws/install/share/vrx_gz/hook/pythonpath.ps1'
[0.942s] INFO:colcon.colcon_core.shell:Creating environment descriptor '/home/kjoon/vrx_ws/install/share/vrx_gz/hook/pythonpath.dsv'
[0.943s] INFO:colcon.colcon_core.shell:Creating environment hook '/home/kjoon/vrx_ws/install/share/vrx_gz/hook/pythonpath.sh'
[0.943s] Level 1:colcon.colcon_core.environment:checking '/home/kjoon/vrx_ws/install/bin'
[0.943s] INFO:colcon.colcon_core.shell:Creating package script '/home/kjoon/vrx_ws/install/share/vrx_gz/package.ps1'
[0.944s] INFO:colcon.colcon_core.shell:Creating package descriptor '/home/kjoon/vrx_ws/install/share/vrx_gz/package.dsv'
[0.944s] INFO:colcon.colcon_core.shell:Creating package script '/home/kjoon/vrx_ws/install/share/vrx_gz/package.sh'
[0.944s] INFO:colcon.colcon_core.shell:Creating package script '/home/kjoon/vrx_ws/install/share/vrx_gz/package.bash'
[0.944s] INFO:colcon.colcon_core.shell:Creating package script '/home/kjoon/vrx_ws/install/share/vrx_gz/package.zsh'
[0.945s] Level 1:colcon.colcon_core.environment:create_file_with_runtime_dependencies(/home/kjoon/vrx_ws/install/share/colcon-core/packages/vrx_gz)
[0.945s] Level 1:colcon.colcon_core.environment:create_environment_scripts_only(vrx_gz)
[0.945s] Level 1:colcon.colcon_core.environment:checking '/home/kjoon/vrx_ws/install' for CMake module files
[0.945s] Level 1:colcon.colcon_core.environment:checking '/home/kjoon/vrx_ws/install' for CMake config files
[0.946s] Level 1:colcon.colcon_core.shell:create_environment_hook('vrx_gz', 'cmake_prefix_path')
[0.946s] INFO:colcon.colcon_core.shell:Creating environment hook '/home/kjoon/vrx_ws/install/share/vrx_gz/hook/cmake_prefix_path.ps1'
[0.946s] INFO:colcon.colcon_core.shell:Creating environment descriptor '/home/kjoon/vrx_ws/install/share/vrx_gz/hook/cmake_prefix_path.dsv'
[0.946s] INFO:colcon.colcon_core.shell:Creating environment hook '/home/kjoon/vrx_ws/install/share/vrx_gz/hook/cmake_prefix_path.sh'
[0.947s] Level 1:colcon.colcon_core.environment:checking '/home/kjoon/vrx_ws/install/lib'
[0.947s] Level 1:colcon.colcon_core.shell:create_environment_hook('vrx_gz', 'ld_library_path_lib')
[0.947s] INFO:colcon.colcon_core.shell:Creating environment hook '/home/kjoon/vrx_ws/install/share/vrx_gz/hook/ld_library_path_lib.ps1'
[0.947s] INFO:colcon.colcon_core.shell:Creating environment descriptor '/home/kjoon/vrx_ws/install/share/vrx_gz/hook/ld_library_path_lib.dsv'
[0.947s] INFO:colcon.colcon_core.shell:Creating environment hook '/home/kjoon/vrx_ws/install/share/vrx_gz/hook/ld_library_path_lib.sh'
[0.947s] Level 1:colcon.colcon_core.environment:checking '/home/kjoon/vrx_ws/install/bin'
[0.947s] Level 1:colcon.colcon_core.environment:checking '/home/kjoon/vrx_ws/install/lib/pkgconfig/vrx_gz.pc'
[0.948s] Level 1:colcon.colcon_core.environment:checking '/home/kjoon/vrx_ws/install/lib/python3.10/site-packages'
[0.948s] Level 1:colcon.colcon_core.shell:create_environment_hook('vrx_gz', 'pythonpath')
[0.948s] INFO:colcon.colcon_core.shell:Creating environment hook '/home/kjoon/vrx_ws/install/share/vrx_gz/hook/pythonpath.ps1'
[0.948s] INFO:colcon.colcon_core.shell:Creating environment descriptor '/home/kjoon/vrx_ws/install/share/vrx_gz/hook/pythonpath.dsv'
[0.948s] INFO:colcon.colcon_core.shell:Creating environment hook '/home/kjoon/vrx_ws/install/share/vrx_gz/hook/pythonpath.sh'
[0.949s] Level 1:colcon.colcon_core.environment:checking '/home/kjoon/vrx_ws/install/bin'
[0.949s] INFO:colcon.colcon_core.shell:Creating package script '/home/kjoon/vrx_ws/install/share/vrx_gz/package.ps1'
[0.949s] INFO:colcon.colcon_core.shell:Creating package descriptor '/home/kjoon/vrx_ws/install/share/vrx_gz/package.dsv'
[0.949s] INFO:colcon.colcon_core.shell:Creating package script '/home/kjoon/vrx_ws/install/share/vrx_gz/package.sh'
[0.950s] INFO:colcon.colcon_core.shell:Creating package script '/home/kjoon/vrx_ws/install/share/vrx_gz/package.bash'
[0.950s] INFO:colcon.colcon_core.shell:Creating package script '/home/kjoon/vrx_ws/install/share/vrx_gz/package.zsh'
[0.950s] Level 1:colcon.colcon_core.environment:create_file_with_runtime_dependencies(/home/kjoon/vrx_ws/install/share/colcon-core/packages/vrx_gz)
[0.951s] DEBUG:colcon.colcon_core.event_handler.log_command:Invoked command in '/home/kjoon/vrx_ws/build/wamv_gazebo' returned '0': CMAKE_PREFIX_PATH=${CMAKE_PREFIX_PATH}:/opt/ros/humble GZ_SIM_RESOURCE_PATH=/home/kjoon/vrx_ws/install/share:${GZ_SIM_RESOURCE_PATH} PYTHONPATH=/home/kjoon/vrx_ws/install/lib/python3.10/site-packages:/home/kjoon/vrx_ws/install/local/lib/python3.10/dist-packages:/opt/ros/humble/lib/python3.10/site-packages:/opt/ros/humble/local/lib/python3.10/dist-packages /usr/bin/cmake --build /home/kjoon/vrx_ws/build/wamv_gazebo -- -j16 -l16
[0.952s] DEBUG:colcon.colcon_core.event_handler.log_command:Invoking command in '/home/kjoon/vrx_ws/build/wamv_gazebo': CMAKE_PREFIX_PATH=${CMAKE_PREFIX_PATH}:/opt/ros/humble GZ_SIM_RESOURCE_PATH=/home/kjoon/vrx_ws/install/share:${GZ_SIM_RESOURCE_PATH} PYTHONPATH=/home/kjoon/vrx_ws/install/lib/python3.10/site-packages:/home/kjoon/vrx_ws/install/local/lib/python3.10/dist-packages:/opt/ros/humble/lib/python3.10/site-packages:/opt/ros/humble/local/lib/python3.10/dist-packages /usr/bin/cmake --install /home/kjoon/vrx_ws/build/wamv_gazebo
[0.959s] Level 1:colcon.colcon_core.environment:create_environment_scripts_only(wamv_gazebo)
[0.959s] DEBUG:colcon.colcon_core.event_handler.log_command:Invoked command in '/home/kjoon/vrx_ws/build/wamv_gazebo' returned '0': CMAKE_PREFIX_PATH=${CMAKE_PREFIX_PATH}:/opt/ros/humble GZ_SIM_RESOURCE_PATH=/home/kjoon/vrx_ws/install/share:${GZ_SIM_RESOURCE_PATH} PYTHONPATH=/home/kjoon/vrx_ws/install/lib/python3.10/site-packages:/home/kjoon/vrx_ws/install/local/lib/python3.10/dist-packages:/opt/ros/humble/lib/python3.10/site-packages:/opt/ros/humble/local/lib/python3.10/dist-packages /usr/bin/cmake --install /home/kjoon/vrx_ws/build/wamv_gazebo
[0.959s] Level 1:colcon.colcon_core.environment:checking '/home/kjoon/vrx_ws/install' for CMake module files
[0.959s] Level 1:colcon.colcon_core.environment:checking '/home/kjoon/vrx_ws/install' for CMake config files
[0.960s] Level 1:colcon.colcon_core.shell:create_environment_hook('wamv_gazebo', 'cmake_prefix_path')
[0.960s] INFO:colcon.colcon_core.shell:Creating environment hook '/home/kjoon/vrx_ws/install/share/wamv_gazebo/hook/cmake_prefix_path.ps1'
[0.960s] INFO:colcon.colcon_core.shell:Creating environment descriptor '/home/kjoon/vrx_ws/install/share/wamv_gazebo/hook/cmake_prefix_path.dsv'
[0.960s] INFO:colcon.colcon_core.shell:Creating environment hook '/home/kjoon/vrx_ws/install/share/wamv_gazebo/hook/cmake_prefix_path.sh'
[0.961s] Level 1:colcon.colcon_core.environment:checking '/home/kjoon/vrx_ws/install/lib'
[0.961s] Level 1:colcon.colcon_core.shell:create_environment_hook('wamv_gazebo', 'ld_library_path_lib')
[0.961s] INFO:colcon.colcon_core.shell:Creating environment hook '/home/kjoon/vrx_ws/install/share/wamv_gazebo/hook/ld_library_path_lib.ps1'
[0.961s] INFO:colcon.colcon_core.shell:Creating environment descriptor '/home/kjoon/vrx_ws/install/share/wamv_gazebo/hook/ld_library_path_lib.dsv'
[0.961s] INFO:colcon.colcon_core.shell:Creating environment hook '/home/kjoon/vrx_ws/install/share/wamv_gazebo/hook/ld_library_path_lib.sh'
[0.962s] Level 1:colcon.colcon_core.environment:checking '/home/kjoon/vrx_ws/install/bin'
[0.962s] Level 1:colcon.colcon_core.environment:checking '/home/kjoon/vrx_ws/install/lib/pkgconfig/wamv_gazebo.pc'
[0.962s] Level 1:colcon.colcon_core.environment:checking '/home/kjoon/vrx_ws/install/lib/python3.10/site-packages'
[0.962s] Level 1:colcon.colcon_core.shell:create_environment_hook('wamv_gazebo', 'pythonpath')
[0.962s] INFO:colcon.colcon_core.shell:Creating environment hook '/home/kjoon/vrx_ws/install/share/wamv_gazebo/hook/pythonpath.ps1'
[0.962s] INFO:colcon.colcon_core.shell:Creating environment descriptor '/home/kjoon/vrx_ws/install/share/wamv_gazebo/hook/pythonpath.dsv'
[0.962s] INFO:colcon.colcon_core.shell:Creating environment hook '/home/kjoon/vrx_ws/install/share/wamv_gazebo/hook/pythonpath.sh'
[0.963s] Level 1:colcon.colcon_core.environment:checking '/home/kjoon/vrx_ws/install/bin'
[0.963s] INFO:colcon.colcon_core.shell:Creating package script '/home/kjoon/vrx_ws/install/share/wamv_gazebo/package.ps1'
[0.963s] INFO:colcon.colcon_core.shell:Creating package descriptor '/home/kjoon/vrx_ws/install/share/wamv_gazebo/package.dsv'
[0.963s] INFO:colcon.colcon_core.shell:Creating package script '/home/kjoon/vrx_ws/install/share/wamv_gazebo/package.sh'
[0.964s] INFO:colcon.colcon_core.shell:Creating package script '/home/kjoon/vrx_ws/install/share/wamv_gazebo/package.bash'
[0.964s] INFO:colcon.colcon_core.shell:Creating package script '/home/kjoon/vrx_ws/install/share/wamv_gazebo/package.zsh'
[0.964s] Level 1:colcon.colcon_core.environment:create_file_with_runtime_dependencies(/home/kjoon/vrx_ws/install/share/colcon-core/packages/wamv_gazebo)
[0.964s] Level 1:colcon.colcon_core.environment:create_environment_scripts_only(wamv_gazebo)
[0.965s] Level 1:colcon.colcon_core.environment:checking '/home/kjoon/vrx_ws/install' for CMake module files
[0.965s] Level 1:colcon.colcon_core.environment:checking '/home/kjoon/vrx_ws/install' for CMake config files
[0.965s] Level 1:colcon.colcon_core.shell:create_environment_hook('wamv_gazebo', 'cmake_prefix_path')
[0.965s] INFO:colcon.colcon_core.shell:Creating environment hook '/home/kjoon/vrx_ws/install/share/wamv_gazebo/hook/cmake_prefix_path.ps1'
[0.966s] INFO:colcon.colcon_core.shell:Creating environment descriptor '/home/kjoon/vrx_ws/install/share/wamv_gazebo/hook/cmake_prefix_path.dsv'
[0.966s] INFO:colcon.colcon_core.shell:Creating environment hook '/home/kjoon/vrx_ws/install/share/wamv_gazebo/hook/cmake_prefix_path.sh'
[0.966s] Level 1:colcon.colcon_core.environment:checking '/home/kjoon/vrx_ws/install/lib'
[0.966s] Level 1:colcon.colcon_core.shell:create_environment_hook('wamv_gazebo', 'ld_library_path_lib')
[0.966s] INFO:colcon.colcon_core.shell:Creating environment hook '/home/kjoon/vrx_ws/install/share/wamv_gazebo/hook/ld_library_path_lib.ps1'
[0.967s] INFO:colcon.colcon_core.shell:Creating environment descriptor '/home/kjoon/vrx_ws/install/share/wamv_gazebo/hook/ld_library_path_lib.dsv'
[0.967s] INFO:colcon.colcon_core.shell:Creating environment hook '/home/kjoon/vrx_ws/install/share/wamv_gazebo/hook/ld_library_path_lib.sh'
[0.967s] Level 1:colcon.colcon_core.environment:checking '/home/kjoon/vrx_ws/install/bin'
[0.967s] Level 1:colcon.colcon_core.environment:checking '/home/kjoon/vrx_ws/install/lib/pkgconfig/wamv_gazebo.pc'
[0.967s] Level 1:colcon.colcon_core.environment:checking '/home/kjoon/vrx_ws/install/lib/python3.10/site-packages'
[0.967s] Level 1:colcon.colcon_core.shell:create_environment_hook('wamv_gazebo', 'pythonpath')
[0.967s] INFO:colcon.colcon_core.shell:Creating environment hook '/home/kjoon/vrx_ws/install/share/wamv_gazebo/hook/pythonpath.ps1'
[0.968s] INFO:colcon.colcon_core.shell:Creating environment descriptor '/home/kjoon/vrx_ws/install/share/wamv_gazebo/hook/pythonpath.dsv'
[0.968s] INFO:colcon.colcon_core.shell:Creating environment hook '/home/kjoon/vrx_ws/install/share/wamv_gazebo/hook/pythonpath.sh'
[0.968s] Level 1:colcon.colcon_core.environment:checking '/home/kjoon/vrx_ws/install/bin'
[0.968s] INFO:colcon.colcon_core.shell:Creating package script '/home/kjoon/vrx_ws/install/share/wamv_gazebo/package.ps1'
[0.969s] INFO:colcon.colcon_core.shell:Creating package descriptor '/home/kjoon/vrx_ws/install/share/wamv_gazebo/package.dsv'
[0.969s] INFO:colcon.colcon_core.shell:Creating package script '/home/kjoon/vrx_ws/install/share/wamv_gazebo/package.sh'
[0.969s] INFO:colcon.colcon_core.shell:Creating package script '/home/kjoon/vrx_ws/install/share/wamv_gazebo/package.bash'
[0.969s] INFO:colcon.colcon_core.shell:Creating package script '/home/kjoon/vrx_ws/install/share/wamv_gazebo/package.zsh'
[0.970s] Level 1:colcon.colcon_core.environment:create_file_with_runtime_dependencies(/home/kjoon/vrx_ws/install/share/colcon-core/packages/wamv_gazebo)
[1.099s] DEBUG:colcon.colcon_core.event_handler.log_command:Invoking command in '/home/kjoon/vrx_ws/src/wamv_nav': PYTHONPATH=/home/kjoon/vrx_ws/build/wamv_nav/prefix_override:/usr/lib/python3/dist-packages/colcon_core/task/python/colcon_distutils_commands:/home/kjoon/vrx_ws/install/lib/python3.10/site-packages:/home/kjoon/vrx_ws/install/lib/python3.10/site-packages:/home/kjoon/vrx_ws/install/local/lib/python3.10/dist-packages:/opt/ros/humble/lib/python3.10/site-packages:/opt/ros/humble/local/lib/python3.10/dist-packages /usr/bin/python3 -W ignore:setup.py install is deprecated -W ignore:easy_install command is deprecated setup.py egg_info --egg-base ../../build/wamv_nav build --build-base /home/kjoon/vrx_ws/build/wamv_nav/build install --record /home/kjoon/vrx_ws/build/wamv_nav/install.log --single-version-externally-managed install_data
[1.285s] Level 1:colcon.colcon_core.environment:checking '/home/kjoon/vrx_ws/install' for CMake module files
[1.286s] DEBUG:colcon.colcon_core.event_handler.log_command:Invoked command in '/home/kjoon/vrx_ws/src/wamv_nav' returned '0': PYTHONPATH=/home/kjoon/vrx_ws/build/wamv_nav/prefix_override:/usr/lib/python3/dist-packages/colcon_core/task/python/colcon_distutils_commands:/home/kjoon/vrx_ws/install/lib/python3.10/site-packages:/home/kjoon/vrx_ws/install/lib/python3.10/site-packages:/home/kjoon/vrx_ws/install/local/lib/python3.10/dist-packages:/opt/ros/humble/lib/python3.10/site-packages:/opt/ros/humble/local/lib/python3.10/dist-packages /usr/bin/python3 -W ignore:setup.py install is deprecated -W ignore:easy_install command is deprecated setup.py egg_info --egg-base ../../build/wamv_nav build --build-base /home/kjoon/vrx_ws/build/wamv_nav/build install --record /home/kjoon/vrx_ws/build/wamv_nav/install.log --single-version-externally-managed install_data
[1.286s] Level 1:colcon.colcon_core.environment:checking '/home/kjoon/vrx_ws/install' for CMake config files
[1.286s] Level 1:colcon.colcon_core.shell:create_environment_hook('wamv_nav', 'cmake_prefix_path')
[1.286s] INFO:colcon.colcon_core.shell:Creating environment hook '/home/kjoon/vrx_ws/install/share/wamv_nav/hook/cmake_prefix_path.ps1'
[1.287s] INFO:colcon.colcon_core.shell:Creating environment descriptor '/home/kjoon/vrx_ws/install/share/wamv_nav/hook/cmake_prefix_path.dsv'
[1.287s] INFO:colcon.colcon_core.shell:Creating environment hook '/home/kjoon/vrx_ws/install/share/wamv_nav/hook/cmake_prefix_path.sh'
[1.288s] Level 1:colcon.colcon_core.environment:checking '/home/kjoon/vrx_ws/install/lib'
[1.288s] Level 1:colcon.colcon_core.shell:create_environment_hook('wamv_nav', 'ld_library_path_lib')
[1.288s] INFO:colcon.colcon_core.shell:Creating environment hook '/home/kjoon/vrx_ws/install/share/wamv_nav/hook/ld_library_path_lib.ps1'
[1.288s] INFO:colcon.colcon_core.shell:Creating environment descriptor '/home/kjoon/vrx_ws/install/share/wamv_nav/hook/ld_library_path_lib.dsv'
[1.289s] INFO:colcon.colcon_core.shell:Creating environment hook '/home/kjoon/vrx_ws/install/share/wamv_nav/hook/ld_library_path_lib.sh'
[1.289s] Level 1:colcon.colcon_core.environment:checking '/home/kjoon/vrx_ws/install/bin'
[1.289s] Level 1:colcon.colcon_core.environment:checking '/home/kjoon/vrx_ws/install/lib/pkgconfig/wamv_nav.pc'
[1.289s] Level 1:colcon.colcon_core.environment:checking '/home/kjoon/vrx_ws/install/lib/python3.10/site-packages'
[1.289s] Level 1:colcon.colcon_core.shell:create_environment_hook('wamv_nav', 'pythonpath')
[1.290s] INFO:colcon.colcon_core.shell:Creating environment hook '/home/kjoon/vrx_ws/install/share/wamv_nav/hook/pythonpath.ps1'
[1.290s] INFO:colcon.colcon_core.shell:Creating environment descriptor '/home/kjoon/vrx_ws/install/share/wamv_nav/hook/pythonpath.dsv'
[1.290s] INFO:colcon.colcon_core.shell:Creating environment hook '/home/kjoon/vrx_ws/install/share/wamv_nav/hook/pythonpath.sh'
[1.291s] Level 1:colcon.colcon_core.environment:checking '/home/kjoon/vrx_ws/install/bin'
[1.291s] Level 1:colcon.colcon_core.environment:create_environment_scripts_only(wamv_nav)
[1.291s] INFO:colcon.colcon_core.shell:Creating package script '/home/kjoon/vrx_ws/install/share/wamv_nav/package.ps1'
[1.292s] INFO:colcon.colcon_core.shell:Creating package descriptor '/home/kjoon/vrx_ws/install/share/wamv_nav/package.dsv'
[1.292s] INFO:colcon.colcon_core.shell:Creating package script '/home/kjoon/vrx_ws/install/share/wamv_nav/package.sh'
[1.293s] INFO:colcon.colcon_core.shell:Creating package script '/home/kjoon/vrx_ws/install/share/wamv_nav/package.bash'
[1.293s] INFO:colcon.colcon_core.shell:Creating package script '/home/kjoon/vrx_ws/install/share/wamv_nav/package.zsh'
[1.293s] Level 1:colcon.colcon_core.environment:create_file_with_runtime_dependencies(/home/kjoon/vrx_ws/install/share/colcon-core/packages/wamv_nav)
[1.294s] DEBUG:colcon.colcon_parallel_executor.executor.parallel:closing loop
[1.294s] DEBUG:colcon.colcon_parallel_executor.executor.parallel:loop closed
[1.294s] DEBUG:colcon.colcon_parallel_executor.executor.parallel:run_until_complete finished with '0'
[1.294s] DEBUG:colcon.colcon_core.event_reactor:joining thread
[1.299s] INFO:colcon.colcon_core.plugin_system:Skipping extension 'colcon_notification.desktop_notification.terminal_notifier': Not used on non-Darwin systems
[1.299s] INFO:colcon.colcon_core.plugin_system:Skipping extension 'colcon_notification.desktop_notification.win32': Not used on non-Windows systems
[1.299s] INFO:colcon.colcon_notification.desktop_notification:Sending desktop notification using 'notify2'
[1.311s] DEBUG:colcon.colcon_core.event_reactor:joined thread
[1.311s] INFO:colcon.colcon_core.shell:Creating prefix script '/home/kjoon/vrx_ws/install/local_setup.ps1'
[1.312s] INFO:colcon.colcon_core.shell:Creating prefix util module '/home/kjoon/vrx_ws/install/_local_setup_util_ps1.py'
[1.313s] INFO:colcon.colcon_core.shell:Creating prefix chain script '/home/kjoon/vrx_ws/install/setup.ps1'
[1.314s] INFO:colcon.colcon_core.shell:Creating prefix script '/home/kjoon/vrx_ws/install/local_setup.sh'
[1.315s] INFO:colcon.colcon_core.shell:Creating prefix util module '/home/kjoon/vrx_ws/install/_local_setup_util_sh.py'
[1.315s] INFO:colcon.colcon_core.shell:Creating prefix chain script '/home/kjoon/vrx_ws/install/setup.sh'
[1.316s] INFO:colcon.colcon_core.shell:Creating prefix script '/home/kjoon/vrx_ws/install/local_setup.bash'
[1.317s] INFO:colcon.colcon_core.shell:Creating prefix chain script '/home/kjoon/vrx_ws/install/setup.bash'
[1.317s] INFO:colcon.colcon_core.shell:Creating prefix script '/home/kjoon/vrx_ws/install/local_setup.zsh'
[1.318s] INFO:colcon.colcon_core.shell:Creating prefix chain script '/home/kjoon/vrx_ws/install/setup.zsh'
