[0.007s] Invoking command in '/home/kjoon/vrx_ws/build/vrx_ros': CMAKE_PREFIX_PATH=${CMAKE_PREFIX_PATH}:/opt/ros/humble /usr/bin/cmake /home/kjoon/vrx_ws/src/vrx/vrx_ros -DCMAKE_INSTALL_PREFIX=/home/kjoon/vrx_ws/install
[0.040s] -- The C compiler identification is GNU 11.4.0
[0.076s] -- The CXX compiler identification is GNU 11.4.0
[0.080s] -- Detecting C compiler ABI info
[0.126s] -- Detecting C compiler ABI info - done
[0.130s] -- Check for working C compiler: /usr/bin/cc - skipped
[0.131s] -- Detecting C compile features
[0.131s] -- Detecting C compile features - done
[0.133s] -- Detecting CXX compiler ABI info
[0.185s] -- Detecting CXX compiler ABI info - done
[0.190s] -- Check for working CXX compiler: /usr/bin/c++ - skipped
[0.190s] -- Detecting CXX compile features
[0.190s] -- Detecting CXX compile features - done
[0.192s] -- Found ament_cmake: 1.3.11 (/opt/ros/humble/share/ament_cmake/cmake)
[0.287s] -- Found Python3: /usr/bin/python3 (found version "3.10.12") found components: Interpreter 
[0.349s] -- Found geometry_msgs: 4.8.0 (/opt/ros/humble/share/geometry_msgs/cmake)
[0.376s] -- Found rosidl_generator_c: 3.1.6 (/opt/ros/humble/share/rosidl_generator_c/cmake)
[0.380s] -- Found rosidl_adapter: 3.1.6 (/opt/ros/humble/share/rosidl_adapter/cmake)
[0.385s] -- Found rosidl_generator_cpp: 3.1.6 (/opt/ros/humble/share/rosidl_generator_cpp/cmake)
[0.393s] -- Using all available rosidl_typesupport_c: rosidl_typesupport_fastrtps_c;rosidl_typesupport_introspection_c
[0.403s] -- Using all available rosidl_typesupport_cpp: rosidl_typesupport_fastrtps_cpp;rosidl_typesupport_introspection_cpp
[0.428s] -- Looking for gz-msgs9 -- found version 9.5.1
[0.433s] -- Searching for dependencies of gz-msgs9
[0.556s] -- Found Protobuf: /usr/lib/x86_64-linux-gnu/libprotobuf.so (found version "3.12.4") 
[0.558s] -- Looking for gz-math7 -- found version 7.5.1
[0.559s] -- Searching for dependencies of gz-math7
[0.561s] -- Looking for gz-utils2 -- found version 2.2.1
[0.561s] -- Searching for dependencies of gz-utils2
[0.567s] -- Checking for module 'tinyxml2'
[0.578s] --   Found tinyxml2, version 9.0.0
[0.608s] -- Looking for gz-transport12 -- found version 12.2.2
[0.608s] -- Searching for dependencies of gz-transport12
[0.639s] -- Config-file not installed for ZeroMQ -- checking for pkg-config
[0.642s] -- Checking for module 'libzmq >= 4'
[0.652s] --   Found libzmq , version 4.3.4
[0.680s] -- Found ZeroMQ: TRUE (Required is at least version "4") 
[0.684s] -- Checking for module 'uuid'
[0.693s] --   Found uuid, version 2.37.2
[0.718s] -- Found UUID: TRUE  
[0.718s] -- Looking for gz-utils2 -- found version 2.2.1
[0.718s] -- Searching for dependencies of gz-utils2
[0.719s] -- Searching for <gz-utils2> component [cli]
[0.720s] -- Looking for gz-utils2-cli -- found version 2.2.1
[0.721s] -- Searching for dependencies of gz-utils2-cli
[0.721s] -- Looking for gz-msgs9 -- found version 9.5.1
[0.723s] -- Found rclcpp: 16.0.12 (/opt/ros/humble/share/rclcpp/cmake)
[0.749s] -- Found rmw_implementation_cmake: 6.1.2 (/opt/ros/humble/share/rmw_implementation_cmake/cmake)
[0.750s] -- Found rmw_fastrtps_cpp: 6.2.7 (/opt/ros/humble/share/rmw_fastrtps_cpp/cmake)
[0.816s] -- Found OpenSSL: /usr/lib/x86_64-linux-gnu/libcrypto.so (found version "3.0.2")  
[0.839s] -- Found FastRTPS: /opt/ros/humble/include  
[0.873s] -- Using RMW implementation 'rmw_fastrtps_cpp' as default
[0.878s] -- Found Threads: TRUE  
[0.902s] -- Found ros_gz_interfaces: 0.244.11 (/opt/ros/humble/share/ros_gz_interfaces/cmake)
[0.915s] -- Found sensor_msgs: 4.8.0 (/opt/ros/humble/share/sensor_msgs/cmake)
[0.926s] -- Found tf2: 0.25.12 (/opt/ros/humble/share/tf2/cmake)
[0.934s] -- Found tf2_msgs: 0.25.12 (/opt/ros/humble/share/tf2_msgs/cmake)
[0.960s] -- Found tf2_ros: 0.25.12 (/opt/ros/humble/share/tf2_ros/cmake)
[1.029s] -- Configuring done
[1.040s] -- Generating done
[1.044s] -- Build files have been written to: /home/kjoon/vrx_ws/build/vrx_ros
[1.052s] Invoked command in '/home/kjoon/vrx_ws/build/vrx_ros' returned '0': CMAKE_PREFIX_PATH=${CMAKE_PREFIX_PATH}:/opt/ros/humble /usr/bin/cmake /home/kjoon/vrx_ws/src/vrx/vrx_ros -DCMAKE_INSTALL_PREFIX=/home/kjoon/vrx_ws/install
[1.053s] Invoking command in '/home/kjoon/vrx_ws/build/vrx_ros': CMAKE_PREFIX_PATH=${CMAKE_PREFIX_PATH}:/opt/ros/humble /usr/bin/cmake --build /home/kjoon/vrx_ws/build/vrx_ros -- -j16 -l16
[1.088s] [ 25%] [32mBuilding CXX object CMakeFiles/optical_frame_publisher.dir/src/optical_frame_publisher.cc.o[0m
[1.088s] [ 50%] [32mBuilding CXX object CMakeFiles/pose_tf_broadcaster.dir/src/pose_tf_broadcaster.cc.o[0m
[6.475s] [ 75%] [32m[1mLinking CXX executable pose_tf_broadcaster[0m
[6.712s] [ 75%] Built target pose_tf_broadcaster
[8.468s] [100%] [32m[1mLinking CXX executable optical_frame_publisher[0m
[8.800s] [100%] Built target optical_frame_publisher
[8.808s] Invoked command in '/home/kjoon/vrx_ws/build/vrx_ros' returned '0': CMAKE_PREFIX_PATH=${CMAKE_PREFIX_PATH}:/opt/ros/humble /usr/bin/cmake --build /home/kjoon/vrx_ws/build/vrx_ros -- -j16 -l16
[8.809s] Invoking command in '/home/kjoon/vrx_ws/build/vrx_ros': CMAKE_PREFIX_PATH=${CMAKE_PREFIX_PATH}:/opt/ros/humble /usr/bin/cmake --install /home/kjoon/vrx_ws/build/vrx_ros
[8.813s] -- Install configuration: ""
[8.813s] -- Installing: /home/kjoon/vrx_ws/install/lib/vrx_ros/optical_frame_publisher
[8.818s] -- Set runtime path of "/home/kjoon/vrx_ws/install/lib/vrx_ros/optical_frame_publisher" to ""
[8.818s] -- Installing: /home/kjoon/vrx_ws/install/lib/vrx_ros/pose_tf_broadcaster
[8.820s] -- Set runtime path of "/home/kjoon/vrx_ws/install/lib/vrx_ros/pose_tf_broadcaster" to ""
[8.821s] -- Installing: /home/kjoon/vrx_ws/install/share/vrx_ros/launch
[8.821s] -- Installing: /home/kjoon/vrx_ws/install/share/vrx_ros/launch/monitor_sim.py
[8.821s] -- Installing: /home/kjoon/vrx_ws/install/share/ament_index/resource_index/package_run_dependencies/vrx_ros
[8.821s] -- Installing: /home/kjoon/vrx_ws/install/share/ament_index/resource_index/parent_prefix_path/vrx_ros
[8.821s] -- Installing: /home/kjoon/vrx_ws/install/share/vrx_ros/environment/ament_prefix_path.sh
[8.821s] -- Installing: /home/kjoon/vrx_ws/install/share/vrx_ros/environment/ament_prefix_path.dsv
[8.821s] -- Installing: /home/kjoon/vrx_ws/install/share/vrx_ros/environment/path.sh
[8.821s] -- Installing: /home/kjoon/vrx_ws/install/share/vrx_ros/environment/path.dsv
[8.821s] -- Installing: /home/kjoon/vrx_ws/install/share/vrx_ros/local_setup.bash
[8.822s] -- Installing: /home/kjoon/vrx_ws/install/share/vrx_ros/local_setup.sh
[8.822s] -- Installing: /home/kjoon/vrx_ws/install/share/vrx_ros/local_setup.zsh
[8.822s] -- Installing: /home/kjoon/vrx_ws/install/share/vrx_ros/local_setup.dsv
[8.822s] -- Installing: /home/kjoon/vrx_ws/install/share/vrx_ros/package.dsv
[8.822s] -- Installing: /home/kjoon/vrx_ws/install/share/ament_index/resource_index/packages/vrx_ros
[8.822s] -- Installing: /home/kjoon/vrx_ws/install/share/vrx_ros/cmake/vrx_rosConfig.cmake
[8.822s] -- Installing: /home/kjoon/vrx_ws/install/share/vrx_ros/cmake/vrx_rosConfig-version.cmake
[8.822s] -- Installing: /home/kjoon/vrx_ws/install/share/vrx_ros/package.xml
[8.824s] Invoked command in '/home/kjoon/vrx_ws/build/vrx_ros' returned '0': CMAKE_PREFIX_PATH=${CMAKE_PREFIX_PATH}:/opt/ros/humble /usr/bin/cmake --install /home/kjoon/vrx_ws/build/vrx_ros
