[0.005s] Invoking command in '/home/kjoon/vrx_ws/build/wamv_description': CMAKE_PREFIX_PATH=${CMAKE_PREFIX_PATH}:/opt/ros/humble GZ_SIM_RESOURCE_PATH=/home/kjoon/vrx_ws/install/share:${GZ_SIM_RESOURCE_PATH} /usr/bin/cmake /home/kjoon/vrx_ws/src/vrx/vrx_urdf/wamv_description -DCMAKE_INSTALL_PREFIX=/home/kjoon/vrx_ws/install
[0.041s] -- The C compiler identification is GNU 11.4.0
[0.078s] -- The CXX compiler identification is GNU 11.4.0
[0.083s] -- Detecting C compiler ABI info
[0.130s] -- Detecting C compiler ABI info - done
[0.135s] -- Check for working C compiler: /usr/bin/cc - skipped
[0.135s] -- Detecting C compile features
[0.135s] -- Detecting C compile features - done
[0.137s] -- Detecting CXX compiler ABI info
[0.192s] -- Detecting CXX compiler ABI info - done
[0.197s] -- Check for working CXX compiler: /usr/bin/c++ - skipped
[0.197s] -- Detecting CXX compile features
[0.197s] -- Detecting CXX compile features - done
[0.199s] -- Found ament_cmake: 1.3.11 (/opt/ros/humble/share/ament_cmake/cmake)
[0.295s] -- Found Python3: /usr/bin/python3 (found version "3.10.12") found components: Interpreter 
[0.358s] -- Found xacro: 2.0.13 (/opt/ros/humble/share/xacro/cmake)
[0.359s] -- xacro: determining deps for: urdf/wamv_base.urdf.xacro ...
[0.477s] -- Configuring done
[0.480s] -- Generating done
[0.482s] -- Build files have been written to: /home/kjoon/vrx_ws/build/wamv_description
[0.487s] Invoked command in '/home/kjoon/vrx_ws/build/wamv_description' returned '0': CMAKE_PREFIX_PATH=${CMAKE_PREFIX_PATH}:/opt/ros/humble GZ_SIM_RESOURCE_PATH=/home/kjoon/vrx_ws/install/share:${GZ_SIM_RESOURCE_PATH} /usr/bin/cmake /home/kjoon/vrx_ws/src/vrx/vrx_urdf/wamv_description -DCMAKE_INSTALL_PREFIX=/home/kjoon/vrx_ws/install
[0.488s] Invoking command in '/home/kjoon/vrx_ws/build/wamv_description': CMAKE_PREFIX_PATH=${CMAKE_PREFIX_PATH}:/opt/ros/humble GZ_SIM_RESOURCE_PATH=/home/kjoon/vrx_ws/install/share:${GZ_SIM_RESOURCE_PATH} /usr/bin/cmake --build /home/kjoon/vrx_ws/build/wamv_description -- -j16 -l16
[0.522s] [100%] [34m[1mxacro: generating urdf/wamv_base.urdf from urdf/wamv_base.urdf.xacro[0m
[0.603s] [100%] Built target wamv_description__xacro_auto_generate
[0.612s] Invoked command in '/home/kjoon/vrx_ws/build/wamv_description' returned '0': CMAKE_PREFIX_PATH=${CMAKE_PREFIX_PATH}:/opt/ros/humble GZ_SIM_RESOURCE_PATH=/home/kjoon/vrx_ws/install/share:${GZ_SIM_RESOURCE_PATH} /usr/bin/cmake --build /home/kjoon/vrx_ws/build/wamv_description -- -j16 -l16
[0.613s] Invoking command in '/home/kjoon/vrx_ws/build/wamv_description': CMAKE_PREFIX_PATH=${CMAKE_PREFIX_PATH}:/opt/ros/humble GZ_SIM_RESOURCE_PATH=/home/kjoon/vrx_ws/install/share:${GZ_SIM_RESOURCE_PATH} /usr/bin/cmake --install /home/kjoon/vrx_ws/build/wamv_description
[0.618s] -- Install configuration: ""
[0.618s] -- Installing: /home/kjoon/vrx_ws/install/share/wamv_description/environment/resource_paths.dsv
[0.618s] -- Installing: /home/kjoon/vrx_ws/install/share/wamv_description/environment/resource_paths.sh
[0.618s] -- Installing: /home/kjoon/vrx_ws/install/share/wamv_description/urdf/wamv_base.urdf
[0.619s] -- Installing: /home/kjoon/vrx_ws/install/share/wamv_description/models
[0.619s] -- Installing: /home/kjoon/vrx_ws/install/share/wamv_description/models/WAM-V-Base
[0.619s] -- Installing: /home/kjoon/vrx_ws/install/share/wamv_description/models/WAM-V-Base/model.config
[0.619s] -- Installing: /home/kjoon/vrx_ws/install/share/wamv_description/models/WAM-V-Base/mesh
[0.619s] -- Installing: /home/kjoon/vrx_ws/install/share/wamv_description/models/WAM-V-Base/mesh/WAM-V_Metalness.png
[0.619s] -- Installing: /home/kjoon/vrx_ws/install/share/wamv_description/models/WAM-V-Base/mesh/WAM-V-Base.dae
[0.620s] -- Installing: /home/kjoon/vrx_ws/install/share/wamv_description/models/WAM-V-Base/mesh/WamV.png
[0.622s] -- Installing: /home/kjoon/vrx_ws/install/share/wamv_description/models/WAM-V-Base/mesh/WAM-V_Normal.png
[0.626s] -- Installing: /home/kjoon/vrx_ws/install/share/wamv_description/models/WAM-V-Base/mesh/WAM-V_Roughness.png
[0.629s] -- Installing: /home/kjoon/vrx_ws/install/share/wamv_description/models/WAM-V-Base/mesh/WAM-V_Albedo.png
[0.635s] -- Installing: /home/kjoon/vrx_ws/install/share/wamv_description/models/engine
[0.635s] -- Installing: /home/kjoon/vrx_ws/install/share/wamv_description/models/engine/model.config
[0.635s] -- Installing: /home/kjoon/vrx_ws/install/share/wamv_description/models/engine/mesh
[0.635s] -- Installing: /home/kjoon/vrx_ws/install/share/wamv_description/models/engine/mesh/engine.dae
[0.636s] -- Installing: /home/kjoon/vrx_ws/install/share/wamv_description/models/propeller
[0.636s] -- Installing: /home/kjoon/vrx_ws/install/share/wamv_description/models/propeller/model.config
[0.636s] -- Installing: /home/kjoon/vrx_ws/install/share/wamv_description/models/propeller/mesh
[0.636s] -- Installing: /home/kjoon/vrx_ws/install/share/wamv_description/models/propeller/mesh/propeller.dae
[0.636s] -- Up-to-date: /home/kjoon/vrx_ws/install/share/wamv_description/urdf
[0.636s] -- Installing: /home/kjoon/vrx_ws/install/share/wamv_description/urdf/battery.xacro
[0.636s] -- Installing: /home/kjoon/vrx_ws/install/share/wamv_description/urdf/cpu_cases.xacro
[0.636s] -- Installing: /home/kjoon/vrx_ws/install/share/wamv_description/urdf/thrusters
[0.636s] -- Installing: /home/kjoon/vrx_ws/install/share/wamv_description/urdf/thrusters/engine.xacro
[0.636s] -- Installing: /home/kjoon/vrx_ws/install/share/wamv_description/urdf/wamv_base.urdf.xacro
[0.636s] -- Installing: /home/kjoon/vrx_ws/install/share/ament_index/resource_index/package_run_dependencies/wamv_description
[0.636s] -- Installing: /home/kjoon/vrx_ws/install/share/ament_index/resource_index/parent_prefix_path/wamv_description
[0.637s] -- Installing: /home/kjoon/vrx_ws/install/share/wamv_description/environment/ament_prefix_path.sh
[0.637s] -- Installing: /home/kjoon/vrx_ws/install/share/wamv_description/environment/ament_prefix_path.dsv
[0.637s] -- Installing: /home/kjoon/vrx_ws/install/share/wamv_description/environment/path.sh
[0.637s] -- Installing: /home/kjoon/vrx_ws/install/share/wamv_description/environment/path.dsv
[0.637s] -- Installing: /home/kjoon/vrx_ws/install/share/wamv_description/local_setup.bash
[0.637s] -- Installing: /home/kjoon/vrx_ws/install/share/wamv_description/local_setup.sh
[0.637s] -- Installing: /home/kjoon/vrx_ws/install/share/wamv_description/local_setup.zsh
[0.637s] -- Installing: /home/kjoon/vrx_ws/install/share/wamv_description/local_setup.dsv
[0.637s] -- Installing: /home/kjoon/vrx_ws/install/share/wamv_description/package.dsv
[0.637s] -- Installing: /home/kjoon/vrx_ws/install/share/ament_index/resource_index/packages/wamv_description
[0.638s] -- Installing: /home/kjoon/vrx_ws/install/share/wamv_description/cmake/wamv_descriptionConfig.cmake
[0.638s] -- Installing: /home/kjoon/vrx_ws/install/share/wamv_description/cmake/wamv_descriptionConfig-version.cmake
[0.638s] -- Installing: /home/kjoon/vrx_ws/install/share/wamv_description/package.xml
[0.640s] Invoked command in '/home/kjoon/vrx_ws/build/wamv_description' returned '0': CMAKE_PREFIX_PATH=${CMAKE_PREFIX_PATH}:/opt/ros/humble GZ_SIM_RESOURCE_PATH=/home/kjoon/vrx_ws/install/share:${GZ_SIM_RESOURCE_PATH} /usr/bin/cmake --install /home/kjoon/vrx_ws/build/wamv_description
