[0.009s] Invoking command in '/home/kjoon/vrx_ws/build/px4_uv': CMAKE_PREFIX_PATH=/opt/ros/humble /usr/bin/cmake --build /home/kjoon/vrx_ws/build/px4_uv -- -j16 -l16
[0.066s] [  2%] Built target px4_uv__cpp
[0.072s] [ 12%] Built target px4_uv__rosidl_generator_c
[0.073s] [ 12%] Built target ament_cmake_python_copy_px4_uv
[0.084s] [ 23%] Built target px4_uv__rosidl_typesupport_fastrtps_cpp
[0.085s] [ 33%] Built target px4_uv__rosidl_typesupport_cpp
[0.085s] [ 43%] Built target px4_uv__rosidl_typesupport_introspection_cpp
[0.090s] [ 53%] Built target px4_uv__rosidl_typesupport_introspection_c
[0.091s] [ 64%] Built target px4_uv__rosidl_typesupport_fastrtps_c
[0.091s] [ 74%] Built target px4_uv__rosidl_typesupport_c
[0.105s] [ 74%] Built target px4_uv
[0.122s] [ 76%] Built target px4_uv__py
[0.140s] [ 84%] Built target px4_uv__rosidl_generator_py
[0.156s] [ 94%] Built target px4_uv__rosidl_typesupport_c__pyext
[0.156s] [ 94%] Built target px4_uv__rosidl_typesupport_fastrtps_c__pyext
[0.156s] [100%] Built target px4_uv__rosidl_typesupport_introspection_c__pyext
[0.249s] running egg_info
[0.250s] writing px4_uv.egg-info/PKG-INFO
[0.250s] writing dependency_links to px4_uv.egg-info/dependency_links.txt
[0.250s] writing top-level names to px4_uv.egg-info/top_level.txt
[0.252s] reading manifest file 'px4_uv.egg-info/SOURCES.txt'
[0.252s] writing manifest file 'px4_uv.egg-info/SOURCES.txt'
[0.272s] [100%] Built target ament_cmake_python_build_px4_uv_egg
[0.281s] Invoked command in '/home/kjoon/vrx_ws/build/px4_uv' returned '0': CMAKE_PREFIX_PATH=/opt/ros/humble /usr/bin/cmake --build /home/kjoon/vrx_ws/build/px4_uv -- -j16 -l16
[0.282s] Invoking command in '/home/kjoon/vrx_ws/build/px4_uv': CMAKE_PREFIX_PATH=/opt/ros/humble /usr/bin/cmake --install /home/kjoon/vrx_ws/build/px4_uv
[0.288s] -- Install configuration: ""
[0.288s] -- Up-to-date: /home/kjoon/vrx_ws/install/share/ament_index/resource_index/rosidl_interfaces/px4_uv
[0.289s] -- Up-to-date: /home/kjoon/vrx_ws/install/include/px4_uv/px4_uv
[0.289s] -- Up-to-date: /home/kjoon/vrx_ws/install/include/px4_uv/px4_uv/msg
[0.289s] -- Up-to-date: /home/kjoon/vrx_ws/install/include/px4_uv/px4_uv/msg/action.h
[0.289s] -- Up-to-date: /home/kjoon/vrx_ws/install/include/px4_uv/px4_uv/msg/detail
[0.289s] -- Up-to-date: /home/kjoon/vrx_ws/install/include/px4_uv/px4_uv/msg/detail/uv_state__type_support.h
[0.289s] -- Up-to-date: /home/kjoon/vrx_ws/install/include/px4_uv/px4_uv/msg/detail/action__struct.h
[0.289s] -- Up-to-date: /home/kjoon/vrx_ws/install/include/px4_uv/px4_uv/msg/detail/uv_state__functions.c
[0.289s] -- Up-to-date: /home/kjoon/vrx_ws/install/include/px4_uv/px4_uv/msg/detail/action__type_support.h
[0.289s] -- Up-to-date: /home/kjoon/vrx_ws/install/include/px4_uv/px4_uv/msg/detail/uv_state__functions.h
[0.290s] -- Up-to-date: /home/kjoon/vrx_ws/install/include/px4_uv/px4_uv/msg/detail/action__functions.c
[0.290s] -- Up-to-date: /home/kjoon/vrx_ws/install/include/px4_uv/px4_uv/msg/detail/uv_state__struct.h
[0.290s] -- Up-to-date: /home/kjoon/vrx_ws/install/include/px4_uv/px4_uv/msg/detail/action__functions.h
[0.290s] -- Up-to-date: /home/kjoon/vrx_ws/install/include/px4_uv/px4_uv/msg/rosidl_generator_c__visibility_control.h
[0.290s] -- Up-to-date: /home/kjoon/vrx_ws/install/include/px4_uv/px4_uv/msg/uv_state.h
[0.290s] -- Up-to-date: /home/kjoon/vrx_ws/install/share/px4_uv/environment/library_path.sh
[0.290s] -- Up-to-date: /home/kjoon/vrx_ws/install/share/px4_uv/environment/library_path.dsv
[0.291s] -- Up-to-date: /home/kjoon/vrx_ws/install/lib/libpx4_uv__rosidl_generator_c.so
[0.291s] -- Up-to-date: /home/kjoon/vrx_ws/install/include/px4_uv/px4_uv
[0.291s] -- Up-to-date: /home/kjoon/vrx_ws/install/include/px4_uv/px4_uv/msg
[0.291s] -- Up-to-date: /home/kjoon/vrx_ws/install/include/px4_uv/px4_uv/msg/detail
[0.291s] -- Up-to-date: /home/kjoon/vrx_ws/install/include/px4_uv/px4_uv/msg/detail/uv_state__rosidl_typesupport_fastrtps_c.h
[0.291s] -- Up-to-date: /home/kjoon/vrx_ws/install/include/px4_uv/px4_uv/msg/detail/action__rosidl_typesupport_fastrtps_c.h
[0.291s] -- Up-to-date: /home/kjoon/vrx_ws/install/include/px4_uv/px4_uv/msg/rosidl_typesupport_fastrtps_c__visibility_control.h
[0.292s] -- Up-to-date: /home/kjoon/vrx_ws/install/lib/libpx4_uv__rosidl_typesupport_fastrtps_c.so
[0.292s] -- Up-to-date: /home/kjoon/vrx_ws/install/include/px4_uv/px4_uv
[0.293s] -- Up-to-date: /home/kjoon/vrx_ws/install/include/px4_uv/px4_uv/msg
[0.293s] -- Up-to-date: /home/kjoon/vrx_ws/install/include/px4_uv/px4_uv/msg/rosidl_typesupport_introspection_c__visibility_control.h
[0.293s] -- Up-to-date: /home/kjoon/vrx_ws/install/include/px4_uv/px4_uv/msg/detail
[0.293s] -- Up-to-date: /home/kjoon/vrx_ws/install/include/px4_uv/px4_uv/msg/detail/action__rosidl_typesupport_introspection_c.h
[0.293s] -- Up-to-date: /home/kjoon/vrx_ws/install/include/px4_uv/px4_uv/msg/detail/uv_state__type_support.c
[0.293s] -- Up-to-date: /home/kjoon/vrx_ws/install/include/px4_uv/px4_uv/msg/detail/uv_state__rosidl_typesupport_introspection_c.h
[0.293s] -- Up-to-date: /home/kjoon/vrx_ws/install/include/px4_uv/px4_uv/msg/detail/action__type_support.c
[0.293s] -- Up-to-date: /home/kjoon/vrx_ws/install/lib/libpx4_uv__rosidl_typesupport_introspection_c.so
[0.293s] -- Up-to-date: /home/kjoon/vrx_ws/install/lib/libpx4_uv__rosidl_typesupport_c.so
[0.295s] -- Up-to-date: /home/kjoon/vrx_ws/install/include/px4_uv/px4_uv
[0.295s] -- Up-to-date: /home/kjoon/vrx_ws/install/include/px4_uv/px4_uv/msg
[0.295s] -- Up-to-date: /home/kjoon/vrx_ws/install/include/px4_uv/px4_uv/msg/rosidl_generator_cpp__visibility_control.hpp
[0.295s] -- Up-to-date: /home/kjoon/vrx_ws/install/include/px4_uv/px4_uv/msg/uv_state.hpp
[0.295s] -- Up-to-date: /home/kjoon/vrx_ws/install/include/px4_uv/px4_uv/msg/detail
[0.295s] -- Up-to-date: /home/kjoon/vrx_ws/install/include/px4_uv/px4_uv/msg/detail/action__builder.hpp
[0.295s] -- Up-to-date: /home/kjoon/vrx_ws/install/include/px4_uv/px4_uv/msg/detail/uv_state__traits.hpp
[0.295s] -- Up-to-date: /home/kjoon/vrx_ws/install/include/px4_uv/px4_uv/msg/detail/action__traits.hpp
[0.295s] -- Up-to-date: /home/kjoon/vrx_ws/install/include/px4_uv/px4_uv/msg/detail/action__type_support.hpp
[0.295s] -- Up-to-date: /home/kjoon/vrx_ws/install/include/px4_uv/px4_uv/msg/detail/uv_state__type_support.hpp
[0.295s] -- Up-to-date: /home/kjoon/vrx_ws/install/include/px4_uv/px4_uv/msg/detail/action__struct.hpp
[0.295s] -- Up-to-date: /home/kjoon/vrx_ws/install/include/px4_uv/px4_uv/msg/detail/uv_state__struct.hpp
[0.295s] -- Up-to-date: /home/kjoon/vrx_ws/install/include/px4_uv/px4_uv/msg/detail/uv_state__builder.hpp
[0.295s] -- Up-to-date: /home/kjoon/vrx_ws/install/include/px4_uv/px4_uv/msg/action.hpp
[0.296s] -- Up-to-date: /home/kjoon/vrx_ws/install/include/px4_uv/px4_uv
[0.296s] -- Up-to-date: /home/kjoon/vrx_ws/install/include/px4_uv/px4_uv/msg
[0.296s] -- Up-to-date: /home/kjoon/vrx_ws/install/include/px4_uv/px4_uv/msg/rosidl_typesupport_fastrtps_cpp__visibility_control.h
[0.296s] -- Up-to-date: /home/kjoon/vrx_ws/install/include/px4_uv/px4_uv/msg/detail
[0.296s] -- Up-to-date: /home/kjoon/vrx_ws/install/include/px4_uv/px4_uv/msg/detail/uv_state__rosidl_typesupport_fastrtps_cpp.hpp
[0.296s] -- Up-to-date: /home/kjoon/vrx_ws/install/include/px4_uv/px4_uv/msg/detail/dds_fastrtps
[0.296s] -- Up-to-date: /home/kjoon/vrx_ws/install/include/px4_uv/px4_uv/msg/detail/action__rosidl_typesupport_fastrtps_cpp.hpp
[0.297s] -- Up-to-date: /home/kjoon/vrx_ws/install/lib/libpx4_uv__rosidl_typesupport_fastrtps_cpp.so
[0.297s] -- Up-to-date: /home/kjoon/vrx_ws/install/include/px4_uv/px4_uv
[0.297s] -- Up-to-date: /home/kjoon/vrx_ws/install/include/px4_uv/px4_uv/msg
[0.297s] -- Up-to-date: /home/kjoon/vrx_ws/install/include/px4_uv/px4_uv/msg/detail
[0.297s] -- Up-to-date: /home/kjoon/vrx_ws/install/include/px4_uv/px4_uv/msg/detail/uv_state__type_support.cpp
[0.297s] -- Up-to-date: /home/kjoon/vrx_ws/install/include/px4_uv/px4_uv/msg/detail/uv_state__rosidl_typesupport_introspection_cpp.hpp
[0.297s] -- Up-to-date: /home/kjoon/vrx_ws/install/include/px4_uv/px4_uv/msg/detail/action__type_support.cpp
[0.298s] -- Up-to-date: /home/kjoon/vrx_ws/install/include/px4_uv/px4_uv/msg/detail/action__rosidl_typesupport_introspection_cpp.hpp
[0.298s] -- Up-to-date: /home/kjoon/vrx_ws/install/lib/libpx4_uv__rosidl_typesupport_introspection_cpp.so
[0.298s] -- Up-to-date: /home/kjoon/vrx_ws/install/lib/libpx4_uv__rosidl_typesupport_cpp.so
[0.298s] -- Up-to-date: /home/kjoon/vrx_ws/install/share/px4_uv/environment/pythonpath.sh
[0.298s] -- Up-to-date: /home/kjoon/vrx_ws/install/share/px4_uv/environment/pythonpath.dsv
[0.298s] -- Up-to-date: /home/kjoon/vrx_ws/install/local/lib/python3.10/dist-packages/px4_uv-0.0.1-py3.10.egg-info
[0.298s] -- Installing: /home/kjoon/vrx_ws/install/local/lib/python3.10/dist-packages/px4_uv-0.0.1-py3.10.egg-info/top_level.txt
[0.298s] -- Installing: /home/kjoon/vrx_ws/install/local/lib/python3.10/dist-packages/px4_uv-0.0.1-py3.10.egg-info/PKG-INFO
[0.298s] -- Installing: /home/kjoon/vrx_ws/install/local/lib/python3.10/dist-packages/px4_uv-0.0.1-py3.10.egg-info/dependency_links.txt
[0.298s] -- Installing: /home/kjoon/vrx_ws/install/local/lib/python3.10/dist-packages/px4_uv-0.0.1-py3.10.egg-info/SOURCES.txt
[0.299s] -- Up-to-date: /home/kjoon/vrx_ws/install/local/lib/python3.10/dist-packages/px4_uv
[0.299s] -- Up-to-date: /home/kjoon/vrx_ws/install/local/lib/python3.10/dist-packages/px4_uv/_px4_uv_s.ep.rosidl_typesupport_c.c
[0.299s] -- Up-to-date: /home/kjoon/vrx_ws/install/local/lib/python3.10/dist-packages/px4_uv/msg
[0.299s] -- Up-to-date: /home/kjoon/vrx_ws/install/local/lib/python3.10/dist-packages/px4_uv/msg/_action_s.c
[0.299s] -- Up-to-date: /home/kjoon/vrx_ws/install/local/lib/python3.10/dist-packages/px4_uv/msg/_uv_state.py
[0.299s] -- Up-to-date: /home/kjoon/vrx_ws/install/local/lib/python3.10/dist-packages/px4_uv/msg/__init__.py
[0.299s] -- Up-to-date: /home/kjoon/vrx_ws/install/local/lib/python3.10/dist-packages/px4_uv/msg/_uv_state_s.c
[0.299s] -- Up-to-date: /home/kjoon/vrx_ws/install/local/lib/python3.10/dist-packages/px4_uv/msg/_action.py
[0.299s] -- Up-to-date: /home/kjoon/vrx_ws/install/local/lib/python3.10/dist-packages/px4_uv/__init__.py
[0.299s] -- Up-to-date: /home/kjoon/vrx_ws/install/local/lib/python3.10/dist-packages/px4_uv/_px4_uv_s.ep.rosidl_typesupport_fastrtps_c.c
[0.299s] -- Up-to-date: /home/kjoon/vrx_ws/install/local/lib/python3.10/dist-packages/px4_uv/libpx4_uv__rosidl_generator_py.so
[0.299s] -- Up-to-date: /home/kjoon/vrx_ws/install/local/lib/python3.10/dist-packages/px4_uv/px4_uv_s__rosidl_typesupport_introspection_c.cpython-310-x86_64-linux-gnu.so
[0.299s] -- Up-to-date: /home/kjoon/vrx_ws/install/local/lib/python3.10/dist-packages/px4_uv/px4_uv_s__rosidl_typesupport_c.cpython-310-x86_64-linux-gnu.so
[0.300s] -- Up-to-date: /home/kjoon/vrx_ws/install/local/lib/python3.10/dist-packages/px4_uv/_px4_uv_s.ep.rosidl_typesupport_introspection_c.c
[0.300s] -- Up-to-date: /home/kjoon/vrx_ws/install/local/lib/python3.10/dist-packages/px4_uv/px4_uv_s__rosidl_typesupport_fastrtps_c.cpython-310-x86_64-linux-gnu.so
[0.314s] Listing '/home/kjoon/vrx_ws/install/local/lib/python3.10/dist-packages/px4_uv'...
[0.314s] Listing '/home/kjoon/vrx_ws/install/local/lib/python3.10/dist-packages/px4_uv/msg'...
[0.317s] -- Up-to-date: /home/kjoon/vrx_ws/install/local/lib/python3.10/dist-packages/px4_uv/px4_uv_s__rosidl_typesupport_fastrtps_c.cpython-310-x86_64-linux-gnu.so
[0.317s] -- Up-to-date: /home/kjoon/vrx_ws/install/local/lib/python3.10/dist-packages/px4_uv/px4_uv_s__rosidl_typesupport_introspection_c.cpython-310-x86_64-linux-gnu.so
[0.318s] -- Up-to-date: /home/kjoon/vrx_ws/install/local/lib/python3.10/dist-packages/px4_uv/px4_uv_s__rosidl_typesupport_c.cpython-310-x86_64-linux-gnu.so
[0.318s] -- Up-to-date: /home/kjoon/vrx_ws/install/lib/libpx4_uv__rosidl_generator_py.so
[0.319s] -- Up-to-date: /home/kjoon/vrx_ws/install/share/px4_uv/msg/Action.idl
[0.319s] -- Up-to-date: /home/kjoon/vrx_ws/install/share/px4_uv/msg/UvState.idl
[0.319s] -- Up-to-date: /home/kjoon/vrx_ws/install/share/px4_uv/msg/Action.msg
[0.319s] -- Up-to-date: /home/kjoon/vrx_ws/install/share/px4_uv/msg/UvState.msg
[0.319s] -- Up-to-date: /home/kjoon/vrx_ws/install/share/ament_index/resource_index/package_run_dependencies/px4_uv
[0.319s] -- Up-to-date: /home/kjoon/vrx_ws/install/share/ament_index/resource_index/parent_prefix_path/px4_uv
[0.319s] -- Up-to-date: /home/kjoon/vrx_ws/install/share/px4_uv/environment/ament_prefix_path.sh
[0.320s] -- Up-to-date: /home/kjoon/vrx_ws/install/share/px4_uv/environment/ament_prefix_path.dsv
[0.320s] -- Up-to-date: /home/kjoon/vrx_ws/install/share/px4_uv/environment/path.sh
[0.320s] -- Up-to-date: /home/kjoon/vrx_ws/install/share/px4_uv/environment/path.dsv
[0.320s] -- Up-to-date: /home/kjoon/vrx_ws/install/share/px4_uv/local_setup.bash
[0.320s] -- Up-to-date: /home/kjoon/vrx_ws/install/share/px4_uv/local_setup.sh
[0.320s] -- Up-to-date: /home/kjoon/vrx_ws/install/share/px4_uv/local_setup.zsh
[0.320s] -- Up-to-date: /home/kjoon/vrx_ws/install/share/px4_uv/local_setup.dsv
[0.320s] -- Installing: /home/kjoon/vrx_ws/install/share/px4_uv/package.dsv
[0.320s] -- Up-to-date: /home/kjoon/vrx_ws/install/share/ament_index/resource_index/packages/px4_uv
[0.320s] -- Up-to-date: /home/kjoon/vrx_ws/install/share/px4_uv/cmake/export_px4_uv__rosidl_generator_cExport.cmake
[0.320s] -- Up-to-date: /home/kjoon/vrx_ws/install/share/px4_uv/cmake/export_px4_uv__rosidl_generator_cExport-noconfig.cmake
[0.321s] -- Up-to-date: /home/kjoon/vrx_ws/install/share/px4_uv/cmake/export_px4_uv__rosidl_typesupport_fastrtps_cExport.cmake
[0.321s] -- Up-to-date: /home/kjoon/vrx_ws/install/share/px4_uv/cmake/export_px4_uv__rosidl_typesupport_fastrtps_cExport-noconfig.cmake
[0.321s] -- Up-to-date: /home/kjoon/vrx_ws/install/share/px4_uv/cmake/px4_uv__rosidl_typesupport_introspection_cExport.cmake
[0.321s] -- Up-to-date: /home/kjoon/vrx_ws/install/share/px4_uv/cmake/px4_uv__rosidl_typesupport_introspection_cExport-noconfig.cmake
[0.321s] -- Up-to-date: /home/kjoon/vrx_ws/install/share/px4_uv/cmake/px4_uv__rosidl_typesupport_cExport.cmake
[0.321s] -- Up-to-date: /home/kjoon/vrx_ws/install/share/px4_uv/cmake/px4_uv__rosidl_typesupport_cExport-noconfig.cmake
[0.321s] -- Up-to-date: /home/kjoon/vrx_ws/install/share/px4_uv/cmake/export_px4_uv__rosidl_generator_cppExport.cmake
[0.322s] -- Up-to-date: /home/kjoon/vrx_ws/install/share/px4_uv/cmake/export_px4_uv__rosidl_typesupport_fastrtps_cppExport.cmake
[0.322s] -- Up-to-date: /home/kjoon/vrx_ws/install/share/px4_uv/cmake/export_px4_uv__rosidl_typesupport_fastrtps_cppExport-noconfig.cmake
[0.322s] -- Up-to-date: /home/kjoon/vrx_ws/install/share/px4_uv/cmake/px4_uv__rosidl_typesupport_introspection_cppExport.cmake
[0.322s] -- Up-to-date: /home/kjoon/vrx_ws/install/share/px4_uv/cmake/px4_uv__rosidl_typesupport_introspection_cppExport-noconfig.cmake
[0.322s] -- Up-to-date: /home/kjoon/vrx_ws/install/share/px4_uv/cmake/px4_uv__rosidl_typesupport_cppExport.cmake
[0.322s] -- Up-to-date: /home/kjoon/vrx_ws/install/share/px4_uv/cmake/px4_uv__rosidl_typesupport_cppExport-noconfig.cmake
[0.323s] -- Up-to-date: /home/kjoon/vrx_ws/install/share/px4_uv/cmake/export_px4_uv__rosidl_generator_pyExport.cmake
[0.323s] -- Up-to-date: /home/kjoon/vrx_ws/install/share/px4_uv/cmake/export_px4_uv__rosidl_generator_pyExport-noconfig.cmake
[0.323s] -- Up-to-date: /home/kjoon/vrx_ws/install/share/px4_uv/cmake/rosidl_cmake-extras.cmake
[0.323s] -- Up-to-date: /home/kjoon/vrx_ws/install/share/px4_uv/cmake/ament_cmake_export_dependencies-extras.cmake
[0.323s] -- Up-to-date: /home/kjoon/vrx_ws/install/share/px4_uv/cmake/ament_cmake_export_include_directories-extras.cmake
[0.323s] -- Up-to-date: /home/kjoon/vrx_ws/install/share/px4_uv/cmake/ament_cmake_export_libraries-extras.cmake
[0.323s] -- Up-to-date: /home/kjoon/vrx_ws/install/share/px4_uv/cmake/ament_cmake_export_targets-extras.cmake
[0.323s] -- Up-to-date: /home/kjoon/vrx_ws/install/share/px4_uv/cmake/rosidl_cmake_export_typesupport_targets-extras.cmake
[0.323s] -- Up-to-date: /home/kjoon/vrx_ws/install/share/px4_uv/cmake/rosidl_cmake_export_typesupport_libraries-extras.cmake
[0.323s] -- Up-to-date: /home/kjoon/vrx_ws/install/share/px4_uv/cmake/px4_uvConfig.cmake
[0.323s] -- Up-to-date: /home/kjoon/vrx_ws/install/share/px4_uv/cmake/px4_uvConfig-version.cmake
[0.323s] -- Up-to-date: /home/kjoon/vrx_ws/install/share/px4_uv/package.xml
[0.336s] Invoked command in '/home/kjoon/vrx_ws/build/px4_uv' returned '0': CMAKE_PREFIX_PATH=/opt/ros/humble /usr/bin/cmake --install /home/kjoon/vrx_ws/build/px4_uv
