[0.391s] Invoking command in '/home/kjoon/vrx_ws/src/wamv_nav': PYTHONPATH=/home/kjoon/vrx_ws/build/wamv_nav/prefix_override:/usr/lib/python3/dist-packages/colcon_core/task/python/colcon_distutils_commands:/home/kjoon/vrx_ws/install/lib/python3.10/site-packages:/home/kjoon/vrx_ws/install/lib/python3.10/site-packages:/home/kjoon/vrx_ws/install/local/lib/python3.10/dist-packages:/opt/ros/humble/lib/python3.10/site-packages:/opt/ros/humble/local/lib/python3.10/dist-packages /usr/bin/python3 -W ignore:setup.py install is deprecated -W ignore:easy_install command is deprecated setup.py egg_info --egg-base ../../build/wamv_nav build --build-base /home/kjoon/vrx_ws/build/wamv_nav/build install --record /home/kjoon/vrx_ws/build/wamv_nav/install.log --single-version-externally-managed install_data
[0.547s] running egg_info
[0.548s] writing ../../build/wamv_nav/wamv_nav.egg-info/PKG-INFO
[0.548s] writing dependency_links to ../../build/wamv_nav/wamv_nav.egg-info/dependency_links.txt
[0.548s] writing entry points to ../../build/wamv_nav/wamv_nav.egg-info/entry_points.txt
[0.548s] writing requirements to ../../build/wamv_nav/wamv_nav.egg-info/requires.txt
[0.548s] writing top-level names to ../../build/wamv_nav/wamv_nav.egg-info/top_level.txt
[0.549s] reading manifest file '../../build/wamv_nav/wamv_nav.egg-info/SOURCES.txt'
[0.549s] writing manifest file '../../build/wamv_nav/wamv_nav.egg-info/SOURCES.txt'
[0.549s] running build
[0.549s] running build_py
[0.550s] copying wamv_nav/mission_manager.py -> /home/kjoon/vrx_ws/build/wamv_nav/build/lib/wamv_nav
[0.550s] running install
[0.550s] running install_lib
[0.550s] copying /home/kjoon/vrx_ws/build/wamv_nav/build/lib/wamv_nav/mission_manager.py -> /home/kjoon/vrx_ws/install/lib/python3.10/site-packages/wamv_nav
[0.551s] byte-compiling /home/kjoon/vrx_ws/install/lib/python3.10/site-packages/wamv_nav/mission_manager.py to mission_manager.cpython-310.pyc
[0.552s] running install_data
[0.552s] running install_egg_info
[0.553s] removing '/home/kjoon/vrx_ws/install/lib/python3.10/site-packages/wamv_nav-0.1.0-py3.10.egg-info' (and everything under it)
[0.553s] Copying ../../build/wamv_nav/wamv_nav.egg-info to /home/kjoon/vrx_ws/install/lib/python3.10/site-packages/wamv_nav-0.1.0-py3.10.egg-info
[0.554s] running install_scripts
[0.566s] Installing mission_manager script to /home/kjoon/vrx_ws/install/lib/wamv_nav
[0.566s] Installing usv_controller script to /home/kjoon/vrx_ws/install/lib/wamv_nav
[0.566s] writing list of installed files to '/home/kjoon/vrx_ws/build/wamv_nav/install.log'
[0.580s] Invoked command in '/home/kjoon/vrx_ws/src/wamv_nav' returned '0': PYTHONPATH=/home/kjoon/vrx_ws/build/wamv_nav/prefix_override:/usr/lib/python3/dist-packages/colcon_core/task/python/colcon_distutils_commands:/home/kjoon/vrx_ws/install/lib/python3.10/site-packages:/home/kjoon/vrx_ws/install/lib/python3.10/site-packages:/home/kjoon/vrx_ws/install/local/lib/python3.10/dist-packages:/opt/ros/humble/lib/python3.10/site-packages:/opt/ros/humble/local/lib/python3.10/dist-packages /usr/bin/python3 -W ignore:setup.py install is deprecated -W ignore:easy_install command is deprecated setup.py egg_info --egg-base ../../build/wamv_nav build --build-base /home/kjoon/vrx_ws/build/wamv_nav/build install --record /home/kjoon/vrx_ws/build/wamv_nav/install.log --single-version-externally-managed install_data
