[0.008s] Invoking command in '/home/kjoon/vrx_ws/build/vrx_ros': CMAKE_PREFIX_PATH=${CMAKE_PREFIX_PATH}:/opt/ros/humble /usr/bin/cmake --build /home/kjoon/vrx_ws/build/vrx_ros -- -j16 -l16
[0.034s] [35m[1mConsolidate compiler generated dependencies of target optical_frame_publisher[0m
[0.034s] [35m[1mConsolidate compiler generated dependencies of target pose_tf_broadcaster[0m
[0.047s] [ 50%] Built target pose_tf_broadcaster
[0.048s] [100%] Built target optical_frame_publisher
[0.056s] Invoked command in '/home/kjoon/vrx_ws/build/vrx_ros' returned '0': CMAKE_PREFIX_PATH=${CMAKE_PREFIX_PATH}:/opt/ros/humble /usr/bin/cmake --build /home/kjoon/vrx_ws/build/vrx_ros -- -j16 -l16
[0.063s] Invoking command in '/home/kjoon/vrx_ws/build/vrx_ros': CMAKE_PREFIX_PATH=${CMAKE_PREFIX_PATH}:/opt/ros/humble /usr/bin/cmake --install /home/kjoon/vrx_ws/build/vrx_ros
[0.068s] -- Install configuration: ""
[0.068s] -- Up-to-date: /home/kjoon/vrx_ws/install/lib/vrx_ros/optical_frame_publisher
[0.069s] -- Up-to-date: /home/kjoon/vrx_ws/install/lib/vrx_ros/pose_tf_broadcaster
[0.069s] -- Up-to-date: /home/kjoon/vrx_ws/install/share/vrx_ros/launch
[0.069s] -- Up-to-date: /home/kjoon/vrx_ws/install/share/vrx_ros/launch/monitor_sim.py
[0.069s] -- Up-to-date: /home/kjoon/vrx_ws/install/share/ament_index/resource_index/package_run_dependencies/vrx_ros
[0.069s] -- Up-to-date: /home/kjoon/vrx_ws/install/share/ament_index/resource_index/parent_prefix_path/vrx_ros
[0.069s] -- Up-to-date: /home/kjoon/vrx_ws/install/share/vrx_ros/environment/ament_prefix_path.sh
[0.069s] -- Up-to-date: /home/kjoon/vrx_ws/install/share/vrx_ros/environment/ament_prefix_path.dsv
[0.069s] -- Up-to-date: /home/kjoon/vrx_ws/install/share/vrx_ros/environment/path.sh
[0.069s] -- Up-to-date: /home/kjoon/vrx_ws/install/share/vrx_ros/environment/path.dsv
[0.069s] -- Up-to-date: /home/kjoon/vrx_ws/install/share/vrx_ros/local_setup.bash
[0.069s] -- Up-to-date: /home/kjoon/vrx_ws/install/share/vrx_ros/local_setup.sh
[0.069s] -- Up-to-date: /home/kjoon/vrx_ws/install/share/vrx_ros/local_setup.zsh
[0.069s] -- Up-to-date: /home/kjoon/vrx_ws/install/share/vrx_ros/local_setup.dsv
[0.069s] -- Installing: /home/kjoon/vrx_ws/install/share/vrx_ros/package.dsv
[0.069s] -- Up-to-date: /home/kjoon/vrx_ws/install/share/ament_index/resource_index/packages/vrx_ros
[0.069s] -- Up-to-date: /home/kjoon/vrx_ws/install/share/vrx_ros/cmake/vrx_rosConfig.cmake
[0.069s] -- Up-to-date: /home/kjoon/vrx_ws/install/share/vrx_ros/cmake/vrx_rosConfig-version.cmake
[0.069s] -- Up-to-date: /home/kjoon/vrx_ws/install/share/vrx_ros/package.xml
[0.070s] Invoked command in '/home/kjoon/vrx_ws/build/vrx_ros' returned '0': CMAKE_PREFIX_PATH=${CMAKE_PREFIX_PATH}:/opt/ros/humble /usr/bin/cmake --install /home/kjoon/vrx_ws/build/vrx_ros
