running egg_info
writing ../../build/wamv_nav/wamv_nav.egg-info/PKG-INFO
writing dependency_links to ../../build/wamv_nav/wamv_nav.egg-info/dependency_links.txt
writing entry points to ../../build/wamv_nav/wamv_nav.egg-info/entry_points.txt
writing requirements to ../../build/wamv_nav/wamv_nav.egg-info/requires.txt
writing top-level names to ../../build/wamv_nav/wamv_nav.egg-info/top_level.txt
reading manifest file '../../build/wamv_nav/wamv_nav.egg-info/SOURCES.txt'
writing manifest file '../../build/wamv_nav/wamv_nav.egg-info/SOURCES.txt'
running build
running build_py
running install
running install_lib
running install_data
running install_egg_info
removing '/home/kjoon/vrx_ws/install/lib/python3.10/site-packages/wamv_nav-0.1.0-py3.10.egg-info' (and everything under it)
Copying ../../build/wamv_nav/wamv_nav.egg-info to /home/kjoon/vrx_ws/install/lib/python3.10/site-packages/wamv_nav-0.1.0-py3.10.egg-info
running install_scripts
Installing mission_manager script to /home/kjoon/vrx_ws/install/lib/wamv_nav
Installing usv_controller script to /home/kjoon/vrx_ws/install/lib/wamv_nav
writing list of installed files to '/home/kjoon/vrx_ws/build/wamv_nav/install.log'
