[0.401s] Invoking command in '/home/kjoon/vrx_ws/src/wamv_nav': AMENT_PREFIX_PATH=/home/kjoon/vrx_ws/install:${AMENT_PREFIX_PATH} CMAKE_PREFIX_PATH=/home/kjoon/vrx_ws/install LD_LIBRARY_PATH=/home/kjoon/vrx_ws/install/lib:${LD_LIBRARY_PATH} PYTHONPATH=/home/kjoon/vrx_ws/build/wamv_nav/prefix_override:/usr/lib/python3/dist-packages/colcon_core/task/python/colcon_distutils_commands:/home/kjoon/vrx_ws/install/lib/python3.10/site-packages:/home/kjoon/vrx_ws/install/local/lib/python3.10/dist-packages:/home/kjoon/vrx_ws/install/lib/python3.10/site-packages:${PYTHONPATH} /usr/bin/python3 -W ignore:setup.py install is deprecated -W ignore:easy_install command is deprecated setup.py egg_info --egg-base ../../build/wamv_nav build --build-base /home/kjoon/vrx_ws/build/wamv_nav/build install --record /home/kjoon/vrx_ws/build/wamv_nav/install.log --single-version-externally-managed install_data
[0.557s] running egg_info
[0.557s] writing ../../build/wamv_nav/wamv_nav.egg-info/PKG-INFO
[0.557s] writing dependency_links to ../../build/wamv_nav/wamv_nav.egg-info/dependency_links.txt
[0.558s] writing entry points to ../../build/wamv_nav/wamv_nav.egg-info/entry_points.txt
[0.558s] writing requirements to ../../build/wamv_nav/wamv_nav.egg-info/requires.txt
[0.558s] writing top-level names to ../../build/wamv_nav/wamv_nav.egg-info/top_level.txt
[0.559s] reading manifest file '../../build/wamv_nav/wamv_nav.egg-info/SOURCES.txt'
[0.559s] writing manifest file '../../build/wamv_nav/wamv_nav.egg-info/SOURCES.txt'
[0.559s] running build
[0.559s] running build_py
[0.560s] running install
[0.560s] running install_lib
[0.561s] running install_data
[0.561s] running install_egg_info
[0.562s] removing '/home/kjoon/vrx_ws/install/lib/python3.10/site-packages/wamv_nav-0.1.0-py3.10.egg-info' (and everything under it)
[0.562s] Copying ../../build/wamv_nav/wamv_nav.egg-info to /home/kjoon/vrx_ws/install/lib/python3.10/site-packages/wamv_nav-0.1.0-py3.10.egg-info
[0.563s] running install_scripts
[0.575s] Installing mission_manager script to /home/kjoon/vrx_ws/install/lib/wamv_nav
[0.575s] Installing usv_controller script to /home/kjoon/vrx_ws/install/lib/wamv_nav
[0.575s] writing list of installed files to '/home/kjoon/vrx_ws/build/wamv_nav/install.log'
[0.588s] Invoked command in '/home/kjoon/vrx_ws/src/wamv_nav' returned '0': AMENT_PREFIX_PATH=/home/kjoon/vrx_ws/install:${AMENT_PREFIX_PATH} CMAKE_PREFIX_PATH=/home/kjoon/vrx_ws/install LD_LIBRARY_PATH=/home/kjoon/vrx_ws/install/lib:${LD_LIBRARY_PATH} PYTHONPATH=/home/kjoon/vrx_ws/build/wamv_nav/prefix_override:/usr/lib/python3/dist-packages/colcon_core/task/python/colcon_distutils_commands:/home/kjoon/vrx_ws/install/lib/python3.10/site-packages:/home/kjoon/vrx_ws/install/local/lib/python3.10/dist-packages:/home/kjoon/vrx_ws/install/lib/python3.10/site-packages:${PYTHONPATH} /usr/bin/python3 -W ignore:setup.py install is deprecated -W ignore:easy_install command is deprecated setup.py egg_info --egg-base ../../build/wamv_nav build --build-base /home/kjoon/vrx_ws/build/wamv_nav/build install --record /home/kjoon/vrx_ws/build/wamv_nav/install.log --single-version-externally-managed install_data
